13:45:20.175 [main                     ] DEBUG Logger               - Configured Logger
13:45:20.195 [main                     ] DEBUG GameApplication      - Logging settings
Title: Silenciados
Version: 0.1
Width: 1280
Height: 720
Fullscreen: true
Intro: false
Profiling: false
Single step:false
App Mode: DEVELOPER
Menu Key: ESCAPE
Stage Style: DECORATED
Scene Factory: class com.almasb.fxgl.app.scene.SceneFactory

13:45:20.733 [JavaFX Application Thread] DEBUG FXGLApplication      - Initializing FXGL
13:45:20.737 [JavaFX Application Thread] INFO  Engine               - FXGL-17.3 (30.03.2023 11.49) on WINDOWS (J:21.0.1 FX:11.0.2)
13:45:20.737 [JavaFX Application Thread] DEBUG Engine               - JRE Vendor Name: Oracle Corporation
13:45:20.738 [JavaFX Application Thread] DEBUG Engine               - Running on OS: Windows 11 version 10.0
13:45:20.738 [JavaFX Application Thread] DEBUG Engine               - Architecture: amd64
13:45:20.738 [JavaFX Application Thread] INFO  Engine               - Source code and latest versions at: https://github.com/AlmasB/FXGL
13:45:20.738 [JavaFX Application Thread] INFO  Engine               -       Ask questions and discuss at: https://github.com/AlmasB/FXGL/discussions
13:45:20.738 [JavaFX Application Thread] INFO  Engine               -              Join the FXGL chat at: https://gitter.im/AlmasB/FXGL
13:45:20.857 [JavaFX Application Thread] DEBUG PrimaryStageWindow   - Creating a JavaFX scene
13:45:20.905 [JavaFX Application Thread] DEBUG PrimaryStageWindow   - Target settings size: 1280.0 x 720.0
13:45:20.905 [JavaFX Application Thread] DEBUG PrimaryStageWindow   - Scaled scene size:    1280.0 x 720.0
13:45:20.905 [JavaFX Application Thread] DEBUG PrimaryStageWindow   - Scaled ratio: (1.0, 1.0)
13:45:20.906 [JavaFX Application Thread] DEBUG PrimaryStageWindow   - Set initial scene to FXGLStartupScene
13:45:20.913 [JavaFX Application Thread] DEBUG PrimaryStageWindow   - Opening main window
13:45:21.011 [JavaFX Application Thread] DEBUG PrimaryStageWindow   - Window border size: (14.4000244140625, 37.5999755859375)
13:45:21.011 [JavaFX Application Thread] DEBUG PrimaryStageWindow   - Scaled size: 1280.0 x 720.0
13:45:21.011 [JavaFX Application Thread] DEBUG PrimaryStageWindow   - Scaled ratio: (1.0, 1.0)
13:45:21.011 [JavaFX Application Thread] DEBUG PrimaryStageWindow   - Scene size: 1280.0 x 720.0
13:45:21.012 [JavaFX Application Thread] DEBUG PrimaryStageWindow   - Stage size: 1294.4000244140625 x 757.5999755859375
13:45:21.021 [FXGL Background Thread 1 ] DEBUG Engine               - Initializing environment variables
13:45:21.074 [FXGL Background Thread 1 ] DEBUG FXGLAssetLoaderServi - User app class for loading assets: class Interface.SilenciadosApp
13:45:21.075 [FXGL Background Thread 1 ] DEBUG GameApplicationServi - Applying CSS: fxgl_dark.css
13:45:21.075 [FXGL Background Thread 1 ] DEBUG FXGLAssetLoaderServi - Loading from file system: jar:file:///C:/Users/thiag/.m2/repository/com/github/almasb/fxgl/17.3/fxgl-17.3.jar!/fxglassets/ui/css/fxgl_dark.css
13:45:21.115 [FXGL Background Thread 1 ] DEBUG GameApplicationServi - Initializing application scenes
13:45:21.151 [FXGL Background Thread 1 ] DEBUG GameWorld            - Game world initialized
13:45:21.223 [FXGL Background Thread 1 ] DEBUG PhysicsWorld         - Physics world initialized: appHeight=720, physics.ppm=50,0
13:45:21.223 [FXGL Background Thread 1 ] DEBUG PhysicsWorld         - Using strategy: BRUTE_FORCE
13:45:21.229 [FXGL Background Thread 1 ] DEBUG GameScene            - Game scene initialized: 1280x720
13:45:21.241 [FXGL Background Thread 1 ] DEBUG FXGL.DefaultMenu     - createMenuBodyGameMenu()
13:45:21.258 [FXGL Background Thread 1 ] DEBUG FXGL.DefaultMenu     - createOptionsMenu()
13:45:21.268 [FXGL Background Thread 1 ] DEBUG FXGLAssetLoaderServi - Loading from file system: jar:file:///C:/Users/thiag/.m2/repository/com/github/almasb/fxgl/17.3/fxgl-17.3.jar!/fxglassets/textures/particles/smoke.png
13:45:21.350 [FXGL Background Thread 1 ] DEBUG FXGLAssetLoaderServi - Loading from file system: jar:file:///C:/Users/thiag/.m2/repository/com/github/almasb/fxgl/17.3/fxgl-17.3.jar!/fxglassets/textures/particles/trace_horizontal.png
13:45:21.379 [FXGL Background Thread 1 ] DEBUG GameApplicationServi - Application scenes initialized
13:45:21.390 [FXGL Background Thread 1 ] DEBUG SystemBundleService  - Loading FXGL system data
13:45:21.395 [FXGL Background Thread 1 ] DEBUG FileSystemAccess     - Reading from: C:\Users\thiag\IdeaProjects\OsSilenciados\system\fxgl.bundle
13:45:21.407 [FXGL Background Thread 1 ] DEBUG SystemBundleService  - Bundle FXGL: {}
13:45:21.407 [FXGL Background Thread 1 ] DEBUG UpdaterService       - Checking for updates
13:45:21.433 [FXGL Background Thread 4 ] DEBUG FXGLApplication      - Loading fonts
13:45:21.435 [FXGL Background Thread 4 ] DEBUG FXGLAssetLoaderServi - Loading from file system: jar:file:///C:/Users/thiag/.m2/repository/com/github/almasb/fxgl/17.3/fxgl-17.3.jar!/fxglassets/ui/fonts/VarelaRound-Regular.ttf
13:45:21.435 [FXGL Background Thread 1 ] DEBUG FXGLApplication      - Loading default localization
13:45:21.435 [FXGL Background Thread 1 ] DEBUG FXGLAssetLoaderServi - Loading from file system: jar:file:///C:/Users/thiag/.m2/repository/com/github/almasb/fxgl/17.3/fxgl-17.3.jar!/fxglassets/languages/english.lang
13:45:21.451 [FXGL Background Thread 1 ] INFO  FXGLApplication      - FXGL initialization took: 0,430 sec
13:45:21.461 [JavaFX Application Thread] DEBUG Input                - Registered new binding: Move Right - D
13:45:21.461 [JavaFX Application Thread] DEBUG Input                - Registered new binding: Move Left - A
13:45:21.461 [JavaFX Application Thread] DEBUG Input                - Registered new binding: Move Up - W
13:45:21.461 [JavaFX Application Thread] DEBUG Input                - Registered new binding: Move Down - S
13:45:21.462 [JavaFX Application Thread] DEBUG FXGLAssetLoaderServi - Loading from file system: jar:file:///C:/Users/thiag/.m2/repository/com/github/almasb/fxgl/17.3/fxgl-17.3.jar!/fxglassets/textures/fxgl_icon.png
13:45:21.463 [FXGL Background Thread 4 ] DEBUG FXGLAssetLoaderServi - Loading from file system: jar:file:///C:/Users/thiag/.m2/repository/com/github/almasb/fxgl/17.3/fxgl-17.3.jar!/fxglassets/ui/fonts/Abel-Regular.ttf
13:45:21.465 [FXGL Background Thread 4 ] DEBUG FXGLAssetLoaderServi - Loading from file system: jar:file:///C:/Users/thiag/.m2/repository/com/github/almasb/fxgl/17.3/fxgl-17.3.jar!/fxglassets/ui/fonts/TerminalLandMono-Regular.otf
13:45:21.469 [FXGL Background Thread 4 ] DEBUG FXGLAssetLoaderServi - Loading from file system: jar:file:///C:/Users/thiag/.m2/repository/com/github/almasb/fxgl/17.3/fxgl-17.3.jar!/fxglassets/ui/fonts/Courier-Prime.ttf
13:45:21.481 [JavaFX Application Thread] DEBUG FXGLAssetLoaderServi - Loading from file system: jar:file:///C:/Users/thiag/.m2/repository/com/github/almasb/fxgl/17.3/fxgl-17.3.jar!/fxglassets/textures/fxgl_default_cursor.png
13:45:21.483 [JavaFX Application Thread] DEBUG Input                - Registered new binding: Screenshot - CTRL+8
13:45:21.485 [JavaFX Application Thread] DEBUG Input                - Registered new binding: Dev Options - 1
13:45:21.485 [JavaFX Application Thread] DEBUG Input                - Registered new binding: Dev Console - 2
13:45:21.485 [JavaFX Application Thread] DEBUG Input                - Registered new binding: System info dump - CTRL+9
13:45:21.486 [JavaFX Application Thread] DEBUG Input                - Registered new binding: Restart - CTRL+R
13:45:21.486 [JavaFX Application Thread] DEBUG Input                - Registered new binding: Toggle Debug Camera - CTRL+7
13:45:21.489 [JavaFX Application Thread] DEBUG LoopRunner           - Starting loop
13:45:21.500 [JavaFX Application Thread] DEBUG LoopRunner           - Initializing JavaFX AnimationTimerLoop
13:45:21.502 [JavaFX Application Thread] DEBUG GameApplicationServi - Starting new game
13:45:21.502 [JavaFX Application Thread] DEBUG Input                - Clearing active input actions
13:45:21.511 [JavaFX Application Thread] DEBUG GameApplicationServi - Removing overlay from FXGLStartupScene and adding to FXGLLoadingScene
13:45:21.513 [JavaFX Application Thread] DEBUG PrimaryStageWindow   - FXGLStartupScene -> FXGLLoadingScene
13:45:21.513 [JavaFX Application Thread] DEBUG GameApplicationServi - Clearing previous game
13:45:21.513 [JavaFX Application Thread] DEBUG GameScene            - Clearing game scene
13:45:21.513 [JavaFX Application Thread] DEBUG GameWorld            - Clearing game world
13:45:21.513 [JavaFX Application Thread] DEBUG PhysicsWorld         - Clearing physics world
13:45:21.515 [JavaFX Application Thread] DEBUG FXGLApplication      - Registering font factories with UI factory
13:45:21.515 [FXGL Background Thread 4 ] DEBUG FXGLApplication      - Initializing game
13:45:21.574 [FXGL Background Thread 4 ] WARN  TMXLevelLoader       - TiledMap generated from 1.10.2. Supported version: 1.9.0. Some features may not be parsed fully.
13:45:21.593 [FXGL Background Thread 4 ] DEBUG TMXLevelLoader       - Parsed TiledMap: file:/C:/Users/thiag/IdeaProjects/OsSilenciados/target/classes/assets/levels/Mansao.tmx
13:45:21.595 [FXGL Background Thread 4 ] DEBUG TMXLevelLoader       - Creating tile layer entities
13:45:21.597 [FXGL Background Thread 4 ] DEBUG TilesetLoader        - Loading view for layer Chão
13:45:21.598 [FXGL Background Thread 4 ] DEBUG TilesetLoader        - Created buffer with size 1280.0x768.0
13:45:21.609 [FXGL Background Thread 4 ] DEBUG TilesetLoader        - Loading view for layer ChãoGraminhas
13:45:21.611 [FXGL Background Thread 4 ] DEBUG TilesetLoader        - Created buffer with size 1280.0x768.0
13:45:21.616 [FXGL Background Thread 4 ] DEBUG TilesetLoader        - Loading view for layer Árvores
13:45:21.618 [FXGL Background Thread 4 ] DEBUG TilesetLoader        - Created buffer with size 1280.0x768.0
13:45:21.626 [FXGL Background Thread 4 ] DEBUG TilesetLoader        - Loading view for layer arvore
13:45:21.627 [FXGL Background Thread 4 ] DEBUG TilesetLoader        - Created buffer with size 1280.0x768.0
13:45:21.628 [FXGL Background Thread 4 ] DEBUG TilesetLoader        - Loading view for layer Mansao
13:45:21.635 [FXGL Background Thread 4 ] DEBUG TilesetLoader        - Created buffer with size 1280.0x768.0
13:45:21.639 [FXGL Background Thread 4 ] DEBUG TilesetLoader        - Loading view for layer ARVORE2.0
13:45:21.643 [FXGL Background Thread 4 ] DEBUG TilesetLoader        - Created buffer with size 1280.0x768.0
13:45:21.646 [FXGL Background Thread 4 ] DEBUG TMXLevelLoader       - Creating object layer entities
13:45:21.674 [FXGL Background Thread 4 ] DEBUG GameWorld            - Clearing removable entities
13:45:21.675 [FXGL Background Thread 4 ] DEBUG GameWorld            - Setting level: com.almasb.fxgl.entity.level.Level@39f3d8d6
13:45:21.682 [FXGL Background Thread 4 ] DEBUG FXGLAssetLoaderServi - Loading from file system: file:/C:/Users/thiag/IdeaProjects/OsSilenciados/target/classes/assets/textures/dev_player.png
13:45:21.709 [FXGL Background Thread 4 ] WARN  GameWorld            - Entity is already attached to world
13:45:21.709 [FXGL Background Thread 4 ] WARN  GameWorld            - Entity is already attached to world
13:45:21.711 [FXGL Background Thread 4 ] DEBUG FXGLAssetLoaderServi - Loading from file system: file:/C:/Users/thiag/IdeaProjects/OsSilenciados/target/classes/assets/textures/male_hurt.png
13:45:21.713 [FXGL Background Thread 4 ] WARN  GameWorld            - Entity is already attached to world
13:45:21.715 [FXGL Background Thread 4 ] INFO  FXGLApplication      - Game initialization took: 0,200 sec
13:45:21.782 [JavaFX Application Thread] DEBUG Input                - Clearing active input actions
13:45:21.794 [JavaFX Application Thread] DEBUG GameApplicationServi - Removing overlay from FXGLLoadingScene and adding to GameScene
13:45:21.820 [JavaFX Application Thread] DEBUG PrimaryStageWindow   - FXGLLoadingScene -> GameScene
13:45:24.433 [FXGL Background Thread 3 ] DEBUG Engine               - Logging environment variables
13:45:24.433 [FXGL Background Thread 3 ] DEBUG Engine               - achievements: []
13:45:24.433 [FXGL Background Thread 3 ] DEBUG Engine               - actualHeight: 720.0
13:45:24.433 [FXGL Background Thread 3 ] DEBUG Engine               - actualHeightProperty: ReadOnlyDoubleProperty [value: 720.0]
13:45:24.433 [FXGL Background Thread 3 ] DEBUG Engine               - actualWidth: 1280.0
13:45:24.433 [FXGL Background Thread 3 ] DEBUG Engine               - actualWidthProperty: ReadOnlyDoubleProperty [value: 1280.0]
13:45:24.433 [FXGL Background Thread 3 ] DEBUG Engine               - appIcon: fxgl_icon.png
13:45:24.433 [FXGL Background Thread 3 ] DEBUG Engine               - applicationMode: DEVELOPER
13:45:24.433 [FXGL Background Thread 3 ] DEBUG Engine               - cSSList: [fxgl_dark.css]
13:45:24.433 [FXGL Background Thread 3 ] DEBUG Engine               - collisionDetectionStrategy: BRUTE_FORCE
13:45:24.433 [FXGL Background Thread 3 ] DEBUG Engine               - configClass: Optional.empty
13:45:24.433 [FXGL Background Thread 3 ] DEBUG Engine               - credits: []
13:45:24.433 [FXGL Background Thread 3 ] DEBUG Engine               - defaultCursor: CursorInfo(imageName=fxgl_default_cursor.png, hotspotX=7.0, hotspotY=6.0)
13:45:24.433 [FXGL Background Thread 3 ] DEBUG Engine               - devBBoxColorProperty: ObjectProperty [value: 0xff0000ff]
13:45:24.433 [FXGL Background Thread 3 ] DEBUG Engine               - devEnableDebugCameraProperty: BooleanProperty [value: false]
13:45:24.433 [FXGL Background Thread 3 ] DEBUG Engine               - devSensorColorProperty: ObjectProperty [value: 0xffff00ff]
13:45:24.433 [FXGL Background Thread 3 ] DEBUG Engine               - devShowBBoxProperty: BooleanProperty [value: false]
13:45:24.435 [FXGL Background Thread 3 ] DEBUG Engine               - devShowPositionProperty: BooleanProperty [value: false]
13:45:24.435 [FXGL Background Thread 3 ] DEBUG Engine               - enabledMenuItems: []
13:45:24.435 [FXGL Background Thread 3 ] DEBUG Engine               - engineServices: [class com.almasb.fxgl.app.services.FXGLAssetLoaderService, class com.almasb.fxgl.app.FXGLApplication$GameApplicationService, class com.almasb.fxgl.app.services.FXGLDialogService, class com.almasb.fxgl.app.services.IOTaskExecutorService, class com.almasb.fxgl.io.FileSystemService, class com.almasb.fxgl.localization.LocalizationService, class com.almasb.fxgl.app.services.SystemBundleService, class com.almasb.fxgl.profile.SaveLoadService, class com.almasb.fxgl.ui.FXGLUIFactoryServiceProvider, class com.almasb.fxgl.ui.FXGLDialogFactoryServiceProvider, class com.almasb.fxgl.audio.AudioPlayer, class com.almasb.fxgl.notification.impl.NotificationServiceProvider, class com.almasb.fxgl.achievement.AchievementService, class com.almasb.fxgl.cutscene.CutsceneService, class com.almasb.fxgl.minigames.MiniGameService, class com.almasb.fxgl.net.NetService, class com.almasb.fxgl.app.services.UpdaterService, class com.almasb.fxgl.dev.DevService]
13:45:24.435 [FXGL Background Thread 3 ] DEBUG Engine               - fontGame: Abel-Regular.ttf
13:45:24.435 [FXGL Background Thread 3 ] DEBUG Engine               - fontMono: TerminalLandMono-Regular.otf
13:45:24.435 [FXGL Background Thread 3 ] DEBUG Engine               - fontSizeScaleUI: 1.0
13:45:24.435 [FXGL Background Thread 3 ] DEBUG Engine               - fontText: Courier-Prime.ttf
13:45:24.435 [FXGL Background Thread 3 ] DEBUG Engine               - fontUI: VarelaRound-Regular.ttf
13:45:24.435 [FXGL Background Thread 3 ] DEBUG Engine               - fullScreen: BooleanProperty [value: false]
13:45:24.435 [FXGL Background Thread 3 ] DEBUG Engine               - gameDifficulty: MEDIUM
13:45:24.435 [FXGL Background Thread 3 ] DEBUG Engine               - gameDifficultyProperty: ObjectProperty [value: MEDIUM]
13:45:24.435 [FXGL Background Thread 3 ] DEBUG Engine               - globalMusicVolume: 0.5
13:45:24.435 [FXGL Background Thread 3 ] DEBUG Engine               - globalMusicVolumeProperty: DoubleProperty [value: 0.5]
13:45:24.435 [FXGL Background Thread 3 ] DEBUG Engine               - globalSoundVolume: 0.5
13:45:24.435 [FXGL Background Thread 3 ] DEBUG Engine               - globalSoundVolumeProperty: DoubleProperty [value: 0.5]
13:45:24.435 [FXGL Background Thread 3 ] DEBUG Engine               - height: 720
13:45:24.436 [FXGL Background Thread 3 ] DEBUG Engine               - is3D: false
13:45:24.436 [FXGL Background Thread 3 ] DEBUG Engine               - isAndroid: false
13:45:24.436 [FXGL Background Thread 3 ] DEBUG Engine               - isBrowser: false
13:45:24.436 [FXGL Background Thread 3 ] DEBUG Engine               - isClickFeedbackEnabled: false
13:45:24.436 [FXGL Background Thread 3 ] DEBUG Engine               - isCloseConfirmation: false
13:45:24.436 [FXGL Background Thread 3 ] DEBUG Engine               - isDesktop: true
13:45:24.436 [FXGL Background Thread 3 ] DEBUG Engine               - isDeveloperMenuEnabled: true
13:45:24.436 [FXGL Background Thread 3 ] DEBUG Engine               - isEmbedded: false
13:45:24.436 [FXGL Background Thread 3 ] DEBUG Engine               - isEntityPreloadEnabled: true
13:45:24.436 [FXGL Background Thread 3 ] DEBUG Engine               - isExperimentalTiledLargeMap: false
13:45:24.436 [FXGL Background Thread 3 ] DEBUG Engine               - isFileSystemWriteAllowed: true
13:45:24.436 [FXGL Background Thread 3 ] DEBUG Engine               - isFullScreenAllowed: true
13:45:24.436 [FXGL Background Thread 3 ] DEBUG Engine               - isFullScreenFromStart: false
13:45:24.436 [FXGL Background Thread 3 ] DEBUG Engine               - isGameMenuEnabled: true
13:45:24.436 [FXGL Background Thread 3 ] DEBUG Engine               - isIOS: false
13:45:24.436 [FXGL Background Thread 3 ] DEBUG Engine               - isIntroEnabled: false
13:45:24.436 [FXGL Background Thread 3 ] DEBUG Engine               - isLinux: false
13:45:24.436 [FXGL Background Thread 3 ] DEBUG Engine               - isMac: false
13:45:24.437 [FXGL Background Thread 3 ] DEBUG Engine               - isMainMenuEnabled: false
13:45:24.437 [FXGL Background Thread 3 ] DEBUG Engine               - isManualResizeEnabled: false
13:45:24.437 [FXGL Background Thread 3 ] DEBUG Engine               - isMobile: false
13:45:24.437 [FXGL Background Thread 3 ] DEBUG Engine               - isNative: false
13:45:24.437 [FXGL Background Thread 3 ] DEBUG Engine               - isPauseMusicWhenMinimized: true
13:45:24.437 [FXGL Background Thread 3 ] DEBUG Engine               - isPreserveResizeRatio: false
13:45:24.437 [FXGL Background Thread 3 ] DEBUG Engine               - isProfilingEnabled: false
13:45:24.437 [FXGL Background Thread 3 ] DEBUG Engine               - isScaleAffectedOnResize: true
13:45:24.437 [FXGL Background Thread 3 ] DEBUG Engine               - isSingleStep: false
13:45:24.437 [FXGL Background Thread 3 ] DEBUG Engine               - isUserProfileEnabled: false
13:45:24.437 [FXGL Background Thread 3 ] DEBUG Engine               - isWindows: true
13:45:24.437 [FXGL Background Thread 3 ] DEBUG Engine               - language: ObjectProperty [value: ENGLISH]
13:45:24.437 [FXGL Background Thread 3 ] DEBUG Engine               - menuKey: ESCAPE
13:45:24.437 [FXGL Background Thread 3 ] DEBUG Engine               - mouseSensitivity: 0.2
13:45:24.437 [FXGL Background Thread 3 ] DEBUG Engine               - notificationViewClass: class com.almasb.fxgl.notification.view.XboxNotificationView
13:45:24.437 [FXGL Background Thread 3 ] DEBUG Engine               - pixelsPerMeter: 50.0
13:45:24.437 [FXGL Background Thread 3 ] DEBUG Engine               - platform: WINDOWS
13:45:24.437 [FXGL Background Thread 3 ] DEBUG Engine               - prefHeightProperty: ReadOnlyDoubleProperty [value: 720.0]
13:45:24.437 [FXGL Background Thread 3 ] DEBUG Engine               - prefWidthProperty: ReadOnlyDoubleProperty [value: 1280.0]
13:45:24.437 [FXGL Background Thread 3 ] DEBUG Engine               - profileDir: profiles/
13:45:24.437 [FXGL Background Thread 3 ] DEBUG Engine               - profileName: StringProperty [value: DEFAULT]
13:45:24.437 [FXGL Background Thread 3 ] DEBUG Engine               - randomSeed: -1
13:45:24.437 [FXGL Background Thread 3 ] DEBUG Engine               - runtimeInfo: RuntimeInfo(platform=WINDOWS, version=17.3, build=30.03.2023 11.49)
13:45:24.437 [FXGL Background Thread 3 ] DEBUG Engine               - saveFileExt: sav
13:45:24.437 [FXGL Background Thread 3 ] DEBUG Engine               - scaledHeightProp$fxgl: DoubleProperty [bound, value: 720.0]
13:45:24.437 [FXGL Background Thread 3 ] DEBUG Engine               - scaledWidthProp$fxgl: DoubleProperty [bound, value: 1280.0]
13:45:24.437 [FXGL Background Thread 3 ] DEBUG Engine               - sceneFactory: com.almasb.fxgl.app.scene.SceneFactory@79a12569
13:45:24.437 [FXGL Background Thread 3 ] DEBUG Engine               - secondsIn24h: 60
13:45:24.437 [FXGL Background Thread 3 ] DEBUG Engine               - soundMenuBack: menu/back.wav
13:45:24.437 [FXGL Background Thread 3 ] DEBUG Engine               - soundMenuPress: menu/press.wav
13:45:24.439 [FXGL Background Thread 3 ] DEBUG Engine               - soundMenuSelect: menu/select.wav
13:45:24.439 [FXGL Background Thread 3 ] DEBUG Engine               - soundNotification: core/notification.wav
13:45:24.439 [FXGL Background Thread 3 ] DEBUG Engine               - stageStyle: DECORATED
13:45:24.439 [FXGL Background Thread 3 ] DEBUG Engine               - supportedLanguages: [ENGLISH, FRENCH, GERMAN, HUNGARIAN, RUSSIAN]
13:45:24.439 [FXGL Background Thread 3 ] DEBUG Engine               - ticksPerSecond: -1
13:45:24.439 [FXGL Background Thread 3 ] DEBUG Engine               - title: Silenciados
13:45:24.439 [FXGL Background Thread 3 ] DEBUG Engine               - urlGithub: https://github.com/AlmasB/FXGL
13:45:24.439 [FXGL Background Thread 3 ] DEBUG Engine               - urlLeaderboard: http://fxgl-top.herokuapp.com/
13:45:24.439 [FXGL Background Thread 3 ] DEBUG Engine               - urlPOM: https://raw.githubusercontent.com/AlmasB/FXGL/release/README.md
13:45:24.439 [FXGL Background Thread 3 ] DEBUG Engine               - userAppClass: class Interface.SilenciadosApp
13:45:24.439 [FXGL Background Thread 3 ] DEBUG Engine               - version: 0.1
13:45:24.439 [FXGL Background Thread 3 ] DEBUG Engine               - versionCheckDays: 7
13:45:24.439 [FXGL Background Thread 3 ] DEBUG Engine               - width: 1280
13:45:24.439 [FXGL Background Thread 3 ] DEBUG Engine               - Logging services
13:45:24.439 [FXGL Background Thread 3 ] DEBUG Engine               - class com.almasb.fxgl.app.services.FXGLAssetLoaderService
13:45:24.439 [FXGL Background Thread 3 ] DEBUG Engine               - class com.almasb.fxgl.app.FXGLApplication$GameApplicationService
13:45:24.439 [FXGL Background Thread 3 ] DEBUG Engine               - class com.almasb.fxgl.app.services.FXGLDialogService
13:45:24.439 [FXGL Background Thread 3 ] DEBUG Engine               - class com.almasb.fxgl.app.services.IOTaskExecutorService
13:45:24.439 [FXGL Background Thread 3 ] DEBUG Engine               - class com.almasb.fxgl.io.FileSystemService
13:45:24.439 [FXGL Background Thread 3 ] DEBUG Engine               - class com.almasb.fxgl.localization.LocalizationService
13:45:24.439 [FXGL Background Thread 3 ] DEBUG Engine               - class com.almasb.fxgl.app.services.SystemBundleService
13:45:24.439 [FXGL Background Thread 3 ] DEBUG Engine               - class com.almasb.fxgl.profile.SaveLoadService
13:45:24.439 [FXGL Background Thread 3 ] DEBUG Engine               - class com.almasb.fxgl.ui.FXGLUIFactoryServiceProvider
13:45:24.439 [FXGL Background Thread 3 ] DEBUG Engine               - class com.almasb.fxgl.ui.FXGLDialogFactoryServiceProvider
13:45:24.440 [FXGL Background Thread 3 ] DEBUG Engine               - class com.almasb.fxgl.audio.AudioPlayer
13:45:24.440 [FXGL Background Thread 3 ] DEBUG Engine               - class com.almasb.fxgl.notification.impl.NotificationServiceProvider
13:45:24.440 [FXGL Background Thread 3 ] DEBUG Engine               - class com.almasb.fxgl.achievement.AchievementService
13:45:24.440 [FXGL Background Thread 3 ] DEBUG Engine               - class com.almasb.fxgl.cutscene.CutsceneService
13:45:24.440 [FXGL Background Thread 3 ] DEBUG Engine               - class com.almasb.fxgl.minigames.MiniGameService
13:45:24.440 [FXGL Background Thread 3 ] DEBUG Engine               - class com.almasb.fxgl.net.NetService
13:45:24.440 [FXGL Background Thread 3 ] DEBUG Engine               - class com.almasb.fxgl.app.services.UpdaterService
13:45:24.440 [FXGL Background Thread 3 ] DEBUG Engine               - class com.almasb.fxgl.dev.DevService
13:45:31.118 [JavaFX Application Thread] WARN  TMXLevelLoader       - TiledMap generated from 1.10.2. Supported version: 1.9.0. Some features may not be parsed fully.
13:45:31.123 [JavaFX Application Thread] DEBUG TMXLevelLoader       - Parsed TiledMap: file:/C:/Users/thiag/IdeaProjects/OsSilenciados/target/classes/assets/levels/Castelo2.tmx
13:45:31.123 [JavaFX Application Thread] DEBUG TMXLevelLoader       - Creating tile layer entities
13:45:31.124 [JavaFX Application Thread] DEBUG TilesetLoader        - Loading view for layer Base
13:45:31.125 [JavaFX Application Thread] DEBUG TilesetLoader        - Created buffer with size 1280.0x768.0
13:45:31.132 [JavaFX Application Thread] DEBUG TilesetLoader        - Loading view for layer Camada de Blocos 2
13:45:31.133 [JavaFX Application Thread] DEBUG TilesetLoader        - Created buffer with size 1280.0x768.0
13:45:31.134 [JavaFX Application Thread] DEBUG TilesetLoader        - Loading view for layer Camada de Blocos 3
13:45:31.135 [JavaFX Application Thread] DEBUG TilesetLoader        - Created buffer with size 1280.0x768.0
13:45:31.135 [JavaFX Application Thread] DEBUG TilesetLoader        - Loading view for layer Camada de Blocos 4
13:45:31.135 [JavaFX Application Thread] DEBUG TilesetLoader        - Created buffer with size 1280.0x768.0
13:45:31.136 [JavaFX Application Thread] DEBUG TMXLevelLoader       - Creating object layer entities
13:45:31.138 [JavaFX Application Thread] DEBUG GameWorld            - Clearing removable entities
13:45:31.142 [JavaFX Application Thread] DEBUG GameWorld            - Setting level: com.almasb.fxgl.entity.level.Level@5b731a82
13:45:31.144 [JavaFX Application Thread] WARN  GameWorld            - Entity is already attached to world
13:45:31.144 [JavaFX Application Thread] WARN  GameWorld            - Entity is already attached to world
13:45:32.687 [JavaFX Application Thread] DEBUG PrimaryStageWindow   - Push state: FXGLDefaultMenu
13:45:32.692 [JavaFX Application Thread] DEBUG Input                - Clearing active input actions
13:45:32.694 [JavaFX Application Thread] DEBUG GameApplicationServi - Removing overlay from GameScene and adding to FXGLDefaultMenu
13:45:32.699 [JavaFX Application Thread] DEBUG PrimaryStageWindow   - GameScene -> FXGLDefaultMenu
13:45:32.965 [JavaFX Application Thread] DEBUG PrimaryStageWindow   - Pop state: FXGLDefaultMenu
13:45:32.966 [JavaFX Application Thread] DEBUG Input                - Clearing active input actions
13:45:32.967 [JavaFX Application Thread] DEBUG GameApplicationServi - Removing overlay from FXGLDefaultMenu and adding to GameScene
13:45:32.970 [JavaFX Application Thread] DEBUG PrimaryStageWindow   - GameScene <- FXGLDefaultMenu
13:45:42.411 [JavaFX Application Thread] WARN  TMXLevelLoader       - TiledMap generated from 1.10.2. Supported version: 1.9.0. Some features may not be parsed fully.
13:45:42.418 [JavaFX Application Thread] DEBUG TMXLevelLoader       - Parsed TiledMap: file:/C:/Users/thiag/IdeaProjects/OsSilenciados/target/classes/assets/levels/Mansao.tmx
13:45:42.418 [JavaFX Application Thread] DEBUG TMXLevelLoader       - Creating tile layer entities
13:45:42.418 [JavaFX Application Thread] DEBUG TilesetLoader        - Loading view for layer Chão
13:45:42.422 [JavaFX Application Thread] DEBUG TilesetLoader        - Created buffer with size 1280.0x768.0
13:45:42.427 [JavaFX Application Thread] DEBUG TilesetLoader        - Loading view for layer ChãoGraminhas
13:45:42.428 [JavaFX Application Thread] DEBUG TilesetLoader        - Created buffer with size 1280.0x768.0
13:45:42.433 [JavaFX Application Thread] DEBUG TilesetLoader        - Loading view for layer Árvores
13:45:42.435 [JavaFX Application Thread] DEBUG TilesetLoader        - Created buffer with size 1280.0x768.0
13:45:42.438 [JavaFX Application Thread] DEBUG TilesetLoader        - Loading view for layer arvore
13:45:42.439 [JavaFX Application Thread] DEBUG TilesetLoader        - Created buffer with size 1280.0x768.0
13:45:42.439 [JavaFX Application Thread] DEBUG TilesetLoader        - Loading view for layer Mansao
13:45:42.440 [JavaFX Application Thread] DEBUG TilesetLoader        - Created buffer with size 1280.0x768.0
13:45:42.441 [JavaFX Application Thread] DEBUG TilesetLoader        - Loading view for layer ARVORE2.0
13:45:42.441 [JavaFX Application Thread] DEBUG TilesetLoader        - Created buffer with size 1280.0x768.0
13:45:42.441 [JavaFX Application Thread] DEBUG TMXLevelLoader       - Creating object layer entities
13:45:42.445 [JavaFX Application Thread] DEBUG GameWorld            - Clearing removable entities
13:45:42.446 [JavaFX Application Thread] DEBUG GameWorld            - Setting level: com.almasb.fxgl.entity.level.Level@62ae5199
13:45:42.449 [JavaFX Application Thread] WARN  GameWorld            - Entity is already attached to world
13:45:42.449 [JavaFX Application Thread] WARN  GameWorld            - Entity is already attached to world
13:45:51.029 [JavaFX Application Thread] DEBUG FXGLApplication      - Exiting FXGL
13:45:51.029 [JavaFX Application Thread] DEBUG LoopRunner           - Stopping loop
13:45:51.029 [JavaFX Application Thread] DEBUG SystemBundleService  - Saving FXGL system data
13:45:51.034 [JavaFX Application Thread] DEBUG FileSystemAccess     - Writing to: C:\Users\thiag\IdeaProjects\OsSilenciados\system\fxgl.bundle
13:45:51.036 [JavaFX Application Thread] DEBUG Async                - Shutting down background threads
13:45:51.036 [JavaFX Application Thread] DEBUG PrimaryStageWindow   - Closing main window
13:45:51.044 [JavaFX Application Thread] DEBUG Logger               - Closing Logger
