11:55:23.060 [main                     ] DEBUG Logger               - Configured Logger
11:55:23.079 [main                     ] DEBUG GameApplication      - Logging settings
Title: Silenciados
Version: 0.1
Width: 1280
Height: 720
Fullscreen: true
Intro: false
Profiling: false
Single step:false
App Mode: DEVELOPER
Menu Key: ESCAPE
Stage Style: DECORATED
Scene Factory: class com.almasb.fxgl.app.scene.SceneFactory

11:55:23.547 [JavaFX Application Thread] DEBUG FXGLApplication      - Initializing FXGL
11:55:23.550 [JavaFX Application Thread] INFO  Engine               - FXGL-17.3 (30.03.2023 11.49) on WINDOWS (J:21.0.1 FX:11.0.2)
11:55:23.551 [JavaFX Application Thread] DEBUG Engine               - JRE Vendor Name: Oracle Corporation
11:55:23.551 [JavaFX Application Thread] DEBUG Engine               - Running on OS: Windows 11 version 10.0
11:55:23.551 [JavaFX Application Thread] DEBUG Engine               - Architecture: amd64
11:55:23.551 [JavaFX Application Thread] INFO  Engine               - Source code and latest versions at: https://github.com/AlmasB/FXGL
11:55:23.551 [JavaFX Application Thread] INFO  Engine               -       Ask questions and discuss at: https://github.com/AlmasB/FXGL/discussions
11:55:23.551 [JavaFX Application Thread] INFO  Engine               -              Join the FXGL chat at: https://gitter.im/AlmasB/FXGL
11:55:23.624 [JavaFX Application Thread] DEBUG PrimaryStageWindow   - Creating a JavaFX scene
11:55:23.662 [JavaFX Application Thread] DEBUG PrimaryStageWindow   - Target settings size: 1280.0 x 720.0
11:55:23.662 [JavaFX Application Thread] DEBUG PrimaryStageWindow   - Scaled scene size:    1280.0 x 720.0
11:55:23.662 [JavaFX Application Thread] DEBUG PrimaryStageWindow   - Scaled ratio: (1.0, 1.0)
11:55:23.662 [JavaFX Application Thread] DEBUG PrimaryStageWindow   - Set initial scene to FXGLStartupScene
11:55:23.669 [JavaFX Application Thread] DEBUG PrimaryStageWindow   - Opening main window
11:55:23.748 [JavaFX Application Thread] DEBUG PrimaryStageWindow   - Window border size: (14.4000244140625, 37.5999755859375)
11:55:23.748 [JavaFX Application Thread] DEBUG PrimaryStageWindow   - Scaled size: 1280.0 x 720.0
11:55:23.748 [JavaFX Application Thread] DEBUG PrimaryStageWindow   - Scaled ratio: (1.0, 1.0)
11:55:23.749 [JavaFX Application Thread] DEBUG PrimaryStageWindow   - Scene size: 1280.0 x 720.0
11:55:23.749 [JavaFX Application Thread] DEBUG PrimaryStageWindow   - Stage size: 1294.4000244140625 x 757.5999755859375
11:55:23.757 [FXGL Background Thread 1 ] DEBUG Engine               - Initializing environment variables
11:55:23.811 [FXGL Background Thread 1 ] DEBUG FXGLAssetLoaderServi - User app class for loading assets: class Interface.SilenciadosApp
11:55:23.811 [FXGL Background Thread 1 ] DEBUG GameApplicationServi - Applying CSS: fxgl_dark.css
11:55:23.812 [FXGL Background Thread 1 ] DEBUG FXGLAssetLoaderServi - Loading from file system: jar:file:///C:/Users/thiag/.m2/repository/com/github/almasb/fxgl/17.3/fxgl-17.3.jar!/fxglassets/ui/css/fxgl_dark.css
11:55:23.851 [FXGL Background Thread 1 ] DEBUG GameApplicationServi - Initializing application scenes
11:55:23.882 [FXGL Background Thread 1 ] DEBUG GameWorld            - Game world initialized
11:55:23.941 [FXGL Background Thread 1 ] DEBUG PhysicsWorld         - Physics world initialized: appHeight=720, physics.ppm=50,0
11:55:23.943 [FXGL Background Thread 1 ] DEBUG PhysicsWorld         - Using strategy: BRUTE_FORCE
11:55:23.946 [FXGL Background Thread 1 ] DEBUG GameScene            - Game scene initialized: 1280x720
11:55:23.959 [FXGL Background Thread 1 ] DEBUG FXGL.DefaultMenu     - createMenuBodyGameMenu()
11:55:23.972 [FXGL Background Thread 1 ] DEBUG FXGL.DefaultMenu     - createOptionsMenu()
11:55:23.984 [FXGL Background Thread 1 ] DEBUG FXGLAssetLoaderServi - Loading from file system: jar:file:///C:/Users/thiag/.m2/repository/com/github/almasb/fxgl/17.3/fxgl-17.3.jar!/fxglassets/textures/particles/smoke.png
11:55:24.061 [FXGL Background Thread 1 ] DEBUG FXGLAssetLoaderServi - Loading from file system: jar:file:///C:/Users/thiag/.m2/repository/com/github/almasb/fxgl/17.3/fxgl-17.3.jar!/fxglassets/textures/particles/trace_horizontal.png
11:55:24.090 [FXGL Background Thread 1 ] DEBUG GameApplicationServi - Application scenes initialized
11:55:24.101 [FXGL Background Thread 1 ] DEBUG SystemBundleService  - Loading FXGL system data
11:55:24.106 [FXGL Background Thread 1 ] DEBUG FileSystemAccess     - Reading from: C:\Users\thiag\IdeaProjects\OsSilenciados\system\fxgl.bundle
11:55:24.115 [FXGL Background Thread 1 ] DEBUG SystemBundleService  - Bundle FXGL: {}
11:55:24.115 [FXGL Background Thread 1 ] DEBUG UpdaterService       - Checking for updates
11:55:24.139 [FXGL Background Thread 4 ] DEBUG FXGLApplication      - Loading fonts
11:55:24.139 [FXGL Background Thread 1 ] DEBUG FXGLApplication      - Loading default localization
11:55:24.139 [FXGL Background Thread 4 ] DEBUG FXGLAssetLoaderServi - Loading from file system: jar:file:///C:/Users/thiag/.m2/repository/com/github/almasb/fxgl/17.3/fxgl-17.3.jar!/fxglassets/ui/fonts/VarelaRound-Regular.ttf
11:55:24.141 [FXGL Background Thread 1 ] DEBUG FXGLAssetLoaderServi - Loading from file system: jar:file:///C:/Users/thiag/.m2/repository/com/github/almasb/fxgl/17.3/fxgl-17.3.jar!/fxglassets/languages/english.lang
11:55:24.157 [FXGL Background Thread 1 ] INFO  FXGLApplication      - FXGL initialization took: 0,400 sec
11:55:24.166 [JavaFX Application Thread] DEBUG Input                - Registered new binding: Move Right - D
11:55:24.166 [JavaFX Application Thread] DEBUG Input                - Registered new binding: Move Left - A
11:55:24.166 [JavaFX Application Thread] DEBUG Input                - Registered new binding: Move Up - W
11:55:24.166 [JavaFX Application Thread] DEBUG Input                - Registered new binding: Move Down - S
11:55:24.167 [JavaFX Application Thread] DEBUG FXGLAssetLoaderServi - Loading from file system: jar:file:///C:/Users/thiag/.m2/repository/com/github/almasb/fxgl/17.3/fxgl-17.3.jar!/fxglassets/textures/fxgl_icon.png
11:55:24.173 [FXGL Background Thread 4 ] DEBUG FXGLAssetLoaderServi - Loading from file system: jar:file:///C:/Users/thiag/.m2/repository/com/github/almasb/fxgl/17.3/fxgl-17.3.jar!/fxglassets/ui/fonts/Abel-Regular.ttf
11:55:24.175 [FXGL Background Thread 4 ] DEBUG FXGLAssetLoaderServi - Loading from file system: jar:file:///C:/Users/thiag/.m2/repository/com/github/almasb/fxgl/17.3/fxgl-17.3.jar!/fxglassets/ui/fonts/TerminalLandMono-Regular.otf
11:55:24.179 [FXGL Background Thread 4 ] DEBUG FXGLAssetLoaderServi - Loading from file system: jar:file:///C:/Users/thiag/.m2/repository/com/github/almasb/fxgl/17.3/fxgl-17.3.jar!/fxglassets/ui/fonts/Courier-Prime.ttf
11:55:24.192 [JavaFX Application Thread] DEBUG FXGLAssetLoaderServi - Loading from file system: jar:file:///C:/Users/thiag/.m2/repository/com/github/almasb/fxgl/17.3/fxgl-17.3.jar!/fxglassets/textures/fxgl_default_cursor.png
11:55:24.195 [JavaFX Application Thread] DEBUG Input                - Registered new binding: Screenshot - CTRL+8
11:55:24.195 [JavaFX Application Thread] DEBUG Input                - Registered new binding: Dev Options - 1
11:55:24.195 [JavaFX Application Thread] DEBUG Input                - Registered new binding: Dev Console - 2
11:55:24.195 [JavaFX Application Thread] DEBUG Input                - Registered new binding: System info dump - CTRL+9
11:55:24.196 [JavaFX Application Thread] DEBUG Input                - Registered new binding: Restart - CTRL+R
11:55:24.196 [JavaFX Application Thread] DEBUG Input                - Registered new binding: Toggle Debug Camera - CTRL+7
11:55:24.199 [JavaFX Application Thread] DEBUG LoopRunner           - Starting loop
11:55:24.213 [JavaFX Application Thread] DEBUG LoopRunner           - Initializing JavaFX AnimationTimerLoop
11:55:24.214 [JavaFX Application Thread] DEBUG GameApplicationServi - Starting new game
11:55:24.214 [JavaFX Application Thread] DEBUG Input                - Clearing active input actions
11:55:24.227 [JavaFX Application Thread] DEBUG GameApplicationServi - Removing overlay from FXGLStartupScene and adding to FXGLLoadingScene
11:55:24.231 [JavaFX Application Thread] DEBUG PrimaryStageWindow   - FXGLStartupScene -> FXGLLoadingScene
11:55:24.231 [JavaFX Application Thread] DEBUG GameApplicationServi - Clearing previous game
11:55:24.231 [JavaFX Application Thread] DEBUG GameScene            - Clearing game scene
11:55:24.232 [JavaFX Application Thread] DEBUG GameWorld            - Clearing game world
11:55:24.232 [JavaFX Application Thread] DEBUG PhysicsWorld         - Clearing physics world
11:55:24.233 [FXGL Background Thread 4 ] DEBUG FXGLApplication      - Initializing game
11:55:24.234 [JavaFX Application Thread] DEBUG FXGLApplication      - Registering font factories with UI factory
11:55:24.277 [FXGL Background Thread 4 ] WARN  TMXLevelLoader       - TiledMap generated from 1.10.2. Supported version: 1.9.0. Some features may not be parsed fully.
11:55:24.296 [FXGL Background Thread 4 ] DEBUG TMXLevelLoader       - Parsed TiledMap: file:/C:/Users/thiag/IdeaProjects/OsSilenciados/target/classes/assets/levels/Mansao.tmx
11:55:24.297 [FXGL Background Thread 4 ] DEBUG TMXLevelLoader       - Creating tile layer entities
11:55:24.298 [FXGL Background Thread 4 ] DEBUG TilesetLoader        - Loading view for layer Chão
11:55:24.301 [FXGL Background Thread 4 ] DEBUG TilesetLoader        - Created buffer with size 1280.0x768.0
11:55:24.314 [FXGL Background Thread 4 ] DEBUG TilesetLoader        - Loading view for layer ChãoGraminhas
11:55:24.315 [FXGL Background Thread 4 ] DEBUG TilesetLoader        - Created buffer with size 1280.0x768.0
11:55:24.323 [FXGL Background Thread 4 ] DEBUG TilesetLoader        - Loading view for layer Árvores
11:55:24.326 [FXGL Background Thread 4 ] DEBUG TilesetLoader        - Created buffer with size 1280.0x768.0
11:55:24.339 [FXGL Background Thread 4 ] DEBUG TilesetLoader        - Loading view for layer arvore
11:55:24.341 [FXGL Background Thread 4 ] DEBUG TilesetLoader        - Created buffer with size 1280.0x768.0
11:55:24.342 [FXGL Background Thread 4 ] DEBUG TilesetLoader        - Loading view for layer Mansao
11:55:24.345 [FXGL Background Thread 4 ] DEBUG TilesetLoader        - Created buffer with size 1280.0x768.0
11:55:24.349 [FXGL Background Thread 4 ] DEBUG TilesetLoader        - Loading view for layer ARVORE2.0
11:55:24.351 [FXGL Background Thread 4 ] DEBUG TilesetLoader        - Created buffer with size 1280.0x768.0
11:55:24.352 [FXGL Background Thread 4 ] DEBUG TMXLevelLoader       - Creating object layer entities
11:55:24.383 [FXGL Background Thread 4 ] DEBUG GameWorld            - Clearing removable entities
11:55:24.384 [FXGL Background Thread 4 ] DEBUG GameWorld            - Setting level: com.almasb.fxgl.entity.level.Level@1a3127a0
11:55:24.401 [FXGL Background Thread 4 ] DEBUG FXGLAssetLoaderServi - Loading from file system: file:/C:/Users/thiag/IdeaProjects/OsSilenciados/target/classes/assets/textures/dev_player.png
11:55:24.426 [FXGL Background Thread 4 ] WARN  GameWorld            - Entity is already attached to world
11:55:24.426 [FXGL Background Thread 4 ] WARN  GameWorld            - Entity is already attached to world
11:55:24.428 [FXGL Background Thread 4 ] DEBUG FXGLAssetLoaderServi - Loading from file system: file:/C:/Users/thiag/IdeaProjects/OsSilenciados/target/classes/assets/textures/male_hurt.png
11:55:24.429 [FXGL Background Thread 4 ] WARN  GameWorld            - Entity is already attached to world
11:55:24.431 [FXGL Background Thread 4 ] INFO  FXGLApplication      - Game initialization took: 0,197 sec
11:55:24.456 [JavaFX Application Thread] DEBUG Input                - Clearing active input actions
11:55:24.467 [JavaFX Application Thread] DEBUG GameApplicationServi - Removing overlay from FXGLLoadingScene and adding to GameScene
11:55:24.487 [JavaFX Application Thread] DEBUG PrimaryStageWindow   - FXGLLoadingScene -> GameScene
11:55:27.139 [FXGL Background Thread 3 ] DEBUG Engine               - Logging environment variables
11:55:27.139 [FXGL Background Thread 3 ] DEBUG Engine               - achievements: []
11:55:27.139 [FXGL Background Thread 3 ] DEBUG Engine               - actualHeight: 720.0
11:55:27.139 [FXGL Background Thread 3 ] DEBUG Engine               - actualHeightProperty: ReadOnlyDoubleProperty [value: 720.0]
11:55:27.139 [FXGL Background Thread 3 ] DEBUG Engine               - actualWidth: 1280.0
11:55:27.139 [FXGL Background Thread 3 ] DEBUG Engine               - actualWidthProperty: ReadOnlyDoubleProperty [value: 1280.0]
11:55:27.139 [FXGL Background Thread 3 ] DEBUG Engine               - appIcon: fxgl_icon.png
11:55:27.139 [FXGL Background Thread 3 ] DEBUG Engine               - applicationMode: DEVELOPER
11:55:27.139 [FXGL Background Thread 3 ] DEBUG Engine               - cSSList: [fxgl_dark.css]
11:55:27.140 [FXGL Background Thread 3 ] DEBUG Engine               - collisionDetectionStrategy: BRUTE_FORCE
11:55:27.140 [FXGL Background Thread 3 ] DEBUG Engine               - configClass: Optional.empty
11:55:27.140 [FXGL Background Thread 3 ] DEBUG Engine               - credits: []
11:55:27.140 [FXGL Background Thread 3 ] DEBUG Engine               - defaultCursor: CursorInfo(imageName=fxgl_default_cursor.png, hotspotX=7.0, hotspotY=6.0)
11:55:27.143 [FXGL Background Thread 3 ] DEBUG Engine               - devBBoxColorProperty: ObjectProperty [value: 0xff0000ff]
11:55:27.143 [FXGL Background Thread 3 ] DEBUG Engine               - devEnableDebugCameraProperty: BooleanProperty [value: false]
11:55:27.143 [FXGL Background Thread 3 ] DEBUG Engine               - devSensorColorProperty: ObjectProperty [value: 0xffff00ff]
11:55:27.143 [FXGL Background Thread 3 ] DEBUG Engine               - devShowBBoxProperty: BooleanProperty [value: false]
11:55:27.143 [FXGL Background Thread 3 ] DEBUG Engine               - devShowPositionProperty: BooleanProperty [value: false]
11:55:27.143 [FXGL Background Thread 3 ] DEBUG Engine               - enabledMenuItems: []
11:55:27.143 [FXGL Background Thread 3 ] DEBUG Engine               - engineServices: [class com.almasb.fxgl.app.services.FXGLAssetLoaderService, class com.almasb.fxgl.app.FXGLApplication$GameApplicationService, class com.almasb.fxgl.app.services.FXGLDialogService, class com.almasb.fxgl.app.services.IOTaskExecutorService, class com.almasb.fxgl.io.FileSystemService, class com.almasb.fxgl.localization.LocalizationService, class com.almasb.fxgl.app.services.SystemBundleService, class com.almasb.fxgl.profile.SaveLoadService, class com.almasb.fxgl.ui.FXGLUIFactoryServiceProvider, class com.almasb.fxgl.ui.FXGLDialogFactoryServiceProvider, class com.almasb.fxgl.audio.AudioPlayer, class com.almasb.fxgl.notification.impl.NotificationServiceProvider, class com.almasb.fxgl.achievement.AchievementService, class com.almasb.fxgl.cutscene.CutsceneService, class com.almasb.fxgl.minigames.MiniGameService, class com.almasb.fxgl.net.NetService, class com.almasb.fxgl.app.services.UpdaterService, class com.almasb.fxgl.dev.DevService]
11:55:27.143 [FXGL Background Thread 3 ] DEBUG Engine               - fontGame: Abel-Regular.ttf
11:55:27.143 [FXGL Background Thread 3 ] DEBUG Engine               - fontMono: TerminalLandMono-Regular.otf
11:55:27.143 [FXGL Background Thread 3 ] DEBUG Engine               - fontSizeScaleUI: 1.0
11:55:27.143 [FXGL Background Thread 3 ] DEBUG Engine               - fontText: Courier-Prime.ttf
11:55:27.143 [FXGL Background Thread 3 ] DEBUG Engine               - fontUI: VarelaRound-Regular.ttf
11:55:27.143 [FXGL Background Thread 3 ] DEBUG Engine               - fullScreen: BooleanProperty [value: false]
11:55:27.144 [FXGL Background Thread 3 ] DEBUG Engine               - gameDifficulty: MEDIUM
11:55:27.144 [FXGL Background Thread 3 ] DEBUG Engine               - gameDifficultyProperty: ObjectProperty [value: MEDIUM]
11:55:27.144 [FXGL Background Thread 3 ] DEBUG Engine               - globalMusicVolume: 0.5
11:55:27.144 [FXGL Background Thread 3 ] DEBUG Engine               - globalMusicVolumeProperty: DoubleProperty [value: 0.5]
11:55:27.144 [FXGL Background Thread 3 ] DEBUG Engine               - globalSoundVolume: 0.5
11:55:27.144 [FXGL Background Thread 3 ] DEBUG Engine               - globalSoundVolumeProperty: DoubleProperty [value: 0.5]
11:55:27.144 [FXGL Background Thread 3 ] DEBUG Engine               - height: 720
11:55:27.144 [FXGL Background Thread 3 ] DEBUG Engine               - is3D: false
11:55:27.144 [FXGL Background Thread 3 ] DEBUG Engine               - isAndroid: false
11:55:27.144 [FXGL Background Thread 3 ] DEBUG Engine               - isBrowser: false
11:55:27.144 [FXGL Background Thread 3 ] DEBUG Engine               - isClickFeedbackEnabled: false
11:55:27.144 [FXGL Background Thread 3 ] DEBUG Engine               - isCloseConfirmation: false
11:55:27.144 [FXGL Background Thread 3 ] DEBUG Engine               - isDesktop: true
11:55:27.144 [FXGL Background Thread 3 ] DEBUG Engine               - isDeveloperMenuEnabled: true
11:55:27.144 [FXGL Background Thread 3 ] DEBUG Engine               - isEmbedded: false
11:55:27.145 [FXGL Background Thread 3 ] DEBUG Engine               - isEntityPreloadEnabled: true
11:55:27.145 [FXGL Background Thread 3 ] DEBUG Engine               - isExperimentalTiledLargeMap: false
11:55:27.145 [FXGL Background Thread 3 ] DEBUG Engine               - isFileSystemWriteAllowed: true
11:55:27.145 [FXGL Background Thread 3 ] DEBUG Engine               - isFullScreenAllowed: true
11:55:27.145 [FXGL Background Thread 3 ] DEBUG Engine               - isFullScreenFromStart: false
11:55:27.145 [FXGL Background Thread 3 ] DEBUG Engine               - isGameMenuEnabled: true
11:55:27.145 [FXGL Background Thread 3 ] DEBUG Engine               - isIOS: false
11:55:27.145 [FXGL Background Thread 3 ] DEBUG Engine               - isIntroEnabled: false
11:55:27.145 [FXGL Background Thread 3 ] DEBUG Engine               - isLinux: false
11:55:27.145 [FXGL Background Thread 3 ] DEBUG Engine               - isMac: false
11:55:27.145 [FXGL Background Thread 3 ] DEBUG Engine               - isMainMenuEnabled: false
11:55:27.145 [FXGL Background Thread 3 ] DEBUG Engine               - isManualResizeEnabled: false
11:55:27.145 [FXGL Background Thread 3 ] DEBUG Engine               - isMobile: false
11:55:27.145 [FXGL Background Thread 3 ] DEBUG Engine               - isNative: false
11:55:27.145 [FXGL Background Thread 3 ] DEBUG Engine               - isPauseMusicWhenMinimized: true
11:55:27.145 [FXGL Background Thread 3 ] DEBUG Engine               - isPreserveResizeRatio: false
11:55:27.146 [FXGL Background Thread 3 ] DEBUG Engine               - isProfilingEnabled: false
11:55:27.146 [FXGL Background Thread 3 ] DEBUG Engine               - isScaleAffectedOnResize: true
11:55:27.146 [FXGL Background Thread 3 ] DEBUG Engine               - isSingleStep: false
11:55:27.146 [FXGL Background Thread 3 ] DEBUG Engine               - isUserProfileEnabled: false
11:55:27.146 [FXGL Background Thread 3 ] DEBUG Engine               - isWindows: true
11:55:27.146 [FXGL Background Thread 3 ] DEBUG Engine               - language: ObjectProperty [value: ENGLISH]
11:55:27.146 [FXGL Background Thread 3 ] DEBUG Engine               - menuKey: ESCAPE
11:55:27.146 [FXGL Background Thread 3 ] DEBUG Engine               - mouseSensitivity: 0.2
11:55:27.146 [FXGL Background Thread 3 ] DEBUG Engine               - notificationViewClass: class com.almasb.fxgl.notification.view.XboxNotificationView
11:55:27.146 [FXGL Background Thread 3 ] DEBUG Engine               - pixelsPerMeter: 50.0
11:55:27.146 [FXGL Background Thread 3 ] DEBUG Engine               - platform: WINDOWS
11:55:27.146 [FXGL Background Thread 3 ] DEBUG Engine               - prefHeightProperty: ReadOnlyDoubleProperty [value: 720.0]
11:55:27.147 [FXGL Background Thread 3 ] DEBUG Engine               - prefWidthProperty: ReadOnlyDoubleProperty [value: 1280.0]
11:55:27.147 [FXGL Background Thread 3 ] DEBUG Engine               - profileDir: profiles/
11:55:27.147 [FXGL Background Thread 3 ] DEBUG Engine               - profileName: StringProperty [value: DEFAULT]
11:55:27.147 [FXGL Background Thread 3 ] DEBUG Engine               - randomSeed: -1
11:55:27.147 [FXGL Background Thread 3 ] DEBUG Engine               - runtimeInfo: RuntimeInfo(platform=WINDOWS, version=17.3, build=30.03.2023 11.49)
11:55:27.148 [FXGL Background Thread 3 ] DEBUG Engine               - saveFileExt: sav
11:55:27.148 [FXGL Background Thread 3 ] DEBUG Engine               - scaledHeightProp$fxgl: DoubleProperty [bound, value: 720.0]
11:55:27.148 [FXGL Background Thread 3 ] DEBUG Engine               - scaledWidthProp$fxgl: DoubleProperty [bound, value: 1280.0]
11:55:27.148 [FXGL Background Thread 3 ] DEBUG Engine               - sceneFactory: com.almasb.fxgl.app.scene.SceneFactory@78c8e30c
11:55:27.148 [FXGL Background Thread 3 ] DEBUG Engine               - secondsIn24h: 60
11:55:27.148 [FXGL Background Thread 3 ] DEBUG Engine               - soundMenuBack: menu/back.wav
11:55:27.148 [FXGL Background Thread 3 ] DEBUG Engine               - soundMenuPress: menu/press.wav
11:55:27.148 [FXGL Background Thread 3 ] DEBUG Engine               - soundMenuSelect: menu/select.wav
11:55:27.148 [FXGL Background Thread 3 ] DEBUG Engine               - soundNotification: core/notification.wav
11:55:27.148 [FXGL Background Thread 3 ] DEBUG Engine               - stageStyle: DECORATED
11:55:27.148 [FXGL Background Thread 3 ] DEBUG Engine               - supportedLanguages: [ENGLISH, FRENCH, GERMAN, HUNGARIAN, RUSSIAN]
11:55:27.148 [FXGL Background Thread 3 ] DEBUG Engine               - ticksPerSecond: -1
11:55:27.149 [FXGL Background Thread 3 ] DEBUG Engine               - title: Silenciados
11:55:27.149 [FXGL Background Thread 3 ] DEBUG Engine               - urlGithub: https://github.com/AlmasB/FXGL
11:55:27.149 [FXGL Background Thread 3 ] DEBUG Engine               - urlLeaderboard: http://fxgl-top.herokuapp.com/
11:55:27.149 [FXGL Background Thread 3 ] DEBUG Engine               - urlPOM: https://raw.githubusercontent.com/AlmasB/FXGL/release/README.md
11:55:27.149 [FXGL Background Thread 3 ] DEBUG Engine               - userAppClass: class Interface.SilenciadosApp
11:55:27.149 [FXGL Background Thread 3 ] DEBUG Engine               - version: 0.1
11:55:27.149 [FXGL Background Thread 3 ] DEBUG Engine               - versionCheckDays: 7
11:55:27.149 [FXGL Background Thread 3 ] DEBUG Engine               - width: 1280
11:55:27.149 [FXGL Background Thread 3 ] DEBUG Engine               - Logging services
11:55:27.149 [FXGL Background Thread 3 ] DEBUG Engine               - class com.almasb.fxgl.app.services.FXGLAssetLoaderService
11:55:27.149 [FXGL Background Thread 3 ] DEBUG Engine               - class com.almasb.fxgl.app.FXGLApplication$GameApplicationService
11:55:27.149 [FXGL Background Thread 3 ] DEBUG Engine               - class com.almasb.fxgl.app.services.FXGLDialogService
11:55:27.149 [FXGL Background Thread 3 ] DEBUG Engine               - class com.almasb.fxgl.app.services.IOTaskExecutorService
11:55:27.149 [FXGL Background Thread 3 ] DEBUG Engine               - class com.almasb.fxgl.io.FileSystemService
11:55:27.149 [FXGL Background Thread 3 ] DEBUG Engine               - class com.almasb.fxgl.localization.LocalizationService
11:55:27.150 [FXGL Background Thread 3 ] DEBUG Engine               - class com.almasb.fxgl.app.services.SystemBundleService
11:55:27.150 [FXGL Background Thread 3 ] DEBUG Engine               - class com.almasb.fxgl.profile.SaveLoadService
11:55:27.152 [FXGL Background Thread 3 ] DEBUG Engine               - class com.almasb.fxgl.ui.FXGLUIFactoryServiceProvider
11:55:27.152 [FXGL Background Thread 3 ] DEBUG Engine               - class com.almasb.fxgl.ui.FXGLDialogFactoryServiceProvider
11:55:27.152 [FXGL Background Thread 3 ] DEBUG Engine               - class com.almasb.fxgl.audio.AudioPlayer
11:55:27.152 [FXGL Background Thread 3 ] DEBUG Engine               - class com.almasb.fxgl.notification.impl.NotificationServiceProvider
11:55:27.152 [FXGL Background Thread 3 ] DEBUG Engine               - class com.almasb.fxgl.achievement.AchievementService
11:55:27.152 [FXGL Background Thread 3 ] DEBUG Engine               - class com.almasb.fxgl.cutscene.CutsceneService
11:55:27.152 [FXGL Background Thread 3 ] DEBUG Engine               - class com.almasb.fxgl.minigames.MiniGameService
11:55:27.152 [FXGL Background Thread 3 ] DEBUG Engine               - class com.almasb.fxgl.net.NetService
11:55:27.152 [FXGL Background Thread 3 ] DEBUG Engine               - class com.almasb.fxgl.app.services.UpdaterService
11:55:27.152 [FXGL Background Thread 3 ] DEBUG Engine               - class com.almasb.fxgl.dev.DevService
11:55:27.729 [JavaFX Application Thread] WARN  TMXLevelLoader       - TiledMap generated from 1.10.2. Supported version: 1.9.0. Some features may not be parsed fully.
11:55:27.734 [JavaFX Application Thread] DEBUG TMXLevelLoader       - Parsed TiledMap: file:/C:/Users/thiag/IdeaProjects/OsSilenciados/target/classes/assets/levels/Castelo2.tmx
11:55:27.734 [JavaFX Application Thread] DEBUG TMXLevelLoader       - Creating tile layer entities
11:55:27.734 [JavaFX Application Thread] DEBUG TilesetLoader        - Loading view for layer Base
11:55:27.735 [JavaFX Application Thread] DEBUG TilesetLoader        - Created buffer with size 1280.0x768.0
11:55:27.741 [JavaFX Application Thread] DEBUG TilesetLoader        - Loading view for layer Camada de Blocos 2
11:55:27.743 [JavaFX Application Thread] DEBUG TilesetLoader        - Created buffer with size 1280.0x768.0
11:55:27.744 [JavaFX Application Thread] DEBUG TilesetLoader        - Loading view for layer Camada de Blocos 3
11:55:27.745 [JavaFX Application Thread] DEBUG TilesetLoader        - Created buffer with size 1280.0x768.0
11:55:27.746 [JavaFX Application Thread] DEBUG TilesetLoader        - Loading view for layer Camada de Blocos 4
11:55:27.748 [JavaFX Application Thread] DEBUG TilesetLoader        - Created buffer with size 1280.0x768.0
11:55:27.748 [JavaFX Application Thread] DEBUG TMXLevelLoader       - Creating object layer entities
11:55:27.750 [JavaFX Application Thread] DEBUG GameWorld            - Clearing removable entities
11:55:27.755 [JavaFX Application Thread] DEBUG GameWorld            - Setting level: com.almasb.fxgl.entity.level.Level@2012fd42
11:55:27.757 [JavaFX Application Thread] WARN  GameWorld            - Entity is already attached to world
11:55:27.757 [JavaFX Application Thread] WARN  GameWorld            - Entity is already attached to world
11:55:34.121 [JavaFX Application Thread] DEBUG PrimaryStageWindow   - Push state: FXGLDefaultMenu
11:55:34.123 [JavaFX Application Thread] DEBUG Input                - Clearing active input actions
11:55:34.124 [JavaFX Application Thread] DEBUG GameApplicationServi - Removing overlay from GameScene and adding to FXGLDefaultMenu
11:55:34.130 [JavaFX Application Thread] DEBUG PrimaryStageWindow   - GameScene -> FXGLDefaultMenu
11:55:34.987 [JavaFX Application Thread] DEBUG Menu                 - fireExit()
11:55:34.992 [JavaFX Application Thread] DEBUG PrimaryStageWindow   - Push state: DialogSubScene
11:55:34.992 [JavaFX Application Thread] DEBUG Input                - Clearing active input actions
11:55:34.995 [JavaFX Application Thread] DEBUG GameApplicationServi - Removing overlay from FXGLDefaultMenu and adding to DialogSubScene
11:55:35.002 [JavaFX Application Thread] DEBUG PrimaryStageWindow   - FXGLDefaultMenu -> DialogSubScene
11:55:35.534 [JavaFX Application Thread] DEBUG PrimaryStageWindow   - Pop state: DialogSubScene
11:55:35.534 [JavaFX Application Thread] DEBUG Input                - Clearing active input actions
11:55:35.535 [JavaFX Application Thread] DEBUG GameApplicationServi - Removing overlay from DialogSubScene and adding to FXGLDefaultMenu
11:55:35.538 [JavaFX Application Thread] DEBUG PrimaryStageWindow   - FXGLDefaultMenu <- DialogSubScene
11:55:35.538 [JavaFX Application Thread] DEBUG FXGLApplication      - Exiting FXGL
11:55:35.538 [JavaFX Application Thread] DEBUG LoopRunner           - Stopping loop
11:55:35.538 [JavaFX Application Thread] DEBUG SystemBundleService  - Saving FXGL system data
11:55:35.540 [JavaFX Application Thread] DEBUG FileSystemAccess     - Writing to: C:\Users\thiag\IdeaProjects\OsSilenciados\system\fxgl.bundle
11:55:35.541 [JavaFX Application Thread] DEBUG Async                - Shutting down background threads
11:55:35.542 [JavaFX Application Thread] DEBUG PrimaryStageWindow   - Closing main window
11:55:35.550 [JavaFX Application Thread] DEBUG Logger               - Closing Logger
