11:55:47.221 [main                     ] DEBUG Logger               - Configured Logger
11:55:47.239 [main                     ] DEBUG GameApplication      - Logging settings
Title: Silenciados
Version: 0.1
Width: 800
Height: 600
Fullscreen: true
Intro: false
Profiling: false
Single step:false
App Mode: DEVELOPER
Menu Key: ESCAPE
Stage Style: DECORATED
Scene Factory: class com.almasb.fxgl.app.scene.SceneFactory

11:55:47.678 [JavaFX Application Thread] DEBUG FXGLApplication      - Initializing FXGL
11:55:47.682 [JavaFX Application Thread] INFO  Engine               - FXGL-17.3 (30.03.2023 11.49) on WINDOWS (J:21.0.1 FX:11.0.2)
11:55:47.682 [JavaFX Application Thread] DEBUG Engine               - JRE Vendor Name: Oracle Corporation
11:55:47.682 [JavaFX Application Thread] DEBUG Engine               - Running on OS: Windows 11 version 10.0
11:55:47.682 [JavaFX Application Thread] DEBUG Engine               - Architecture: amd64
11:55:47.682 [JavaFX Application Thread] INFO  Engine               - Source code and latest versions at: https://github.com/AlmasB/FXGL
11:55:47.682 [JavaFX Application Thread] INFO  Engine               -       Ask questions and discuss at: https://github.com/AlmasB/FXGL/discussions
11:55:47.682 [JavaFX Application Thread] INFO  Engine               -              Join the FXGL chat at: https://gitter.im/AlmasB/FXGL
11:55:47.747 [JavaFX Application Thread] DEBUG PrimaryStageWindow   - Creating a JavaFX scene
11:55:47.782 [JavaFX Application Thread] DEBUG PrimaryStageWindow   - Target settings size: 800.0 x 600.0
11:55:47.782 [JavaFX Application Thread] DEBUG PrimaryStageWindow   - Scaled scene size:    800.0 x 600.0
11:55:47.782 [JavaFX Application Thread] DEBUG PrimaryStageWindow   - Scaled ratio: (1.0, 1.0)
11:55:47.784 [JavaFX Application Thread] DEBUG PrimaryStageWindow   - Set initial scene to FXGLStartupScene
11:55:47.790 [JavaFX Application Thread] DEBUG PrimaryStageWindow   - Opening main window
11:55:47.863 [JavaFX Application Thread] DEBUG PrimaryStageWindow   - Window border size: (14.4000244140625, 37.5999755859375)
11:55:47.863 [JavaFX Application Thread] DEBUG PrimaryStageWindow   - Scaled size: 800.0 x 600.0
11:55:47.863 [JavaFX Application Thread] DEBUG PrimaryStageWindow   - Scaled ratio: (1.0, 1.0)
11:55:47.865 [JavaFX Application Thread] DEBUG PrimaryStageWindow   - Scene size: 800.0 x 600.0
11:55:47.865 [JavaFX Application Thread] DEBUG PrimaryStageWindow   - Stage size: 814.4000244140625 x 637.5999755859375
11:55:47.871 [FXGL Background Thread 1 ] DEBUG Engine               - Initializing environment variables
11:55:47.931 [FXGL Background Thread 1 ] DEBUG FXGLAssetLoaderServi - User app class for loading assets: class Interface.SilenciadosApp
11:55:47.931 [FXGL Background Thread 1 ] DEBUG GameApplicationServi - Applying CSS: fxgl_dark.css
11:55:47.932 [FXGL Background Thread 1 ] DEBUG FXGLAssetLoaderServi - Loading from file system: jar:file:///C:/Users/thiag/.m2/repository/com/github/almasb/fxgl/17.3/fxgl-17.3.jar!/fxglassets/ui/css/fxgl_dark.css
11:55:47.974 [FXGL Background Thread 1 ] DEBUG GameApplicationServi - Initializing application scenes
11:55:48.003 [FXGL Background Thread 1 ] DEBUG GameWorld            - Game world initialized
11:55:48.055 [FXGL Background Thread 1 ] DEBUG PhysicsWorld         - Physics world initialized: appHeight=600, physics.ppm=50,0
11:55:48.055 [FXGL Background Thread 1 ] DEBUG PhysicsWorld         - Using strategy: BRUTE_FORCE
11:55:48.058 [FXGL Background Thread 1 ] DEBUG GameScene            - Game scene initialized: 800x600
11:55:48.069 [FXGL Background Thread 1 ] DEBUG FXGL.DefaultMenu     - createMenuBodyGameMenu()
11:55:48.082 [FXGL Background Thread 1 ] DEBUG FXGL.DefaultMenu     - createOptionsMenu()
11:55:48.091 [FXGL Background Thread 1 ] DEBUG FXGLAssetLoaderServi - Loading from file system: jar:file:///C:/Users/thiag/.m2/repository/com/github/almasb/fxgl/17.3/fxgl-17.3.jar!/fxglassets/textures/particles/smoke.png
11:55:48.170 [FXGL Background Thread 1 ] DEBUG FXGLAssetLoaderServi - Loading from file system: jar:file:///C:/Users/thiag/.m2/repository/com/github/almasb/fxgl/17.3/fxgl-17.3.jar!/fxglassets/textures/particles/trace_horizontal.png
11:55:48.199 [FXGL Background Thread 1 ] DEBUG GameApplicationServi - Application scenes initialized
11:55:48.209 [FXGL Background Thread 1 ] DEBUG SystemBundleService  - Loading FXGL system data
11:55:48.213 [FXGL Background Thread 1 ] DEBUG FileSystemAccess     - Reading from: C:\Users\thiag\IdeaProjects\OsSilenciados\system\fxgl.bundle
11:55:48.222 [FXGL Background Thread 1 ] DEBUG SystemBundleService  - Bundle FXGL: {}
11:55:48.222 [FXGL Background Thread 1 ] DEBUG UpdaterService       - Checking for updates
11:55:48.242 [FXGL Background Thread 4 ] DEBUG FXGLApplication      - Loading fonts
11:55:48.242 [FXGL Background Thread 4 ] DEBUG FXGLAssetLoaderServi - Loading from file system: jar:file:///C:/Users/thiag/.m2/repository/com/github/almasb/fxgl/17.3/fxgl-17.3.jar!/fxglassets/ui/fonts/VarelaRound-Regular.ttf
11:55:48.242 [FXGL Background Thread 1 ] DEBUG FXGLApplication      - Loading default localization
11:55:48.243 [FXGL Background Thread 1 ] DEBUG FXGLAssetLoaderServi - Loading from file system: jar:file:///C:/Users/thiag/.m2/repository/com/github/almasb/fxgl/17.3/fxgl-17.3.jar!/fxglassets/languages/english.lang
11:55:48.259 [FXGL Background Thread 1 ] INFO  FXGLApplication      - FXGL initialization took: 0,387 sec
11:55:48.268 [JavaFX Application Thread] DEBUG Input                - Registered new binding: Move Right - D
11:55:48.268 [JavaFX Application Thread] DEBUG Input                - Registered new binding: Move Left - A
11:55:48.268 [JavaFX Application Thread] DEBUG Input                - Registered new binding: Move Up - W
11:55:48.268 [JavaFX Application Thread] DEBUG Input                - Registered new binding: Move Down - S
11:55:48.269 [JavaFX Application Thread] DEBUG FXGLAssetLoaderServi - Loading from file system: jar:file:///C:/Users/thiag/.m2/repository/com/github/almasb/fxgl/17.3/fxgl-17.3.jar!/fxglassets/textures/fxgl_icon.png
11:55:48.270 [FXGL Background Thread 4 ] DEBUG FXGLAssetLoaderServi - Loading from file system: jar:file:///C:/Users/thiag/.m2/repository/com/github/almasb/fxgl/17.3/fxgl-17.3.jar!/fxglassets/ui/fonts/Abel-Regular.ttf
11:55:48.274 [FXGL Background Thread 4 ] DEBUG FXGLAssetLoaderServi - Loading from file system: jar:file:///C:/Users/thiag/.m2/repository/com/github/almasb/fxgl/17.3/fxgl-17.3.jar!/fxglassets/ui/fonts/TerminalLandMono-Regular.otf
11:55:48.277 [FXGL Background Thread 4 ] DEBUG FXGLAssetLoaderServi - Loading from file system: jar:file:///C:/Users/thiag/.m2/repository/com/github/almasb/fxgl/17.3/fxgl-17.3.jar!/fxglassets/ui/fonts/Courier-Prime.ttf
11:55:48.290 [JavaFX Application Thread] DEBUG FXGLAssetLoaderServi - Loading from file system: jar:file:///C:/Users/thiag/.m2/repository/com/github/almasb/fxgl/17.3/fxgl-17.3.jar!/fxglassets/textures/fxgl_default_cursor.png
11:55:48.292 [JavaFX Application Thread] DEBUG Input                - Registered new binding: Screenshot - CTRL+8
11:55:48.293 [JavaFX Application Thread] DEBUG Input                - Registered new binding: Dev Options - 1
11:55:48.293 [JavaFX Application Thread] DEBUG Input                - Registered new binding: Dev Console - 2
11:55:48.293 [JavaFX Application Thread] DEBUG Input                - Registered new binding: System info dump - CTRL+9
11:55:48.293 [JavaFX Application Thread] DEBUG Input                - Registered new binding: Restart - CTRL+R
11:55:48.294 [JavaFX Application Thread] DEBUG Input                - Registered new binding: Toggle Debug Camera - CTRL+7
11:55:48.297 [JavaFX Application Thread] DEBUG LoopRunner           - Starting loop
11:55:48.308 [JavaFX Application Thread] DEBUG LoopRunner           - Initializing JavaFX AnimationTimerLoop
11:55:48.309 [JavaFX Application Thread] DEBUG GameApplicationServi - Starting new game
11:55:48.310 [JavaFX Application Thread] DEBUG Input                - Clearing active input actions
11:55:48.319 [JavaFX Application Thread] DEBUG GameApplicationServi - Removing overlay from FXGLStartupScene and adding to FXGLLoadingScene
11:55:48.323 [JavaFX Application Thread] DEBUG PrimaryStageWindow   - FXGLStartupScene -> FXGLLoadingScene
11:55:48.323 [JavaFX Application Thread] DEBUG GameApplicationServi - Clearing previous game
11:55:48.323 [JavaFX Application Thread] DEBUG GameScene            - Clearing game scene
11:55:48.323 [JavaFX Application Thread] DEBUG GameWorld            - Clearing game world
11:55:48.324 [JavaFX Application Thread] DEBUG PhysicsWorld         - Clearing physics world
11:55:48.325 [JavaFX Application Thread] DEBUG FXGLApplication      - Registering font factories with UI factory
11:55:48.325 [FXGL Background Thread 4 ] DEBUG FXGLApplication      - Initializing game
11:55:48.370 [FXGL Background Thread 4 ] WARN  TMXLevelLoader       - TiledMap generated from 1.10.2. Supported version: 1.9.0. Some features may not be parsed fully.
11:55:48.387 [FXGL Background Thread 4 ] DEBUG TMXLevelLoader       - Parsed TiledMap: file:/C:/Users/thiag/IdeaProjects/OsSilenciados/target/classes/assets/levels/Mansao.tmx
11:55:48.388 [FXGL Background Thread 4 ] DEBUG TMXLevelLoader       - Creating tile layer entities
11:55:48.390 [FXGL Background Thread 4 ] DEBUG TilesetLoader        - Loading view for layer Chão
11:55:48.392 [FXGL Background Thread 4 ] DEBUG TilesetLoader        - Created buffer with size 1280.0x768.0
11:55:48.404 [FXGL Background Thread 4 ] DEBUG TilesetLoader        - Loading view for layer ChãoGraminhas
11:55:48.407 [FXGL Background Thread 4 ] DEBUG TilesetLoader        - Created buffer with size 1280.0x768.0
11:55:48.413 [FXGL Background Thread 4 ] DEBUG TilesetLoader        - Loading view for layer Árvores
11:55:48.416 [FXGL Background Thread 4 ] DEBUG TilesetLoader        - Created buffer with size 1280.0x768.0
11:55:48.424 [FXGL Background Thread 4 ] DEBUG TilesetLoader        - Loading view for layer arvore
11:55:48.427 [FXGL Background Thread 4 ] DEBUG TilesetLoader        - Created buffer with size 1280.0x768.0
11:55:48.427 [FXGL Background Thread 4 ] DEBUG TilesetLoader        - Loading view for layer Mansao
11:55:48.436 [FXGL Background Thread 4 ] DEBUG TilesetLoader        - Created buffer with size 1280.0x768.0
11:55:48.442 [FXGL Background Thread 4 ] DEBUG TilesetLoader        - Loading view for layer ARVORE2.0
11:55:48.446 [FXGL Background Thread 4 ] DEBUG TilesetLoader        - Created buffer with size 1280.0x768.0
11:55:48.447 [FXGL Background Thread 4 ] DEBUG TMXLevelLoader       - Creating object layer entities
11:55:48.478 [FXGL Background Thread 4 ] DEBUG GameWorld            - Clearing removable entities
11:55:48.478 [FXGL Background Thread 4 ] DEBUG GameWorld            - Setting level: com.almasb.fxgl.entity.level.Level@5656744c
11:55:48.487 [FXGL Background Thread 4 ] DEBUG FXGLAssetLoaderServi - Loading from file system: file:/C:/Users/thiag/IdeaProjects/OsSilenciados/target/classes/assets/textures/dev_player.png
11:55:48.513 [FXGL Background Thread 4 ] WARN  GameWorld            - Entity is already attached to world
11:55:48.514 [FXGL Background Thread 4 ] WARN  GameWorld            - Entity is already attached to world
11:55:48.515 [FXGL Background Thread 4 ] DEBUG FXGLAssetLoaderServi - Loading from file system: file:/C:/Users/thiag/IdeaProjects/OsSilenciados/target/classes/assets/textures/male_hurt.png
11:55:48.517 [FXGL Background Thread 4 ] WARN  GameWorld            - Entity is already attached to world
11:55:48.519 [FXGL Background Thread 4 ] INFO  FXGLApplication      - Game initialization took: 0,195 sec
11:55:48.541 [JavaFX Application Thread] DEBUG Input                - Clearing active input actions
11:55:48.551 [JavaFX Application Thread] DEBUG GameApplicationServi - Removing overlay from FXGLLoadingScene and adding to GameScene
11:55:48.571 [JavaFX Application Thread] DEBUG PrimaryStageWindow   - FXGLLoadingScene -> GameScene
11:55:51.242 [FXGL Background Thread 3 ] DEBUG Engine               - Logging environment variables
11:55:51.242 [FXGL Background Thread 3 ] DEBUG Engine               - achievements: []
11:55:51.242 [FXGL Background Thread 3 ] DEBUG Engine               - actualHeight: 600.0
11:55:51.242 [FXGL Background Thread 3 ] DEBUG Engine               - actualHeightProperty: ReadOnlyDoubleProperty [value: 600.0]
11:55:51.242 [FXGL Background Thread 3 ] DEBUG Engine               - actualWidth: 800.0
11:55:51.243 [FXGL Background Thread 3 ] DEBUG Engine               - actualWidthProperty: ReadOnlyDoubleProperty [value: 800.0]
11:55:51.243 [FXGL Background Thread 3 ] DEBUG Engine               - appIcon: fxgl_icon.png
11:55:51.243 [FXGL Background Thread 3 ] DEBUG Engine               - applicationMode: DEVELOPER
11:55:51.243 [FXGL Background Thread 3 ] DEBUG Engine               - cSSList: [fxgl_dark.css]
11:55:51.243 [FXGL Background Thread 3 ] DEBUG Engine               - collisionDetectionStrategy: BRUTE_FORCE
11:55:51.243 [FXGL Background Thread 3 ] DEBUG Engine               - configClass: Optional.empty
11:55:51.243 [FXGL Background Thread 3 ] DEBUG Engine               - credits: []
11:55:51.243 [FXGL Background Thread 3 ] DEBUG Engine               - defaultCursor: CursorInfo(imageName=fxgl_default_cursor.png, hotspotX=7.0, hotspotY=6.0)
11:55:51.243 [FXGL Background Thread 3 ] DEBUG Engine               - devBBoxColorProperty: ObjectProperty [value: 0xff0000ff]
11:55:51.243 [FXGL Background Thread 3 ] DEBUG Engine               - devEnableDebugCameraProperty: BooleanProperty [value: false]
11:55:51.243 [FXGL Background Thread 3 ] DEBUG Engine               - devSensorColorProperty: ObjectProperty [value: 0xffff00ff]
11:55:51.243 [FXGL Background Thread 3 ] DEBUG Engine               - devShowBBoxProperty: BooleanProperty [value: false]
11:55:51.243 [FXGL Background Thread 3 ] DEBUG Engine               - devShowPositionProperty: BooleanProperty [value: false]
11:55:51.243 [FXGL Background Thread 3 ] DEBUG Engine               - enabledMenuItems: []
11:55:51.243 [FXGL Background Thread 3 ] DEBUG Engine               - engineServices: [class com.almasb.fxgl.app.services.FXGLAssetLoaderService, class com.almasb.fxgl.app.FXGLApplication$GameApplicationService, class com.almasb.fxgl.app.services.FXGLDialogService, class com.almasb.fxgl.app.services.IOTaskExecutorService, class com.almasb.fxgl.io.FileSystemService, class com.almasb.fxgl.localization.LocalizationService, class com.almasb.fxgl.app.services.SystemBundleService, class com.almasb.fxgl.profile.SaveLoadService, class com.almasb.fxgl.ui.FXGLUIFactoryServiceProvider, class com.almasb.fxgl.ui.FXGLDialogFactoryServiceProvider, class com.almasb.fxgl.audio.AudioPlayer, class com.almasb.fxgl.notification.impl.NotificationServiceProvider, class com.almasb.fxgl.achievement.AchievementService, class com.almasb.fxgl.cutscene.CutsceneService, class com.almasb.fxgl.minigames.MiniGameService, class com.almasb.fxgl.net.NetService, class com.almasb.fxgl.app.services.UpdaterService, class com.almasb.fxgl.dev.DevService]
11:55:51.244 [FXGL Background Thread 3 ] DEBUG Engine               - fontGame: Abel-Regular.ttf
11:55:51.244 [FXGL Background Thread 3 ] DEBUG Engine               - fontMono: TerminalLandMono-Regular.otf
11:55:51.244 [FXGL Background Thread 3 ] DEBUG Engine               - fontSizeScaleUI: 1.0
11:55:51.244 [FXGL Background Thread 3 ] DEBUG Engine               - fontText: Courier-Prime.ttf
11:55:51.244 [FXGL Background Thread 3 ] DEBUG Engine               - fontUI: VarelaRound-Regular.ttf
11:55:51.244 [FXGL Background Thread 3 ] DEBUG Engine               - fullScreen: BooleanProperty [value: false]
11:55:51.244 [FXGL Background Thread 3 ] DEBUG Engine               - gameDifficulty: MEDIUM
11:55:51.244 [FXGL Background Thread 3 ] DEBUG Engine               - gameDifficultyProperty: ObjectProperty [value: MEDIUM]
11:55:51.244 [FXGL Background Thread 3 ] DEBUG Engine               - globalMusicVolume: 0.5
11:55:51.244 [FXGL Background Thread 3 ] DEBUG Engine               - globalMusicVolumeProperty: DoubleProperty [value: 0.5]
11:55:51.244 [FXGL Background Thread 3 ] DEBUG Engine               - globalSoundVolume: 0.5
11:55:51.244 [FXGL Background Thread 3 ] DEBUG Engine               - globalSoundVolumeProperty: DoubleProperty [value: 0.5]
11:55:51.244 [FXGL Background Thread 3 ] DEBUG Engine               - height: 600
11:55:51.244 [FXGL Background Thread 3 ] DEBUG Engine               - is3D: false
11:55:51.244 [FXGL Background Thread 3 ] DEBUG Engine               - isAndroid: false
11:55:51.244 [FXGL Background Thread 3 ] DEBUG Engine               - isBrowser: false
11:55:51.244 [FXGL Background Thread 3 ] DEBUG Engine               - isClickFeedbackEnabled: false
11:55:51.244 [FXGL Background Thread 3 ] DEBUG Engine               - isCloseConfirmation: false
11:55:51.244 [FXGL Background Thread 3 ] DEBUG Engine               - isDesktop: true
11:55:51.245 [FXGL Background Thread 3 ] DEBUG Engine               - isDeveloperMenuEnabled: true
11:55:51.245 [FXGL Background Thread 3 ] DEBUG Engine               - isEmbedded: false
11:55:51.245 [FXGL Background Thread 3 ] DEBUG Engine               - isEntityPreloadEnabled: true
11:55:51.245 [FXGL Background Thread 3 ] DEBUG Engine               - isExperimentalTiledLargeMap: false
11:55:51.245 [FXGL Background Thread 3 ] DEBUG Engine               - isFileSystemWriteAllowed: true
11:55:51.245 [FXGL Background Thread 3 ] DEBUG Engine               - isFullScreenAllowed: true
11:55:51.245 [FXGL Background Thread 3 ] DEBUG Engine               - isFullScreenFromStart: false
11:55:51.245 [FXGL Background Thread 3 ] DEBUG Engine               - isGameMenuEnabled: true
11:55:51.245 [FXGL Background Thread 3 ] DEBUG Engine               - isIOS: false
11:55:51.245 [FXGL Background Thread 3 ] DEBUG Engine               - isIntroEnabled: false
11:55:51.245 [FXGL Background Thread 3 ] DEBUG Engine               - isLinux: false
11:55:51.245 [FXGL Background Thread 3 ] DEBUG Engine               - isMac: false
11:55:51.245 [FXGL Background Thread 3 ] DEBUG Engine               - isMainMenuEnabled: false
11:55:51.245 [FXGL Background Thread 3 ] DEBUG Engine               - isManualResizeEnabled: false
11:55:51.245 [FXGL Background Thread 3 ] DEBUG Engine               - isMobile: false
11:55:51.245 [FXGL Background Thread 3 ] DEBUG Engine               - isNative: false
11:55:51.245 [FXGL Background Thread 3 ] DEBUG Engine               - isPauseMusicWhenMinimized: true
11:55:51.245 [FXGL Background Thread 3 ] DEBUG Engine               - isPreserveResizeRatio: false
11:55:51.245 [FXGL Background Thread 3 ] DEBUG Engine               - isProfilingEnabled: false
11:55:51.245 [FXGL Background Thread 3 ] DEBUG Engine               - isScaleAffectedOnResize: true
11:55:51.245 [FXGL Background Thread 3 ] DEBUG Engine               - isSingleStep: false
11:55:51.245 [FXGL Background Thread 3 ] DEBUG Engine               - isUserProfileEnabled: false
11:55:51.245 [FXGL Background Thread 3 ] DEBUG Engine               - isWindows: true
11:55:51.245 [FXGL Background Thread 3 ] DEBUG Engine               - language: ObjectProperty [value: ENGLISH]
11:55:51.245 [FXGL Background Thread 3 ] DEBUG Engine               - menuKey: ESCAPE
11:55:51.245 [FXGL Background Thread 3 ] DEBUG Engine               - mouseSensitivity: 0.2
11:55:51.246 [FXGL Background Thread 3 ] DEBUG Engine               - notificationViewClass: class com.almasb.fxgl.notification.view.XboxNotificationView
11:55:51.246 [FXGL Background Thread 3 ] DEBUG Engine               - pixelsPerMeter: 50.0
11:55:51.246 [FXGL Background Thread 3 ] DEBUG Engine               - platform: WINDOWS
11:55:51.246 [FXGL Background Thread 3 ] DEBUG Engine               - prefHeightProperty: ReadOnlyDoubleProperty [value: 600.0]
11:55:51.246 [FXGL Background Thread 3 ] DEBUG Engine               - prefWidthProperty: ReadOnlyDoubleProperty [value: 800.0]
11:55:51.246 [FXGL Background Thread 3 ] DEBUG Engine               - profileDir: profiles/
11:55:51.246 [FXGL Background Thread 3 ] DEBUG Engine               - profileName: StringProperty [value: DEFAULT]
11:55:51.246 [FXGL Background Thread 3 ] DEBUG Engine               - randomSeed: -1
11:55:51.246 [FXGL Background Thread 3 ] DEBUG Engine               - runtimeInfo: RuntimeInfo(platform=WINDOWS, version=17.3, build=30.03.2023 11.49)
11:55:51.246 [FXGL Background Thread 3 ] DEBUG Engine               - saveFileExt: sav
11:55:51.246 [FXGL Background Thread 3 ] DEBUG Engine               - scaledHeightProp$fxgl: DoubleProperty [bound, value: 600.0]
11:55:51.246 [FXGL Background Thread 3 ] DEBUG Engine               - scaledWidthProp$fxgl: DoubleProperty [bound, value: 800.0]
11:55:51.246 [FXGL Background Thread 3 ] DEBUG Engine               - sceneFactory: com.almasb.fxgl.app.scene.SceneFactory@9696112
11:55:51.246 [FXGL Background Thread 3 ] DEBUG Engine               - secondsIn24h: 60
11:55:51.246 [FXGL Background Thread 3 ] DEBUG Engine               - soundMenuBack: menu/back.wav
11:55:51.246 [FXGL Background Thread 3 ] DEBUG Engine               - soundMenuPress: menu/press.wav
11:55:51.246 [FXGL Background Thread 3 ] DEBUG Engine               - soundMenuSelect: menu/select.wav
11:55:51.246 [FXGL Background Thread 3 ] DEBUG Engine               - soundNotification: core/notification.wav
11:55:51.247 [FXGL Background Thread 3 ] DEBUG Engine               - stageStyle: DECORATED
11:55:51.247 [FXGL Background Thread 3 ] DEBUG Engine               - supportedLanguages: [ENGLISH, FRENCH, GERMAN, HUNGARIAN, RUSSIAN]
11:55:51.247 [FXGL Background Thread 3 ] DEBUG Engine               - ticksPerSecond: -1
11:55:51.247 [FXGL Background Thread 3 ] DEBUG Engine               - title: Silenciados
11:55:51.247 [FXGL Background Thread 3 ] DEBUG Engine               - urlGithub: https://github.com/AlmasB/FXGL
11:55:51.247 [FXGL Background Thread 3 ] DEBUG Engine               - urlLeaderboard: http://fxgl-top.herokuapp.com/
11:55:51.247 [FXGL Background Thread 3 ] DEBUG Engine               - urlPOM: https://raw.githubusercontent.com/AlmasB/FXGL/release/README.md
11:55:51.247 [FXGL Background Thread 3 ] DEBUG Engine               - userAppClass: class Interface.SilenciadosApp
11:55:51.247 [FXGL Background Thread 3 ] DEBUG Engine               - version: 0.1
11:55:51.247 [FXGL Background Thread 3 ] DEBUG Engine               - versionCheckDays: 7
11:55:51.247 [FXGL Background Thread 3 ] DEBUG Engine               - width: 800
11:55:51.247 [FXGL Background Thread 3 ] DEBUG Engine               - Logging services
11:55:51.247 [FXGL Background Thread 3 ] DEBUG Engine               - class com.almasb.fxgl.app.services.FXGLAssetLoaderService
11:55:51.247 [FXGL Background Thread 3 ] DEBUG Engine               - class com.almasb.fxgl.app.FXGLApplication$GameApplicationService
11:55:51.247 [FXGL Background Thread 3 ] DEBUG Engine               - class com.almasb.fxgl.app.services.FXGLDialogService
11:55:51.247 [FXGL Background Thread 3 ] DEBUG Engine               - class com.almasb.fxgl.app.services.IOTaskExecutorService
11:55:51.247 [FXGL Background Thread 3 ] DEBUG Engine               - class com.almasb.fxgl.io.FileSystemService
11:55:51.247 [FXGL Background Thread 3 ] DEBUG Engine               - class com.almasb.fxgl.localization.LocalizationService
11:55:51.247 [FXGL Background Thread 3 ] DEBUG Engine               - class com.almasb.fxgl.app.services.SystemBundleService
11:55:51.247 [FXGL Background Thread 3 ] DEBUG Engine               - class com.almasb.fxgl.profile.SaveLoadService
11:55:51.247 [FXGL Background Thread 3 ] DEBUG Engine               - class com.almasb.fxgl.ui.FXGLUIFactoryServiceProvider
11:55:51.247 [FXGL Background Thread 3 ] DEBUG Engine               - class com.almasb.fxgl.ui.FXGLDialogFactoryServiceProvider
11:55:51.247 [FXGL Background Thread 3 ] DEBUG Engine               - class com.almasb.fxgl.audio.AudioPlayer
11:55:51.247 [FXGL Background Thread 3 ] DEBUG Engine               - class com.almasb.fxgl.notification.impl.NotificationServiceProvider
11:55:51.248 [FXGL Background Thread 3 ] DEBUG Engine               - class com.almasb.fxgl.achievement.AchievementService
11:55:51.248 [FXGL Background Thread 3 ] DEBUG Engine               - class com.almasb.fxgl.cutscene.CutsceneService
11:55:51.248 [FXGL Background Thread 3 ] DEBUG Engine               - class com.almasb.fxgl.minigames.MiniGameService
11:55:51.248 [FXGL Background Thread 3 ] DEBUG Engine               - class com.almasb.fxgl.net.NetService
11:55:51.248 [FXGL Background Thread 3 ] DEBUG Engine               - class com.almasb.fxgl.app.services.UpdaterService
11:55:51.248 [FXGL Background Thread 3 ] DEBUG Engine               - class com.almasb.fxgl.dev.DevService
11:55:52.175 [JavaFX Application Thread] DEBUG FXGLApplication      - Exiting FXGL
11:55:52.175 [JavaFX Application Thread] DEBUG LoopRunner           - Stopping loop
11:55:52.176 [JavaFX Application Thread] DEBUG SystemBundleService  - Saving FXGL system data
11:55:52.177 [JavaFX Application Thread] DEBUG FileSystemAccess     - Writing to: C:\Users\thiag\IdeaProjects\OsSilenciados\system\fxgl.bundle
11:55:52.179 [JavaFX Application Thread] DEBUG Async                - Shutting down background threads
11:55:52.179 [JavaFX Application Thread] DEBUG PrimaryStageWindow   - Closing main window
11:55:52.189 [JavaFX Application Thread] DEBUG Logger               - Closing Logger
