14:10:38.101 [main                     ] DEBUG Logger               - Configured Logger
14:10:38.139 [main                     ] DEBUG GameApplication      - Logging settings
Title: Silenciados
Version: 0.1
Width: 1280
Height: 720
Fullscreen: true
Intro: false
Profiling: false
Single step:false
App Mode: DEVELOPER
Menu Key: ESCAPE
Stage Style: DECORATED
Scene Factory: class com.almasb.fxgl.app.scene.SceneFactory

14:10:38.761 [JavaFX Application Thread] DEBUG FXGLApplication      - Initializing FXGL
14:10:38.765 [JavaFX Application Thread] INFO  Engine               - FXGL-17.3 (30.03.2023 11.49) on WINDOWS (J:21.0.1 FX:11.0.2)
14:10:38.765 [JavaFX Application Thread] DEBUG Engine               - JRE Vendor Name: Oracle Corporation
14:10:38.765 [JavaFX Application Thread] DEBUG Engine               - Running on OS: Windows 11 version 10.0
14:10:38.766 [JavaFX Application Thread] DEBUG Engine               - Architecture: amd64
14:10:38.766 [JavaFX Application Thread] INFO  Engine               - Source code and latest versions at: https://github.com/AlmasB/FXGL
14:10:38.766 [JavaFX Application Thread] INFO  Engine               -       Ask questions and discuss at: https://github.com/AlmasB/FXGL/discussions
14:10:38.766 [JavaFX Application Thread] INFO  Engine               -              Join the FXGL chat at: https://gitter.im/AlmasB/FXGL
14:10:38.860 [JavaFX Application Thread] DEBUG PrimaryStageWindow   - Creating a JavaFX scene
14:10:38.912 [JavaFX Application Thread] DEBUG PrimaryStageWindow   - Target settings size: 1280.0 x 720.0
14:10:38.912 [JavaFX Application Thread] DEBUG PrimaryStageWindow   - Scaled scene size:    1280.0 x 720.0
14:10:38.913 [JavaFX Application Thread] DEBUG PrimaryStageWindow   - Scaled ratio: (1.0, 1.0)
14:10:38.915 [JavaFX Application Thread] DEBUG PrimaryStageWindow   - Set initial scene to FXGLStartupScene
14:10:38.923 [JavaFX Application Thread] DEBUG PrimaryStageWindow   - Opening main window
14:10:39.024 [JavaFX Application Thread] DEBUG PrimaryStageWindow   - Window border size: (14.4000244140625, 37.5999755859375)
14:10:39.025 [JavaFX Application Thread] DEBUG PrimaryStageWindow   - Scaled size: 1280.0 x 720.0
14:10:39.025 [JavaFX Application Thread] DEBUG PrimaryStageWindow   - Scaled ratio: (1.0, 1.0)
14:10:39.026 [JavaFX Application Thread] DEBUG PrimaryStageWindow   - Scene size: 1280.0 x 720.0
14:10:39.026 [JavaFX Application Thread] DEBUG PrimaryStageWindow   - Stage size: 1294.4000244140625 x 757.5999755859375
14:10:39.033 [FXGL Background Thread 1 ] DEBUG Engine               - Initializing environment variables
14:10:39.096 [FXGL Background Thread 1 ] DEBUG FXGLAssetLoaderServi - User app class for loading assets: class Interface.SilenciadosApp
14:10:39.098 [FXGL Background Thread 1 ] DEBUG GameApplicationServi - Applying CSS: fxgl_dark.css
14:10:39.098 [FXGL Background Thread 1 ] DEBUG FXGLAssetLoaderServi - Loading from file system: jar:file:///C:/Users/thiag/.m2/repository/com/github/almasb/fxgl/17.3/fxgl-17.3.jar!/fxglassets/ui/css/fxgl_dark.css
14:10:39.149 [FXGL Background Thread 1 ] DEBUG GameApplicationServi - Initializing application scenes
14:10:39.189 [FXGL Background Thread 1 ] DEBUG GameWorld            - Game world initialized
14:10:39.253 [FXGL Background Thread 1 ] DEBUG PhysicsWorld         - Physics world initialized: appHeight=720, physics.ppm=50,0
14:10:39.253 [FXGL Background Thread 1 ] DEBUG PhysicsWorld         - Using strategy: BRUTE_FORCE
14:10:39.259 [FXGL Background Thread 1 ] DEBUG GameScene            - Game scene initialized: 1280x720
14:10:39.270 [FXGL Background Thread 1 ] DEBUG FXGL.DefaultMenu     - createMenuBodyGameMenu()
14:10:39.285 [FXGL Background Thread 1 ] DEBUG FXGL.DefaultMenu     - createOptionsMenu()
14:10:39.295 [FXGL Background Thread 1 ] DEBUG FXGLAssetLoaderServi - Loading from file system: jar:file:///C:/Users/thiag/.m2/repository/com/github/almasb/fxgl/17.3/fxgl-17.3.jar!/fxglassets/textures/particles/smoke.png
14:10:39.375 [FXGL Background Thread 1 ] DEBUG FXGLAssetLoaderServi - Loading from file system: jar:file:///C:/Users/thiag/.m2/repository/com/github/almasb/fxgl/17.3/fxgl-17.3.jar!/fxglassets/textures/particles/trace_horizontal.png
14:10:39.400 [FXGL Background Thread 1 ] DEBUG GameApplicationServi - Application scenes initialized
14:10:39.409 [FXGL Background Thread 1 ] DEBUG SystemBundleService  - Loading FXGL system data
14:10:39.414 [FXGL Background Thread 1 ] DEBUG FileSystemAccess     - Reading from: C:\Users\thiag\IdeaProjects\OsSilenciados\system\fxgl.bundle
14:10:39.425 [FXGL Background Thread 1 ] DEBUG SystemBundleService  - Bundle FXGL: {}
14:10:39.425 [FXGL Background Thread 1 ] DEBUG UpdaterService       - Checking for updates
14:10:39.445 [FXGL Background Thread 4 ] DEBUG FXGLApplication      - Loading fonts
14:10:39.446 [FXGL Background Thread 1 ] DEBUG FXGLApplication      - Loading default localization
14:10:39.447 [FXGL Background Thread 4 ] DEBUG FXGLAssetLoaderServi - Loading from file system: jar:file:///C:/Users/thiag/.m2/repository/com/github/almasb/fxgl/17.3/fxgl-17.3.jar!/fxglassets/ui/fonts/VarelaRound-Regular.ttf
14:10:39.447 [FXGL Background Thread 1 ] DEBUG FXGLAssetLoaderServi - Loading from file system: jar:file:///C:/Users/thiag/.m2/repository/com/github/almasb/fxgl/17.3/fxgl-17.3.jar!/fxglassets/languages/english.lang
14:10:39.465 [FXGL Background Thread 1 ] INFO  FXGLApplication      - FXGL initialization took: 0,431 sec
14:10:39.479 [JavaFX Application Thread] DEBUG Input                - Registered new binding: Move Right - D
14:10:39.479 [JavaFX Application Thread] DEBUG Input                - Registered new binding: Move Left - A
14:10:39.479 [JavaFX Application Thread] DEBUG Input                - Registered new binding: Move Up - W
14:10:39.479 [JavaFX Application Thread] DEBUG Input                - Registered new binding: Move Down - S
14:10:39.480 [JavaFX Application Thread] DEBUG FXGLAssetLoaderServi - Loading from file system: jar:file:///C:/Users/thiag/.m2/repository/com/github/almasb/fxgl/17.3/fxgl-17.3.jar!/fxglassets/textures/fxgl_icon.png
14:10:39.482 [FXGL Background Thread 4 ] DEBUG FXGLAssetLoaderServi - Loading from file system: jar:file:///C:/Users/thiag/.m2/repository/com/github/almasb/fxgl/17.3/fxgl-17.3.jar!/fxglassets/ui/fonts/Abel-Regular.ttf
14:10:39.484 [FXGL Background Thread 4 ] DEBUG FXGLAssetLoaderServi - Loading from file system: jar:file:///C:/Users/thiag/.m2/repository/com/github/almasb/fxgl/17.3/fxgl-17.3.jar!/fxglassets/ui/fonts/TerminalLandMono-Regular.otf
14:10:39.488 [FXGL Background Thread 4 ] DEBUG FXGLAssetLoaderServi - Loading from file system: jar:file:///C:/Users/thiag/.m2/repository/com/github/almasb/fxgl/17.3/fxgl-17.3.jar!/fxglassets/ui/fonts/Courier-Prime.ttf
14:10:39.500 [JavaFX Application Thread] DEBUG FXGLAssetLoaderServi - Loading from file system: jar:file:///C:/Users/thiag/.m2/repository/com/github/almasb/fxgl/17.3/fxgl-17.3.jar!/fxglassets/textures/fxgl_default_cursor.png
14:10:39.503 [JavaFX Application Thread] DEBUG Input                - Registered new binding: Screenshot - CTRL+8
14:10:39.503 [JavaFX Application Thread] DEBUG Input                - Registered new binding: Dev Options - 1
14:10:39.503 [JavaFX Application Thread] DEBUG Input                - Registered new binding: Dev Console - 2
14:10:39.503 [JavaFX Application Thread] DEBUG Input                - Registered new binding: System info dump - CTRL+9
14:10:39.504 [JavaFX Application Thread] DEBUG Input                - Registered new binding: Restart - CTRL+R
14:10:39.504 [JavaFX Application Thread] DEBUG Input                - Registered new binding: Toggle Debug Camera - CTRL+7
14:10:39.510 [JavaFX Application Thread] DEBUG LoopRunner           - Starting loop
14:10:39.526 [JavaFX Application Thread] DEBUG LoopRunner           - Initializing JavaFX AnimationTimerLoop
14:10:39.527 [JavaFX Application Thread] DEBUG GameApplicationServi - Starting new game
14:10:39.528 [JavaFX Application Thread] DEBUG Input                - Clearing active input actions
14:10:39.541 [JavaFX Application Thread] DEBUG GameApplicationServi - Removing overlay from FXGLStartupScene and adding to FXGLLoadingScene
14:10:39.545 [JavaFX Application Thread] DEBUG PrimaryStageWindow   - FXGLStartupScene -> FXGLLoadingScene
14:10:39.545 [JavaFX Application Thread] DEBUG GameApplicationServi - Clearing previous game
14:10:39.545 [JavaFX Application Thread] DEBUG GameScene            - Clearing game scene
14:10:39.545 [JavaFX Application Thread] DEBUG GameWorld            - Clearing game world
14:10:39.545 [JavaFX Application Thread] DEBUG PhysicsWorld         - Clearing physics world
14:10:39.548 [FXGL Background Thread 4 ] DEBUG FXGLApplication      - Initializing game
14:10:39.548 [JavaFX Application Thread] DEBUG FXGLApplication      - Registering font factories with UI factory
14:10:39.602 [FXGL Background Thread 4 ] WARN  TMXLevelLoader       - TiledMap generated from 1.10.2. Supported version: 1.9.0. Some features may not be parsed fully.
14:10:39.622 [FXGL Background Thread 4 ] DEBUG TMXLevelLoader       - Parsed TiledMap: file:/C:/Users/thiag/IdeaProjects/OsSilenciados/target/classes/assets/levels/Mansao.tmx
14:10:39.622 [FXGL Background Thread 4 ] DEBUG TMXLevelLoader       - Creating tile layer entities
14:10:39.625 [FXGL Background Thread 4 ] DEBUG TilesetLoader        - Loading view for layer Chão
14:10:39.627 [FXGL Background Thread 4 ] DEBUG TilesetLoader        - Created buffer with size 1280.0x768.0
14:10:39.638 [FXGL Background Thread 4 ] DEBUG TilesetLoader        - Loading view for layer ChãoGraminhas
14:10:39.643 [FXGL Background Thread 4 ] DEBUG TilesetLoader        - Created buffer with size 1280.0x768.0
14:10:39.650 [FXGL Background Thread 4 ] DEBUG TilesetLoader        - Loading view for layer Árvores
14:10:39.652 [FXGL Background Thread 4 ] DEBUG TilesetLoader        - Created buffer with size 1280.0x768.0
14:10:39.663 [FXGL Background Thread 4 ] DEBUG TilesetLoader        - Loading view for layer arvore
14:10:39.665 [FXGL Background Thread 4 ] DEBUG TilesetLoader        - Created buffer with size 1280.0x768.0
14:10:39.666 [FXGL Background Thread 4 ] DEBUG TilesetLoader        - Loading view for layer Mansao
14:10:39.673 [FXGL Background Thread 4 ] DEBUG TilesetLoader        - Created buffer with size 1280.0x768.0
14:10:39.675 [FXGL Background Thread 4 ] DEBUG TilesetLoader        - Loading view for layer ARVORE2.0
14:10:39.676 [FXGL Background Thread 4 ] DEBUG TilesetLoader        - Created buffer with size 1280.0x768.0
14:10:39.680 [FXGL Background Thread 4 ] DEBUG TMXLevelLoader       - Creating object layer entities
14:10:39.711 [FXGL Background Thread 4 ] DEBUG GameWorld            - Clearing removable entities
14:10:39.711 [FXGL Background Thread 4 ] DEBUG GameWorld            - Setting level: com.almasb.fxgl.entity.level.Level@9006646
14:10:39.724 [FXGL Background Thread 4 ] DEBUG FXGLAssetLoaderServi - Loading from file system: file:/C:/Users/thiag/IdeaProjects/OsSilenciados/target/classes/assets/textures/dev_player.png
14:10:39.757 [FXGL Background Thread 4 ] WARN  GameWorld            - Entity is already attached to world
14:10:39.759 [FXGL Background Thread 4 ] WARN  GameWorld            - Entity is already attached to world
14:10:39.760 [FXGL Background Thread 4 ] DEBUG FXGLAssetLoaderServi - Loading from file system: file:/C:/Users/thiag/IdeaProjects/OsSilenciados/target/classes/assets/textures/male_hurt.png
14:10:39.762 [FXGL Background Thread 4 ] WARN  GameWorld            - Entity is already attached to world
14:10:39.764 [FXGL Background Thread 4 ] INFO  FXGLApplication      - Game initialization took: 0,216 sec
14:10:39.809 [JavaFX Application Thread] DEBUG Input                - Clearing active input actions
14:10:39.826 [JavaFX Application Thread] DEBUG GameApplicationServi - Removing overlay from FXGLLoadingScene and adding to GameScene
14:10:39.850 [JavaFX Application Thread] DEBUG PrimaryStageWindow   - FXGLLoadingScene -> GameScene
14:10:42.445 [FXGL Background Thread 3 ] DEBUG Engine               - Logging environment variables
14:10:42.446 [FXGL Background Thread 3 ] DEBUG Engine               - achievements: []
14:10:42.446 [FXGL Background Thread 3 ] DEBUG Engine               - actualHeight: 720.0
14:10:42.446 [FXGL Background Thread 3 ] DEBUG Engine               - actualHeightProperty: ReadOnlyDoubleProperty [value: 720.0]
14:10:42.447 [FXGL Background Thread 3 ] DEBUG Engine               - actualWidth: 1280.0
14:10:42.447 [FXGL Background Thread 3 ] DEBUG Engine               - actualWidthProperty: ReadOnlyDoubleProperty [value: 1280.0]
14:10:42.447 [FXGL Background Thread 3 ] DEBUG Engine               - appIcon: fxgl_icon.png
14:10:42.447 [FXGL Background Thread 3 ] DEBUG Engine               - applicationMode: DEVELOPER
14:10:42.447 [FXGL Background Thread 3 ] DEBUG Engine               - cSSList: [fxgl_dark.css]
14:10:42.447 [FXGL Background Thread 3 ] DEBUG Engine               - collisionDetectionStrategy: BRUTE_FORCE
14:10:42.447 [FXGL Background Thread 3 ] DEBUG Engine               - configClass: Optional.empty
14:10:42.447 [FXGL Background Thread 3 ] DEBUG Engine               - credits: []
14:10:42.447 [FXGL Background Thread 3 ] DEBUG Engine               - defaultCursor: CursorInfo(imageName=fxgl_default_cursor.png, hotspotX=7.0, hotspotY=6.0)
14:10:42.447 [FXGL Background Thread 3 ] DEBUG Engine               - devBBoxColorProperty: ObjectProperty [value: 0xff0000ff]
14:10:42.449 [FXGL Background Thread 3 ] DEBUG Engine               - devEnableDebugCameraProperty: BooleanProperty [value: false]
14:10:42.449 [FXGL Background Thread 3 ] DEBUG Engine               - devSensorColorProperty: ObjectProperty [value: 0xffff00ff]
14:10:42.449 [FXGL Background Thread 3 ] DEBUG Engine               - devShowBBoxProperty: BooleanProperty [value: false]
14:10:42.449 [FXGL Background Thread 3 ] DEBUG Engine               - devShowPositionProperty: BooleanProperty [value: false]
14:10:42.449 [FXGL Background Thread 3 ] DEBUG Engine               - enabledMenuItems: []
14:10:42.449 [FXGL Background Thread 3 ] DEBUG Engine               - engineServices: [class com.almasb.fxgl.app.services.FXGLAssetLoaderService, class com.almasb.fxgl.app.FXGLApplication$GameApplicationService, class com.almasb.fxgl.app.services.FXGLDialogService, class com.almasb.fxgl.app.services.IOTaskExecutorService, class com.almasb.fxgl.io.FileSystemService, class com.almasb.fxgl.localization.LocalizationService, class com.almasb.fxgl.app.services.SystemBundleService, class com.almasb.fxgl.profile.SaveLoadService, class com.almasb.fxgl.ui.FXGLUIFactoryServiceProvider, class com.almasb.fxgl.ui.FXGLDialogFactoryServiceProvider, class com.almasb.fxgl.audio.AudioPlayer, class com.almasb.fxgl.notification.impl.NotificationServiceProvider, class com.almasb.fxgl.achievement.AchievementService, class com.almasb.fxgl.cutscene.CutsceneService, class com.almasb.fxgl.minigames.MiniGameService, class com.almasb.fxgl.net.NetService, class com.almasb.fxgl.app.services.UpdaterService, class com.almasb.fxgl.dev.DevService]
14:10:42.449 [FXGL Background Thread 3 ] DEBUG Engine               - fontGame: Abel-Regular.ttf
14:10:42.450 [FXGL Background Thread 3 ] DEBUG Engine               - fontMono: TerminalLandMono-Regular.otf
14:10:42.450 [FXGL Background Thread 3 ] DEBUG Engine               - fontSizeScaleUI: 1.0
14:10:42.450 [FXGL Background Thread 3 ] DEBUG Engine               - fontText: Courier-Prime.ttf
14:10:42.450 [FXGL Background Thread 3 ] DEBUG Engine               - fontUI: VarelaRound-Regular.ttf
14:10:42.450 [FXGL Background Thread 3 ] DEBUG Engine               - fullScreen: BooleanProperty [value: false]
14:10:42.450 [FXGL Background Thread 3 ] DEBUG Engine               - gameDifficulty: MEDIUM
14:10:42.450 [FXGL Background Thread 3 ] DEBUG Engine               - gameDifficultyProperty: ObjectProperty [value: MEDIUM]
14:10:42.450 [FXGL Background Thread 3 ] DEBUG Engine               - globalMusicVolume: 0.5
14:10:42.451 [FXGL Background Thread 3 ] DEBUG Engine               - globalMusicVolumeProperty: DoubleProperty [value: 0.5]
14:10:42.451 [FXGL Background Thread 3 ] DEBUG Engine               - globalSoundVolume: 0.5
14:10:42.451 [FXGL Background Thread 3 ] DEBUG Engine               - globalSoundVolumeProperty: DoubleProperty [value: 0.5]
14:10:42.451 [FXGL Background Thread 3 ] DEBUG Engine               - height: 720
14:10:42.451 [FXGL Background Thread 3 ] DEBUG Engine               - is3D: false
14:10:42.451 [FXGL Background Thread 3 ] DEBUG Engine               - isAndroid: false
14:10:42.451 [FXGL Background Thread 3 ] DEBUG Engine               - isBrowser: false
14:10:42.451 [FXGL Background Thread 3 ] DEBUG Engine               - isClickFeedbackEnabled: false
14:10:42.451 [FXGL Background Thread 3 ] DEBUG Engine               - isCloseConfirmation: false
14:10:42.451 [FXGL Background Thread 3 ] DEBUG Engine               - isDesktop: true
14:10:42.451 [FXGL Background Thread 3 ] DEBUG Engine               - isDeveloperMenuEnabled: true
14:10:42.451 [FXGL Background Thread 3 ] DEBUG Engine               - isEmbedded: false
14:10:42.451 [FXGL Background Thread 3 ] DEBUG Engine               - isEntityPreloadEnabled: true
14:10:42.451 [FXGL Background Thread 3 ] DEBUG Engine               - isExperimentalTiledLargeMap: false
14:10:42.451 [FXGL Background Thread 3 ] DEBUG Engine               - isFileSystemWriteAllowed: true
14:10:42.451 [FXGL Background Thread 3 ] DEBUG Engine               - isFullScreenAllowed: true
14:10:42.451 [FXGL Background Thread 3 ] DEBUG Engine               - isFullScreenFromStart: false
14:10:42.451 [FXGL Background Thread 3 ] DEBUG Engine               - isGameMenuEnabled: true
14:10:42.451 [FXGL Background Thread 3 ] DEBUG Engine               - isIOS: false
14:10:42.451 [FXGL Background Thread 3 ] DEBUG Engine               - isIntroEnabled: false
14:10:42.451 [FXGL Background Thread 3 ] DEBUG Engine               - isLinux: false
14:10:42.451 [FXGL Background Thread 3 ] DEBUG Engine               - isMac: false
14:10:42.452 [FXGL Background Thread 3 ] DEBUG Engine               - isMainMenuEnabled: false
14:10:42.452 [FXGL Background Thread 3 ] DEBUG Engine               - isManualResizeEnabled: false
14:10:42.452 [FXGL Background Thread 3 ] DEBUG Engine               - isMobile: false
14:10:42.452 [FXGL Background Thread 3 ] DEBUG Engine               - isNative: false
14:10:42.452 [FXGL Background Thread 3 ] DEBUG Engine               - isPauseMusicWhenMinimized: true
14:10:42.452 [FXGL Background Thread 3 ] DEBUG Engine               - isPreserveResizeRatio: false
14:10:42.452 [FXGL Background Thread 3 ] DEBUG Engine               - isProfilingEnabled: false
14:10:42.452 [FXGL Background Thread 3 ] DEBUG Engine               - isScaleAffectedOnResize: true
14:10:42.452 [FXGL Background Thread 3 ] DEBUG Engine               - isSingleStep: false
14:10:42.452 [FXGL Background Thread 3 ] DEBUG Engine               - isUserProfileEnabled: false
14:10:42.452 [FXGL Background Thread 3 ] DEBUG Engine               - isWindows: true
14:10:42.452 [FXGL Background Thread 3 ] DEBUG Engine               - language: ObjectProperty [value: ENGLISH]
14:10:42.452 [FXGL Background Thread 3 ] DEBUG Engine               - menuKey: ESCAPE
14:10:42.452 [FXGL Background Thread 3 ] DEBUG Engine               - mouseSensitivity: 0.2
14:10:42.452 [FXGL Background Thread 3 ] DEBUG Engine               - notificationViewClass: class com.almasb.fxgl.notification.view.XboxNotificationView
14:10:42.452 [FXGL Background Thread 3 ] DEBUG Engine               - pixelsPerMeter: 50.0
14:10:42.452 [FXGL Background Thread 3 ] DEBUG Engine               - platform: WINDOWS
14:10:42.452 [FXGL Background Thread 3 ] DEBUG Engine               - prefHeightProperty: ReadOnlyDoubleProperty [value: 720.0]
14:10:42.452 [FXGL Background Thread 3 ] DEBUG Engine               - prefWidthProperty: ReadOnlyDoubleProperty [value: 1280.0]
14:10:42.452 [FXGL Background Thread 3 ] DEBUG Engine               - profileDir: profiles/
14:10:42.452 [FXGL Background Thread 3 ] DEBUG Engine               - profileName: StringProperty [value: DEFAULT]
14:10:42.452 [FXGL Background Thread 3 ] DEBUG Engine               - randomSeed: -1
14:10:42.454 [FXGL Background Thread 3 ] DEBUG Engine               - runtimeInfo: RuntimeInfo(platform=WINDOWS, version=17.3, build=30.03.2023 11.49)
14:10:42.454 [FXGL Background Thread 3 ] DEBUG Engine               - saveFileExt: sav
14:10:42.454 [FXGL Background Thread 3 ] DEBUG Engine               - scaledHeightProp$fxgl: DoubleProperty [bound, value: 720.0]
14:10:42.454 [FXGL Background Thread 3 ] DEBUG Engine               - scaledWidthProp$fxgl: DoubleProperty [bound, value: 1280.0]
14:10:42.454 [FXGL Background Thread 3 ] DEBUG Engine               - sceneFactory: com.almasb.fxgl.app.scene.SceneFactory@67658a18
14:10:42.454 [FXGL Background Thread 3 ] DEBUG Engine               - secondsIn24h: 60
14:10:42.454 [FXGL Background Thread 3 ] DEBUG Engine               - soundMenuBack: menu/back.wav
14:10:42.454 [FXGL Background Thread 3 ] DEBUG Engine               - soundMenuPress: menu/press.wav
14:10:42.454 [FXGL Background Thread 3 ] DEBUG Engine               - soundMenuSelect: menu/select.wav
14:10:42.454 [FXGL Background Thread 3 ] DEBUG Engine               - soundNotification: core/notification.wav
14:10:42.454 [FXGL Background Thread 3 ] DEBUG Engine               - stageStyle: DECORATED
14:10:42.454 [FXGL Background Thread 3 ] DEBUG Engine               - supportedLanguages: [ENGLISH, FRENCH, GERMAN, HUNGARIAN, RUSSIAN]
14:10:42.454 [FXGL Background Thread 3 ] DEBUG Engine               - ticksPerSecond: -1
14:10:42.454 [FXGL Background Thread 3 ] DEBUG Engine               - title: Silenciados
14:10:42.454 [FXGL Background Thread 3 ] DEBUG Engine               - urlGithub: https://github.com/AlmasB/FXGL
14:10:42.455 [FXGL Background Thread 3 ] DEBUG Engine               - urlLeaderboard: http://fxgl-top.herokuapp.com/
14:10:42.455 [FXGL Background Thread 3 ] DEBUG Engine               - urlPOM: https://raw.githubusercontent.com/AlmasB/FXGL/release/README.md
14:10:42.455 [FXGL Background Thread 3 ] DEBUG Engine               - userAppClass: class Interface.SilenciadosApp
14:10:42.455 [FXGL Background Thread 3 ] DEBUG Engine               - version: 0.1
14:10:42.455 [FXGL Background Thread 3 ] DEBUG Engine               - versionCheckDays: 7
14:10:42.455 [FXGL Background Thread 3 ] DEBUG Engine               - width: 1280
14:10:42.455 [FXGL Background Thread 3 ] DEBUG Engine               - Logging services
14:10:42.455 [FXGL Background Thread 3 ] DEBUG Engine               - class com.almasb.fxgl.app.services.FXGLAssetLoaderService
14:10:42.455 [FXGL Background Thread 3 ] DEBUG Engine               - class com.almasb.fxgl.app.FXGLApplication$GameApplicationService
14:10:42.455 [FXGL Background Thread 3 ] DEBUG Engine               - class com.almasb.fxgl.app.services.FXGLDialogService
14:10:42.455 [FXGL Background Thread 3 ] DEBUG Engine               - class com.almasb.fxgl.app.services.IOTaskExecutorService
14:10:42.455 [FXGL Background Thread 3 ] DEBUG Engine               - class com.almasb.fxgl.io.FileSystemService
14:10:42.455 [FXGL Background Thread 3 ] DEBUG Engine               - class com.almasb.fxgl.localization.LocalizationService
14:10:42.455 [FXGL Background Thread 3 ] DEBUG Engine               - class com.almasb.fxgl.app.services.SystemBundleService
14:10:42.455 [FXGL Background Thread 3 ] DEBUG Engine               - class com.almasb.fxgl.profile.SaveLoadService
14:10:42.455 [FXGL Background Thread 3 ] DEBUG Engine               - class com.almasb.fxgl.ui.FXGLUIFactoryServiceProvider
14:10:42.455 [FXGL Background Thread 3 ] DEBUG Engine               - class com.almasb.fxgl.ui.FXGLDialogFactoryServiceProvider
14:10:42.455 [FXGL Background Thread 3 ] DEBUG Engine               - class com.almasb.fxgl.audio.AudioPlayer
14:10:42.455 [FXGL Background Thread 3 ] DEBUG Engine               - class com.almasb.fxgl.notification.impl.NotificationServiceProvider
14:10:42.455 [FXGL Background Thread 3 ] DEBUG Engine               - class com.almasb.fxgl.achievement.AchievementService
14:10:42.455 [FXGL Background Thread 3 ] DEBUG Engine               - class com.almasb.fxgl.cutscene.CutsceneService
14:10:42.455 [FXGL Background Thread 3 ] DEBUG Engine               - class com.almasb.fxgl.minigames.MiniGameService
14:10:42.455 [FXGL Background Thread 3 ] DEBUG Engine               - class com.almasb.fxgl.net.NetService
14:10:42.455 [FXGL Background Thread 3 ] DEBUG Engine               - class com.almasb.fxgl.app.services.UpdaterService
14:10:42.455 [FXGL Background Thread 3 ] DEBUG Engine               - class com.almasb.fxgl.dev.DevService
14:10:47.312 [JavaFX Application Thread] WARN  TMXLevelLoader       - TiledMap generated from 1.10.2. Supported version: 1.9.0. Some features may not be parsed fully.
14:10:47.318 [JavaFX Application Thread] DEBUG TMXLevelLoader       - Parsed TiledMap: file:/C:/Users/thiag/IdeaProjects/OsSilenciados/target/classes/assets/levels/Castelo2.tmx
14:10:47.318 [JavaFX Application Thread] DEBUG TMXLevelLoader       - Creating tile layer entities
14:10:47.319 [JavaFX Application Thread] DEBUG TilesetLoader        - Loading view for layer Base
14:10:47.321 [JavaFX Application Thread] DEBUG TilesetLoader        - Created buffer with size 1280.0x768.0
14:10:47.327 [JavaFX Application Thread] DEBUG TilesetLoader        - Loading view for layer Camada de Blocos 2
14:10:47.330 [JavaFX Application Thread] DEBUG TilesetLoader        - Created buffer with size 1280.0x768.0
14:10:47.331 [JavaFX Application Thread] DEBUG TilesetLoader        - Loading view for layer Camada de Blocos 3
14:10:47.332 [JavaFX Application Thread] DEBUG TilesetLoader        - Created buffer with size 1280.0x768.0
14:10:47.335 [JavaFX Application Thread] DEBUG TilesetLoader        - Loading view for layer Camada de Blocos 4
14:10:47.337 [JavaFX Application Thread] DEBUG TilesetLoader        - Created buffer with size 1280.0x768.0
14:10:47.339 [JavaFX Application Thread] DEBUG TMXLevelLoader       - Creating object layer entities
14:10:47.341 [JavaFX Application Thread] DEBUG GameWorld            - Clearing removable entities
14:10:47.346 [JavaFX Application Thread] DEBUG GameWorld            - Setting level: com.almasb.fxgl.entity.level.Level@50774f05
14:10:47.349 [JavaFX Application Thread] WARN  GameWorld            - Entity is already attached to world
14:10:47.349 [JavaFX Application Thread] WARN  GameWorld            - Entity is already attached to world
14:10:50.526 [JavaFX Application Thread] WARN  TMXLevelLoader       - TiledMap generated from 1.10.2. Supported version: 1.9.0. Some features may not be parsed fully.
14:10:50.533 [JavaFX Application Thread] DEBUG TMXLevelLoader       - Parsed TiledMap: file:/C:/Users/thiag/IdeaProjects/OsSilenciados/target/classes/assets/levels/Mansao.tmx
14:10:50.533 [JavaFX Application Thread] DEBUG TMXLevelLoader       - Creating tile layer entities
14:10:50.533 [JavaFX Application Thread] DEBUG TilesetLoader        - Loading view for layer Chão
14:10:50.536 [JavaFX Application Thread] DEBUG TilesetLoader        - Created buffer with size 1280.0x768.0
14:10:50.545 [JavaFX Application Thread] DEBUG TilesetLoader        - Loading view for layer ChãoGraminhas
14:10:50.549 [JavaFX Application Thread] DEBUG TilesetLoader        - Created buffer with size 1280.0x768.0
14:10:50.551 [JavaFX Application Thread] DEBUG TilesetLoader        - Loading view for layer Árvores
14:10:50.552 [JavaFX Application Thread] DEBUG TilesetLoader        - Created buffer with size 1280.0x768.0
14:10:50.561 [JavaFX Application Thread] DEBUG TilesetLoader        - Loading view for layer arvore
14:10:50.562 [JavaFX Application Thread] DEBUG TilesetLoader        - Created buffer with size 1280.0x768.0
14:10:50.563 [JavaFX Application Thread] DEBUG TilesetLoader        - Loading view for layer Mansao
14:10:50.567 [JavaFX Application Thread] DEBUG TilesetLoader        - Created buffer with size 1280.0x768.0
14:10:50.571 [JavaFX Application Thread] DEBUG TilesetLoader        - Loading view for layer ARVORE2.0
14:10:50.573 [JavaFX Application Thread] DEBUG TilesetLoader        - Created buffer with size 1280.0x768.0
14:10:50.575 [JavaFX Application Thread] DEBUG TMXLevelLoader       - Creating object layer entities
14:10:50.581 [JavaFX Application Thread] DEBUG GameWorld            - Clearing removable entities
14:10:50.582 [JavaFX Application Thread] DEBUG GameWorld            - Setting level: com.almasb.fxgl.entity.level.Level@45471a5
14:10:50.588 [JavaFX Application Thread] WARN  GameWorld            - Entity is already attached to world
14:10:50.588 [JavaFX Application Thread] WARN  GameWorld            - Entity is already attached to world
14:10:58.264 [JavaFX Application Thread] WARN  TMXLevelLoader       - TiledMap generated from 1.10.2. Supported version: 1.9.0. Some features may not be parsed fully.
14:10:58.268 [JavaFX Application Thread] DEBUG TMXLevelLoader       - Parsed TiledMap: file:/C:/Users/thiag/IdeaProjects/OsSilenciados/target/classes/assets/levels/Castelo2.tmx
14:10:58.268 [JavaFX Application Thread] DEBUG TMXLevelLoader       - Creating tile layer entities
14:10:58.268 [JavaFX Application Thread] DEBUG TilesetLoader        - Loading view for layer Base
14:10:58.270 [JavaFX Application Thread] DEBUG TilesetLoader        - Created buffer with size 1280.0x768.0
14:10:58.278 [JavaFX Application Thread] DEBUG TilesetLoader        - Loading view for layer Camada de Blocos 2
14:10:58.281 [JavaFX Application Thread] DEBUG TilesetLoader        - Created buffer with size 1280.0x768.0
14:10:58.283 [JavaFX Application Thread] DEBUG TilesetLoader        - Loading view for layer Camada de Blocos 3
14:10:58.285 [JavaFX Application Thread] DEBUG TilesetLoader        - Created buffer with size 1280.0x768.0
14:10:58.285 [JavaFX Application Thread] DEBUG TilesetLoader        - Loading view for layer Camada de Blocos 4
14:10:58.289 [JavaFX Application Thread] DEBUG TilesetLoader        - Created buffer with size 1280.0x768.0
14:10:58.290 [JavaFX Application Thread] DEBUG TMXLevelLoader       - Creating object layer entities
14:10:58.292 [JavaFX Application Thread] DEBUG GameWorld            - Clearing removable entities
14:10:58.296 [JavaFX Application Thread] DEBUG GameWorld            - Setting level: com.almasb.fxgl.entity.level.Level@6e759e9d
14:10:58.299 [JavaFX Application Thread] WARN  GameWorld            - Entity is already attached to world
14:10:58.299 [JavaFX Application Thread] WARN  GameWorld            - Entity is already attached to world
14:10:59.967 [JavaFX Application Thread] DEBUG FXGLApplication      - Exiting FXGL
14:10:59.967 [JavaFX Application Thread] DEBUG LoopRunner           - Stopping loop
14:10:59.967 [JavaFX Application Thread] DEBUG SystemBundleService  - Saving FXGL system data
14:10:59.969 [JavaFX Application Thread] DEBUG FileSystemAccess     - Writing to: C:\Users\thiag\IdeaProjects\OsSilenciados\system\fxgl.bundle
14:10:59.971 [JavaFX Application Thread] DEBUG Async                - Shutting down background threads
14:10:59.971 [JavaFX Application Thread] DEBUG PrimaryStageWindow   - Closing main window
14:10:59.981 [JavaFX Application Thread] DEBUG Logger               - Closing Logger
