14:08:53.199 [main                     ] DEBUG Logger               - Configured Logger
14:08:53.233 [main                     ] DEBUG GameApplication      - Logging settings
Title: Silenciados
Version: 0.1
Width: 1280
Height: 720
Fullscreen: true
Intro: false
Profiling: false
Single step:false
App Mode: DEVELOPER
Menu Key: ESCAPE
Stage Style: DECORATED
Scene Factory: class com.almasb.fxgl.app.scene.SceneFactory

14:08:53.915 [JavaFX Application Thread] DEBUG FXGLApplication      - Initializing FXGL
14:08:53.923 [JavaFX Application Thread] INFO  Engine               - FXGL-17.3 (30.03.2023 11.49) on WINDOWS (J:21.0.1 FX:11.0.2)
14:08:53.923 [JavaFX Application Thread] DEBUG Engine               - JRE Vendor Name: Oracle Corporation
14:08:53.923 [JavaFX Application Thread] DEBUG Engine               - Running on OS: Windows 11 version 10.0
14:08:53.925 [JavaFX Application Thread] DEBUG Engine               - Architecture: amd64
14:08:53.925 [JavaFX Application Thread] INFO  Engine               - Source code and latest versions at: https://github.com/AlmasB/FXGL
14:08:53.925 [JavaFX Application Thread] INFO  Engine               -       Ask questions and discuss at: https://github.com/AlmasB/FXGL/discussions
14:08:53.925 [JavaFX Application Thread] INFO  Engine               -              Join the FXGL chat at: https://gitter.im/AlmasB/FXGL
14:08:54.025 [JavaFX Application Thread] DEBUG PrimaryStageWindow   - Creating a JavaFX scene
14:08:54.082 [JavaFX Application Thread] DEBUG PrimaryStageWindow   - Target settings size: 1280.0 x 720.0
14:08:54.082 [JavaFX Application Thread] DEBUG PrimaryStageWindow   - Scaled scene size:    1280.0 x 720.0
14:08:54.083 [JavaFX Application Thread] DEBUG PrimaryStageWindow   - Scaled ratio: (1.0, 1.0)
14:08:54.084 [JavaFX Application Thread] DEBUG PrimaryStageWindow   - Set initial scene to FXGLStartupScene
14:08:54.091 [JavaFX Application Thread] DEBUG PrimaryStageWindow   - Opening main window
14:08:54.212 [JavaFX Application Thread] DEBUG PrimaryStageWindow   - Window border size: (14.4000244140625, 37.5999755859375)
14:08:54.212 [JavaFX Application Thread] DEBUG PrimaryStageWindow   - Scaled size: 1280.0 x 720.0
14:08:54.212 [JavaFX Application Thread] DEBUG PrimaryStageWindow   - Scaled ratio: (1.0, 1.0)
14:08:54.212 [JavaFX Application Thread] DEBUG PrimaryStageWindow   - Scene size: 1280.0 x 720.0
14:08:54.213 [JavaFX Application Thread] DEBUG PrimaryStageWindow   - Stage size: 1294.4000244140625 x 757.5999755859375
14:08:54.222 [FXGL Background Thread 1 ] DEBUG Engine               - Initializing environment variables
14:08:54.297 [FXGL Background Thread 1 ] DEBUG FXGLAssetLoaderServi - User app class for loading assets: class Interface.SilenciadosApp
14:08:54.297 [FXGL Background Thread 1 ] DEBUG GameApplicationServi - Applying CSS: fxgl_dark.css
14:08:54.298 [FXGL Background Thread 1 ] DEBUG FXGLAssetLoaderServi - Loading from file system: jar:file:///C:/Users/thiag/.m2/repository/com/github/almasb/fxgl/17.3/fxgl-17.3.jar!/fxglassets/ui/css/fxgl_dark.css
14:08:54.348 [FXGL Background Thread 1 ] DEBUG GameApplicationServi - Initializing application scenes
14:08:54.387 [FXGL Background Thread 1 ] DEBUG GameWorld            - Game world initialized
14:08:54.462 [FXGL Background Thread 1 ] DEBUG PhysicsWorld         - Physics world initialized: appHeight=720, physics.ppm=50,0
14:08:54.462 [FXGL Background Thread 1 ] DEBUG PhysicsWorld         - Using strategy: BRUTE_FORCE
14:08:54.466 [FXGL Background Thread 1 ] DEBUG GameScene            - Game scene initialized: 1280x720
14:08:54.482 [FXGL Background Thread 1 ] DEBUG FXGL.DefaultMenu     - createMenuBodyGameMenu()
14:08:54.496 [FXGL Background Thread 1 ] DEBUG FXGL.DefaultMenu     - createOptionsMenu()
14:08:54.509 [FXGL Background Thread 1 ] DEBUG FXGLAssetLoaderServi - Loading from file system: jar:file:///C:/Users/thiag/.m2/repository/com/github/almasb/fxgl/17.3/fxgl-17.3.jar!/fxglassets/textures/particles/smoke.png
14:08:54.605 [FXGL Background Thread 1 ] DEBUG FXGLAssetLoaderServi - Loading from file system: jar:file:///C:/Users/thiag/.m2/repository/com/github/almasb/fxgl/17.3/fxgl-17.3.jar!/fxglassets/textures/particles/trace_horizontal.png
14:08:54.638 [FXGL Background Thread 1 ] DEBUG GameApplicationServi - Application scenes initialized
14:08:54.650 [FXGL Background Thread 1 ] DEBUG SystemBundleService  - Loading FXGL system data
14:08:54.656 [FXGL Background Thread 1 ] DEBUG FileSystemAccess     - Reading from: C:\Users\thiag\IdeaProjects\OsSilenciados\system\fxgl.bundle
14:08:54.672 [FXGL Background Thread 1 ] DEBUG SystemBundleService  - Bundle FXGL: {}
14:08:54.672 [FXGL Background Thread 1 ] DEBUG UpdaterService       - Checking for updates
14:08:54.702 [FXGL Background Thread 4 ] DEBUG FXGLApplication      - Loading fonts
14:08:54.702 [FXGL Background Thread 1 ] DEBUG FXGLApplication      - Loading default localization
14:08:54.702 [FXGL Background Thread 4 ] DEBUG FXGLAssetLoaderServi - Loading from file system: jar:file:///C:/Users/thiag/.m2/repository/com/github/almasb/fxgl/17.3/fxgl-17.3.jar!/fxglassets/ui/fonts/VarelaRound-Regular.ttf
14:08:54.702 [FXGL Background Thread 1 ] DEBUG FXGLAssetLoaderServi - Loading from file system: jar:file:///C:/Users/thiag/.m2/repository/com/github/almasb/fxgl/17.3/fxgl-17.3.jar!/fxglassets/languages/english.lang
14:08:54.722 [FXGL Background Thread 1 ] INFO  FXGLApplication      - FXGL initialization took: 0,500 sec
14:08:54.733 [JavaFX Application Thread] DEBUG Input                - Registered new binding: Move Right - D
14:08:54.734 [JavaFX Application Thread] DEBUG Input                - Registered new binding: Move Left - A
14:08:54.734 [JavaFX Application Thread] DEBUG Input                - Registered new binding: Move Up - W
14:08:54.734 [JavaFX Application Thread] DEBUG Input                - Registered new binding: Move Down - S
14:08:54.734 [JavaFX Application Thread] DEBUG FXGLAssetLoaderServi - Loading from file system: jar:file:///C:/Users/thiag/.m2/repository/com/github/almasb/fxgl/17.3/fxgl-17.3.jar!/fxglassets/textures/fxgl_icon.png
14:08:54.738 [FXGL Background Thread 4 ] DEBUG FXGLAssetLoaderServi - Loading from file system: jar:file:///C:/Users/thiag/.m2/repository/com/github/almasb/fxgl/17.3/fxgl-17.3.jar!/fxglassets/ui/fonts/Abel-Regular.ttf
14:08:54.745 [FXGL Background Thread 4 ] DEBUG FXGLAssetLoaderServi - Loading from file system: jar:file:///C:/Users/thiag/.m2/repository/com/github/almasb/fxgl/17.3/fxgl-17.3.jar!/fxglassets/ui/fonts/TerminalLandMono-Regular.otf
14:08:54.751 [FXGL Background Thread 4 ] DEBUG FXGLAssetLoaderServi - Loading from file system: jar:file:///C:/Users/thiag/.m2/repository/com/github/almasb/fxgl/17.3/fxgl-17.3.jar!/fxglassets/ui/fonts/Courier-Prime.ttf
14:08:54.759 [JavaFX Application Thread] DEBUG FXGLAssetLoaderServi - Loading from file system: jar:file:///C:/Users/thiag/.m2/repository/com/github/almasb/fxgl/17.3/fxgl-17.3.jar!/fxglassets/textures/fxgl_default_cursor.png
14:08:54.762 [JavaFX Application Thread] DEBUG Input                - Registered new binding: Screenshot - CTRL+8
14:08:54.762 [JavaFX Application Thread] DEBUG Input                - Registered new binding: Dev Options - 1
14:08:54.763 [JavaFX Application Thread] DEBUG Input                - Registered new binding: Dev Console - 2
14:08:54.763 [JavaFX Application Thread] DEBUG Input                - Registered new binding: System info dump - CTRL+9
14:08:54.763 [JavaFX Application Thread] DEBUG Input                - Registered new binding: Restart - CTRL+R
14:08:54.763 [JavaFX Application Thread] DEBUG Input                - Registered new binding: Toggle Debug Camera - CTRL+7
14:08:54.768 [JavaFX Application Thread] DEBUG LoopRunner           - Starting loop
14:08:54.783 [JavaFX Application Thread] DEBUG LoopRunner           - Initializing JavaFX AnimationTimerLoop
14:08:54.786 [JavaFX Application Thread] DEBUG GameApplicationServi - Starting new game
14:08:54.787 [JavaFX Application Thread] DEBUG Input                - Clearing active input actions
14:08:54.797 [JavaFX Application Thread] DEBUG GameApplicationServi - Removing overlay from FXGLStartupScene and adding to FXGLLoadingScene
14:08:54.804 [JavaFX Application Thread] DEBUG PrimaryStageWindow   - FXGLStartupScene -> FXGLLoadingScene
14:08:54.805 [JavaFX Application Thread] DEBUG GameApplicationServi - Clearing previous game
14:08:54.805 [JavaFX Application Thread] DEBUG GameScene            - Clearing game scene
14:08:54.805 [JavaFX Application Thread] DEBUG GameWorld            - Clearing game world
14:08:54.805 [JavaFX Application Thread] DEBUG PhysicsWorld         - Clearing physics world
14:08:54.807 [FXGL Background Thread 4 ] DEBUG FXGLApplication      - Initializing game
14:08:54.807 [JavaFX Application Thread] DEBUG FXGLApplication      - Registering font factories with UI factory
14:08:54.873 [FXGL Background Thread 4 ] WARN  TMXLevelLoader       - TiledMap generated from 1.10.2. Supported version: 1.9.0. Some features may not be parsed fully.
14:08:54.894 [FXGL Background Thread 4 ] DEBUG TMXLevelLoader       - Parsed TiledMap: file:/C:/Users/thiag/IdeaProjects/OsSilenciados/target/classes/assets/levels/Mansao.tmx
14:08:54.895 [FXGL Background Thread 4 ] DEBUG TMXLevelLoader       - Creating tile layer entities
14:08:54.898 [FXGL Background Thread 4 ] DEBUG TilesetLoader        - Loading view for layer Chão
14:08:54.903 [FXGL Background Thread 4 ] DEBUG TilesetLoader        - Created buffer with size 1280.0x768.0
14:08:54.919 [FXGL Background Thread 4 ] DEBUG TilesetLoader        - Loading view for layer ChãoGraminhas
14:08:54.922 [FXGL Background Thread 4 ] DEBUG TilesetLoader        - Created buffer with size 1280.0x768.0
14:08:54.931 [FXGL Background Thread 4 ] DEBUG TilesetLoader        - Loading view for layer Árvores
14:08:54.935 [FXGL Background Thread 4 ] DEBUG TilesetLoader        - Created buffer with size 1280.0x768.0
14:08:54.952 [FXGL Background Thread 4 ] DEBUG TilesetLoader        - Loading view for layer arvore
14:08:54.954 [FXGL Background Thread 4 ] DEBUG TilesetLoader        - Created buffer with size 1280.0x768.0
14:08:54.957 [FXGL Background Thread 4 ] DEBUG TilesetLoader        - Loading view for layer Mansao
14:08:54.970 [FXGL Background Thread 4 ] DEBUG TilesetLoader        - Created buffer with size 1280.0x768.0
14:08:54.980 [FXGL Background Thread 4 ] DEBUG TilesetLoader        - Loading view for layer ARVORE2.0
14:08:54.989 [FXGL Background Thread 4 ] DEBUG TilesetLoader        - Created buffer with size 1280.0x768.0
14:08:54.991 [FXGL Background Thread 4 ] DEBUG TMXLevelLoader       - Creating object layer entities
14:08:55.039 [FXGL Background Thread 4 ] DEBUG GameWorld            - Clearing removable entities
14:08:55.040 [FXGL Background Thread 4 ] DEBUG GameWorld            - Setting level: com.almasb.fxgl.entity.level.Level@75731088
14:08:55.053 [FXGL Background Thread 4 ] DEBUG FXGLAssetLoaderServi - Loading from file system: file:/C:/Users/thiag/IdeaProjects/OsSilenciados/target/classes/assets/textures/dev_player.png
14:08:55.100 [FXGL Background Thread 4 ] WARN  GameWorld            - Entity is already attached to world
14:08:55.101 [FXGL Background Thread 4 ] WARN  GameWorld            - Entity is already attached to world
14:08:55.107 [FXGL Background Thread 4 ] DEBUG FXGLAssetLoaderServi - Loading from file system: file:/C:/Users/thiag/IdeaProjects/OsSilenciados/target/classes/assets/textures/male_hurt.png
14:08:55.112 [FXGL Background Thread 4 ] WARN  GameWorld            - Entity is already attached to world
14:08:55.115 [FXGL Background Thread 4 ] INFO  FXGLApplication      - Game initialization took: 0,308 sec
14:08:55.141 [JavaFX Application Thread] DEBUG Input                - Clearing active input actions
14:08:55.156 [JavaFX Application Thread] DEBUG GameApplicationServi - Removing overlay from FXGLLoadingScene and adding to GameScene
14:08:55.188 [JavaFX Application Thread] DEBUG PrimaryStageWindow   - FXGLLoadingScene -> GameScene
14:08:57.701 [FXGL Background Thread 3 ] DEBUG Engine               - Logging environment variables
14:08:57.702 [FXGL Background Thread 3 ] DEBUG Engine               - achievements: []
14:08:57.702 [FXGL Background Thread 3 ] DEBUG Engine               - actualHeight: 720.0
14:08:57.702 [FXGL Background Thread 3 ] DEBUG Engine               - actualHeightProperty: ReadOnlyDoubleProperty [value: 720.0]
14:08:57.703 [FXGL Background Thread 3 ] DEBUG Engine               - actualWidth: 1280.0
14:08:57.703 [FXGL Background Thread 3 ] DEBUG Engine               - actualWidthProperty: ReadOnlyDoubleProperty [value: 1280.0]
14:08:57.703 [FXGL Background Thread 3 ] DEBUG Engine               - appIcon: fxgl_icon.png
14:08:57.703 [FXGL Background Thread 3 ] DEBUG Engine               - applicationMode: DEVELOPER
14:08:57.704 [FXGL Background Thread 3 ] DEBUG Engine               - cSSList: [fxgl_dark.css]
14:08:57.704 [FXGL Background Thread 3 ] DEBUG Engine               - collisionDetectionStrategy: BRUTE_FORCE
14:08:57.704 [FXGL Background Thread 3 ] DEBUG Engine               - configClass: Optional.empty
14:08:57.704 [FXGL Background Thread 3 ] DEBUG Engine               - credits: []
14:08:57.704 [FXGL Background Thread 3 ] DEBUG Engine               - defaultCursor: CursorInfo(imageName=fxgl_default_cursor.png, hotspotX=7.0, hotspotY=6.0)
14:08:57.704 [FXGL Background Thread 3 ] DEBUG Engine               - devBBoxColorProperty: ObjectProperty [value: 0xff0000ff]
14:08:57.705 [FXGL Background Thread 3 ] DEBUG Engine               - devEnableDebugCameraProperty: BooleanProperty [value: false]
14:08:57.705 [FXGL Background Thread 3 ] DEBUG Engine               - devSensorColorProperty: ObjectProperty [value: 0xffff00ff]
14:08:57.705 [FXGL Background Thread 3 ] DEBUG Engine               - devShowBBoxProperty: BooleanProperty [value: false]
14:08:57.705 [FXGL Background Thread 3 ] DEBUG Engine               - devShowPositionProperty: BooleanProperty [value: false]
14:08:57.705 [FXGL Background Thread 3 ] DEBUG Engine               - enabledMenuItems: []
14:08:57.705 [FXGL Background Thread 3 ] DEBUG Engine               - engineServices: [class com.almasb.fxgl.app.services.FXGLAssetLoaderService, class com.almasb.fxgl.app.FXGLApplication$GameApplicationService, class com.almasb.fxgl.app.services.FXGLDialogService, class com.almasb.fxgl.app.services.IOTaskExecutorService, class com.almasb.fxgl.io.FileSystemService, class com.almasb.fxgl.localization.LocalizationService, class com.almasb.fxgl.app.services.SystemBundleService, class com.almasb.fxgl.profile.SaveLoadService, class com.almasb.fxgl.ui.FXGLUIFactoryServiceProvider, class com.almasb.fxgl.ui.FXGLDialogFactoryServiceProvider, class com.almasb.fxgl.audio.AudioPlayer, class com.almasb.fxgl.notification.impl.NotificationServiceProvider, class com.almasb.fxgl.achievement.AchievementService, class com.almasb.fxgl.cutscene.CutsceneService, class com.almasb.fxgl.minigames.MiniGameService, class com.almasb.fxgl.net.NetService, class com.almasb.fxgl.app.services.UpdaterService, class com.almasb.fxgl.dev.DevService]
14:08:57.705 [FXGL Background Thread 3 ] DEBUG Engine               - fontGame: Abel-Regular.ttf
14:08:57.705 [FXGL Background Thread 3 ] DEBUG Engine               - fontMono: TerminalLandMono-Regular.otf
14:08:57.705 [FXGL Background Thread 3 ] DEBUG Engine               - fontSizeScaleUI: 1.0
14:08:57.705 [FXGL Background Thread 3 ] DEBUG Engine               - fontText: Courier-Prime.ttf
14:08:57.705 [FXGL Background Thread 3 ] DEBUG Engine               - fontUI: VarelaRound-Regular.ttf
14:08:57.706 [FXGL Background Thread 3 ] DEBUG Engine               - fullScreen: BooleanProperty [value: false]
14:08:57.706 [FXGL Background Thread 3 ] DEBUG Engine               - gameDifficulty: MEDIUM
14:08:57.706 [FXGL Background Thread 3 ] DEBUG Engine               - gameDifficultyProperty: ObjectProperty [value: MEDIUM]
14:08:57.706 [FXGL Background Thread 3 ] DEBUG Engine               - globalMusicVolume: 0.5
14:08:57.706 [FXGL Background Thread 3 ] DEBUG Engine               - globalMusicVolumeProperty: DoubleProperty [value: 0.5]
14:08:57.706 [FXGL Background Thread 3 ] DEBUG Engine               - globalSoundVolume: 0.5
14:08:57.706 [FXGL Background Thread 3 ] DEBUG Engine               - globalSoundVolumeProperty: DoubleProperty [value: 0.5]
14:08:57.706 [FXGL Background Thread 3 ] DEBUG Engine               - height: 720
14:08:57.706 [FXGL Background Thread 3 ] DEBUG Engine               - is3D: false
14:08:57.706 [FXGL Background Thread 3 ] DEBUG Engine               - isAndroid: false
14:08:57.706 [FXGL Background Thread 3 ] DEBUG Engine               - isBrowser: false
14:08:57.707 [FXGL Background Thread 3 ] DEBUG Engine               - isClickFeedbackEnabled: false
14:08:57.707 [FXGL Background Thread 3 ] DEBUG Engine               - isCloseConfirmation: false
14:08:57.707 [FXGL Background Thread 3 ] DEBUG Engine               - isDesktop: true
14:08:57.707 [FXGL Background Thread 3 ] DEBUG Engine               - isDeveloperMenuEnabled: true
14:08:57.707 [FXGL Background Thread 3 ] DEBUG Engine               - isEmbedded: false
14:08:57.707 [FXGL Background Thread 3 ] DEBUG Engine               - isEntityPreloadEnabled: true
14:08:57.707 [FXGL Background Thread 3 ] DEBUG Engine               - isExperimentalTiledLargeMap: false
14:08:57.707 [FXGL Background Thread 3 ] DEBUG Engine               - isFileSystemWriteAllowed: true
14:08:57.707 [FXGL Background Thread 3 ] DEBUG Engine               - isFullScreenAllowed: true
14:08:57.707 [FXGL Background Thread 3 ] DEBUG Engine               - isFullScreenFromStart: false
14:08:57.707 [FXGL Background Thread 3 ] DEBUG Engine               - isGameMenuEnabled: true
14:08:57.707 [FXGL Background Thread 3 ] DEBUG Engine               - isIOS: false
14:08:57.707 [FXGL Background Thread 3 ] DEBUG Engine               - isIntroEnabled: false
14:08:57.707 [FXGL Background Thread 3 ] DEBUG Engine               - isLinux: false
14:08:57.707 [FXGL Background Thread 3 ] DEBUG Engine               - isMac: false
14:08:57.707 [FXGL Background Thread 3 ] DEBUG Engine               - isMainMenuEnabled: false
14:08:57.707 [FXGL Background Thread 3 ] DEBUG Engine               - isManualResizeEnabled: false
14:08:57.708 [FXGL Background Thread 3 ] DEBUG Engine               - isMobile: false
14:08:57.708 [FXGL Background Thread 3 ] DEBUG Engine               - isNative: false
14:08:57.708 [FXGL Background Thread 3 ] DEBUG Engine               - isPauseMusicWhenMinimized: true
14:08:57.708 [FXGL Background Thread 3 ] DEBUG Engine               - isPreserveResizeRatio: false
14:08:57.708 [FXGL Background Thread 3 ] DEBUG Engine               - isProfilingEnabled: false
14:08:57.708 [FXGL Background Thread 3 ] DEBUG Engine               - isScaleAffectedOnResize: true
14:08:57.708 [FXGL Background Thread 3 ] DEBUG Engine               - isSingleStep: false
14:08:57.708 [FXGL Background Thread 3 ] DEBUG Engine               - isUserProfileEnabled: false
14:08:57.708 [FXGL Background Thread 3 ] DEBUG Engine               - isWindows: true
14:08:57.708 [FXGL Background Thread 3 ] DEBUG Engine               - language: ObjectProperty [value: ENGLISH]
14:08:57.708 [FXGL Background Thread 3 ] DEBUG Engine               - menuKey: ESCAPE
14:08:57.708 [FXGL Background Thread 3 ] DEBUG Engine               - mouseSensitivity: 0.2
14:08:57.708 [FXGL Background Thread 3 ] DEBUG Engine               - notificationViewClass: class com.almasb.fxgl.notification.view.XboxNotificationView
14:08:57.708 [FXGL Background Thread 3 ] DEBUG Engine               - pixelsPerMeter: 50.0
14:08:57.708 [FXGL Background Thread 3 ] DEBUG Engine               - platform: WINDOWS
14:08:57.709 [FXGL Background Thread 3 ] DEBUG Engine               - prefHeightProperty: ReadOnlyDoubleProperty [value: 720.0]
14:08:57.709 [FXGL Background Thread 3 ] DEBUG Engine               - prefWidthProperty: ReadOnlyDoubleProperty [value: 1280.0]
14:08:57.709 [FXGL Background Thread 3 ] DEBUG Engine               - profileDir: profiles/
14:08:57.709 [FXGL Background Thread 3 ] DEBUG Engine               - profileName: StringProperty [value: DEFAULT]
14:08:57.709 [FXGL Background Thread 3 ] DEBUG Engine               - randomSeed: -1
14:08:57.709 [FXGL Background Thread 3 ] DEBUG Engine               - runtimeInfo: RuntimeInfo(platform=WINDOWS, version=17.3, build=30.03.2023 11.49)
14:08:57.710 [FXGL Background Thread 3 ] DEBUG Engine               - saveFileExt: sav
14:08:57.710 [FXGL Background Thread 3 ] DEBUG Engine               - scaledHeightProp$fxgl: DoubleProperty [bound, value: 720.0]
14:08:57.710 [FXGL Background Thread 3 ] DEBUG Engine               - scaledWidthProp$fxgl: DoubleProperty [bound, value: 1280.0]
14:08:57.710 [FXGL Background Thread 3 ] DEBUG Engine               - sceneFactory: com.almasb.fxgl.app.scene.SceneFactory@3760a3ce
14:08:57.710 [FXGL Background Thread 3 ] DEBUG Engine               - secondsIn24h: 60
14:08:57.710 [FXGL Background Thread 3 ] DEBUG Engine               - soundMenuBack: menu/back.wav
14:08:57.710 [FXGL Background Thread 3 ] DEBUG Engine               - soundMenuPress: menu/press.wav
14:08:57.710 [FXGL Background Thread 3 ] DEBUG Engine               - soundMenuSelect: menu/select.wav
14:08:57.710 [FXGL Background Thread 3 ] DEBUG Engine               - soundNotification: core/notification.wav
14:08:57.710 [FXGL Background Thread 3 ] DEBUG Engine               - stageStyle: DECORATED
14:08:57.710 [FXGL Background Thread 3 ] DEBUG Engine               - supportedLanguages: [ENGLISH, FRENCH, GERMAN, HUNGARIAN, RUSSIAN]
14:08:57.710 [FXGL Background Thread 3 ] DEBUG Engine               - ticksPerSecond: -1
14:08:57.710 [FXGL Background Thread 3 ] DEBUG Engine               - title: Silenciados
14:08:57.710 [FXGL Background Thread 3 ] DEBUG Engine               - urlGithub: https://github.com/AlmasB/FXGL
14:08:57.711 [FXGL Background Thread 3 ] DEBUG Engine               - urlLeaderboard: http://fxgl-top.herokuapp.com/
14:08:57.711 [FXGL Background Thread 3 ] DEBUG Engine               - urlPOM: https://raw.githubusercontent.com/AlmasB/FXGL/release/README.md
14:08:57.711 [FXGL Background Thread 3 ] DEBUG Engine               - userAppClass: class Interface.SilenciadosApp
14:08:57.711 [FXGL Background Thread 3 ] DEBUG Engine               - version: 0.1
14:08:57.711 [FXGL Background Thread 3 ] DEBUG Engine               - versionCheckDays: 7
14:08:57.711 [FXGL Background Thread 3 ] DEBUG Engine               - width: 1280
14:08:57.711 [FXGL Background Thread 3 ] DEBUG Engine               - Logging services
14:08:57.711 [FXGL Background Thread 3 ] DEBUG Engine               - class com.almasb.fxgl.app.services.FXGLAssetLoaderService
14:08:57.711 [FXGL Background Thread 3 ] DEBUG Engine               - class com.almasb.fxgl.app.FXGLApplication$GameApplicationService
14:08:57.711 [FXGL Background Thread 3 ] DEBUG Engine               - class com.almasb.fxgl.app.services.FXGLDialogService
14:08:57.711 [FXGL Background Thread 3 ] DEBUG Engine               - class com.almasb.fxgl.app.services.IOTaskExecutorService
14:08:57.711 [FXGL Background Thread 3 ] DEBUG Engine               - class com.almasb.fxgl.io.FileSystemService
14:08:57.711 [FXGL Background Thread 3 ] DEBUG Engine               - class com.almasb.fxgl.localization.LocalizationService
14:08:57.711 [FXGL Background Thread 3 ] DEBUG Engine               - class com.almasb.fxgl.app.services.SystemBundleService
14:08:57.711 [FXGL Background Thread 3 ] DEBUG Engine               - class com.almasb.fxgl.profile.SaveLoadService
14:08:57.711 [FXGL Background Thread 3 ] DEBUG Engine               - class com.almasb.fxgl.ui.FXGLUIFactoryServiceProvider
14:08:57.711 [FXGL Background Thread 3 ] DEBUG Engine               - class com.almasb.fxgl.ui.FXGLDialogFactoryServiceProvider
14:08:57.711 [FXGL Background Thread 3 ] DEBUG Engine               - class com.almasb.fxgl.audio.AudioPlayer
14:08:57.711 [FXGL Background Thread 3 ] DEBUG Engine               - class com.almasb.fxgl.notification.impl.NotificationServiceProvider
14:08:57.713 [FXGL Background Thread 3 ] DEBUG Engine               - class com.almasb.fxgl.achievement.AchievementService
14:08:57.713 [FXGL Background Thread 3 ] DEBUG Engine               - class com.almasb.fxgl.cutscene.CutsceneService
14:08:57.713 [FXGL Background Thread 3 ] DEBUG Engine               - class com.almasb.fxgl.minigames.MiniGameService
14:08:57.713 [FXGL Background Thread 3 ] DEBUG Engine               - class com.almasb.fxgl.net.NetService
14:08:57.713 [FXGL Background Thread 3 ] DEBUG Engine               - class com.almasb.fxgl.app.services.UpdaterService
14:08:57.713 [FXGL Background Thread 3 ] DEBUG Engine               - class com.almasb.fxgl.dev.DevService
14:09:00.857 [JavaFX Application Thread] DEBUG FXGLApplication      - Exiting FXGL
14:09:00.857 [JavaFX Application Thread] DEBUG LoopRunner           - Stopping loop
14:09:00.857 [JavaFX Application Thread] DEBUG SystemBundleService  - Saving FXGL system data
14:09:00.860 [JavaFX Application Thread] DEBUG FileSystemAccess     - Writing to: C:\Users\thiag\IdeaProjects\OsSilenciados\system\fxgl.bundle
14:09:00.862 [JavaFX Application Thread] DEBUG Async                - Shutting down background threads
14:09:00.862 [JavaFX Application Thread] DEBUG PrimaryStageWindow   - Closing main window
14:09:00.879 [JavaFX Application Thread] DEBUG Logger               - Closing Logger
