12:03:55.257 [main                     ] DEBUG Logger               - Configured Logger
12:03:55.279 [main                     ] DEBUG GameApplication      - Logging settings
Title: Silenciados
Version: 0.1
Width: 1280
Height: 720
Fullscreen: true
Intro: false
Profiling: false
Single step:false
App Mode: DEVELOPER
Menu Key: ESCAPE
Stage Style: DECORATED
Scene Factory: class com.almasb.fxgl.app.scene.SceneFactory

12:03:55.913 [JavaFX Application Thread] DEBUG FXGLApplication      - Initializing FXGL
12:03:55.917 [JavaFX Application Thread] INFO  Engine               - FXGL-17.3 (30.03.2023 11.49) on WINDOWS (J:21.0.1 FX:11.0.2)
12:03:55.918 [JavaFX Application Thread] DEBUG Engine               - JRE Vendor Name: Oracle Corporation
12:03:55.918 [JavaFX Application Thread] DEBUG Engine               - Running on OS: Windows 11 version 10.0
12:03:55.918 [JavaFX Application Thread] DEBUG Engine               - Architecture: amd64
12:03:55.918 [JavaFX Application Thread] INFO  Engine               - Source code and latest versions at: https://github.com/AlmasB/FXGL
12:03:55.918 [JavaFX Application Thread] INFO  Engine               -       Ask questions and discuss at: https://github.com/AlmasB/FXGL/discussions
12:03:55.918 [JavaFX Application Thread] INFO  Engine               -              Join the FXGL chat at: https://gitter.im/AlmasB/FXGL
12:03:56.009 [JavaFX Application Thread] DEBUG PrimaryStageWindow   - Creating a JavaFX scene
12:03:56.053 [JavaFX Application Thread] DEBUG PrimaryStageWindow   - Target settings size: 1280.0 x 720.0
12:03:56.054 [JavaFX Application Thread] DEBUG PrimaryStageWindow   - Scaled scene size:    1280.0 x 720.0
12:03:56.054 [JavaFX Application Thread] DEBUG PrimaryStageWindow   - Scaled ratio: (1.0, 1.0)
12:03:56.054 [JavaFX Application Thread] DEBUG PrimaryStageWindow   - Set initial scene to FXGLStartupScene
12:03:56.060 [JavaFX Application Thread] DEBUG PrimaryStageWindow   - Opening main window
12:03:56.143 [JavaFX Application Thread] DEBUG PrimaryStageWindow   - Window border size: (14.4000244140625, 37.5999755859375)
12:03:56.145 [JavaFX Application Thread] DEBUG PrimaryStageWindow   - Scaled size: 1280.0 x 720.0
12:03:56.145 [JavaFX Application Thread] DEBUG PrimaryStageWindow   - Scaled ratio: (1.0, 1.0)
12:03:56.145 [JavaFX Application Thread] DEBUG PrimaryStageWindow   - Scene size: 1280.0 x 720.0
12:03:56.145 [JavaFX Application Thread] DEBUG PrimaryStageWindow   - Stage size: 1294.4000244140625 x 757.5999755859375
12:03:56.153 [FXGL Background Thread 1 ] DEBUG Engine               - Initializing environment variables
12:03:56.202 [FXGL Background Thread 1 ] DEBUG FXGLAssetLoaderServi - User app class for loading assets: class Interface.SilenciadosApp
12:03:56.202 [FXGL Background Thread 1 ] DEBUG GameApplicationServi - Applying CSS: fxgl_dark.css
12:03:56.202 [FXGL Background Thread 1 ] DEBUG FXGLAssetLoaderServi - Loading from file system: jar:file:///C:/Users/thiag/.m2/repository/com/github/almasb/fxgl/17.3/fxgl-17.3.jar!/fxglassets/ui/css/fxgl_dark.css
12:03:56.239 [FXGL Background Thread 1 ] DEBUG GameApplicationServi - Initializing application scenes
12:03:56.267 [FXGL Background Thread 1 ] DEBUG GameWorld            - Game world initialized
12:03:56.328 [FXGL Background Thread 1 ] DEBUG PhysicsWorld         - Physics world initialized: appHeight=720, physics.ppm=50,0
12:03:56.328 [FXGL Background Thread 1 ] DEBUG PhysicsWorld         - Using strategy: BRUTE_FORCE
12:03:56.332 [FXGL Background Thread 1 ] DEBUG GameScene            - Game scene initialized: 1280x720
12:03:56.342 [FXGL Background Thread 1 ] DEBUG FXGL.DefaultMenu     - createMenuBodyGameMenu()
12:03:56.353 [FXGL Background Thread 1 ] DEBUG FXGL.DefaultMenu     - createOptionsMenu()
12:03:56.361 [FXGL Background Thread 1 ] DEBUG FXGLAssetLoaderServi - Loading from file system: jar:file:///C:/Users/thiag/.m2/repository/com/github/almasb/fxgl/17.3/fxgl-17.3.jar!/fxglassets/textures/particles/smoke.png
12:03:56.432 [FXGL Background Thread 1 ] DEBUG FXGLAssetLoaderServi - Loading from file system: jar:file:///C:/Users/thiag/.m2/repository/com/github/almasb/fxgl/17.3/fxgl-17.3.jar!/fxglassets/textures/particles/trace_horizontal.png
12:03:56.455 [FXGL Background Thread 1 ] DEBUG GameApplicationServi - Application scenes initialized
12:03:56.466 [FXGL Background Thread 1 ] DEBUG SystemBundleService  - Loading FXGL system data
12:03:56.472 [FXGL Background Thread 1 ] DEBUG FileSystemAccess     - Reading from: C:\Users\thiag\IdeaProjects\OsSilenciados\system\fxgl.bundle
12:03:56.489 [FXGL Background Thread 1 ] DEBUG SystemBundleService  - Bundle FXGL: {}
12:03:56.489 [FXGL Background Thread 1 ] DEBUG UpdaterService       - Checking for updates
12:03:56.512 [FXGL Background Thread 4 ] DEBUG FXGLApplication      - Loading fonts
12:03:56.513 [FXGL Background Thread 1 ] DEBUG FXGLApplication      - Loading default localization
12:03:56.513 [FXGL Background Thread 4 ] DEBUG FXGLAssetLoaderServi - Loading from file system: jar:file:///C:/Users/thiag/.m2/repository/com/github/almasb/fxgl/17.3/fxgl-17.3.jar!/fxglassets/ui/fonts/VarelaRound-Regular.ttf
12:03:56.513 [FXGL Background Thread 1 ] DEBUG FXGLAssetLoaderServi - Loading from file system: jar:file:///C:/Users/thiag/.m2/repository/com/github/almasb/fxgl/17.3/fxgl-17.3.jar!/fxglassets/languages/english.lang
12:03:56.530 [FXGL Background Thread 1 ] INFO  FXGLApplication      - FXGL initialization took: 0,377 sec
12:03:56.538 [JavaFX Application Thread] DEBUG Input                - Registered new binding: Move Right - D
12:03:56.539 [JavaFX Application Thread] DEBUG Input                - Registered new binding: Move Left - A
12:03:56.539 [JavaFX Application Thread] DEBUG Input                - Registered new binding: Move Up - W
12:03:56.539 [JavaFX Application Thread] DEBUG Input                - Registered new binding: Move Down - S
12:03:56.540 [JavaFX Application Thread] DEBUG FXGLAssetLoaderServi - Loading from file system: jar:file:///C:/Users/thiag/.m2/repository/com/github/almasb/fxgl/17.3/fxgl-17.3.jar!/fxglassets/textures/fxgl_icon.png
12:03:56.541 [FXGL Background Thread 4 ] DEBUG FXGLAssetLoaderServi - Loading from file system: jar:file:///C:/Users/thiag/.m2/repository/com/github/almasb/fxgl/17.3/fxgl-17.3.jar!/fxglassets/ui/fonts/Abel-Regular.ttf
12:03:56.544 [FXGL Background Thread 4 ] DEBUG FXGLAssetLoaderServi - Loading from file system: jar:file:///C:/Users/thiag/.m2/repository/com/github/almasb/fxgl/17.3/fxgl-17.3.jar!/fxglassets/ui/fonts/TerminalLandMono-Regular.otf
12:03:56.548 [FXGL Background Thread 4 ] DEBUG FXGLAssetLoaderServi - Loading from file system: jar:file:///C:/Users/thiag/.m2/repository/com/github/almasb/fxgl/17.3/fxgl-17.3.jar!/fxglassets/ui/fonts/Courier-Prime.ttf
12:03:56.557 [JavaFX Application Thread] DEBUG FXGLAssetLoaderServi - Loading from file system: jar:file:///C:/Users/thiag/.m2/repository/com/github/almasb/fxgl/17.3/fxgl-17.3.jar!/fxglassets/textures/fxgl_default_cursor.png
12:03:56.558 [JavaFX Application Thread] DEBUG Input                - Registered new binding: Screenshot - CTRL+8
12:03:56.559 [JavaFX Application Thread] DEBUG Input                - Registered new binding: Dev Options - 1
12:03:56.559 [JavaFX Application Thread] DEBUG Input                - Registered new binding: Dev Console - 2
12:03:56.559 [JavaFX Application Thread] DEBUG Input                - Registered new binding: System info dump - CTRL+9
12:03:56.559 [JavaFX Application Thread] DEBUG Input                - Registered new binding: Restart - CTRL+R
12:03:56.559 [JavaFX Application Thread] DEBUG Input                - Registered new binding: Toggle Debug Camera - CTRL+7
12:03:56.562 [JavaFX Application Thread] DEBUG LoopRunner           - Starting loop
12:03:56.572 [JavaFX Application Thread] DEBUG LoopRunner           - Initializing JavaFX AnimationTimerLoop
12:03:56.573 [JavaFX Application Thread] DEBUG GameApplicationServi - Starting new game
12:03:56.574 [JavaFX Application Thread] DEBUG Input                - Clearing active input actions
12:03:56.584 [JavaFX Application Thread] DEBUG GameApplicationServi - Removing overlay from FXGLStartupScene and adding to FXGLLoadingScene
12:03:56.586 [JavaFX Application Thread] DEBUG PrimaryStageWindow   - FXGLStartupScene -> FXGLLoadingScene
12:03:56.586 [JavaFX Application Thread] DEBUG GameApplicationServi - Clearing previous game
12:03:56.588 [JavaFX Application Thread] DEBUG GameScene            - Clearing game scene
12:03:56.588 [JavaFX Application Thread] DEBUG GameWorld            - Clearing game world
12:03:56.588 [JavaFX Application Thread] DEBUG PhysicsWorld         - Clearing physics world
12:03:56.589 [JavaFX Application Thread] DEBUG FXGLApplication      - Registering font factories with UI factory
12:03:56.589 [FXGL Background Thread 4 ] DEBUG FXGLApplication      - Initializing game
12:03:56.642 [FXGL Background Thread 4 ] WARN  TMXLevelLoader       - TiledMap generated from 1.10.2. Supported version: 1.9.0. Some features may not be parsed fully.
12:03:56.661 [FXGL Background Thread 4 ] DEBUG TMXLevelLoader       - Parsed TiledMap: file:/C:/Users/thiag/IdeaProjects/OsSilenciados/target/classes/assets/levels/Mansao.tmx
12:03:56.662 [FXGL Background Thread 4 ] DEBUG TMXLevelLoader       - Creating tile layer entities
12:03:56.664 [FXGL Background Thread 4 ] DEBUG TilesetLoader        - Loading view for layer Chão
12:03:56.666 [FXGL Background Thread 4 ] DEBUG TilesetLoader        - Created buffer with size 1280.0x768.0
12:03:56.677 [FXGL Background Thread 4 ] DEBUG TilesetLoader        - Loading view for layer ChãoGraminhas
12:03:56.680 [FXGL Background Thread 4 ] DEBUG TilesetLoader        - Created buffer with size 1280.0x768.0
12:03:56.685 [FXGL Background Thread 4 ] DEBUG TilesetLoader        - Loading view for layer Árvores
12:03:56.686 [FXGL Background Thread 4 ] DEBUG TilesetLoader        - Created buffer with size 1280.0x768.0
12:03:56.695 [FXGL Background Thread 4 ] DEBUG TilesetLoader        - Loading view for layer arvore
12:03:56.698 [FXGL Background Thread 4 ] DEBUG TilesetLoader        - Created buffer with size 1280.0x768.0
12:03:56.699 [FXGL Background Thread 4 ] DEBUG TilesetLoader        - Loading view for layer Mansao
12:03:56.701 [FXGL Background Thread 4 ] DEBUG TilesetLoader        - Created buffer with size 1280.0x768.0
12:03:56.703 [FXGL Background Thread 4 ] DEBUG TilesetLoader        - Loading view for layer ARVORE2.0
12:03:56.705 [FXGL Background Thread 4 ] DEBUG TilesetLoader        - Created buffer with size 1280.0x768.0
12:03:56.706 [FXGL Background Thread 4 ] DEBUG TMXLevelLoader       - Creating object layer entities
12:03:56.734 [FXGL Background Thread 4 ] DEBUG GameWorld            - Clearing removable entities
12:03:56.734 [FXGL Background Thread 4 ] DEBUG GameWorld            - Setting level: com.almasb.fxgl.entity.level.Level@3b9a93f
12:03:56.746 [FXGL Background Thread 4 ] DEBUG FXGLAssetLoaderServi - Loading from file system: file:/C:/Users/thiag/IdeaProjects/OsSilenciados/target/classes/assets/textures/dev_player.png
12:03:56.782 [FXGL Background Thread 4 ] WARN  GameWorld            - Entity is already attached to world
12:03:56.782 [FXGL Background Thread 4 ] WARN  GameWorld            - Entity is already attached to world
12:03:56.784 [FXGL Background Thread 4 ] DEBUG FXGLAssetLoaderServi - Loading from file system: file:/C:/Users/thiag/IdeaProjects/OsSilenciados/target/classes/assets/textures/male_hurt.png
12:03:56.786 [FXGL Background Thread 4 ] WARN  GameWorld            - Entity is already attached to world
12:03:56.788 [FXGL Background Thread 4 ] INFO  FXGLApplication      - Game initialization took: 0,199 sec
12:03:56.797 [JavaFX Application Thread] DEBUG Input                - Clearing active input actions
12:03:56.807 [JavaFX Application Thread] DEBUG GameApplicationServi - Removing overlay from FXGLLoadingScene and adding to GameScene
12:03:56.833 [JavaFX Application Thread] DEBUG PrimaryStageWindow   - FXGLLoadingScene -> GameScene
12:03:59.512 [FXGL Background Thread 3 ] DEBUG Engine               - Logging environment variables
12:03:59.512 [FXGL Background Thread 3 ] DEBUG Engine               - achievements: []
12:03:59.512 [FXGL Background Thread 3 ] DEBUG Engine               - actualHeight: 720.0
12:03:59.512 [FXGL Background Thread 3 ] DEBUG Engine               - actualHeightProperty: ReadOnlyDoubleProperty [value: 720.0]
12:03:59.512 [FXGL Background Thread 3 ] DEBUG Engine               - actualWidth: 1280.0
12:03:59.513 [FXGL Background Thread 3 ] DEBUG Engine               - actualWidthProperty: ReadOnlyDoubleProperty [value: 1280.0]
12:03:59.513 [FXGL Background Thread 3 ] DEBUG Engine               - appIcon: fxgl_icon.png
12:03:59.513 [FXGL Background Thread 3 ] DEBUG Engine               - applicationMode: DEVELOPER
12:03:59.513 [FXGL Background Thread 3 ] DEBUG Engine               - cSSList: [fxgl_dark.css]
12:03:59.513 [FXGL Background Thread 3 ] DEBUG Engine               - collisionDetectionStrategy: BRUTE_FORCE
12:03:59.513 [FXGL Background Thread 3 ] DEBUG Engine               - configClass: Optional.empty
12:03:59.513 [FXGL Background Thread 3 ] DEBUG Engine               - credits: []
12:03:59.513 [FXGL Background Thread 3 ] DEBUG Engine               - defaultCursor: CursorInfo(imageName=fxgl_default_cursor.png, hotspotX=7.0, hotspotY=6.0)
12:03:59.513 [FXGL Background Thread 3 ] DEBUG Engine               - devBBoxColorProperty: ObjectProperty [value: 0xff0000ff]
12:03:59.513 [FXGL Background Thread 3 ] DEBUG Engine               - devEnableDebugCameraProperty: BooleanProperty [value: false]
12:03:59.513 [FXGL Background Thread 3 ] DEBUG Engine               - devSensorColorProperty: ObjectProperty [value: 0xffff00ff]
12:03:59.514 [FXGL Background Thread 3 ] DEBUG Engine               - devShowBBoxProperty: BooleanProperty [value: false]
12:03:59.514 [FXGL Background Thread 3 ] DEBUG Engine               - devShowPositionProperty: BooleanProperty [value: false]
12:03:59.514 [FXGL Background Thread 3 ] DEBUG Engine               - enabledMenuItems: []
12:03:59.514 [FXGL Background Thread 3 ] DEBUG Engine               - engineServices: [class com.almasb.fxgl.app.services.FXGLAssetLoaderService, class com.almasb.fxgl.app.FXGLApplication$GameApplicationService, class com.almasb.fxgl.app.services.FXGLDialogService, class com.almasb.fxgl.app.services.IOTaskExecutorService, class com.almasb.fxgl.io.FileSystemService, class com.almasb.fxgl.localization.LocalizationService, class com.almasb.fxgl.app.services.SystemBundleService, class com.almasb.fxgl.profile.SaveLoadService, class com.almasb.fxgl.ui.FXGLUIFactoryServiceProvider, class com.almasb.fxgl.ui.FXGLDialogFactoryServiceProvider, class com.almasb.fxgl.audio.AudioPlayer, class com.almasb.fxgl.notification.impl.NotificationServiceProvider, class com.almasb.fxgl.achievement.AchievementService, class com.almasb.fxgl.cutscene.CutsceneService, class com.almasb.fxgl.minigames.MiniGameService, class com.almasb.fxgl.net.NetService, class com.almasb.fxgl.app.services.UpdaterService, class com.almasb.fxgl.dev.DevService]
12:03:59.514 [FXGL Background Thread 3 ] DEBUG Engine               - fontGame: Abel-Regular.ttf
12:03:59.514 [FXGL Background Thread 3 ] DEBUG Engine               - fontMono: TerminalLandMono-Regular.otf
12:03:59.514 [FXGL Background Thread 3 ] DEBUG Engine               - fontSizeScaleUI: 1.0
12:03:59.514 [FXGL Background Thread 3 ] DEBUG Engine               - fontText: Courier-Prime.ttf
12:03:59.514 [FXGL Background Thread 3 ] DEBUG Engine               - fontUI: VarelaRound-Regular.ttf
12:03:59.514 [FXGL Background Thread 3 ] DEBUG Engine               - fullScreen: BooleanProperty [value: false]
12:03:59.514 [FXGL Background Thread 3 ] DEBUG Engine               - gameDifficulty: MEDIUM
12:03:59.514 [FXGL Background Thread 3 ] DEBUG Engine               - gameDifficultyProperty: ObjectProperty [value: MEDIUM]
12:03:59.514 [FXGL Background Thread 3 ] DEBUG Engine               - globalMusicVolume: 0.5
12:03:59.514 [FXGL Background Thread 3 ] DEBUG Engine               - globalMusicVolumeProperty: DoubleProperty [value: 0.5]
12:03:59.514 [FXGL Background Thread 3 ] DEBUG Engine               - globalSoundVolume: 0.5
12:03:59.514 [FXGL Background Thread 3 ] DEBUG Engine               - globalSoundVolumeProperty: DoubleProperty [value: 0.5]
12:03:59.515 [FXGL Background Thread 3 ] DEBUG Engine               - height: 720
12:03:59.515 [FXGL Background Thread 3 ] DEBUG Engine               - is3D: false
12:03:59.515 [FXGL Background Thread 3 ] DEBUG Engine               - isAndroid: false
12:03:59.515 [FXGL Background Thread 3 ] DEBUG Engine               - isBrowser: false
12:03:59.515 [FXGL Background Thread 3 ] DEBUG Engine               - isClickFeedbackEnabled: false
12:03:59.515 [FXGL Background Thread 3 ] DEBUG Engine               - isCloseConfirmation: false
12:03:59.515 [FXGL Background Thread 3 ] DEBUG Engine               - isDesktop: true
12:03:59.515 [FXGL Background Thread 3 ] DEBUG Engine               - isDeveloperMenuEnabled: true
12:03:59.515 [FXGL Background Thread 3 ] DEBUG Engine               - isEmbedded: false
12:03:59.515 [FXGL Background Thread 3 ] DEBUG Engine               - isEntityPreloadEnabled: true
12:03:59.515 [FXGL Background Thread 3 ] DEBUG Engine               - isExperimentalTiledLargeMap: false
12:03:59.515 [FXGL Background Thread 3 ] DEBUG Engine               - isFileSystemWriteAllowed: true
12:03:59.515 [FXGL Background Thread 3 ] DEBUG Engine               - isFullScreenAllowed: true
12:03:59.515 [FXGL Background Thread 3 ] DEBUG Engine               - isFullScreenFromStart: false
12:03:59.515 [FXGL Background Thread 3 ] DEBUG Engine               - isGameMenuEnabled: true
12:03:59.515 [FXGL Background Thread 3 ] DEBUG Engine               - isIOS: false
12:03:59.515 [FXGL Background Thread 3 ] DEBUG Engine               - isIntroEnabled: false
12:03:59.515 [FXGL Background Thread 3 ] DEBUG Engine               - isLinux: false
12:03:59.515 [FXGL Background Thread 3 ] DEBUG Engine               - isMac: false
12:03:59.515 [FXGL Background Thread 3 ] DEBUG Engine               - isMainMenuEnabled: false
12:03:59.516 [FXGL Background Thread 3 ] DEBUG Engine               - isManualResizeEnabled: false
12:03:59.516 [FXGL Background Thread 3 ] DEBUG Engine               - isMobile: false
12:03:59.516 [FXGL Background Thread 3 ] DEBUG Engine               - isNative: false
12:03:59.516 [FXGL Background Thread 3 ] DEBUG Engine               - isPauseMusicWhenMinimized: true
12:03:59.516 [FXGL Background Thread 3 ] DEBUG Engine               - isPreserveResizeRatio: false
12:03:59.516 [FXGL Background Thread 3 ] DEBUG Engine               - isProfilingEnabled: false
12:03:59.516 [FXGL Background Thread 3 ] DEBUG Engine               - isScaleAffectedOnResize: true
12:03:59.516 [FXGL Background Thread 3 ] DEBUG Engine               - isSingleStep: false
12:03:59.516 [FXGL Background Thread 3 ] DEBUG Engine               - isUserProfileEnabled: false
12:03:59.516 [FXGL Background Thread 3 ] DEBUG Engine               - isWindows: true
12:03:59.516 [FXGL Background Thread 3 ] DEBUG Engine               - language: ObjectProperty [value: ENGLISH]
12:03:59.516 [FXGL Background Thread 3 ] DEBUG Engine               - menuKey: ESCAPE
12:03:59.516 [FXGL Background Thread 3 ] DEBUG Engine               - mouseSensitivity: 0.2
12:03:59.516 [FXGL Background Thread 3 ] DEBUG Engine               - notificationViewClass: class com.almasb.fxgl.notification.view.XboxNotificationView
12:03:59.516 [FXGL Background Thread 3 ] DEBUG Engine               - pixelsPerMeter: 50.0
12:03:59.516 [FXGL Background Thread 3 ] DEBUG Engine               - platform: WINDOWS
12:03:59.516 [FXGL Background Thread 3 ] DEBUG Engine               - prefHeightProperty: ReadOnlyDoubleProperty [value: 720.0]
12:03:59.516 [FXGL Background Thread 3 ] DEBUG Engine               - prefWidthProperty: ReadOnlyDoubleProperty [value: 1280.0]
12:03:59.516 [FXGL Background Thread 3 ] DEBUG Engine               - profileDir: profiles/
12:03:59.517 [FXGL Background Thread 3 ] DEBUG Engine               - profileName: StringProperty [value: DEFAULT]
12:03:59.517 [FXGL Background Thread 3 ] DEBUG Engine               - randomSeed: -1
12:03:59.517 [FXGL Background Thread 3 ] DEBUG Engine               - runtimeInfo: RuntimeInfo(platform=WINDOWS, version=17.3, build=30.03.2023 11.49)
12:03:59.517 [FXGL Background Thread 3 ] DEBUG Engine               - saveFileExt: sav
12:03:59.517 [FXGL Background Thread 3 ] DEBUG Engine               - scaledHeightProp$fxgl: DoubleProperty [bound, value: 720.0]
12:03:59.517 [FXGL Background Thread 3 ] DEBUG Engine               - scaledWidthProp$fxgl: DoubleProperty [bound, value: 1280.0]
12:03:59.517 [FXGL Background Thread 3 ] DEBUG Engine               - sceneFactory: com.almasb.fxgl.app.scene.SceneFactory@905c275
12:03:59.517 [FXGL Background Thread 3 ] DEBUG Engine               - secondsIn24h: 60
12:03:59.517 [FXGL Background Thread 3 ] DEBUG Engine               - soundMenuBack: menu/back.wav
12:03:59.517 [FXGL Background Thread 3 ] DEBUG Engine               - soundMenuPress: menu/press.wav
12:03:59.517 [FXGL Background Thread 3 ] DEBUG Engine               - soundMenuSelect: menu/select.wav
12:03:59.517 [FXGL Background Thread 3 ] DEBUG Engine               - soundNotification: core/notification.wav
12:03:59.517 [FXGL Background Thread 3 ] DEBUG Engine               - stageStyle: DECORATED
12:03:59.517 [FXGL Background Thread 3 ] DEBUG Engine               - supportedLanguages: [ENGLISH, FRENCH, GERMAN, HUNGARIAN, RUSSIAN]
12:03:59.517 [FXGL Background Thread 3 ] DEBUG Engine               - ticksPerSecond: -1
12:03:59.517 [FXGL Background Thread 3 ] DEBUG Engine               - title: Silenciados
12:03:59.517 [FXGL Background Thread 3 ] DEBUG Engine               - urlGithub: https://github.com/AlmasB/FXGL
12:03:59.517 [FXGL Background Thread 3 ] DEBUG Engine               - urlLeaderboard: http://fxgl-top.herokuapp.com/
12:03:59.517 [FXGL Background Thread 3 ] DEBUG Engine               - urlPOM: https://raw.githubusercontent.com/AlmasB/FXGL/release/README.md
12:03:59.517 [FXGL Background Thread 3 ] DEBUG Engine               - userAppClass: class Interface.SilenciadosApp
12:03:59.518 [FXGL Background Thread 3 ] DEBUG Engine               - version: 0.1
12:03:59.518 [FXGL Background Thread 3 ] DEBUG Engine               - versionCheckDays: 7
12:03:59.518 [FXGL Background Thread 3 ] DEBUG Engine               - width: 1280
12:03:59.518 [FXGL Background Thread 3 ] DEBUG Engine               - Logging services
12:03:59.518 [FXGL Background Thread 3 ] DEBUG Engine               - class com.almasb.fxgl.app.services.FXGLAssetLoaderService
12:03:59.518 [FXGL Background Thread 3 ] DEBUG Engine               - class com.almasb.fxgl.app.FXGLApplication$GameApplicationService
12:03:59.518 [FXGL Background Thread 3 ] DEBUG Engine               - class com.almasb.fxgl.app.services.FXGLDialogService
12:03:59.518 [FXGL Background Thread 3 ] DEBUG Engine               - class com.almasb.fxgl.app.services.IOTaskExecutorService
12:03:59.518 [FXGL Background Thread 3 ] DEBUG Engine               - class com.almasb.fxgl.io.FileSystemService
12:03:59.518 [FXGL Background Thread 3 ] DEBUG Engine               - class com.almasb.fxgl.localization.LocalizationService
12:03:59.518 [FXGL Background Thread 3 ] DEBUG Engine               - class com.almasb.fxgl.app.services.SystemBundleService
12:03:59.519 [FXGL Background Thread 3 ] DEBUG Engine               - class com.almasb.fxgl.profile.SaveLoadService
12:03:59.519 [FXGL Background Thread 3 ] DEBUG Engine               - class com.almasb.fxgl.ui.FXGLUIFactoryServiceProvider
12:03:59.519 [FXGL Background Thread 3 ] DEBUG Engine               - class com.almasb.fxgl.ui.FXGLDialogFactoryServiceProvider
12:03:59.519 [FXGL Background Thread 3 ] DEBUG Engine               - class com.almasb.fxgl.audio.AudioPlayer
12:03:59.519 [FXGL Background Thread 3 ] DEBUG Engine               - class com.almasb.fxgl.notification.impl.NotificationServiceProvider
12:03:59.519 [FXGL Background Thread 3 ] DEBUG Engine               - class com.almasb.fxgl.achievement.AchievementService
12:03:59.519 [FXGL Background Thread 3 ] DEBUG Engine               - class com.almasb.fxgl.cutscene.CutsceneService
12:03:59.519 [FXGL Background Thread 3 ] DEBUG Engine               - class com.almasb.fxgl.minigames.MiniGameService
12:03:59.519 [FXGL Background Thread 3 ] DEBUG Engine               - class com.almasb.fxgl.net.NetService
12:03:59.519 [FXGL Background Thread 3 ] DEBUG Engine               - class com.almasb.fxgl.app.services.UpdaterService
12:03:59.519 [FXGL Background Thread 3 ] DEBUG Engine               - class com.almasb.fxgl.dev.DevService
12:04:05.867 [JavaFX Application Thread] WARN  TMXLevelLoader       - TiledMap generated from 1.10.2. Supported version: 1.9.0. Some features may not be parsed fully.
12:04:05.872 [JavaFX Application Thread] DEBUG TMXLevelLoader       - Parsed TiledMap: file:/C:/Users/thiag/IdeaProjects/OsSilenciados/target/classes/assets/levels/Castelo2.tmx
12:04:05.872 [JavaFX Application Thread] DEBUG TMXLevelLoader       - Creating tile layer entities
12:04:05.872 [JavaFX Application Thread] DEBUG TilesetLoader        - Loading view for layer Base
12:04:05.873 [JavaFX Application Thread] DEBUG TilesetLoader        - Created buffer with size 1280.0x768.0
12:04:05.880 [JavaFX Application Thread] DEBUG TilesetLoader        - Loading view for layer Camada de Blocos 2
12:04:05.880 [JavaFX Application Thread] DEBUG TilesetLoader        - Created buffer with size 1280.0x768.0
12:04:05.882 [JavaFX Application Thread] DEBUG TilesetLoader        - Loading view for layer Camada de Blocos 3
12:04:05.884 [JavaFX Application Thread] DEBUG TilesetLoader        - Created buffer with size 1280.0x768.0
12:04:05.885 [JavaFX Application Thread] DEBUG TilesetLoader        - Loading view for layer Camada de Blocos 4
12:04:05.889 [JavaFX Application Thread] DEBUG TilesetLoader        - Created buffer with size 1280.0x768.0
12:04:05.890 [JavaFX Application Thread] DEBUG TMXLevelLoader       - Creating object layer entities
12:04:05.892 [JavaFX Application Thread] DEBUG GameWorld            - Clearing removable entities
12:04:05.896 [JavaFX Application Thread] DEBUG GameWorld            - Setting level: com.almasb.fxgl.entity.level.Level@14942fd9
12:04:05.898 [JavaFX Application Thread] WARN  GameWorld            - Entity is already attached to world
12:04:05.899 [JavaFX Application Thread] WARN  GameWorld            - Entity is already attached to world
12:04:07.207 [JavaFX Application Thread] DEBUG FXGLApplication      - Exiting FXGL
12:04:07.207 [JavaFX Application Thread] DEBUG LoopRunner           - Stopping loop
12:04:07.207 [JavaFX Application Thread] DEBUG SystemBundleService  - Saving FXGL system data
12:04:07.212 [JavaFX Application Thread] DEBUG FileSystemAccess     - Writing to: C:\Users\thiag\IdeaProjects\OsSilenciados\system\fxgl.bundle
12:04:07.214 [JavaFX Application Thread] DEBUG Async                - Shutting down background threads
12:04:07.214 [JavaFX Application Thread] DEBUG PrimaryStageWindow   - Closing main window
12:04:07.221 [JavaFX Application Thread] DEBUG Logger               - Closing Logger
