09:40:06.380 [main                     ] DEBUG Logger               - Configured Logger
09:40:06.400 [main                     ] DEBUG GameApplication      - Logging settings
Title: Silenciados
Version: 0.1
Width: 1280
Height: 720
Fullscreen: true
Intro: false
Profiling: false
Single step:false
App Mode: DEVELOPER
Menu Key: ESCAPE
Stage Style: DECORATED
Scene Factory: class com.almasb.fxgl.app.scene.SceneFactory

09:40:06.714 [JavaFX Application Thread] DEBUG FXGLApplication      - Initializing FXGL
09:40:06.718 [JavaFX Application Thread] INFO  Engine               - FXGL-17.3 (30.03.2023 11.49) on WINDOWS (J:21.0.1 FX:20)
09:40:06.718 [JavaFX Application Thread] DEBUG Engine               - JRE Vendor Name: Oracle Corporation
09:40:06.718 [JavaFX Application Thread] DEBUG Engine               - Running on OS: Windows 11 version 10.0
09:40:06.719 [JavaFX Application Thread] DEBUG Engine               - Architecture: amd64
09:40:06.719 [JavaFX Application Thread] INFO  Engine               - Source code and latest versions at: https://github.com/AlmasB/FXGL
09:40:06.719 [JavaFX Application Thread] INFO  Engine               -       Ask questions and discuss at: https://github.com/AlmasB/FXGL/discussions
09:40:06.719 [JavaFX Application Thread] INFO  Engine               -              Join the FXGL chat at: https://gitter.im/AlmasB/FXGL
09:40:06.790 [JavaFX Application Thread] DEBUG PrimaryStageWindow   - Creating a JavaFX scene
09:40:06.828 [JavaFX Application Thread] DEBUG PrimaryStageWindow   - Target settings size: 1280.0 x 720.0
09:40:06.828 [JavaFX Application Thread] DEBUG PrimaryStageWindow   - Scaled scene size:    1280.0 x 720.0
09:40:06.828 [JavaFX Application Thread] DEBUG PrimaryStageWindow   - Scaled ratio: (1.0, 1.0)
09:40:06.829 [JavaFX Application Thread] DEBUG PrimaryStageWindow   - Set initial scene to FXGLStartupScene
09:40:06.833 [JavaFX Application Thread] DEBUG PrimaryStageWindow   - Opening main window
09:40:06.913 [JavaFX Application Thread] DEBUG PrimaryStageWindow   - Window border size: (14.4000244140625, 37.5999755859375)
09:40:06.914 [JavaFX Application Thread] DEBUG PrimaryStageWindow   - Scaled size: 1280.0 x 720.0
09:40:06.914 [JavaFX Application Thread] DEBUG PrimaryStageWindow   - Scaled ratio: (1.0, 1.0)
09:40:06.914 [JavaFX Application Thread] DEBUG PrimaryStageWindow   - Scene size: 1280.0 x 720.0
09:40:06.914 [JavaFX Application Thread] DEBUG PrimaryStageWindow   - Stage size: 1294.4000244140625 x 757.5999755859375
09:40:06.921 [FXGL Background Thread 1 ] DEBUG Engine               - Initializing environment variables
09:40:06.975 [FXGL Background Thread 1 ] DEBUG FXGLAssetLoaderServi - User app class for loading assets: class Interface.SilenciadosApp
09:40:06.975 [FXGL Background Thread 1 ] DEBUG GameApplicationServi - Applying CSS: fxgl_dark.css
09:40:06.976 [FXGL Background Thread 1 ] DEBUG FXGLAssetLoaderServi - Loading from file system: jar:file:///C:/Users/thiag/.m2/repository/com/github/almasb/fxgl/17.3/fxgl-17.3.jar!/fxglassets/ui/css/fxgl_dark.css
09:40:07.013 [FXGL Background Thread 1 ] DEBUG GameApplicationServi - Initializing application scenes
09:40:07.042 [FXGL Background Thread 1 ] DEBUG GameWorld            - Game world initialized
09:40:07.095 [FXGL Background Thread 1 ] DEBUG PhysicsWorld         - Physics world initialized: appHeight=720, physics.ppm=50,0
09:40:07.095 [FXGL Background Thread 1 ] DEBUG PhysicsWorld         - Using strategy: BRUTE_FORCE
09:40:07.098 [FXGL Background Thread 1 ] DEBUG GameScene            - Game scene initialized: 1280x720
09:40:07.108 [FXGL Background Thread 1 ] DEBUG FXGL.DefaultMenu     - createMenuBodyGameMenu()
09:40:07.119 [FXGL Background Thread 1 ] DEBUG FXGL.DefaultMenu     - createOptionsMenu()
09:40:07.127 [FXGL Background Thread 1 ] DEBUG FXGLAssetLoaderServi - Loading from file system: jar:file:///C:/Users/thiag/.m2/repository/com/github/almasb/fxgl/17.3/fxgl-17.3.jar!/fxglassets/textures/particles/smoke.png
09:40:07.199 [FXGL Background Thread 1 ] DEBUG FXGLAssetLoaderServi - Loading from file system: jar:file:///C:/Users/thiag/.m2/repository/com/github/almasb/fxgl/17.3/fxgl-17.3.jar!/fxglassets/textures/particles/trace_horizontal.png
09:40:07.222 [FXGL Background Thread 1 ] DEBUG GameApplicationServi - Application scenes initialized
09:40:07.233 [FXGL Background Thread 1 ] DEBUG SystemBundleService  - Loading FXGL system data
09:40:07.236 [FXGL Background Thread 1 ] DEBUG FileSystemAccess     - Reading from: C:\Users\thiag\OneDrive\Documentos\GitHub\RPGemturnosG1\Jogo\system\fxgl.bundle
09:40:07.246 [FXGL Background Thread 1 ] DEBUG SystemBundleService  - Bundle FXGL: {}
09:40:07.246 [FXGL Background Thread 1 ] DEBUG UpdaterService       - Checking for updates
09:40:07.263 [FXGL Background Thread 4 ] DEBUG FXGLApplication      - Loading fonts
09:40:07.263 [FXGL Background Thread 1 ] DEBUG FXGLApplication      - Loading default localization
09:40:07.263 [FXGL Background Thread 4 ] DEBUG FXGLAssetLoaderServi - Loading from file system: jar:file:///C:/Users/thiag/.m2/repository/com/github/almasb/fxgl/17.3/fxgl-17.3.jar!/fxglassets/ui/fonts/VarelaRound-Regular.ttf
09:40:07.265 [FXGL Background Thread 1 ] DEBUG FXGLAssetLoaderServi - Loading from file system: jar:file:///C:/Users/thiag/.m2/repository/com/github/almasb/fxgl/17.3/fxgl-17.3.jar!/fxglassets/languages/english.lang
09:40:07.278 [FXGL Background Thread 1 ] INFO  FXGLApplication      - FXGL initialization took: 0,356 sec
09:40:07.284 [JavaFX Application Thread] DEBUG Input                - Registered new binding: Move Right - D
09:40:07.284 [JavaFX Application Thread] DEBUG Input                - Registered new binding: Move Left - A
09:40:07.286 [JavaFX Application Thread] DEBUG Input                - Registered new binding: Move Up - W
09:40:07.286 [JavaFX Application Thread] DEBUG Input                - Registered new binding: Move Down - S
09:40:07.286 [JavaFX Application Thread] DEBUG FXGLAssetLoaderServi - Loading from file system: jar:file:///C:/Users/thiag/.m2/repository/com/github/almasb/fxgl/17.3/fxgl-17.3.jar!/fxglassets/textures/fxgl_icon.png
09:40:07.292 [FXGL Background Thread 4 ] DEBUG FXGLAssetLoaderServi - Loading from file system: jar:file:///C:/Users/thiag/.m2/repository/com/github/almasb/fxgl/17.3/fxgl-17.3.jar!/fxglassets/ui/fonts/Abel-Regular.ttf
09:40:07.295 [FXGL Background Thread 4 ] DEBUG FXGLAssetLoaderServi - Loading from file system: jar:file:///C:/Users/thiag/.m2/repository/com/github/almasb/fxgl/17.3/fxgl-17.3.jar!/fxglassets/ui/fonts/TerminalLandMono-Regular.otf
09:40:07.297 [FXGL Background Thread 4 ] DEBUG FXGLAssetLoaderServi - Loading from file system: jar:file:///C:/Users/thiag/.m2/repository/com/github/almasb/fxgl/17.3/fxgl-17.3.jar!/fxglassets/ui/fonts/Courier-Prime.ttf
09:40:07.306 [JavaFX Application Thread] DEBUG FXGLAssetLoaderServi - Loading from file system: jar:file:///C:/Users/thiag/.m2/repository/com/github/almasb/fxgl/17.3/fxgl-17.3.jar!/fxglassets/textures/fxgl_default_cursor.png
09:40:07.309 [JavaFX Application Thread] DEBUG Input                - Registered new binding: Screenshot - CTRL+8
09:40:07.309 [JavaFX Application Thread] DEBUG Input                - Registered new binding: Dev Options - 1
09:40:07.310 [JavaFX Application Thread] DEBUG Input                - Registered new binding: Dev Console - 2
09:40:07.310 [JavaFX Application Thread] DEBUG Input                - Registered new binding: System info dump - CTRL+9
09:40:07.310 [JavaFX Application Thread] DEBUG Input                - Registered new binding: Restart - CTRL+R
09:40:07.311 [JavaFX Application Thread] DEBUG Input                - Registered new binding: Toggle Debug Camera - CTRL+7
09:40:07.313 [JavaFX Application Thread] DEBUG LoopRunner           - Starting loop
09:40:07.324 [JavaFX Application Thread] DEBUG LoopRunner           - Initializing JavaFX AnimationTimerLoop
09:40:07.325 [JavaFX Application Thread] DEBUG GameApplicationServi - Starting new game
09:40:07.326 [JavaFX Application Thread] DEBUG Input                - Clearing active input actions
09:40:07.333 [JavaFX Application Thread] DEBUG GameApplicationServi - Removing overlay from FXGLStartupScene and adding to FXGLLoadingScene
09:40:07.335 [JavaFX Application Thread] DEBUG PrimaryStageWindow   - FXGLStartupScene -> FXGLLoadingScene
09:40:07.336 [JavaFX Application Thread] DEBUG GameApplicationServi - Clearing previous game
09:40:07.336 [JavaFX Application Thread] DEBUG GameScene            - Clearing game scene
09:40:07.336 [JavaFX Application Thread] DEBUG GameWorld            - Clearing game world
09:40:07.336 [JavaFX Application Thread] DEBUG PhysicsWorld         - Clearing physics world
09:40:07.337 [JavaFX Application Thread] DEBUG FXGLApplication      - Registering font factories with UI factory
09:40:07.337 [FXGL Background Thread 4 ] DEBUG FXGLApplication      - Initializing game
09:40:07.383 [FXGL Background Thread 4 ] WARN  TMXLevelLoader       - TiledMap generated from 1.10.2. Supported version: 1.9.0. Some features may not be parsed fully.
09:40:07.402 [FXGL Background Thread 4 ] DEBUG TMXLevelLoader       - Parsed TiledMap: file:/C:/Users/thiag/OneDrive/Documentos/GitHub/RPGemturnosG1/Jogo/target/classes/assets/levels/Mansao.tmx
09:40:07.403 [FXGL Background Thread 4 ] DEBUG TMXLevelLoader       - Creating tile layer entities
09:40:07.405 [FXGL Background Thread 4 ] DEBUG TilesetLoader        - Loading view for layer Chão
09:40:07.408 [FXGL Background Thread 4 ] DEBUG TilesetLoader        - Created buffer with size 1280.0x768.0
09:40:07.418 [FXGL Background Thread 4 ] DEBUG TilesetLoader        - Loading view for layer ChãoGraminhas
09:40:07.420 [FXGL Background Thread 4 ] DEBUG TilesetLoader        - Created buffer with size 1280.0x768.0
09:40:07.426 [FXGL Background Thread 4 ] DEBUG TilesetLoader        - Loading view for layer Árvores
09:40:07.429 [FXGL Background Thread 4 ] DEBUG TilesetLoader        - Created buffer with size 1280.0x768.0
09:40:07.437 [FXGL Background Thread 4 ] DEBUG TilesetLoader        - Loading view for layer arvore
09:40:07.440 [FXGL Background Thread 4 ] DEBUG TilesetLoader        - Created buffer with size 1280.0x768.0
09:40:07.440 [FXGL Background Thread 4 ] DEBUG TilesetLoader        - Loading view for layer Mansao
09:40:07.441 [FXGL Background Thread 4 ] DEBUG TilesetLoader        - Created buffer with size 1280.0x768.0
09:40:07.443 [FXGL Background Thread 4 ] DEBUG TilesetLoader        - Loading view for layer ARVORE2.0
09:40:07.445 [FXGL Background Thread 4 ] DEBUG TilesetLoader        - Created buffer with size 1280.0x768.0
09:40:07.445 [FXGL Background Thread 4 ] DEBUG TMXLevelLoader       - Creating object layer entities
09:40:07.472 [FXGL Background Thread 4 ] DEBUG GameWorld            - Clearing removable entities
09:40:07.472 [FXGL Background Thread 4 ] DEBUG GameWorld            - Setting level: com.almasb.fxgl.entity.level.Level@7e2ad7c6
09:40:07.481 [FXGL Background Thread 4 ] DEBUG FXGLAssetLoaderServi - Loading from file system: file:/C:/Users/thiag/OneDrive/Documentos/GitHub/RPGemturnosG1/Jogo/target/classes/assets/textures/dev_player.png
09:40:07.504 [FXGL Background Thread 4 ] WARN  GameWorld            - Entity is already attached to world
09:40:07.504 [FXGL Background Thread 4 ] WARN  GameWorld            - Entity is already attached to world
09:40:07.506 [FXGL Background Thread 4 ] DEBUG FXGLAssetLoaderServi - Loading from file system: file:/C:/Users/thiag/OneDrive/Documentos/GitHub/RPGemturnosG1/Jogo/target/classes/assets/textures/male_hurt.png
09:40:07.508 [FXGL Background Thread 4 ] WARN  GameWorld            - Entity is already attached to world
09:40:07.508 [FXGL Background Thread 4 ] INFO  FXGLApplication      - Game initialization took: 0,171 sec
09:40:07.537 [JavaFX Application Thread] DEBUG Input                - Clearing active input actions
09:40:07.546 [JavaFX Application Thread] DEBUG GameApplicationServi - Removing overlay from FXGLLoadingScene and adding to GameScene
09:40:07.549 [JavaFX Application Thread] DEBUG PrimaryStageWindow   - FXGLLoadingScene -> GameScene
09:40:10.002 [JavaFX Application Thread] DEBUG PrimaryStageWindow   - Push state: FXGLDefaultMenu
09:40:10.003 [JavaFX Application Thread] DEBUG Input                - Clearing active input actions
09:40:10.004 [JavaFX Application Thread] DEBUG GameApplicationServi - Removing overlay from GameScene and adding to FXGLDefaultMenu
09:40:10.006 [JavaFX Application Thread] DEBUG PrimaryStageWindow   - GameScene -> FXGLDefaultMenu
09:40:10.262 [FXGL Background Thread 3 ] DEBUG Engine               - Logging environment variables
09:40:10.262 [FXGL Background Thread 3 ] DEBUG Engine               - achievements: []
09:40:10.262 [FXGL Background Thread 3 ] DEBUG Engine               - actualHeight: 720.0
09:40:10.263 [FXGL Background Thread 3 ] DEBUG Engine               - actualHeightProperty: ReadOnlyDoubleProperty [value: 720.0]
09:40:10.263 [FXGL Background Thread 3 ] DEBUG Engine               - actualWidth: 1280.0
09:40:10.263 [FXGL Background Thread 3 ] DEBUG Engine               - actualWidthProperty: ReadOnlyDoubleProperty [value: 1280.0]
09:40:10.263 [FXGL Background Thread 3 ] DEBUG Engine               - appIcon: fxgl_icon.png
09:40:10.263 [FXGL Background Thread 3 ] DEBUG Engine               - applicationMode: DEVELOPER
09:40:10.263 [FXGL Background Thread 3 ] DEBUG Engine               - cSSList: [fxgl_dark.css]
09:40:10.263 [FXGL Background Thread 3 ] DEBUG Engine               - collisionDetectionStrategy: BRUTE_FORCE
09:40:10.263 [FXGL Background Thread 3 ] DEBUG Engine               - configClass: Optional.empty
09:40:10.263 [FXGL Background Thread 3 ] DEBUG Engine               - credits: []
09:40:10.263 [FXGL Background Thread 3 ] DEBUG Engine               - defaultCursor: CursorInfo(imageName=fxgl_default_cursor.png, hotspotX=7.0, hotspotY=6.0)
09:40:10.263 [FXGL Background Thread 3 ] DEBUG Engine               - devBBoxColorProperty: ObjectProperty [value: 0xff0000ff]
09:40:10.264 [FXGL Background Thread 3 ] DEBUG Engine               - devEnableDebugCameraProperty: BooleanProperty [value: false]
09:40:10.264 [FXGL Background Thread 3 ] DEBUG Engine               - devSensorColorProperty: ObjectProperty [value: 0xffff00ff]
09:40:10.264 [FXGL Background Thread 3 ] DEBUG Engine               - devShowBBoxProperty: BooleanProperty [value: false]
09:40:10.264 [FXGL Background Thread 3 ] DEBUG Engine               - devShowPositionProperty: BooleanProperty [value: false]
09:40:10.264 [FXGL Background Thread 3 ] DEBUG Engine               - enabledMenuItems: []
09:40:10.264 [FXGL Background Thread 3 ] DEBUG Engine               - engineServices: [class com.almasb.fxgl.app.services.FXGLAssetLoaderService, class com.almasb.fxgl.app.FXGLApplication$GameApplicationService, class com.almasb.fxgl.app.services.FXGLDialogService, class com.almasb.fxgl.app.services.IOTaskExecutorService, class com.almasb.fxgl.io.FileSystemService, class com.almasb.fxgl.localization.LocalizationService, class com.almasb.fxgl.app.services.SystemBundleService, class com.almasb.fxgl.profile.SaveLoadService, class com.almasb.fxgl.ui.FXGLUIFactoryServiceProvider, class com.almasb.fxgl.ui.FXGLDialogFactoryServiceProvider, class com.almasb.fxgl.audio.AudioPlayer, class com.almasb.fxgl.notification.impl.NotificationServiceProvider, class com.almasb.fxgl.achievement.AchievementService, class com.almasb.fxgl.cutscene.CutsceneService, class com.almasb.fxgl.minigames.MiniGameService, class com.almasb.fxgl.net.NetService, class com.almasb.fxgl.app.services.UpdaterService, class com.almasb.fxgl.dev.DevService]
09:40:10.264 [FXGL Background Thread 3 ] DEBUG Engine               - fontGame: Abel-Regular.ttf
09:40:10.264 [FXGL Background Thread 3 ] DEBUG Engine               - fontMono: TerminalLandMono-Regular.otf
09:40:10.264 [FXGL Background Thread 3 ] DEBUG Engine               - fontSizeScaleUI: 1.0
09:40:10.264 [FXGL Background Thread 3 ] DEBUG Engine               - fontText: Courier-Prime.ttf
09:40:10.264 [FXGL Background Thread 3 ] DEBUG Engine               - fontUI: VarelaRound-Regular.ttf
09:40:10.264 [FXGL Background Thread 3 ] DEBUG Engine               - fullScreen: BooleanProperty [value: false]
09:40:10.264 [FXGL Background Thread 3 ] DEBUG Engine               - gameDifficulty: MEDIUM
09:40:10.264 [FXGL Background Thread 3 ] DEBUG Engine               - gameDifficultyProperty: ObjectProperty [value: MEDIUM]
09:40:10.264 [FXGL Background Thread 3 ] DEBUG Engine               - globalMusicVolume: 0.5
09:40:10.265 [FXGL Background Thread 3 ] DEBUG Engine               - globalMusicVolumeProperty: DoubleProperty [value: 0.5]
09:40:10.265 [FXGL Background Thread 3 ] DEBUG Engine               - globalSoundVolume: 0.5
09:40:10.265 [FXGL Background Thread 3 ] DEBUG Engine               - globalSoundVolumeProperty: DoubleProperty [value: 0.5]
09:40:10.265 [FXGL Background Thread 3 ] DEBUG Engine               - height: 720
09:40:10.265 [FXGL Background Thread 3 ] DEBUG Engine               - is3D: false
09:40:10.265 [FXGL Background Thread 3 ] DEBUG Engine               - isAndroid: false
09:40:10.265 [FXGL Background Thread 3 ] DEBUG Engine               - isBrowser: false
09:40:10.265 [FXGL Background Thread 3 ] DEBUG Engine               - isClickFeedbackEnabled: false
09:40:10.265 [FXGL Background Thread 3 ] DEBUG Engine               - isCloseConfirmation: false
09:40:10.265 [FXGL Background Thread 3 ] DEBUG Engine               - isDesktop: true
09:40:10.265 [FXGL Background Thread 3 ] DEBUG Engine               - isDeveloperMenuEnabled: true
09:40:10.265 [FXGL Background Thread 3 ] DEBUG Engine               - isEmbedded: false
09:40:10.265 [FXGL Background Thread 3 ] DEBUG Engine               - isEntityPreloadEnabled: true
09:40:10.265 [FXGL Background Thread 3 ] DEBUG Engine               - isExperimentalTiledLargeMap: false
09:40:10.265 [FXGL Background Thread 3 ] DEBUG Engine               - isFileSystemWriteAllowed: true
09:40:10.265 [FXGL Background Thread 3 ] DEBUG Engine               - isFullScreenAllowed: true
09:40:10.265 [FXGL Background Thread 3 ] DEBUG Engine               - isFullScreenFromStart: false
09:40:10.265 [FXGL Background Thread 3 ] DEBUG Engine               - isGameMenuEnabled: true
09:40:10.265 [FXGL Background Thread 3 ] DEBUG Engine               - isIOS: false
09:40:10.265 [FXGL Background Thread 3 ] DEBUG Engine               - isIntroEnabled: false
09:40:10.265 [FXGL Background Thread 3 ] DEBUG Engine               - isLinux: false
09:40:10.266 [FXGL Background Thread 3 ] DEBUG Engine               - isMac: false
09:40:10.266 [FXGL Background Thread 3 ] DEBUG Engine               - isMainMenuEnabled: false
09:40:10.266 [FXGL Background Thread 3 ] DEBUG Engine               - isManualResizeEnabled: false
09:40:10.266 [FXGL Background Thread 3 ] DEBUG Engine               - isMobile: false
09:40:10.266 [FXGL Background Thread 3 ] DEBUG Engine               - isNative: false
09:40:10.266 [FXGL Background Thread 3 ] DEBUG Engine               - isPauseMusicWhenMinimized: true
09:40:10.266 [FXGL Background Thread 3 ] DEBUG Engine               - isPreserveResizeRatio: false
09:40:10.266 [FXGL Background Thread 3 ] DEBUG Engine               - isProfilingEnabled: false
09:40:10.266 [FXGL Background Thread 3 ] DEBUG Engine               - isScaleAffectedOnResize: true
09:40:10.266 [FXGL Background Thread 3 ] DEBUG Engine               - isSingleStep: false
09:40:10.266 [FXGL Background Thread 3 ] DEBUG Engine               - isUserProfileEnabled: false
09:40:10.266 [FXGL Background Thread 3 ] DEBUG Engine               - isWindows: true
09:40:10.266 [FXGL Background Thread 3 ] DEBUG Engine               - language: ObjectProperty [value: ENGLISH]
09:40:10.266 [FXGL Background Thread 3 ] DEBUG Engine               - menuKey: ESCAPE
09:40:10.266 [FXGL Background Thread 3 ] DEBUG Engine               - mouseSensitivity: 0.2
09:40:10.266 [FXGL Background Thread 3 ] DEBUG Engine               - notificationViewClass: class com.almasb.fxgl.notification.view.XboxNotificationView
09:40:10.266 [FXGL Background Thread 3 ] DEBUG Engine               - pixelsPerMeter: 50.0
09:40:10.266 [FXGL Background Thread 3 ] DEBUG Engine               - platform: WINDOWS
09:40:10.266 [FXGL Background Thread 3 ] DEBUG Engine               - prefHeightProperty: ReadOnlyDoubleProperty [value: 720.0]
09:40:10.267 [FXGL Background Thread 3 ] DEBUG Engine               - prefWidthProperty: ReadOnlyDoubleProperty [value: 1280.0]
09:40:10.267 [FXGL Background Thread 3 ] DEBUG Engine               - profileDir: profiles/
09:40:10.267 [FXGL Background Thread 3 ] DEBUG Engine               - profileName: StringProperty [value: DEFAULT]
09:40:10.267 [FXGL Background Thread 3 ] DEBUG Engine               - randomSeed: -1
09:40:10.267 [FXGL Background Thread 3 ] DEBUG Engine               - runtimeInfo: RuntimeInfo(platform=WINDOWS, version=17.3, build=30.03.2023 11.49)
09:40:10.267 [FXGL Background Thread 3 ] DEBUG Engine               - saveFileExt: sav
09:40:10.267 [FXGL Background Thread 3 ] DEBUG Engine               - scaledHeightProp$fxgl: DoubleProperty [bound, value: 720.0]
09:40:10.267 [FXGL Background Thread 3 ] DEBUG Engine               - scaledWidthProp$fxgl: DoubleProperty [bound, value: 1280.0]
09:40:10.267 [FXGL Background Thread 3 ] DEBUG Engine               - sceneFactory: com.almasb.fxgl.app.scene.SceneFactory@22a832db
09:40:10.267 [FXGL Background Thread 3 ] DEBUG Engine               - secondsIn24h: 60
09:40:10.268 [FXGL Background Thread 3 ] DEBUG Engine               - soundMenuBack: menu/back.wav
09:40:10.268 [FXGL Background Thread 3 ] DEBUG Engine               - soundMenuPress: menu/press.wav
09:40:10.268 [FXGL Background Thread 3 ] DEBUG Engine               - soundMenuSelect: menu/select.wav
09:40:10.268 [FXGL Background Thread 3 ] DEBUG Engine               - soundNotification: core/notification.wav
09:40:10.268 [FXGL Background Thread 3 ] DEBUG Engine               - stageStyle: DECORATED
09:40:10.268 [FXGL Background Thread 3 ] DEBUG Engine               - supportedLanguages: [ENGLISH, FRENCH, GERMAN, HUNGARIAN, RUSSIAN]
09:40:10.268 [FXGL Background Thread 3 ] DEBUG Engine               - ticksPerSecond: -1
09:40:10.268 [FXGL Background Thread 3 ] DEBUG Engine               - title: Silenciados
09:40:10.268 [FXGL Background Thread 3 ] DEBUG Engine               - urlGithub: https://github.com/AlmasB/FXGL
09:40:10.268 [FXGL Background Thread 3 ] DEBUG Engine               - urlLeaderboard: http://fxgl-top.herokuapp.com/
09:40:10.268 [FXGL Background Thread 3 ] DEBUG Engine               - urlPOM: https://raw.githubusercontent.com/AlmasB/FXGL/release/README.md
09:40:10.268 [FXGL Background Thread 3 ] DEBUG Engine               - userAppClass: class Interface.SilenciadosApp
09:40:10.268 [FXGL Background Thread 3 ] DEBUG Engine               - version: 0.1
09:40:10.268 [FXGL Background Thread 3 ] DEBUG Engine               - versionCheckDays: 7
09:40:10.268 [FXGL Background Thread 3 ] DEBUG Engine               - width: 1280
09:40:10.268 [FXGL Background Thread 3 ] DEBUG Engine               - Logging services
09:40:10.268 [FXGL Background Thread 3 ] DEBUG Engine               - class com.almasb.fxgl.app.services.FXGLAssetLoaderService
09:40:10.268 [FXGL Background Thread 3 ] DEBUG Engine               - class com.almasb.fxgl.app.FXGLApplication$GameApplicationService
09:40:10.268 [FXGL Background Thread 3 ] DEBUG Engine               - class com.almasb.fxgl.app.services.FXGLDialogService
09:40:10.268 [FXGL Background Thread 3 ] DEBUG Engine               - class com.almasb.fxgl.app.services.IOTaskExecutorService
09:40:10.268 [FXGL Background Thread 3 ] DEBUG Engine               - class com.almasb.fxgl.io.FileSystemService
09:40:10.268 [FXGL Background Thread 3 ] DEBUG Engine               - class com.almasb.fxgl.localization.LocalizationService
09:40:10.268 [FXGL Background Thread 3 ] DEBUG Engine               - class com.almasb.fxgl.app.services.SystemBundleService
09:40:10.268 [FXGL Background Thread 3 ] DEBUG Engine               - class com.almasb.fxgl.profile.SaveLoadService
09:40:10.268 [FXGL Background Thread 3 ] DEBUG Engine               - class com.almasb.fxgl.ui.FXGLUIFactoryServiceProvider
09:40:10.268 [FXGL Background Thread 3 ] DEBUG Engine               - class com.almasb.fxgl.ui.FXGLDialogFactoryServiceProvider
09:40:10.268 [FXGL Background Thread 3 ] DEBUG Engine               - class com.almasb.fxgl.audio.AudioPlayer
09:40:10.268 [FXGL Background Thread 3 ] DEBUG Engine               - class com.almasb.fxgl.notification.impl.NotificationServiceProvider
09:40:10.268 [FXGL Background Thread 3 ] DEBUG Engine               - class com.almasb.fxgl.achievement.AchievementService
09:40:10.268 [FXGL Background Thread 3 ] DEBUG Engine               - class com.almasb.fxgl.cutscene.CutsceneService
09:40:10.268 [FXGL Background Thread 3 ] DEBUG Engine               - class com.almasb.fxgl.minigames.MiniGameService
09:40:10.268 [FXGL Background Thread 3 ] DEBUG Engine               - class com.almasb.fxgl.net.NetService
09:40:10.268 [FXGL Background Thread 3 ] DEBUG Engine               - class com.almasb.fxgl.app.services.UpdaterService
09:40:10.270 [FXGL Background Thread 3 ] DEBUG Engine               - class com.almasb.fxgl.dev.DevService
09:40:11.476 [JavaFX Application Thread] DEBUG PrimaryStageWindow   - Pop state: FXGLDefaultMenu
09:40:11.476 [JavaFX Application Thread] DEBUG Input                - Clearing active input actions
09:40:11.476 [JavaFX Application Thread] DEBUG GameApplicationServi - Removing overlay from FXGLDefaultMenu and adding to GameScene
09:40:11.477 [JavaFX Application Thread] DEBUG PrimaryStageWindow   - GameScene <- FXGLDefaultMenu
09:40:38.417 [JavaFX Application Thread] DEBUG PrimaryStageWindow   - Push state: FXGLDefaultMenu
09:40:38.417 [JavaFX Application Thread] DEBUG Input                - Clearing active input actions
09:40:38.419 [JavaFX Application Thread] DEBUG GameApplicationServi - Removing overlay from GameScene and adding to FXGLDefaultMenu
09:40:38.419 [JavaFX Application Thread] DEBUG PrimaryStageWindow   - GameScene -> FXGLDefaultMenu
09:40:39.661 [JavaFX Application Thread] DEBUG Menu                 - fireExit()
09:40:39.662 [JavaFX Application Thread] DEBUG PrimaryStageWindow   - Push state: DialogSubScene
09:40:39.662 [JavaFX Application Thread] DEBUG Input                - Clearing active input actions
09:40:39.663 [JavaFX Application Thread] DEBUG GameApplicationServi - Removing overlay from FXGLDefaultMenu and adding to DialogSubScene
09:40:39.663 [JavaFX Application Thread] DEBUG PrimaryStageWindow   - FXGLDefaultMenu -> DialogSubScene
09:40:40.176 [JavaFX Application Thread] DEBUG PrimaryStageWindow   - Pop state: DialogSubScene
09:40:40.176 [JavaFX Application Thread] DEBUG Input                - Clearing active input actions
09:40:40.177 [JavaFX Application Thread] DEBUG GameApplicationServi - Removing overlay from DialogSubScene and adding to FXGLDefaultMenu
09:40:40.177 [JavaFX Application Thread] DEBUG PrimaryStageWindow   - FXGLDefaultMenu <- DialogSubScene
09:40:40.177 [JavaFX Application Thread] DEBUG FXGLApplication      - Exiting FXGL
09:40:40.177 [JavaFX Application Thread] DEBUG LoopRunner           - Stopping loop
09:40:40.177 [JavaFX Application Thread] DEBUG SystemBundleService  - Saving FXGL system data
09:40:40.179 [JavaFX Application Thread] DEBUG FileSystemAccess     - Writing to: C:\Users\thiag\OneDrive\Documentos\GitHub\RPGemturnosG1\Jogo\system\fxgl.bundle
09:40:40.181 [JavaFX Application Thread] DEBUG Async                - Shutting down background threads
09:40:40.181 [JavaFX Application Thread] DEBUG PrimaryStageWindow   - Closing main window
09:40:40.191 [JavaFX Application Thread] DEBUG Logger               - Closing Logger
