09:42:30.348 [main                     ] DEBUG Logger               - Configured Logger
09:42:30.367 [main                     ] DEBUG GameApplication      - Logging settings
Title: Silenciados
Version: 0.1
Width: 1280
Height: 720
Fullscreen: true
Intro: false
Profiling: false
Single step:false
App Mode: DEVELOPER
Menu Key: ESCAPE
Stage Style: DECORATED
Scene Factory: class com.almasb.fxgl.app.scene.SceneFactory

09:42:30.642 [JavaFX Application Thread] DEBUG FXGLApplication      - Initializing FXGL
09:42:30.646 [JavaFX Application Thread] INFO  Engine               - FXGL-17.3 (30.03.2023 11.49) on WINDOWS (J:21.0.1 FX:20)
09:42:30.646 [JavaFX Application Thread] DEBUG Engine               - JRE Vendor Name: Oracle Corporation
09:42:30.646 [JavaFX Application Thread] DEBUG Engine               - Running on OS: Windows 11 version 10.0
09:42:30.646 [JavaFX Application Thread] DEBUG Engine               - Architecture: amd64
09:42:30.647 [JavaFX Application Thread] INFO  Engine               - Source code and latest versions at: https://github.com/AlmasB/FXGL
09:42:30.647 [JavaFX Application Thread] INFO  Engine               -       Ask questions and discuss at: https://github.com/AlmasB/FXGL/discussions
09:42:30.647 [JavaFX Application Thread] INFO  Engine               -              Join the FXGL chat at: https://gitter.im/AlmasB/FXGL
09:42:30.715 [JavaFX Application Thread] DEBUG PrimaryStageWindow   - Creating a JavaFX scene
09:42:30.752 [JavaFX Application Thread] DEBUG PrimaryStageWindow   - Target settings size: 1280.0 x 720.0
09:42:30.752 [JavaFX Application Thread] DEBUG PrimaryStageWindow   - Scaled scene size:    1280.0 x 720.0
09:42:30.752 [JavaFX Application Thread] DEBUG PrimaryStageWindow   - Scaled ratio: (1.0, 1.0)
09:42:30.753 [JavaFX Application Thread] DEBUG PrimaryStageWindow   - Set initial scene to FXGLStartupScene
09:42:30.756 [JavaFX Application Thread] DEBUG PrimaryStageWindow   - Opening main window
09:42:30.840 [JavaFX Application Thread] DEBUG PrimaryStageWindow   - Window border size: (14.4000244140625, 37.5999755859375)
09:42:30.841 [JavaFX Application Thread] DEBUG PrimaryStageWindow   - Scaled size: 1280.0 x 720.0
09:42:30.841 [JavaFX Application Thread] DEBUG PrimaryStageWindow   - Scaled ratio: (1.0, 1.0)
09:42:30.841 [JavaFX Application Thread] DEBUG PrimaryStageWindow   - Scene size: 1280.0 x 720.0
09:42:30.842 [JavaFX Application Thread] DEBUG PrimaryStageWindow   - Stage size: 1294.4000244140625 x 757.5999755859375
09:42:30.851 [FXGL Background Thread 1 ] DEBUG Engine               - Initializing environment variables
09:42:30.904 [FXGL Background Thread 1 ] DEBUG FXGLAssetLoaderServi - User app class for loading assets: class Interface.SilenciadosApp
09:42:30.904 [FXGL Background Thread 1 ] DEBUG GameApplicationServi - Applying CSS: fxgl_dark.css
09:42:30.905 [FXGL Background Thread 1 ] DEBUG FXGLAssetLoaderServi - Loading from file system: jar:file:///C:/Users/thiag/.m2/repository/com/github/almasb/fxgl/17.3/fxgl-17.3.jar!/fxglassets/ui/css/fxgl_dark.css
09:42:30.943 [FXGL Background Thread 1 ] DEBUG GameApplicationServi - Initializing application scenes
09:42:30.967 [FXGL Background Thread 1 ] DEBUG GameWorld            - Game world initialized
09:42:31.021 [FXGL Background Thread 1 ] DEBUG PhysicsWorld         - Physics world initialized: appHeight=720, physics.ppm=50,0
09:42:31.021 [FXGL Background Thread 1 ] DEBUG PhysicsWorld         - Using strategy: BRUTE_FORCE
09:42:31.024 [FXGL Background Thread 1 ] DEBUG GameScene            - Game scene initialized: 1280x720
09:42:31.036 [FXGL Background Thread 1 ] DEBUG FXGL.DefaultMenu     - createMenuBodyGameMenu()
09:42:31.048 [FXGL Background Thread 1 ] DEBUG FXGL.DefaultMenu     - createOptionsMenu()
09:42:31.057 [FXGL Background Thread 1 ] DEBUG FXGLAssetLoaderServi - Loading from file system: jar:file:///C:/Users/thiag/.m2/repository/com/github/almasb/fxgl/17.3/fxgl-17.3.jar!/fxglassets/textures/particles/smoke.png
09:42:31.138 [FXGL Background Thread 1 ] DEBUG FXGLAssetLoaderServi - Loading from file system: jar:file:///C:/Users/thiag/.m2/repository/com/github/almasb/fxgl/17.3/fxgl-17.3.jar!/fxglassets/textures/particles/trace_horizontal.png
09:42:31.162 [FXGL Background Thread 1 ] DEBUG GameApplicationServi - Application scenes initialized
09:42:31.171 [FXGL Background Thread 1 ] DEBUG SystemBundleService  - Loading FXGL system data
09:42:31.175 [FXGL Background Thread 1 ] DEBUG FileSystemAccess     - Reading from: C:\Users\thiag\OneDrive\Documentos\GitHub\RPGemturnosG1\Jogo\system\fxgl.bundle
09:42:31.184 [FXGL Background Thread 1 ] DEBUG SystemBundleService  - Bundle FXGL: {}
09:42:31.185 [FXGL Background Thread 1 ] DEBUG UpdaterService       - Checking for updates
09:42:31.205 [FXGL Background Thread 4 ] DEBUG FXGLApplication      - Loading fonts
09:42:31.205 [FXGL Background Thread 1 ] DEBUG FXGLApplication      - Loading default localization
09:42:31.205 [FXGL Background Thread 4 ] DEBUG FXGLAssetLoaderServi - Loading from file system: jar:file:///C:/Users/thiag/.m2/repository/com/github/almasb/fxgl/17.3/fxgl-17.3.jar!/fxglassets/ui/fonts/VarelaRound-Regular.ttf
09:42:31.206 [FXGL Background Thread 1 ] DEBUG FXGLAssetLoaderServi - Loading from file system: jar:file:///C:/Users/thiag/.m2/repository/com/github/almasb/fxgl/17.3/fxgl-17.3.jar!/fxglassets/languages/english.lang
09:42:31.222 [FXGL Background Thread 1 ] INFO  FXGLApplication      - FXGL initialization took: 0,372 sec
09:42:31.230 [JavaFX Application Thread] DEBUG Input                - Registered new binding: Move Right - D
09:42:31.231 [JavaFX Application Thread] DEBUG Input                - Registered new binding: Move Left - A
09:42:31.231 [JavaFX Application Thread] DEBUG Input                - Registered new binding: Move Up - W
09:42:31.231 [JavaFX Application Thread] DEBUG Input                - Registered new binding: Move Down - S
09:42:31.231 [JavaFX Application Thread] DEBUG FXGLAssetLoaderServi - Loading from file system: jar:file:///C:/Users/thiag/.m2/repository/com/github/almasb/fxgl/17.3/fxgl-17.3.jar!/fxglassets/textures/fxgl_icon.png
09:42:31.233 [FXGL Background Thread 4 ] DEBUG FXGLAssetLoaderServi - Loading from file system: jar:file:///C:/Users/thiag/.m2/repository/com/github/almasb/fxgl/17.3/fxgl-17.3.jar!/fxglassets/ui/fonts/Abel-Regular.ttf
09:42:31.236 [FXGL Background Thread 4 ] DEBUG FXGLAssetLoaderServi - Loading from file system: jar:file:///C:/Users/thiag/.m2/repository/com/github/almasb/fxgl/17.3/fxgl-17.3.jar!/fxglassets/ui/fonts/TerminalLandMono-Regular.otf
09:42:31.240 [FXGL Background Thread 4 ] DEBUG FXGLAssetLoaderServi - Loading from file system: jar:file:///C:/Users/thiag/.m2/repository/com/github/almasb/fxgl/17.3/fxgl-17.3.jar!/fxglassets/ui/fonts/Courier-Prime.ttf
09:42:31.251 [JavaFX Application Thread] DEBUG FXGLAssetLoaderServi - Loading from file system: jar:file:///C:/Users/thiag/.m2/repository/com/github/almasb/fxgl/17.3/fxgl-17.3.jar!/fxglassets/textures/fxgl_default_cursor.png
09:42:31.254 [JavaFX Application Thread] DEBUG Input                - Registered new binding: Screenshot - CTRL+8
09:42:31.254 [JavaFX Application Thread] DEBUG Input                - Registered new binding: Dev Options - 1
09:42:31.254 [JavaFX Application Thread] DEBUG Input                - Registered new binding: Dev Console - 2
09:42:31.255 [JavaFX Application Thread] DEBUG Input                - Registered new binding: System info dump - CTRL+9
09:42:31.255 [JavaFX Application Thread] DEBUG Input                - Registered new binding: Restart - CTRL+R
09:42:31.255 [JavaFX Application Thread] DEBUG Input                - Registered new binding: Toggle Debug Camera - CTRL+7
09:42:31.258 [JavaFX Application Thread] DEBUG LoopRunner           - Starting loop
09:42:31.270 [JavaFX Application Thread] DEBUG LoopRunner           - Initializing JavaFX AnimationTimerLoop
09:42:31.271 [JavaFX Application Thread] DEBUG GameApplicationServi - Starting new game
09:42:31.271 [JavaFX Application Thread] DEBUG Input                - Clearing active input actions
09:42:31.281 [JavaFX Application Thread] DEBUG GameApplicationServi - Removing overlay from FXGLStartupScene and adding to FXGLLoadingScene
09:42:31.283 [JavaFX Application Thread] DEBUG PrimaryStageWindow   - FXGLStartupScene -> FXGLLoadingScene
09:42:31.283 [JavaFX Application Thread] DEBUG GameApplicationServi - Clearing previous game
09:42:31.283 [JavaFX Application Thread] DEBUG GameScene            - Clearing game scene
09:42:31.284 [JavaFX Application Thread] DEBUG GameWorld            - Clearing game world
09:42:31.284 [JavaFX Application Thread] DEBUG PhysicsWorld         - Clearing physics world
09:42:31.285 [FXGL Background Thread 4 ] DEBUG FXGLApplication      - Initializing game
09:42:31.285 [JavaFX Application Thread] DEBUG FXGLApplication      - Registering font factories with UI factory
09:42:31.329 [FXGL Background Thread 4 ] WARN  TMXLevelLoader       - TiledMap generated from 1.10.2. Supported version: 1.9.0. Some features may not be parsed fully.
09:42:31.347 [FXGL Background Thread 4 ] DEBUG TMXLevelLoader       - Parsed TiledMap: file:/C:/Users/thiag/OneDrive/Documentos/GitHub/RPGemturnosG1/Jogo/target/classes/assets/levels/Mansao.tmx
09:42:31.349 [FXGL Background Thread 4 ] DEBUG TMXLevelLoader       - Creating tile layer entities
09:42:31.350 [FXGL Background Thread 4 ] DEBUG TilesetLoader        - Loading view for layer Chão
09:42:31.351 [FXGL Background Thread 4 ] DEBUG TilesetLoader        - Created buffer with size 1280.0x768.0
09:42:31.361 [FXGL Background Thread 4 ] DEBUG TilesetLoader        - Loading view for layer ChãoGraminhas
09:42:31.364 [FXGL Background Thread 4 ] DEBUG TilesetLoader        - Created buffer with size 1280.0x768.0
09:42:31.368 [FXGL Background Thread 4 ] DEBUG TilesetLoader        - Loading view for layer Árvores
09:42:31.371 [FXGL Background Thread 4 ] DEBUG TilesetLoader        - Created buffer with size 1280.0x768.0
09:42:31.378 [FXGL Background Thread 4 ] DEBUG TilesetLoader        - Loading view for layer arvore
09:42:31.380 [FXGL Background Thread 4 ] DEBUG TilesetLoader        - Created buffer with size 1280.0x768.0
09:42:31.381 [FXGL Background Thread 4 ] DEBUG TilesetLoader        - Loading view for layer Mansao
09:42:31.384 [FXGL Background Thread 4 ] DEBUG TilesetLoader        - Created buffer with size 1280.0x768.0
09:42:31.386 [FXGL Background Thread 4 ] DEBUG TilesetLoader        - Loading view for layer ARVORE2.0
09:42:31.388 [FXGL Background Thread 4 ] DEBUG TilesetLoader        - Created buffer with size 1280.0x768.0
09:42:31.389 [FXGL Background Thread 4 ] DEBUG TMXLevelLoader       - Creating object layer entities
09:42:31.415 [FXGL Background Thread 4 ] DEBUG GameWorld            - Clearing removable entities
09:42:31.415 [FXGL Background Thread 4 ] DEBUG GameWorld            - Setting level: com.almasb.fxgl.entity.level.Level@5dcb625b
09:42:31.422 [FXGL Background Thread 4 ] DEBUG FXGLAssetLoaderServi - Loading from file system: file:/C:/Users/thiag/OneDrive/Documentos/GitHub/RPGemturnosG1/Jogo/target/classes/assets/textures/dev_player.png
09:42:31.442 [FXGL Background Thread 4 ] WARN  GameWorld            - Entity is already attached to world
09:42:31.443 [FXGL Background Thread 4 ] WARN  GameWorld            - Entity is already attached to world
09:42:31.444 [FXGL Background Thread 4 ] DEBUG FXGLAssetLoaderServi - Loading from file system: file:/C:/Users/thiag/OneDrive/Documentos/GitHub/RPGemturnosG1/Jogo/target/classes/assets/textures/male_hurt.png
09:42:31.446 [FXGL Background Thread 4 ] WARN  GameWorld            - Entity is already attached to world
09:42:31.446 [FXGL Background Thread 4 ] INFO  FXGLApplication      - Game initialization took: 0,161 sec
09:42:31.475 [JavaFX Application Thread] DEBUG Input                - Clearing active input actions
09:42:31.485 [JavaFX Application Thread] DEBUG GameApplicationServi - Removing overlay from FXGLLoadingScene and adding to GameScene
09:42:31.488 [JavaFX Application Thread] DEBUG PrimaryStageWindow   - FXGLLoadingScene -> GameScene
09:42:33.031 [JavaFX Application Thread] DEBUG PrimaryStageWindow   - Push state: FXGLDefaultMenu
09:42:33.033 [JavaFX Application Thread] DEBUG Input                - Clearing active input actions
09:42:33.034 [JavaFX Application Thread] DEBUG GameApplicationServi - Removing overlay from GameScene and adding to FXGLDefaultMenu
09:42:33.036 [JavaFX Application Thread] DEBUG PrimaryStageWindow   - GameScene -> FXGLDefaultMenu
09:42:33.657 [JavaFX Application Thread] DEBUG Menu                 - fireExit()
09:42:33.663 [JavaFX Application Thread] DEBUG PrimaryStageWindow   - Push state: DialogSubScene
09:42:33.663 [JavaFX Application Thread] DEBUG Input                - Clearing active input actions
09:42:33.664 [JavaFX Application Thread] DEBUG GameApplicationServi - Removing overlay from FXGLDefaultMenu and adding to DialogSubScene
09:42:33.665 [JavaFX Application Thread] DEBUG PrimaryStageWindow   - FXGLDefaultMenu -> DialogSubScene
09:42:34.205 [FXGL Background Thread 3 ] DEBUG Engine               - Logging environment variables
09:42:34.205 [FXGL Background Thread 3 ] DEBUG Engine               - achievements: []
09:42:34.205 [FXGL Background Thread 3 ] DEBUG Engine               - actualHeight: 720.0
09:42:34.205 [FXGL Background Thread 3 ] DEBUG Engine               - actualHeightProperty: ReadOnlyDoubleProperty [value: 720.0]
09:42:34.205 [FXGL Background Thread 3 ] DEBUG Engine               - actualWidth: 1280.0
09:42:34.205 [FXGL Background Thread 3 ] DEBUG Engine               - actualWidthProperty: ReadOnlyDoubleProperty [value: 1280.0]
09:42:34.205 [FXGL Background Thread 3 ] DEBUG Engine               - appIcon: fxgl_icon.png
09:42:34.206 [FXGL Background Thread 3 ] DEBUG Engine               - applicationMode: DEVELOPER
09:42:34.206 [FXGL Background Thread 3 ] DEBUG Engine               - cSSList: [fxgl_dark.css]
09:42:34.206 [FXGL Background Thread 3 ] DEBUG Engine               - collisionDetectionStrategy: BRUTE_FORCE
09:42:34.206 [FXGL Background Thread 3 ] DEBUG Engine               - configClass: Optional.empty
09:42:34.206 [FXGL Background Thread 3 ] DEBUG Engine               - credits: []
09:42:34.206 [FXGL Background Thread 3 ] DEBUG Engine               - defaultCursor: CursorInfo(imageName=fxgl_default_cursor.png, hotspotX=7.0, hotspotY=6.0)
09:42:34.206 [FXGL Background Thread 3 ] DEBUG Engine               - devBBoxColorProperty: ObjectProperty [value: 0xff0000ff]
09:42:34.206 [FXGL Background Thread 3 ] DEBUG Engine               - devEnableDebugCameraProperty: BooleanProperty [value: false]
09:42:34.206 [FXGL Background Thread 3 ] DEBUG Engine               - devSensorColorProperty: ObjectProperty [value: 0xffff00ff]
09:42:34.206 [FXGL Background Thread 3 ] DEBUG Engine               - devShowBBoxProperty: BooleanProperty [value: false]
09:42:34.206 [FXGL Background Thread 3 ] DEBUG Engine               - devShowPositionProperty: BooleanProperty [value: false]
09:42:34.206 [FXGL Background Thread 3 ] DEBUG Engine               - enabledMenuItems: []
09:42:34.206 [FXGL Background Thread 3 ] DEBUG Engine               - engineServices: [class com.almasb.fxgl.app.services.FXGLAssetLoaderService, class com.almasb.fxgl.app.FXGLApplication$GameApplicationService, class com.almasb.fxgl.app.services.FXGLDialogService, class com.almasb.fxgl.app.services.IOTaskExecutorService, class com.almasb.fxgl.io.FileSystemService, class com.almasb.fxgl.localization.LocalizationService, class com.almasb.fxgl.app.services.SystemBundleService, class com.almasb.fxgl.profile.SaveLoadService, class com.almasb.fxgl.ui.FXGLUIFactoryServiceProvider, class com.almasb.fxgl.ui.FXGLDialogFactoryServiceProvider, class com.almasb.fxgl.audio.AudioPlayer, class com.almasb.fxgl.notification.impl.NotificationServiceProvider, class com.almasb.fxgl.achievement.AchievementService, class com.almasb.fxgl.cutscene.CutsceneService, class com.almasb.fxgl.minigames.MiniGameService, class com.almasb.fxgl.net.NetService, class com.almasb.fxgl.app.services.UpdaterService, class com.almasb.fxgl.dev.DevService]
09:42:34.207 [FXGL Background Thread 3 ] DEBUG Engine               - fontGame: Abel-Regular.ttf
09:42:34.207 [FXGL Background Thread 3 ] DEBUG Engine               - fontMono: TerminalLandMono-Regular.otf
09:42:34.207 [FXGL Background Thread 3 ] DEBUG Engine               - fontSizeScaleUI: 1.0
09:42:34.207 [FXGL Background Thread 3 ] DEBUG Engine               - fontText: Courier-Prime.ttf
09:42:34.207 [FXGL Background Thread 3 ] DEBUG Engine               - fontUI: VarelaRound-Regular.ttf
09:42:34.207 [FXGL Background Thread 3 ] DEBUG Engine               - fullScreen: BooleanProperty [value: false]
09:42:34.207 [FXGL Background Thread 3 ] DEBUG Engine               - gameDifficulty: MEDIUM
09:42:34.207 [FXGL Background Thread 3 ] DEBUG Engine               - gameDifficultyProperty: ObjectProperty [value: MEDIUM]
09:42:34.207 [FXGL Background Thread 3 ] DEBUG Engine               - globalMusicVolume: 0.5
09:42:34.207 [FXGL Background Thread 3 ] DEBUG Engine               - globalMusicVolumeProperty: DoubleProperty [value: 0.5]
09:42:34.207 [FXGL Background Thread 3 ] DEBUG Engine               - globalSoundVolume: 0.5
09:42:34.207 [FXGL Background Thread 3 ] DEBUG Engine               - globalSoundVolumeProperty: DoubleProperty [value: 0.5]
09:42:34.207 [FXGL Background Thread 3 ] DEBUG Engine               - height: 720
09:42:34.207 [FXGL Background Thread 3 ] DEBUG Engine               - is3D: false
09:42:34.207 [FXGL Background Thread 3 ] DEBUG Engine               - isAndroid: false
09:42:34.207 [FXGL Background Thread 3 ] DEBUG Engine               - isBrowser: false
09:42:34.207 [FXGL Background Thread 3 ] DEBUG Engine               - isClickFeedbackEnabled: false
09:42:34.207 [FXGL Background Thread 3 ] DEBUG Engine               - isCloseConfirmation: false
09:42:34.207 [FXGL Background Thread 3 ] DEBUG Engine               - isDesktop: true
09:42:34.208 [FXGL Background Thread 3 ] DEBUG Engine               - isDeveloperMenuEnabled: true
09:42:34.208 [FXGL Background Thread 3 ] DEBUG Engine               - isEmbedded: false
09:42:34.208 [FXGL Background Thread 3 ] DEBUG Engine               - isEntityPreloadEnabled: true
09:42:34.208 [FXGL Background Thread 3 ] DEBUG Engine               - isExperimentalTiledLargeMap: false
09:42:34.208 [FXGL Background Thread 3 ] DEBUG Engine               - isFileSystemWriteAllowed: true
09:42:34.208 [FXGL Background Thread 3 ] DEBUG Engine               - isFullScreenAllowed: true
09:42:34.208 [FXGL Background Thread 3 ] DEBUG Engine               - isFullScreenFromStart: false
09:42:34.208 [FXGL Background Thread 3 ] DEBUG Engine               - isGameMenuEnabled: true
09:42:34.208 [FXGL Background Thread 3 ] DEBUG Engine               - isIOS: false
09:42:34.208 [FXGL Background Thread 3 ] DEBUG Engine               - isIntroEnabled: false
09:42:34.208 [FXGL Background Thread 3 ] DEBUG Engine               - isLinux: false
09:42:34.208 [FXGL Background Thread 3 ] DEBUG Engine               - isMac: false
09:42:34.208 [FXGL Background Thread 3 ] DEBUG Engine               - isMainMenuEnabled: false
09:42:34.208 [FXGL Background Thread 3 ] DEBUG Engine               - isManualResizeEnabled: false
09:42:34.208 [FXGL Background Thread 3 ] DEBUG Engine               - isMobile: false
09:42:34.208 [FXGL Background Thread 3 ] DEBUG Engine               - isNative: false
09:42:34.208 [FXGL Background Thread 3 ] DEBUG Engine               - isPauseMusicWhenMinimized: true
09:42:34.208 [FXGL Background Thread 3 ] DEBUG Engine               - isPreserveResizeRatio: false
09:42:34.208 [FXGL Background Thread 3 ] DEBUG Engine               - isProfilingEnabled: false
09:42:34.208 [FXGL Background Thread 3 ] DEBUG Engine               - isScaleAffectedOnResize: true
09:42:34.208 [FXGL Background Thread 3 ] DEBUG Engine               - isSingleStep: false
09:42:34.209 [FXGL Background Thread 3 ] DEBUG Engine               - isUserProfileEnabled: false
09:42:34.209 [FXGL Background Thread 3 ] DEBUG Engine               - isWindows: true
09:42:34.209 [FXGL Background Thread 3 ] DEBUG Engine               - language: ObjectProperty [value: ENGLISH]
09:42:34.209 [FXGL Background Thread 3 ] DEBUG Engine               - menuKey: ESCAPE
09:42:34.209 [FXGL Background Thread 3 ] DEBUG Engine               - mouseSensitivity: 0.2
09:42:34.209 [FXGL Background Thread 3 ] DEBUG Engine               - notificationViewClass: class com.almasb.fxgl.notification.view.XboxNotificationView
09:42:34.209 [FXGL Background Thread 3 ] DEBUG Engine               - pixelsPerMeter: 50.0
09:42:34.209 [FXGL Background Thread 3 ] DEBUG Engine               - platform: WINDOWS
09:42:34.209 [FXGL Background Thread 3 ] DEBUG Engine               - prefHeightProperty: ReadOnlyDoubleProperty [value: 720.0]
09:42:34.209 [FXGL Background Thread 3 ] DEBUG Engine               - prefWidthProperty: ReadOnlyDoubleProperty [value: 1280.0]
09:42:34.209 [FXGL Background Thread 3 ] DEBUG Engine               - profileDir: profiles/
09:42:34.209 [FXGL Background Thread 3 ] DEBUG Engine               - profileName: StringProperty [value: DEFAULT]
09:42:34.209 [FXGL Background Thread 3 ] DEBUG Engine               - randomSeed: -1
09:42:34.209 [FXGL Background Thread 3 ] DEBUG Engine               - runtimeInfo: RuntimeInfo(platform=WINDOWS, version=17.3, build=30.03.2023 11.49)
09:42:34.209 [FXGL Background Thread 3 ] DEBUG Engine               - saveFileExt: sav
09:42:34.210 [FXGL Background Thread 3 ] DEBUG Engine               - scaledHeightProp$fxgl: DoubleProperty [bound, value: 720.0]
09:42:34.210 [FXGL Background Thread 3 ] DEBUG Engine               - scaledWidthProp$fxgl: DoubleProperty [bound, value: 1280.0]
09:42:34.210 [FXGL Background Thread 3 ] DEBUG Engine               - sceneFactory: com.almasb.fxgl.app.scene.SceneFactory@faba8ff
09:42:34.210 [FXGL Background Thread 3 ] DEBUG Engine               - secondsIn24h: 60
09:42:34.210 [FXGL Background Thread 3 ] DEBUG Engine               - soundMenuBack: menu/back.wav
09:42:34.210 [FXGL Background Thread 3 ] DEBUG Engine               - soundMenuPress: menu/press.wav
09:42:34.210 [FXGL Background Thread 3 ] DEBUG Engine               - soundMenuSelect: menu/select.wav
09:42:34.210 [FXGL Background Thread 3 ] DEBUG Engine               - soundNotification: core/notification.wav
09:42:34.210 [FXGL Background Thread 3 ] DEBUG Engine               - stageStyle: DECORATED
09:42:34.210 [FXGL Background Thread 3 ] DEBUG Engine               - supportedLanguages: [ENGLISH, FRENCH, GERMAN, HUNGARIAN, RUSSIAN]
09:42:34.210 [FXGL Background Thread 3 ] DEBUG Engine               - ticksPerSecond: -1
09:42:34.210 [FXGL Background Thread 3 ] DEBUG Engine               - title: Silenciados
09:42:34.210 [FXGL Background Thread 3 ] DEBUG Engine               - urlGithub: https://github.com/AlmasB/FXGL
09:42:34.210 [FXGL Background Thread 3 ] DEBUG Engine               - urlLeaderboard: http://fxgl-top.herokuapp.com/
09:42:34.210 [FXGL Background Thread 3 ] DEBUG Engine               - urlPOM: https://raw.githubusercontent.com/AlmasB/FXGL/release/README.md
09:42:34.210 [FXGL Background Thread 3 ] DEBUG Engine               - userAppClass: class Interface.SilenciadosApp
09:42:34.210 [FXGL Background Thread 3 ] DEBUG Engine               - version: 0.1
09:42:34.210 [FXGL Background Thread 3 ] DEBUG Engine               - versionCheckDays: 7
09:42:34.210 [FXGL Background Thread 3 ] DEBUG Engine               - width: 1280
09:42:34.210 [FXGL Background Thread 3 ] DEBUG Engine               - Logging services
09:42:34.210 [FXGL Background Thread 3 ] DEBUG Engine               - class com.almasb.fxgl.app.services.FXGLAssetLoaderService
09:42:34.210 [FXGL Background Thread 3 ] DEBUG Engine               - class com.almasb.fxgl.app.FXGLApplication$GameApplicationService
09:42:34.210 [FXGL Background Thread 3 ] DEBUG Engine               - class com.almasb.fxgl.app.services.FXGLDialogService
09:42:34.211 [FXGL Background Thread 3 ] DEBUG Engine               - class com.almasb.fxgl.app.services.IOTaskExecutorService
09:42:34.211 [FXGL Background Thread 3 ] DEBUG Engine               - class com.almasb.fxgl.io.FileSystemService
09:42:34.211 [FXGL Background Thread 3 ] DEBUG Engine               - class com.almasb.fxgl.localization.LocalizationService
09:42:34.211 [FXGL Background Thread 3 ] DEBUG Engine               - class com.almasb.fxgl.app.services.SystemBundleService
09:42:34.211 [FXGL Background Thread 3 ] DEBUG Engine               - class com.almasb.fxgl.profile.SaveLoadService
09:42:34.211 [FXGL Background Thread 3 ] DEBUG Engine               - class com.almasb.fxgl.ui.FXGLUIFactoryServiceProvider
09:42:34.211 [FXGL Background Thread 3 ] DEBUG Engine               - class com.almasb.fxgl.ui.FXGLDialogFactoryServiceProvider
09:42:34.211 [FXGL Background Thread 3 ] DEBUG Engine               - class com.almasb.fxgl.audio.AudioPlayer
09:42:34.211 [FXGL Background Thread 3 ] DEBUG Engine               - class com.almasb.fxgl.notification.impl.NotificationServiceProvider
09:42:34.211 [FXGL Background Thread 3 ] DEBUG Engine               - class com.almasb.fxgl.achievement.AchievementService
09:42:34.211 [FXGL Background Thread 3 ] DEBUG Engine               - class com.almasb.fxgl.cutscene.CutsceneService
09:42:34.211 [FXGL Background Thread 3 ] DEBUG Engine               - class com.almasb.fxgl.minigames.MiniGameService
09:42:34.211 [FXGL Background Thread 3 ] DEBUG Engine               - class com.almasb.fxgl.net.NetService
09:42:34.211 [FXGL Background Thread 3 ] DEBUG Engine               - class com.almasb.fxgl.app.services.UpdaterService
09:42:34.211 [FXGL Background Thread 3 ] DEBUG Engine               - class com.almasb.fxgl.dev.DevService
09:42:34.303 [JavaFX Application Thread] DEBUG PrimaryStageWindow   - Pop state: DialogSubScene
09:42:34.303 [JavaFX Application Thread] DEBUG Input                - Clearing active input actions
09:42:34.304 [JavaFX Application Thread] DEBUG GameApplicationServi - Removing overlay from DialogSubScene and adding to FXGLDefaultMenu
09:42:34.305 [JavaFX Application Thread] DEBUG PrimaryStageWindow   - FXGLDefaultMenu <- DialogSubScene
09:42:34.305 [JavaFX Application Thread] DEBUG FXGLApplication      - Exiting FXGL
09:42:34.305 [JavaFX Application Thread] DEBUG LoopRunner           - Stopping loop
09:42:34.305 [JavaFX Application Thread] DEBUG SystemBundleService  - Saving FXGL system data
09:42:34.307 [JavaFX Application Thread] DEBUG FileSystemAccess     - Writing to: C:\Users\thiag\OneDrive\Documentos\GitHub\RPGemturnosG1\Jogo\system\fxgl.bundle
09:42:34.308 [JavaFX Application Thread] DEBUG Async                - Shutting down background threads
09:42:34.308 [JavaFX Application Thread] DEBUG PrimaryStageWindow   - Closing main window
09:42:34.317 [JavaFX Application Thread] DEBUG Logger               - Closing Logger
