10:09:56.399 [main                     ] DEBUG Logger               - Configured Logger
10:09:56.445 [main                     ] DEBUG GameApplication      - Logging settings
Title: Silenciados
Version: 0.1
Width: 1280
Height: 720
Fullscreen: true
Intro: false
Profiling: false
Single step:false
App Mode: DEVELOPER
Menu Key: ESCAPE
Stage Style: DECORATED
Scene Factory: class com.almasb.fxgl.app.scene.SceneFactory

10:09:56.791 [JavaFX Application Thread] DEBUG FXGLApplication      - Initializing FXGL
10:09:56.804 [JavaFX Application Thread] INFO  Engine               - FXGL-17.3 (30.03.2023 11.49) on WINDOWS (J:17.0.9 FX:20)
10:09:56.805 [JavaFX Application Thread] DEBUG Engine               - JRE Vendor Name: Oracle Corporation
10:09:56.805 [JavaFX Application Thread] DEBUG Engine               - Running on OS: Windows 11 version 10.0
10:09:56.805 [JavaFX Application Thread] DEBUG Engine               - Architecture: amd64
10:09:56.805 [JavaFX Application Thread] INFO  Engine               - Source code and latest versions at: https://github.com/AlmasB/FXGL
10:09:56.806 [JavaFX Application Thread] INFO  Engine               -       Ask questions and discuss at: https://github.com/AlmasB/FXGL/discussions
10:09:56.806 [JavaFX Application Thread] INFO  Engine               -              Join the FXGL chat at: https://gitter.im/AlmasB/FXGL
10:09:56.957 [JavaFX Application Thread] DEBUG PrimaryStageWindow   - Creating a JavaFX scene
10:09:57.027 [JavaFX Application Thread] DEBUG PrimaryStageWindow   - Target settings size: 1280.0 x 720.0
10:09:57.027 [JavaFX Application Thread] DEBUG PrimaryStageWindow   - Scaled scene size:    1280.0 x 720.0
10:09:57.028 [JavaFX Application Thread] DEBUG PrimaryStageWindow   - Scaled ratio: (1.0, 1.0)
10:09:57.029 [JavaFX Application Thread] DEBUG PrimaryStageWindow   - Set initial scene to FXGLStartupScene
10:09:57.036 [JavaFX Application Thread] DEBUG PrimaryStageWindow   - Opening main window
10:09:57.141 [JavaFX Application Thread] DEBUG PrimaryStageWindow   - Window border size: (16.0, 39.0)
10:09:57.142 [JavaFX Application Thread] DEBUG PrimaryStageWindow   - Scaled size: 1280.0 x 720.0
10:09:57.142 [JavaFX Application Thread] DEBUG PrimaryStageWindow   - Scaled ratio: (1.0, 1.0)
10:09:57.143 [JavaFX Application Thread] DEBUG PrimaryStageWindow   - Scene size: 1280.0 x 720.0
10:09:57.143 [JavaFX Application Thread] DEBUG PrimaryStageWindow   - Stage size: 1296.0 x 759.0
10:09:57.156 [FXGL Background Thread 1 ] DEBUG Engine               - Initializing environment variables
10:09:57.209 [FXGL Background Thread 1 ] DEBUG FXGLAssetLoaderServi - User app class for loading assets: class Interface.SilenciadosApp
10:09:57.210 [FXGL Background Thread 1 ] DEBUG GameApplicationServi - Applying CSS: fxgl_dark.css
10:09:57.212 [FXGL Background Thread 1 ] DEBUG FXGLAssetLoaderServi - Loading from file system: jar:file:///C:/Users/aless/.m2/repository/com/github/almasb/fxgl/17.3/fxgl-17.3.jar!/fxglassets/ui/css/fxgl_dark.css
10:09:57.291 [FXGL Background Thread 1 ] DEBUG GameApplicationServi - Initializing application scenes
10:09:57.419 [FXGL Background Thread 1 ] DEBUG GameWorld            - Game world initialized
10:09:57.492 [FXGL Background Thread 1 ] DEBUG PhysicsWorld         - Physics world initialized: appHeight=720, physics.ppm=50,0
10:09:57.493 [FXGL Background Thread 1 ] DEBUG PhysicsWorld         - Using strategy: BRUTE_FORCE
10:09:57.500 [FXGL Background Thread 1 ] DEBUG GameScene            - Game scene initialized: 1280x720
10:09:57.518 [FXGL Background Thread 1 ] DEBUG FXGL.DefaultMenu     - createMenuBodyGameMenu()
10:09:57.542 [FXGL Background Thread 1 ] DEBUG FXGL.DefaultMenu     - createOptionsMenu()
10:09:57.559 [FXGL Background Thread 1 ] DEBUG FXGLAssetLoaderServi - Loading from file system: jar:file:///C:/Users/aless/.m2/repository/com/github/almasb/fxgl/17.3/fxgl-17.3.jar!/fxglassets/textures/particles/smoke.png
10:09:57.708 [FXGL Background Thread 1 ] DEBUG FXGLAssetLoaderServi - Loading from file system: jar:file:///C:/Users/aless/.m2/repository/com/github/almasb/fxgl/17.3/fxgl-17.3.jar!/fxglassets/textures/particles/trace_horizontal.png
10:09:57.745 [FXGL Background Thread 1 ] DEBUG GameApplicationServi - Application scenes initialized
10:09:57.769 [FXGL Background Thread 1 ] DEBUG SystemBundleService  - Loading FXGL system data
10:09:57.777 [FXGL Background Thread 1 ] DEBUG FileSystemAccess     - Reading from: C:\Users\aless\OneDrive\Documentos\GitHub\RPGemturnosG1\Jogo\system\fxgl.bundle
10:09:57.790 [FXGL Background Thread 1 ] DEBUG SystemBundleService  - Bundle FXGL: {}
10:09:57.790 [FXGL Background Thread 1 ] DEBUG UpdaterService       - Checking for updates
10:09:57.834 [FXGL Background Thread 1 ] DEBUG FXGLApplication      - Loading default localization
10:09:57.835 [FXGL Background Thread 1 ] DEBUG FXGLAssetLoaderServi - Loading from file system: jar:file:///C:/Users/aless/.m2/repository/com/github/almasb/fxgl/17.3/fxgl-17.3.jar!/fxglassets/languages/english.lang
10:09:57.842 [FXGL Background Thread 4 ] DEBUG FXGLApplication      - Loading fonts
10:09:57.843 [FXGL Background Thread 4 ] DEBUG FXGLAssetLoaderServi - Loading from file system: jar:file:///C:/Users/aless/.m2/repository/com/github/almasb/fxgl/17.3/fxgl-17.3.jar!/fxglassets/ui/fonts/VarelaRound-Regular.ttf
10:09:57.876 [FXGL Background Thread 1 ] INFO  FXGLApplication      - FXGL initialization took: 0,720 sec
10:09:57.904 [JavaFX Application Thread] DEBUG Input                - Registered new binding: Move Right - D
10:09:57.904 [JavaFX Application Thread] DEBUG Input                - Registered new binding: Move Left - A
10:09:57.905 [JavaFX Application Thread] DEBUG Input                - Registered new binding: Move Up - W
10:09:57.905 [JavaFX Application Thread] DEBUG Input                - Registered new binding: Move Down - S
10:09:57.905 [JavaFX Application Thread] DEBUG FXGLAssetLoaderServi - Loading from file system: jar:file:///C:/Users/aless/.m2/repository/com/github/almasb/fxgl/17.3/fxgl-17.3.jar!/fxglassets/textures/fxgl_icon.png
10:09:57.941 [JavaFX Application Thread] DEBUG FXGLAssetLoaderServi - Loading from file system: jar:file:///C:/Users/aless/.m2/repository/com/github/almasb/fxgl/17.3/fxgl-17.3.jar!/fxglassets/textures/fxgl_default_cursor.png
10:09:57.943 [JavaFX Application Thread] DEBUG Input                - Registered new binding: Screenshot - CTRL+8
10:09:57.945 [JavaFX Application Thread] DEBUG Input                - Registered new binding: Dev Options - 1
10:09:57.949 [JavaFX Application Thread] DEBUG Input                - Registered new binding: Dev Console - 2
10:09:57.950 [JavaFX Application Thread] DEBUG Input                - Registered new binding: System info dump - CTRL+9
10:09:57.950 [JavaFX Application Thread] DEBUG Input                - Registered new binding: Restart - CTRL+R
10:09:57.951 [JavaFX Application Thread] DEBUG Input                - Registered new binding: Toggle Debug Camera - CTRL+7
10:09:57.957 [JavaFX Application Thread] DEBUG LoopRunner           - Starting loop
10:09:57.992 [JavaFX Application Thread] DEBUG LoopRunner           - Initializing JavaFX AnimationTimerLoop
10:09:57.994 [JavaFX Application Thread] DEBUG GameApplicationServi - Starting new game
10:09:57.995 [JavaFX Application Thread] DEBUG Input                - Clearing active input actions
10:09:58.021 [JavaFX Application Thread] DEBUG GameApplicationServi - Removing overlay from FXGLStartupScene and adding to FXGLLoadingScene
10:09:58.026 [JavaFX Application Thread] DEBUG PrimaryStageWindow   - FXGLStartupScene -> FXGLLoadingScene
10:09:58.026 [JavaFX Application Thread] DEBUG GameApplicationServi - Clearing previous game
10:09:58.026 [JavaFX Application Thread] DEBUG GameScene            - Clearing game scene
10:09:58.026 [JavaFX Application Thread] DEBUG GameWorld            - Clearing game world
10:09:58.026 [JavaFX Application Thread] DEBUG PhysicsWorld         - Clearing physics world
10:09:58.033 [FXGL Background Thread 1 ] DEBUG FXGLApplication      - Initializing game
10:09:58.116 [FXGL Background Thread 1 ] WARN  TMXLevelLoader       - TiledMap generated from 1.10.2. Supported version: 1.9.0. Some features may not be parsed fully.
10:09:58.159 [FXGL Background Thread 1 ] DEBUG TMXLevelLoader       - Parsed TiledMap: file:/C:/Users/aless/OneDrive/Documentos/GitHub/RPGemturnosG1/Jogo/target/classes/assets/levels/Mansao.tmx
10:09:58.160 [FXGL Background Thread 1 ] DEBUG TMXLevelLoader       - Creating tile layer entities
10:09:58.164 [FXGL Background Thread 1 ] DEBUG TilesetLoader        - Loading view for layer Chão
10:09:58.167 [FXGL Background Thread 1 ] DEBUG TilesetLoader        - Created buffer with size 1280.0x768.0
10:09:58.225 [FXGL Background Thread 1 ] DEBUG TilesetLoader        - Loading view for layer ChãoGraminhas
10:09:58.230 [FXGL Background Thread 1 ] DEBUG TilesetLoader        - Created buffer with size 1280.0x768.0
10:09:58.251 [FXGL Background Thread 1 ] DEBUG TilesetLoader        - Loading view for layer Árvores
10:09:58.254 [FXGL Background Thread 1 ] DEBUG TilesetLoader        - Created buffer with size 1280.0x768.0
10:09:58.276 [FXGL Background Thread 1 ] DEBUG TilesetLoader        - Loading view for layer arvore
10:09:58.280 [FXGL Background Thread 1 ] DEBUG TilesetLoader        - Created buffer with size 1280.0x768.0
10:09:58.288 [FXGL Background Thread 1 ] DEBUG TilesetLoader        - Loading view for layer Mansao
10:09:58.293 [FXGL Background Thread 1 ] DEBUG TilesetLoader        - Created buffer with size 1280.0x768.0
10:09:58.300 [FXGL Background Thread 1 ] DEBUG TilesetLoader        - Loading view for layer ARVORE2.0
10:09:58.306 [FXGL Background Thread 1 ] DEBUG TilesetLoader        - Created buffer with size 1280.0x768.0
10:09:58.307 [FXGL Background Thread 1 ] DEBUG TMXLevelLoader       - Creating object layer entities
10:09:58.381 [FXGL Background Thread 1 ] DEBUG GameWorld            - Clearing removable entities
10:09:58.384 [FXGL Background Thread 1 ] DEBUG GameWorld            - Setting level: com.almasb.fxgl.entity.level.Level@3d8a2afc
10:09:58.405 [FXGL Background Thread 1 ] DEBUG FXGLAssetLoaderServi - Loading from file system: file:/C:/Users/aless/OneDrive/Documentos/GitHub/RPGemturnosG1/Jogo/target/classes/assets/textures/dev_player.png
10:09:58.469 [FXGL Background Thread 1 ] WARN  GameWorld            - Entity is already attached to world
10:09:58.470 [FXGL Background Thread 1 ] WARN  GameWorld            - Entity is already attached to world
10:09:58.473 [FXGL Background Thread 1 ] DEBUG FXGLAssetLoaderServi - Loading from file system: file:/C:/Users/aless/OneDrive/Documentos/GitHub/RPGemturnosG1/Jogo/target/classes/assets/textures/male_hurt.png
10:09:58.488 [FXGL Background Thread 1 ] WARN  GameWorld            - Entity is already attached to world
10:09:58.500 [FXGL Background Thread 1 ] INFO  FXGLApplication      - Game initialization took: 0,466 sec
10:09:58.576 [JavaFX Application Thread] DEBUG Input                - Clearing active input actions
10:09:58.589 [JavaFX Application Thread] DEBUG GameApplicationServi - Removing overlay from FXGLLoadingScene and adding to GameScene
10:09:58.600 [JavaFX Application Thread] DEBUG PrimaryStageWindow   - FXGLLoadingScene -> GameScene
10:09:58.773 [FXGL Background Thread 4 ] DEBUG FXGLAssetLoaderServi - Loading from file system: jar:file:///C:/Users/aless/.m2/repository/com/github/almasb/fxgl/17.3/fxgl-17.3.jar!/fxglassets/ui/fonts/Abel-Regular.ttf
10:09:58.782 [FXGL Background Thread 4 ] DEBUG FXGLAssetLoaderServi - Loading from file system: jar:file:///C:/Users/aless/.m2/repository/com/github/almasb/fxgl/17.3/fxgl-17.3.jar!/fxglassets/ui/fonts/TerminalLandMono-Regular.otf
10:09:58.788 [FXGL Background Thread 4 ] DEBUG FXGLAssetLoaderServi - Loading from file system: jar:file:///C:/Users/aless/.m2/repository/com/github/almasb/fxgl/17.3/fxgl-17.3.jar!/fxglassets/ui/fonts/Courier-Prime.ttf
10:09:58.819 [JavaFX Application Thread] DEBUG FXGLApplication      - Registering font factories with UI factory
10:10:00.829 [FXGL Background Thread 3 ] DEBUG Engine               - Logging environment variables
10:10:00.830 [FXGL Background Thread 3 ] DEBUG Engine               - achievements: []
10:10:00.830 [FXGL Background Thread 3 ] DEBUG Engine               - actualHeight: 720.0
10:10:00.830 [FXGL Background Thread 3 ] DEBUG Engine               - actualHeightProperty: ReadOnlyDoubleProperty [value: 720.0]
10:10:00.831 [FXGL Background Thread 3 ] DEBUG Engine               - actualWidth: 1280.0
10:10:00.831 [FXGL Background Thread 3 ] DEBUG Engine               - actualWidthProperty: ReadOnlyDoubleProperty [value: 1280.0]
10:10:00.831 [FXGL Background Thread 3 ] DEBUG Engine               - appIcon: fxgl_icon.png
10:10:00.831 [FXGL Background Thread 3 ] DEBUG Engine               - applicationMode: DEVELOPER
10:10:00.831 [FXGL Background Thread 3 ] DEBUG Engine               - cSSList: [fxgl_dark.css]
10:10:00.831 [FXGL Background Thread 3 ] DEBUG Engine               - collisionDetectionStrategy: BRUTE_FORCE
10:10:00.831 [FXGL Background Thread 3 ] DEBUG Engine               - configClass: Optional.empty
10:10:00.831 [FXGL Background Thread 3 ] DEBUG Engine               - credits: []
10:10:00.832 [FXGL Background Thread 3 ] DEBUG Engine               - defaultCursor: CursorInfo(imageName=fxgl_default_cursor.png, hotspotX=7.0, hotspotY=6.0)
10:10:00.832 [FXGL Background Thread 3 ] DEBUG Engine               - devBBoxColorProperty: ObjectProperty [value: 0xff0000ff]
10:10:00.832 [FXGL Background Thread 3 ] DEBUG Engine               - devEnableDebugCameraProperty: BooleanProperty [value: false]
10:10:00.833 [FXGL Background Thread 3 ] DEBUG Engine               - devSensorColorProperty: ObjectProperty [value: 0xffff00ff]
10:10:00.833 [FXGL Background Thread 3 ] DEBUG Engine               - devShowBBoxProperty: BooleanProperty [value: false]
10:10:00.833 [FXGL Background Thread 3 ] DEBUG Engine               - devShowPositionProperty: BooleanProperty [value: false]
10:10:00.834 [FXGL Background Thread 3 ] DEBUG Engine               - enabledMenuItems: []
10:10:00.835 [FXGL Background Thread 3 ] DEBUG Engine               - engineServices: [class com.almasb.fxgl.app.services.FXGLAssetLoaderService, class com.almasb.fxgl.app.FXGLApplication$GameApplicationService, class com.almasb.fxgl.app.services.FXGLDialogService, class com.almasb.fxgl.app.services.IOTaskExecutorService, class com.almasb.fxgl.io.FileSystemService, class com.almasb.fxgl.localization.LocalizationService, class com.almasb.fxgl.app.services.SystemBundleService, class com.almasb.fxgl.profile.SaveLoadService, class com.almasb.fxgl.ui.FXGLUIFactoryServiceProvider, class com.almasb.fxgl.ui.FXGLDialogFactoryServiceProvider, class com.almasb.fxgl.audio.AudioPlayer, class com.almasb.fxgl.notification.impl.NotificationServiceProvider, class com.almasb.fxgl.achievement.AchievementService, class com.almasb.fxgl.cutscene.CutsceneService, class com.almasb.fxgl.minigames.MiniGameService, class com.almasb.fxgl.net.NetService, class com.almasb.fxgl.app.services.UpdaterService, class com.almasb.fxgl.dev.DevService]
10:10:00.835 [FXGL Background Thread 3 ] DEBUG Engine               - fontGame: Abel-Regular.ttf
10:10:00.836 [FXGL Background Thread 3 ] DEBUG Engine               - fontMono: TerminalLandMono-Regular.otf
10:10:00.836 [FXGL Background Thread 3 ] DEBUG Engine               - fontSizeScaleUI: 1.0
10:10:00.836 [FXGL Background Thread 3 ] DEBUG Engine               - fontText: Courier-Prime.ttf
10:10:00.837 [FXGL Background Thread 3 ] DEBUG Engine               - fontUI: VarelaRound-Regular.ttf
10:10:00.837 [FXGL Background Thread 3 ] DEBUG Engine               - fullScreen: BooleanProperty [value: false]
10:10:00.837 [FXGL Background Thread 3 ] DEBUG Engine               - gameDifficulty: MEDIUM
10:10:00.837 [FXGL Background Thread 3 ] DEBUG Engine               - gameDifficultyProperty: ObjectProperty [value: MEDIUM]
10:10:00.837 [FXGL Background Thread 3 ] DEBUG Engine               - globalMusicVolume: 0.5
10:10:00.837 [FXGL Background Thread 3 ] DEBUG Engine               - globalMusicVolumeProperty: DoubleProperty [value: 0.5]
10:10:00.837 [FXGL Background Thread 3 ] DEBUG Engine               - globalSoundVolume: 0.5
10:10:00.837 [FXGL Background Thread 3 ] DEBUG Engine               - globalSoundVolumeProperty: DoubleProperty [value: 0.5]
10:10:00.838 [FXGL Background Thread 3 ] DEBUG Engine               - height: 720
10:10:00.838 [FXGL Background Thread 3 ] DEBUG Engine               - is3D: false
10:10:00.838 [FXGL Background Thread 3 ] DEBUG Engine               - isAndroid: false
10:10:00.838 [FXGL Background Thread 3 ] DEBUG Engine               - isBrowser: false
10:10:00.838 [FXGL Background Thread 3 ] DEBUG Engine               - isClickFeedbackEnabled: false
10:10:00.838 [FXGL Background Thread 3 ] DEBUG Engine               - isCloseConfirmation: false
10:10:00.838 [FXGL Background Thread 3 ] DEBUG Engine               - isDesktop: true
10:10:00.838 [FXGL Background Thread 3 ] DEBUG Engine               - isDeveloperMenuEnabled: true
10:10:00.838 [FXGL Background Thread 3 ] DEBUG Engine               - isEmbedded: false
10:10:00.839 [FXGL Background Thread 3 ] DEBUG Engine               - isEntityPreloadEnabled: true
10:10:00.839 [FXGL Background Thread 3 ] DEBUG Engine               - isExperimentalTiledLargeMap: false
10:10:00.839 [FXGL Background Thread 3 ] DEBUG Engine               - isFileSystemWriteAllowed: true
10:10:00.839 [FXGL Background Thread 3 ] DEBUG Engine               - isFullScreenAllowed: true
10:10:00.839 [FXGL Background Thread 3 ] DEBUG Engine               - isFullScreenFromStart: false
10:10:00.839 [FXGL Background Thread 3 ] DEBUG Engine               - isGameMenuEnabled: true
10:10:00.839 [FXGL Background Thread 3 ] DEBUG Engine               - isIOS: false
10:10:00.840 [FXGL Background Thread 3 ] DEBUG Engine               - isIntroEnabled: false
10:10:00.840 [FXGL Background Thread 3 ] DEBUG Engine               - isLinux: false
10:10:00.840 [FXGL Background Thread 3 ] DEBUG Engine               - isMac: false
10:10:00.840 [FXGL Background Thread 3 ] DEBUG Engine               - isMainMenuEnabled: false
10:10:00.840 [FXGL Background Thread 3 ] DEBUG Engine               - isManualResizeEnabled: false
10:10:00.840 [FXGL Background Thread 3 ] DEBUG Engine               - isMobile: false
10:10:00.840 [FXGL Background Thread 3 ] DEBUG Engine               - isNative: false
10:10:00.840 [FXGL Background Thread 3 ] DEBUG Engine               - isPauseMusicWhenMinimized: true
10:10:00.840 [FXGL Background Thread 3 ] DEBUG Engine               - isPreserveResizeRatio: false
10:10:00.840 [FXGL Background Thread 3 ] DEBUG Engine               - isProfilingEnabled: false
10:10:00.841 [FXGL Background Thread 3 ] DEBUG Engine               - isScaleAffectedOnResize: true
10:10:00.841 [FXGL Background Thread 3 ] DEBUG Engine               - isSingleStep: false
10:10:00.841 [FXGL Background Thread 3 ] DEBUG Engine               - isUserProfileEnabled: false
10:10:00.841 [FXGL Background Thread 3 ] DEBUG Engine               - isWindows: true
10:10:00.841 [FXGL Background Thread 3 ] DEBUG Engine               - language: ObjectProperty [value: ENGLISH]
10:10:00.841 [FXGL Background Thread 3 ] DEBUG Engine               - menuKey: ESCAPE
10:10:00.841 [FXGL Background Thread 3 ] DEBUG Engine               - mouseSensitivity: 0.2
10:10:00.841 [FXGL Background Thread 3 ] DEBUG Engine               - notificationViewClass: class com.almasb.fxgl.notification.view.XboxNotificationView
10:10:00.841 [FXGL Background Thread 3 ] DEBUG Engine               - pixelsPerMeter: 50.0
10:10:00.842 [FXGL Background Thread 3 ] DEBUG Engine               - platform: WINDOWS
10:10:00.842 [FXGL Background Thread 3 ] DEBUG Engine               - prefHeightProperty: ReadOnlyDoubleProperty [value: 720.0]
10:10:00.842 [FXGL Background Thread 3 ] DEBUG Engine               - prefWidthProperty: ReadOnlyDoubleProperty [value: 1280.0]
10:10:00.842 [FXGL Background Thread 3 ] DEBUG Engine               - profileDir: profiles/
10:10:00.842 [FXGL Background Thread 3 ] DEBUG Engine               - profileName: StringProperty [value: DEFAULT]
10:10:00.842 [FXGL Background Thread 3 ] DEBUG Engine               - randomSeed: -1
10:10:00.843 [FXGL Background Thread 3 ] DEBUG Engine               - runtimeInfo: RuntimeInfo(platform=WINDOWS, version=17.3, build=30.03.2023 11.49)
10:10:00.843 [FXGL Background Thread 3 ] DEBUG Engine               - saveFileExt: sav
10:10:00.843 [FXGL Background Thread 3 ] DEBUG Engine               - scaledHeightProp$fxgl: DoubleProperty [bound, value: 720.0]
10:10:00.843 [FXGL Background Thread 3 ] DEBUG Engine               - scaledWidthProp$fxgl: DoubleProperty [bound, value: 1280.0]
10:10:00.844 [FXGL Background Thread 3 ] DEBUG Engine               - sceneFactory: com.almasb.fxgl.app.scene.SceneFactory@73d8ce4d
10:10:00.844 [FXGL Background Thread 3 ] DEBUG Engine               - secondsIn24h: 60
10:10:00.844 [FXGL Background Thread 3 ] DEBUG Engine               - soundMenuBack: menu/back.wav
10:10:00.844 [FXGL Background Thread 3 ] DEBUG Engine               - soundMenuPress: menu/press.wav
10:10:00.844 [FXGL Background Thread 3 ] DEBUG Engine               - soundMenuSelect: menu/select.wav
10:10:00.844 [FXGL Background Thread 3 ] DEBUG Engine               - soundNotification: core/notification.wav
10:10:00.844 [FXGL Background Thread 3 ] DEBUG Engine               - stageStyle: DECORATED
10:10:00.844 [FXGL Background Thread 3 ] DEBUG Engine               - supportedLanguages: [ENGLISH, FRENCH, GERMAN, HUNGARIAN, RUSSIAN]
10:10:00.844 [FXGL Background Thread 3 ] DEBUG Engine               - ticksPerSecond: -1
10:10:00.844 [FXGL Background Thread 3 ] DEBUG Engine               - title: Silenciados
10:10:00.844 [FXGL Background Thread 3 ] DEBUG Engine               - urlGithub: https://github.com/AlmasB/FXGL
10:10:00.845 [FXGL Background Thread 3 ] DEBUG Engine               - urlLeaderboard: http://fxgl-top.herokuapp.com/
10:10:00.845 [FXGL Background Thread 3 ] DEBUG Engine               - urlPOM: https://raw.githubusercontent.com/AlmasB/FXGL/release/README.md
10:10:00.845 [FXGL Background Thread 3 ] DEBUG Engine               - userAppClass: class Interface.SilenciadosApp
10:10:00.845 [FXGL Background Thread 3 ] DEBUG Engine               - version: 0.1
10:10:00.845 [FXGL Background Thread 3 ] DEBUG Engine               - versionCheckDays: 7
10:10:00.845 [FXGL Background Thread 3 ] DEBUG Engine               - width: 1280
10:10:00.845 [FXGL Background Thread 3 ] DEBUG Engine               - Logging services
10:10:00.845 [FXGL Background Thread 3 ] DEBUG Engine               - class com.almasb.fxgl.app.services.FXGLAssetLoaderService
10:10:00.846 [FXGL Background Thread 3 ] DEBUG Engine               - class com.almasb.fxgl.app.FXGLApplication$GameApplicationService
10:10:00.846 [FXGL Background Thread 3 ] DEBUG Engine               - class com.almasb.fxgl.app.services.FXGLDialogService
10:10:00.846 [FXGL Background Thread 3 ] DEBUG Engine               - class com.almasb.fxgl.app.services.IOTaskExecutorService
10:10:00.847 [FXGL Background Thread 3 ] DEBUG Engine               - class com.almasb.fxgl.io.FileSystemService
10:10:00.847 [FXGL Background Thread 3 ] DEBUG Engine               - class com.almasb.fxgl.localization.LocalizationService
10:10:00.848 [FXGL Background Thread 3 ] DEBUG Engine               - class com.almasb.fxgl.app.services.SystemBundleService
10:10:00.848 [FXGL Background Thread 3 ] DEBUG Engine               - class com.almasb.fxgl.profile.SaveLoadService
10:10:00.848 [FXGL Background Thread 3 ] DEBUG Engine               - class com.almasb.fxgl.ui.FXGLUIFactoryServiceProvider
10:10:00.848 [FXGL Background Thread 3 ] DEBUG Engine               - class com.almasb.fxgl.ui.FXGLDialogFactoryServiceProvider
10:10:00.848 [FXGL Background Thread 3 ] DEBUG Engine               - class com.almasb.fxgl.audio.AudioPlayer
10:10:00.849 [FXGL Background Thread 3 ] DEBUG Engine               - class com.almasb.fxgl.notification.impl.NotificationServiceProvider
10:10:00.850 [FXGL Background Thread 3 ] DEBUG Engine               - class com.almasb.fxgl.achievement.AchievementService
10:10:00.850 [FXGL Background Thread 3 ] DEBUG Engine               - class com.almasb.fxgl.cutscene.CutsceneService
10:10:00.850 [FXGL Background Thread 3 ] DEBUG Engine               - class com.almasb.fxgl.minigames.MiniGameService
10:10:00.850 [FXGL Background Thread 3 ] DEBUG Engine               - class com.almasb.fxgl.net.NetService
10:10:00.851 [FXGL Background Thread 3 ] DEBUG Engine               - class com.almasb.fxgl.app.services.UpdaterService
10:10:00.852 [FXGL Background Thread 3 ] DEBUG Engine               - class com.almasb.fxgl.dev.DevService
10:10:06.558 [JavaFX Application Thread] DEBUG FXGLApplication      - Exiting FXGL
10:10:06.558 [JavaFX Application Thread] DEBUG LoopRunner           - Stopping loop
10:10:06.558 [JavaFX Application Thread] DEBUG SystemBundleService  - Saving FXGL system data
10:10:06.563 [JavaFX Application Thread] DEBUG FileSystemAccess     - Writing to: C:\Users\aless\OneDrive\Documentos\GitHub\RPGemturnosG1\Jogo\system\fxgl.bundle
10:10:06.566 [JavaFX Application Thread] DEBUG Async                - Shutting down background threads
10:10:06.567 [JavaFX Application Thread] DEBUG PrimaryStageWindow   - Closing main window
10:10:06.577 [JavaFX Application Thread] DEBUG Logger               - Closing Logger
