18:12:25.708 [main                     ] DEBUG Logger               - Configured Logger
18:12:25.738 [main                     ] DEBUG GameApplication      - Logging settings
Title: Silenciados
Version: 0.1
Width: 1280
Height: 720
Fullscreen: true
Intro: false
Profiling: false
Single step:false
App Mode: DEVELOPER
Menu Key: ESCAPE
Stage Style: DECORATED
Scene Factory: class com.almasb.fxgl.app.scene.SceneFactory

18:12:26.297 [JavaFX Application Thread] DEBUG FXGLApplication      - Initializing FXGL
18:12:26.302 [JavaFX Application Thread] INFO  Engine               - FXGL-17.3 (30.03.2023 11.49) on WINDOWS (J:21.0.1 FX:20)
18:12:26.303 [JavaFX Application Thread] DEBUG Engine               - JRE Vendor Name: Oracle Corporation
18:12:26.303 [JavaFX Application Thread] DEBUG Engine               - Running on OS: Windows 11 version 10.0
18:12:26.303 [JavaFX Application Thread] DEBUG Engine               - Architecture: amd64
18:12:26.303 [JavaFX Application Thread] INFO  Engine               - Source code and latest versions at: https://github.com/AlmasB/FXGL
18:12:26.303 [JavaFX Application Thread] INFO  Engine               -       Ask questions and discuss at: https://github.com/AlmasB/FXGL/discussions
18:12:26.304 [JavaFX Application Thread] INFO  Engine               -              Join the FXGL chat at: https://gitter.im/AlmasB/FXGL
18:12:26.431 [JavaFX Application Thread] DEBUG PrimaryStageWindow   - Creating a JavaFX scene
18:12:26.507 [JavaFX Application Thread] DEBUG PrimaryStageWindow   - Target settings size: 1280.0 x 720.0
18:12:26.507 [JavaFX Application Thread] DEBUG PrimaryStageWindow   - Scaled scene size:    1280.0 x 720.0
18:12:26.507 [JavaFX Application Thread] DEBUG PrimaryStageWindow   - Scaled ratio: (1.0, 1.0)
18:12:26.509 [JavaFX Application Thread] DEBUG PrimaryStageWindow   - Set initial scene to FXGLStartupScene
18:12:26.515 [JavaFX Application Thread] DEBUG PrimaryStageWindow   - Opening main window
18:12:26.645 [JavaFX Application Thread] DEBUG PrimaryStageWindow   - Window border size: (14.4000244140625, 37.5999755859375)
18:12:26.645 [JavaFX Application Thread] DEBUG PrimaryStageWindow   - Scaled size: 1280.0 x 720.0
18:12:26.646 [JavaFX Application Thread] DEBUG PrimaryStageWindow   - Scaled ratio: (1.0, 1.0)
18:12:26.646 [JavaFX Application Thread] DEBUG PrimaryStageWindow   - Scene size: 1280.0 x 720.0
18:12:26.646 [JavaFX Application Thread] DEBUG PrimaryStageWindow   - Stage size: 1294.4000244140625 x 757.5999755859375
18:12:26.659 [FXGL Background Thread 1 ] DEBUG Engine               - Initializing environment variables
18:12:26.731 [FXGL Background Thread 1 ] DEBUG FXGLAssetLoaderServi - User app class for loading assets: class Interface.SilenciadosApp
18:12:26.731 [FXGL Background Thread 1 ] DEBUG GameApplicationServi - Applying CSS: fxgl_dark.css
18:12:26.732 [FXGL Background Thread 1 ] DEBUG FXGLAssetLoaderServi - Loading from file system: jar:file:///C:/Users/thiag/.m2/repository/com/github/almasb/fxgl/17.3/fxgl-17.3.jar!/fxglassets/ui/css/fxgl_dark.css
18:12:26.783 [FXGL Background Thread 1 ] DEBUG GameApplicationServi - Initializing application scenes
18:12:26.823 [FXGL Background Thread 1 ] DEBUG GameWorld            - Game world initialized
18:12:26.906 [FXGL Background Thread 1 ] DEBUG PhysicsWorld         - Physics world initialized: appHeight=720, physics.ppm=50,0
18:12:26.907 [FXGL Background Thread 1 ] DEBUG PhysicsWorld         - Using strategy: BRUTE_FORCE
18:12:26.911 [FXGL Background Thread 1 ] DEBUG GameScene            - Game scene initialized: 1280x720
18:12:26.926 [FXGL Background Thread 1 ] DEBUG FXGL.DefaultMenu     - createMenuBodyGameMenu()
18:12:26.944 [FXGL Background Thread 1 ] DEBUG FXGL.DefaultMenu     - createOptionsMenu()
18:12:26.955 [FXGL Background Thread 1 ] DEBUG FXGLAssetLoaderServi - Loading from file system: jar:file:///C:/Users/thiag/.m2/repository/com/github/almasb/fxgl/17.3/fxgl-17.3.jar!/fxglassets/textures/particles/smoke.png
18:12:27.084 [FXGL Background Thread 1 ] DEBUG FXGLAssetLoaderServi - Loading from file system: jar:file:///C:/Users/thiag/.m2/repository/com/github/almasb/fxgl/17.3/fxgl-17.3.jar!/fxglassets/textures/particles/trace_horizontal.png
18:12:27.178 [FXGL Background Thread 1 ] DEBUG GameApplicationServi - Application scenes initialized
18:12:27.211 [FXGL Background Thread 1 ] DEBUG SystemBundleService  - Loading FXGL system data
18:12:27.217 [FXGL Background Thread 1 ] DEBUG FileSystemAccess     - Reading from: C:\Users\thiag\OneDrive\Documentos\GitHub\RPGemturnosG1\Jogo\system\fxgl.bundle
18:12:27.233 [FXGL Background Thread 1 ] DEBUG SystemBundleService  - Bundle FXGL: {}
18:12:27.233 [FXGL Background Thread 1 ] DEBUG UpdaterService       - Checking for updates
18:12:27.264 [FXGL Background Thread 4 ] DEBUG FXGLApplication      - Loading fonts
18:12:27.264 [FXGL Background Thread 4 ] DEBUG FXGLAssetLoaderServi - Loading from file system: jar:file:///C:/Users/thiag/.m2/repository/com/github/almasb/fxgl/17.3/fxgl-17.3.jar!/fxglassets/ui/fonts/VarelaRound-Regular.ttf
18:12:27.265 [FXGL Background Thread 1 ] DEBUG FXGLApplication      - Loading default localization
18:12:27.266 [FXGL Background Thread 1 ] DEBUG FXGLAssetLoaderServi - Loading from file system: jar:file:///C:/Users/thiag/.m2/repository/com/github/almasb/fxgl/17.3/fxgl-17.3.jar!/fxglassets/languages/english.lang
18:12:27.286 [FXGL Background Thread 1 ] INFO  FXGLApplication      - FXGL initialization took: 0,627 sec
18:12:27.302 [JavaFX Application Thread] DEBUG Input                - Registered new binding: Move Right - D
18:12:27.303 [JavaFX Application Thread] DEBUG Input                - Registered new binding: Move Left - A
18:12:27.303 [JavaFX Application Thread] DEBUG Input                - Registered new binding: Move Up - W
18:12:27.303 [JavaFX Application Thread] DEBUG Input                - Registered new binding: Move Down - S
18:12:27.304 [JavaFX Application Thread] DEBUG FXGLAssetLoaderServi - Loading from file system: jar:file:///C:/Users/thiag/.m2/repository/com/github/almasb/fxgl/17.3/fxgl-17.3.jar!/fxglassets/textures/fxgl_icon.png
18:12:27.307 [FXGL Background Thread 4 ] DEBUG FXGLAssetLoaderServi - Loading from file system: jar:file:///C:/Users/thiag/.m2/repository/com/github/almasb/fxgl/17.3/fxgl-17.3.jar!/fxglassets/ui/fonts/Abel-Regular.ttf
18:12:27.312 [FXGL Background Thread 4 ] DEBUG FXGLAssetLoaderServi - Loading from file system: jar:file:///C:/Users/thiag/.m2/repository/com/github/almasb/fxgl/17.3/fxgl-17.3.jar!/fxglassets/ui/fonts/TerminalLandMono-Regular.otf
18:12:27.317 [FXGL Background Thread 4 ] DEBUG FXGLAssetLoaderServi - Loading from file system: jar:file:///C:/Users/thiag/.m2/repository/com/github/almasb/fxgl/17.3/fxgl-17.3.jar!/fxglassets/ui/fonts/Courier-Prime.ttf
18:12:27.351 [JavaFX Application Thread] DEBUG FXGLAssetLoaderServi - Loading from file system: jar:file:///C:/Users/thiag/.m2/repository/com/github/almasb/fxgl/17.3/fxgl-17.3.jar!/fxglassets/textures/fxgl_default_cursor.png
18:12:27.354 [JavaFX Application Thread] DEBUG Input                - Registered new binding: Screenshot - CTRL+8
18:12:27.355 [JavaFX Application Thread] DEBUG Input                - Registered new binding: Dev Options - 1
18:12:27.355 [JavaFX Application Thread] DEBUG Input                - Registered new binding: Dev Console - 2
18:12:27.355 [JavaFX Application Thread] DEBUG Input                - Registered new binding: System info dump - CTRL+9
18:12:27.356 [JavaFX Application Thread] DEBUG Input                - Registered new binding: Restart - CTRL+R
18:12:27.357 [JavaFX Application Thread] DEBUG Input                - Registered new binding: Toggle Debug Camera - CTRL+7
18:12:27.360 [JavaFX Application Thread] DEBUG LoopRunner           - Starting loop
18:12:27.377 [JavaFX Application Thread] DEBUG LoopRunner           - Initializing JavaFX AnimationTimerLoop
18:12:27.379 [JavaFX Application Thread] DEBUG GameApplicationServi - Starting new game
18:12:27.380 [JavaFX Application Thread] DEBUG Input                - Clearing active input actions
18:12:27.396 [JavaFX Application Thread] DEBUG GameApplicationServi - Removing overlay from FXGLStartupScene and adding to FXGLLoadingScene
18:12:27.400 [JavaFX Application Thread] DEBUG PrimaryStageWindow   - FXGLStartupScene -> FXGLLoadingScene
18:12:27.400 [JavaFX Application Thread] DEBUG GameApplicationServi - Clearing previous game
18:12:27.400 [JavaFX Application Thread] DEBUG GameScene            - Clearing game scene
18:12:27.400 [JavaFX Application Thread] DEBUG GameWorld            - Clearing game world
18:12:27.400 [JavaFX Application Thread] DEBUG PhysicsWorld         - Clearing physics world
18:12:27.403 [JavaFX Application Thread] DEBUG FXGLApplication      - Registering font factories with UI factory
18:12:27.403 [FXGL Background Thread 4 ] DEBUG FXGLApplication      - Initializing game
18:12:27.478 [FXGL Background Thread 4 ] WARN  TMXLevelLoader       - TiledMap generated from 1.10.2. Supported version: 1.9.0. Some features may not be parsed fully.
18:12:27.500 [FXGL Background Thread 4 ] DEBUG TMXLevelLoader       - Parsed TiledMap: file:/C:/Users/thiag/OneDrive/Documentos/GitHub/RPGemturnosG1/Jogo/target/classes/assets/levels/Mansao.tmx
18:12:27.503 [FXGL Background Thread 4 ] DEBUG TMXLevelLoader       - Creating tile layer entities
18:12:27.505 [FXGL Background Thread 4 ] DEBUG TilesetLoader        - Loading view for layer Chão
18:12:27.507 [FXGL Background Thread 4 ] DEBUG TilesetLoader        - Created buffer with size 1280.0x768.0
18:12:27.522 [FXGL Background Thread 4 ] DEBUG TilesetLoader        - Loading view for layer ChãoGraminhas
18:12:27.525 [FXGL Background Thread 4 ] DEBUG TilesetLoader        - Created buffer with size 1280.0x768.0
18:12:27.534 [FXGL Background Thread 4 ] DEBUG TilesetLoader        - Loading view for layer Árvores
18:12:27.535 [FXGL Background Thread 4 ] DEBUG TilesetLoader        - Created buffer with size 1280.0x768.0
18:12:27.546 [FXGL Background Thread 4 ] DEBUG TilesetLoader        - Loading view for layer arvore
18:12:27.549 [FXGL Background Thread 4 ] DEBUG TilesetLoader        - Created buffer with size 1280.0x768.0
18:12:27.550 [FXGL Background Thread 4 ] DEBUG TilesetLoader        - Loading view for layer Mansao
18:12:27.552 [FXGL Background Thread 4 ] DEBUG TilesetLoader        - Created buffer with size 1280.0x768.0
18:12:27.555 [FXGL Background Thread 4 ] DEBUG TilesetLoader        - Loading view for layer ARVORE2.0
18:12:27.557 [FXGL Background Thread 4 ] DEBUG TilesetLoader        - Created buffer with size 1280.0x768.0
18:12:27.559 [FXGL Background Thread 4 ] DEBUG TMXLevelLoader       - Creating object layer entities
18:12:27.600 [FXGL Background Thread 4 ] DEBUG GameWorld            - Clearing removable entities
18:12:27.600 [FXGL Background Thread 4 ] DEBUG GameWorld            - Setting level: com.almasb.fxgl.entity.level.Level@4c51d430
18:12:27.610 [FXGL Background Thread 4 ] DEBUG FXGLAssetLoaderServi - Loading from file system: file:/C:/Users/thiag/OneDrive/Documentos/GitHub/RPGemturnosG1/Jogo/target/classes/assets/textures/dev_player.png
18:12:27.641 [FXGL Background Thread 4 ] WARN  GameWorld            - Entity is already attached to world
18:12:27.642 [FXGL Background Thread 4 ] WARN  GameWorld            - Entity is already attached to world
18:12:27.645 [FXGL Background Thread 4 ] DEBUG FXGLAssetLoaderServi - Loading from file system: file:/C:/Users/thiag/OneDrive/Documentos/GitHub/RPGemturnosG1/Jogo/target/classes/assets/textures/male_hurt.png
18:12:27.647 [FXGL Background Thread 4 ] WARN  GameWorld            - Entity is already attached to world
18:12:27.649 [FXGL Background Thread 4 ] INFO  FXGLApplication      - Game initialization took: 0,246 sec
18:12:27.670 [JavaFX Application Thread] DEBUG Input                - Clearing active input actions
18:12:27.684 [JavaFX Application Thread] DEBUG GameApplicationServi - Removing overlay from FXGLLoadingScene and adding to GameScene
18:12:27.689 [JavaFX Application Thread] DEBUG PrimaryStageWindow   - FXGLLoadingScene -> GameScene
18:12:28.965 [JavaFX Application Thread] WARN  TMXLevelLoader       - TiledMap generated from 1.10.2. Supported version: 1.9.0. Some features may not be parsed fully.
18:12:28.973 [JavaFX Application Thread] DEBUG TMXLevelLoader       - Parsed TiledMap: file:/C:/Users/thiag/OneDrive/Documentos/GitHub/RPGemturnosG1/Jogo/target/classes/assets/levels/Castelo2.tmx
18:12:28.973 [JavaFX Application Thread] DEBUG TMXLevelLoader       - Creating tile layer entities
18:12:28.974 [JavaFX Application Thread] DEBUG TilesetLoader        - Loading view for layer Base
18:12:28.978 [JavaFX Application Thread] DEBUG TilesetLoader        - Created buffer with size 1280.0x768.0
18:12:29.000 [JavaFX Application Thread] DEBUG TilesetLoader        - Loading view for layer Camada de Blocos 2
18:12:29.001 [JavaFX Application Thread] DEBUG TilesetLoader        - Created buffer with size 1280.0x768.0
18:12:29.003 [JavaFX Application Thread] DEBUG TilesetLoader        - Loading view for layer Camada de Blocos 3
18:12:29.004 [JavaFX Application Thread] DEBUG TilesetLoader        - Created buffer with size 1280.0x768.0
18:12:29.005 [JavaFX Application Thread] DEBUG TilesetLoader        - Loading view for layer Camada de Blocos 4
18:12:29.007 [JavaFX Application Thread] DEBUG TilesetLoader        - Created buffer with size 1280.0x768.0
18:12:29.007 [JavaFX Application Thread] DEBUG TMXLevelLoader       - Creating object layer entities
18:12:29.011 [JavaFX Application Thread] DEBUG GameWorld            - Clearing removable entities
18:12:29.018 [JavaFX Application Thread] DEBUG GameWorld            - Setting level: com.almasb.fxgl.entity.level.Level@1e0466df
18:12:29.020 [JavaFX Application Thread] WARN  GameWorld            - Entity is already attached to world
18:12:29.021 [JavaFX Application Thread] WARN  GameWorld            - Entity is already attached to world
18:12:30.262 [FXGL Background Thread 3 ] DEBUG Engine               - Logging environment variables
18:12:30.262 [FXGL Background Thread 3 ] DEBUG Engine               - achievements: []
18:12:30.262 [FXGL Background Thread 3 ] DEBUG Engine               - actualHeight: 720.0
18:12:30.263 [FXGL Background Thread 3 ] DEBUG Engine               - actualHeightProperty: ReadOnlyDoubleProperty [value: 720.0]
18:12:30.263 [FXGL Background Thread 3 ] DEBUG Engine               - actualWidth: 1280.0
18:12:30.263 [FXGL Background Thread 3 ] DEBUG Engine               - actualWidthProperty: ReadOnlyDoubleProperty [value: 1280.0]
18:12:30.263 [FXGL Background Thread 3 ] DEBUG Engine               - appIcon: fxgl_icon.png
18:12:30.263 [FXGL Background Thread 3 ] DEBUG Engine               - applicationMode: DEVELOPER
18:12:30.263 [FXGL Background Thread 3 ] DEBUG Engine               - cSSList: [fxgl_dark.css]
18:12:30.263 [FXGL Background Thread 3 ] DEBUG Engine               - collisionDetectionStrategy: BRUTE_FORCE
18:12:30.263 [FXGL Background Thread 3 ] DEBUG Engine               - configClass: Optional.empty
18:12:30.263 [FXGL Background Thread 3 ] DEBUG Engine               - credits: []
18:12:30.263 [FXGL Background Thread 3 ] DEBUG Engine               - defaultCursor: CursorInfo(imageName=fxgl_default_cursor.png, hotspotX=7.0, hotspotY=6.0)
18:12:30.264 [FXGL Background Thread 3 ] DEBUG Engine               - devBBoxColorProperty: ObjectProperty [value: 0xff0000ff]
18:12:30.264 [FXGL Background Thread 3 ] DEBUG Engine               - devEnableDebugCameraProperty: BooleanProperty [value: false]
18:12:30.264 [FXGL Background Thread 3 ] DEBUG Engine               - devSensorColorProperty: ObjectProperty [value: 0xffff00ff]
18:12:30.264 [FXGL Background Thread 3 ] DEBUG Engine               - devShowBBoxProperty: BooleanProperty [value: false]
18:12:30.264 [FXGL Background Thread 3 ] DEBUG Engine               - devShowPositionProperty: BooleanProperty [value: false]
18:12:30.264 [FXGL Background Thread 3 ] DEBUG Engine               - enabledMenuItems: []
18:12:30.264 [FXGL Background Thread 3 ] DEBUG Engine               - engineServices: [class com.almasb.fxgl.app.services.FXGLAssetLoaderService, class com.almasb.fxgl.app.FXGLApplication$GameApplicationService, class com.almasb.fxgl.app.services.FXGLDialogService, class com.almasb.fxgl.app.services.IOTaskExecutorService, class com.almasb.fxgl.io.FileSystemService, class com.almasb.fxgl.localization.LocalizationService, class com.almasb.fxgl.app.services.SystemBundleService, class com.almasb.fxgl.profile.SaveLoadService, class com.almasb.fxgl.ui.FXGLUIFactoryServiceProvider, class com.almasb.fxgl.ui.FXGLDialogFactoryServiceProvider, class com.almasb.fxgl.audio.AudioPlayer, class com.almasb.fxgl.notification.impl.NotificationServiceProvider, class com.almasb.fxgl.achievement.AchievementService, class com.almasb.fxgl.cutscene.CutsceneService, class com.almasb.fxgl.minigames.MiniGameService, class com.almasb.fxgl.net.NetService, class com.almasb.fxgl.app.services.UpdaterService, class com.almasb.fxgl.dev.DevService]
18:12:30.264 [FXGL Background Thread 3 ] DEBUG Engine               - fontGame: Abel-Regular.ttf
18:12:30.264 [FXGL Background Thread 3 ] DEBUG Engine               - fontMono: TerminalLandMono-Regular.otf
18:12:30.264 [FXGL Background Thread 3 ] DEBUG Engine               - fontSizeScaleUI: 1.0
18:12:30.264 [FXGL Background Thread 3 ] DEBUG Engine               - fontText: Courier-Prime.ttf
18:12:30.264 [FXGL Background Thread 3 ] DEBUG Engine               - fontUI: VarelaRound-Regular.ttf
18:12:30.264 [FXGL Background Thread 3 ] DEBUG Engine               - fullScreen: BooleanProperty [value: false]
18:12:30.265 [FXGL Background Thread 3 ] DEBUG Engine               - gameDifficulty: MEDIUM
18:12:30.265 [FXGL Background Thread 3 ] DEBUG Engine               - gameDifficultyProperty: ObjectProperty [value: MEDIUM]
18:12:30.265 [FXGL Background Thread 3 ] DEBUG Engine               - globalMusicVolume: 0.5
18:12:30.265 [FXGL Background Thread 3 ] DEBUG Engine               - globalMusicVolumeProperty: DoubleProperty [value: 0.5]
18:12:30.265 [FXGL Background Thread 3 ] DEBUG Engine               - globalSoundVolume: 0.5
18:12:30.265 [FXGL Background Thread 3 ] DEBUG Engine               - globalSoundVolumeProperty: DoubleProperty [value: 0.5]
18:12:30.265 [FXGL Background Thread 3 ] DEBUG Engine               - height: 720
18:12:30.265 [FXGL Background Thread 3 ] DEBUG Engine               - is3D: false
18:12:30.265 [FXGL Background Thread 3 ] DEBUG Engine               - isAndroid: false
18:12:30.265 [FXGL Background Thread 3 ] DEBUG Engine               - isBrowser: false
18:12:30.266 [FXGL Background Thread 3 ] DEBUG Engine               - isClickFeedbackEnabled: false
18:12:30.266 [FXGL Background Thread 3 ] DEBUG Engine               - isCloseConfirmation: false
18:12:30.266 [FXGL Background Thread 3 ] DEBUG Engine               - isDesktop: true
18:12:30.266 [FXGL Background Thread 3 ] DEBUG Engine               - isDeveloperMenuEnabled: true
18:12:30.266 [FXGL Background Thread 3 ] DEBUG Engine               - isEmbedded: false
18:12:30.266 [FXGL Background Thread 3 ] DEBUG Engine               - isEntityPreloadEnabled: true
18:12:30.266 [FXGL Background Thread 3 ] DEBUG Engine               - isExperimentalTiledLargeMap: false
18:12:30.266 [FXGL Background Thread 3 ] DEBUG Engine               - isFileSystemWriteAllowed: true
18:12:30.266 [FXGL Background Thread 3 ] DEBUG Engine               - isFullScreenAllowed: true
18:12:30.266 [FXGL Background Thread 3 ] DEBUG Engine               - isFullScreenFromStart: false
18:12:30.266 [FXGL Background Thread 3 ] DEBUG Engine               - isGameMenuEnabled: true
18:12:30.267 [FXGL Background Thread 3 ] DEBUG Engine               - isIOS: false
18:12:30.267 [FXGL Background Thread 3 ] DEBUG Engine               - isIntroEnabled: false
18:12:30.267 [FXGL Background Thread 3 ] DEBUG Engine               - isLinux: false
18:12:30.267 [FXGL Background Thread 3 ] DEBUG Engine               - isMac: false
18:12:30.267 [FXGL Background Thread 3 ] DEBUG Engine               - isMainMenuEnabled: false
18:12:30.267 [FXGL Background Thread 3 ] DEBUG Engine               - isManualResizeEnabled: false
18:12:30.267 [FXGL Background Thread 3 ] DEBUG Engine               - isMobile: false
18:12:30.267 [FXGL Background Thread 3 ] DEBUG Engine               - isNative: false
18:12:30.267 [FXGL Background Thread 3 ] DEBUG Engine               - isPauseMusicWhenMinimized: true
18:12:30.267 [FXGL Background Thread 3 ] DEBUG Engine               - isPreserveResizeRatio: false
18:12:30.268 [FXGL Background Thread 3 ] DEBUG Engine               - isProfilingEnabled: false
18:12:30.268 [FXGL Background Thread 3 ] DEBUG Engine               - isScaleAffectedOnResize: true
18:12:30.268 [FXGL Background Thread 3 ] DEBUG Engine               - isSingleStep: false
18:12:30.268 [FXGL Background Thread 3 ] DEBUG Engine               - isUserProfileEnabled: false
18:12:30.268 [FXGL Background Thread 3 ] DEBUG Engine               - isWindows: true
18:12:30.268 [FXGL Background Thread 3 ] DEBUG Engine               - language: ObjectProperty [value: ENGLISH]
18:12:30.268 [FXGL Background Thread 3 ] DEBUG Engine               - menuKey: ESCAPE
18:12:30.268 [FXGL Background Thread 3 ] DEBUG Engine               - mouseSensitivity: 0.2
18:12:30.268 [FXGL Background Thread 3 ] DEBUG Engine               - notificationViewClass: class com.almasb.fxgl.notification.view.XboxNotificationView
18:12:30.268 [FXGL Background Thread 3 ] DEBUG Engine               - pixelsPerMeter: 50.0
18:12:30.268 [FXGL Background Thread 3 ] DEBUG Engine               - platform: WINDOWS
18:12:30.268 [FXGL Background Thread 3 ] DEBUG Engine               - prefHeightProperty: ReadOnlyDoubleProperty [value: 720.0]
18:12:30.268 [FXGL Background Thread 3 ] DEBUG Engine               - prefWidthProperty: ReadOnlyDoubleProperty [value: 1280.0]
18:12:30.269 [FXGL Background Thread 3 ] DEBUG Engine               - profileDir: profiles/
18:12:30.269 [FXGL Background Thread 3 ] DEBUG Engine               - profileName: StringProperty [value: DEFAULT]
18:12:30.269 [FXGL Background Thread 3 ] DEBUG Engine               - randomSeed: -1
18:12:30.269 [FXGL Background Thread 3 ] DEBUG Engine               - runtimeInfo: RuntimeInfo(platform=WINDOWS, version=17.3, build=30.03.2023 11.49)
18:12:30.269 [FXGL Background Thread 3 ] DEBUG Engine               - saveFileExt: sav
18:12:30.269 [FXGL Background Thread 3 ] DEBUG Engine               - scaledHeightProp$fxgl: DoubleProperty [bound, value: 720.0]
18:12:30.269 [FXGL Background Thread 3 ] DEBUG Engine               - scaledWidthProp$fxgl: DoubleProperty [bound, value: 1280.0]
18:12:30.269 [FXGL Background Thread 3 ] DEBUG Engine               - sceneFactory: com.almasb.fxgl.app.scene.SceneFactory@47bb1f2
18:12:30.269 [FXGL Background Thread 3 ] DEBUG Engine               - secondsIn24h: 60
18:12:30.269 [FXGL Background Thread 3 ] DEBUG Engine               - soundMenuBack: menu/back.wav
18:12:30.269 [FXGL Background Thread 3 ] DEBUG Engine               - soundMenuPress: menu/press.wav
18:12:30.269 [FXGL Background Thread 3 ] DEBUG Engine               - soundMenuSelect: menu/select.wav
18:12:30.271 [FXGL Background Thread 3 ] DEBUG Engine               - soundNotification: core/notification.wav
18:12:30.271 [FXGL Background Thread 3 ] DEBUG Engine               - stageStyle: DECORATED
18:12:30.271 [FXGL Background Thread 3 ] DEBUG Engine               - supportedLanguages: [ENGLISH, FRENCH, GERMAN, HUNGARIAN, RUSSIAN]
18:12:30.271 [FXGL Background Thread 3 ] DEBUG Engine               - ticksPerSecond: -1
18:12:30.271 [FXGL Background Thread 3 ] DEBUG Engine               - title: Silenciados
18:12:30.271 [FXGL Background Thread 3 ] DEBUG Engine               - urlGithub: https://github.com/AlmasB/FXGL
18:12:30.271 [FXGL Background Thread 3 ] DEBUG Engine               - urlLeaderboard: http://fxgl-top.herokuapp.com/
18:12:30.271 [FXGL Background Thread 3 ] DEBUG Engine               - urlPOM: https://raw.githubusercontent.com/AlmasB/FXGL/release/README.md
18:12:30.271 [FXGL Background Thread 3 ] DEBUG Engine               - userAppClass: class Interface.SilenciadosApp
18:12:30.271 [FXGL Background Thread 3 ] DEBUG Engine               - version: 0.1
18:12:30.271 [FXGL Background Thread 3 ] DEBUG Engine               - versionCheckDays: 7
18:12:30.271 [FXGL Background Thread 3 ] DEBUG Engine               - width: 1280
18:12:30.271 [FXGL Background Thread 3 ] DEBUG Engine               - Logging services
18:12:30.271 [FXGL Background Thread 3 ] DEBUG Engine               - class com.almasb.fxgl.app.services.FXGLAssetLoaderService
18:12:30.271 [FXGL Background Thread 3 ] DEBUG Engine               - class com.almasb.fxgl.app.FXGLApplication$GameApplicationService
18:12:30.271 [FXGL Background Thread 3 ] DEBUG Engine               - class com.almasb.fxgl.app.services.FXGLDialogService
18:12:30.271 [FXGL Background Thread 3 ] DEBUG Engine               - class com.almasb.fxgl.app.services.IOTaskExecutorService
18:12:30.271 [FXGL Background Thread 3 ] DEBUG Engine               - class com.almasb.fxgl.io.FileSystemService
18:12:30.271 [FXGL Background Thread 3 ] DEBUG Engine               - class com.almasb.fxgl.localization.LocalizationService
18:12:30.271 [FXGL Background Thread 3 ] DEBUG Engine               - class com.almasb.fxgl.app.services.SystemBundleService
18:12:30.271 [FXGL Background Thread 3 ] DEBUG Engine               - class com.almasb.fxgl.profile.SaveLoadService
18:12:30.271 [FXGL Background Thread 3 ] DEBUG Engine               - class com.almasb.fxgl.ui.FXGLUIFactoryServiceProvider
18:12:30.271 [FXGL Background Thread 3 ] DEBUG Engine               - class com.almasb.fxgl.ui.FXGLDialogFactoryServiceProvider
18:12:30.271 [FXGL Background Thread 3 ] DEBUG Engine               - class com.almasb.fxgl.audio.AudioPlayer
18:12:30.271 [FXGL Background Thread 3 ] DEBUG Engine               - class com.almasb.fxgl.notification.impl.NotificationServiceProvider
18:12:30.271 [FXGL Background Thread 3 ] DEBUG Engine               - class com.almasb.fxgl.achievement.AchievementService
18:12:30.271 [FXGL Background Thread 3 ] DEBUG Engine               - class com.almasb.fxgl.cutscene.CutsceneService
18:12:30.271 [FXGL Background Thread 3 ] DEBUG Engine               - class com.almasb.fxgl.minigames.MiniGameService
18:12:30.271 [FXGL Background Thread 3 ] DEBUG Engine               - class com.almasb.fxgl.net.NetService
18:12:30.271 [FXGL Background Thread 3 ] DEBUG Engine               - class com.almasb.fxgl.app.services.UpdaterService
18:12:30.272 [FXGL Background Thread 3 ] DEBUG Engine               - class com.almasb.fxgl.dev.DevService
18:12:34.365 [JavaFX Application Thread] WARN  TMXLevelLoader       - TiledMap generated from 1.10.2. Supported version: 1.9.0. Some features may not be parsed fully.
18:12:34.374 [JavaFX Application Thread] DEBUG TMXLevelLoader       - Parsed TiledMap: file:/C:/Users/thiag/OneDrive/Documentos/GitHub/RPGemturnosG1/Jogo/target/classes/assets/levels/Mansao.tmx
18:12:34.374 [JavaFX Application Thread] DEBUG TMXLevelLoader       - Creating tile layer entities
18:12:34.375 [JavaFX Application Thread] DEBUG TilesetLoader        - Loading view for layer Chão
18:12:34.376 [JavaFX Application Thread] DEBUG TilesetLoader        - Created buffer with size 1280.0x768.0
18:12:34.382 [JavaFX Application Thread] DEBUG TilesetLoader        - Loading view for layer ChãoGraminhas
18:12:34.384 [JavaFX Application Thread] DEBUG TilesetLoader        - Created buffer with size 1280.0x768.0
18:12:34.387 [JavaFX Application Thread] DEBUG TilesetLoader        - Loading view for layer Árvores
18:12:34.388 [JavaFX Application Thread] DEBUG TilesetLoader        - Created buffer with size 1280.0x768.0
18:12:34.393 [JavaFX Application Thread] DEBUG TilesetLoader        - Loading view for layer arvore
18:12:34.396 [JavaFX Application Thread] DEBUG TilesetLoader        - Created buffer with size 1280.0x768.0
18:12:34.397 [JavaFX Application Thread] DEBUG TilesetLoader        - Loading view for layer Mansao
18:12:34.400 [JavaFX Application Thread] DEBUG TilesetLoader        - Created buffer with size 1280.0x768.0
18:12:34.402 [JavaFX Application Thread] DEBUG TilesetLoader        - Loading view for layer ARVORE2.0
18:12:34.405 [JavaFX Application Thread] DEBUG TilesetLoader        - Created buffer with size 1280.0x768.0
18:12:34.406 [JavaFX Application Thread] DEBUG TMXLevelLoader       - Creating object layer entities
18:12:34.412 [JavaFX Application Thread] DEBUG GameWorld            - Clearing removable entities
18:12:34.415 [JavaFX Application Thread] DEBUG GameWorld            - Setting level: com.almasb.fxgl.entity.level.Level@25614152
18:12:34.418 [JavaFX Application Thread] WARN  GameWorld            - Entity is already attached to world
18:12:34.418 [JavaFX Application Thread] WARN  GameWorld            - Entity is already attached to world
18:12:35.946 [JavaFX Application Thread] WARN  TMXLevelLoader       - TiledMap generated from 1.10.2. Supported version: 1.9.0. Some features may not be parsed fully.
18:12:35.951 [JavaFX Application Thread] DEBUG TMXLevelLoader       - Parsed TiledMap: file:/C:/Users/thiag/OneDrive/Documentos/GitHub/RPGemturnosG1/Jogo/target/classes/assets/levels/Castelo2.tmx
18:12:35.951 [JavaFX Application Thread] DEBUG TMXLevelLoader       - Creating tile layer entities
18:12:35.952 [JavaFX Application Thread] DEBUG TilesetLoader        - Loading view for layer Base
18:12:35.956 [JavaFX Application Thread] DEBUG TilesetLoader        - Created buffer with size 1280.0x768.0
18:12:35.975 [JavaFX Application Thread] DEBUG TilesetLoader        - Loading view for layer Camada de Blocos 2
18:12:35.976 [JavaFX Application Thread] DEBUG TilesetLoader        - Created buffer with size 1280.0x768.0
18:12:35.978 [JavaFX Application Thread] DEBUG TilesetLoader        - Loading view for layer Camada de Blocos 3
18:12:35.979 [JavaFX Application Thread] DEBUG TilesetLoader        - Created buffer with size 1280.0x768.0
18:12:35.980 [JavaFX Application Thread] DEBUG TilesetLoader        - Loading view for layer Camada de Blocos 4
18:12:35.981 [JavaFX Application Thread] DEBUG TilesetLoader        - Created buffer with size 1280.0x768.0
18:12:35.981 [JavaFX Application Thread] DEBUG TMXLevelLoader       - Creating object layer entities
18:12:35.985 [JavaFX Application Thread] DEBUG GameWorld            - Clearing removable entities
18:12:35.988 [JavaFX Application Thread] DEBUG GameWorld            - Setting level: com.almasb.fxgl.entity.level.Level@e7263d6
18:12:35.990 [JavaFX Application Thread] WARN  GameWorld            - Entity is already attached to world
18:12:35.990 [JavaFX Application Thread] WARN  GameWorld            - Entity is already attached to world
18:12:36.012 [JavaFX Application Thread] WARN  TMXLevelLoader       - TiledMap generated from 1.10.2. Supported version: 1.9.0. Some features may not be parsed fully.
18:12:36.021 [JavaFX Application Thread] DEBUG TMXLevelLoader       - Parsed TiledMap: file:/C:/Users/thiag/OneDrive/Documentos/GitHub/RPGemturnosG1/Jogo/target/classes/assets/levels/Mansao.tmx
18:12:36.021 [JavaFX Application Thread] DEBUG TMXLevelLoader       - Creating tile layer entities
18:12:36.021 [JavaFX Application Thread] DEBUG TilesetLoader        - Loading view for layer Chão
18:12:36.022 [JavaFX Application Thread] DEBUG TilesetLoader        - Created buffer with size 1280.0x768.0
18:12:36.027 [JavaFX Application Thread] DEBUG TilesetLoader        - Loading view for layer ChãoGraminhas
18:12:36.030 [JavaFX Application Thread] DEBUG TilesetLoader        - Created buffer with size 1280.0x768.0
18:12:36.033 [JavaFX Application Thread] DEBUG TilesetLoader        - Loading view for layer Árvores
18:12:36.036 [JavaFX Application Thread] DEBUG TilesetLoader        - Created buffer with size 1280.0x768.0
18:12:36.043 [JavaFX Application Thread] DEBUG TilesetLoader        - Loading view for layer arvore
18:12:36.046 [JavaFX Application Thread] DEBUG TilesetLoader        - Created buffer with size 1280.0x768.0
18:12:36.048 [JavaFX Application Thread] DEBUG TilesetLoader        - Loading view for layer Mansao
18:12:36.051 [JavaFX Application Thread] DEBUG TilesetLoader        - Created buffer with size 1280.0x768.0
18:12:36.053 [JavaFX Application Thread] DEBUG TilesetLoader        - Loading view for layer ARVORE2.0
18:12:36.057 [JavaFX Application Thread] DEBUG TilesetLoader        - Created buffer with size 1280.0x768.0
18:12:36.057 [JavaFX Application Thread] DEBUG TMXLevelLoader       - Creating object layer entities
18:12:36.063 [JavaFX Application Thread] DEBUG GameWorld            - Clearing removable entities
18:12:36.066 [JavaFX Application Thread] DEBUG GameWorld            - Setting level: com.almasb.fxgl.entity.level.Level@5a28aad4
18:12:36.069 [JavaFX Application Thread] WARN  GameWorld            - Entity is already attached to world
18:12:36.069 [JavaFX Application Thread] WARN  GameWorld            - Entity is already attached to world
18:12:37.242 [JavaFX Application Thread] WARN  TMXLevelLoader       - TiledMap generated from 1.10.2. Supported version: 1.9.0. Some features may not be parsed fully.
18:12:37.247 [JavaFX Application Thread] DEBUG TMXLevelLoader       - Parsed TiledMap: file:/C:/Users/thiag/OneDrive/Documentos/GitHub/RPGemturnosG1/Jogo/target/classes/assets/levels/Castelo2.tmx
18:12:37.247 [JavaFX Application Thread] DEBUG TMXLevelLoader       - Creating tile layer entities
18:12:37.247 [JavaFX Application Thread] DEBUG TilesetLoader        - Loading view for layer Base
18:12:37.252 [JavaFX Application Thread] DEBUG TilesetLoader        - Created buffer with size 1280.0x768.0
18:12:37.261 [JavaFX Application Thread] DEBUG TilesetLoader        - Loading view for layer Camada de Blocos 2
18:12:37.265 [JavaFX Application Thread] DEBUG TilesetLoader        - Created buffer with size 1280.0x768.0
18:12:37.267 [JavaFX Application Thread] DEBUG TilesetLoader        - Loading view for layer Camada de Blocos 3
18:12:37.271 [JavaFX Application Thread] DEBUG TilesetLoader        - Created buffer with size 1280.0x768.0
18:12:37.272 [JavaFX Application Thread] DEBUG TilesetLoader        - Loading view for layer Camada de Blocos 4
18:12:37.276 [JavaFX Application Thread] DEBUG TilesetLoader        - Created buffer with size 1280.0x768.0
18:12:37.277 [JavaFX Application Thread] DEBUG TMXLevelLoader       - Creating object layer entities
18:12:37.280 [JavaFX Application Thread] DEBUG GameWorld            - Clearing removable entities
18:12:37.283 [JavaFX Application Thread] DEBUG GameWorld            - Setting level: com.almasb.fxgl.entity.level.Level@75104b98
18:12:37.287 [JavaFX Application Thread] WARN  GameWorld            - Entity is already attached to world
18:12:37.287 [JavaFX Application Thread] WARN  GameWorld            - Entity is already attached to world
18:12:37.311 [JavaFX Application Thread] WARN  TMXLevelLoader       - TiledMap generated from 1.10.2. Supported version: 1.9.0. Some features may not be parsed fully.
18:12:37.319 [JavaFX Application Thread] DEBUG TMXLevelLoader       - Parsed TiledMap: file:/C:/Users/thiag/OneDrive/Documentos/GitHub/RPGemturnosG1/Jogo/target/classes/assets/levels/Mansao.tmx
18:12:37.319 [JavaFX Application Thread] DEBUG TMXLevelLoader       - Creating tile layer entities
18:12:37.320 [JavaFX Application Thread] DEBUG TilesetLoader        - Loading view for layer Chão
18:12:37.323 [JavaFX Application Thread] DEBUG TilesetLoader        - Created buffer with size 1280.0x768.0
18:12:37.328 [JavaFX Application Thread] DEBUG TilesetLoader        - Loading view for layer ChãoGraminhas
18:12:37.332 [JavaFX Application Thread] DEBUG TilesetLoader        - Created buffer with size 1280.0x768.0
18:12:37.335 [JavaFX Application Thread] DEBUG TilesetLoader        - Loading view for layer Árvores
18:12:37.339 [JavaFX Application Thread] DEBUG TilesetLoader        - Created buffer with size 1280.0x768.0
18:12:37.347 [JavaFX Application Thread] DEBUG TilesetLoader        - Loading view for layer arvore
18:12:37.351 [JavaFX Application Thread] DEBUG TilesetLoader        - Created buffer with size 1280.0x768.0
18:12:37.352 [JavaFX Application Thread] DEBUG TilesetLoader        - Loading view for layer Mansao
18:12:37.355 [JavaFX Application Thread] DEBUG TilesetLoader        - Created buffer with size 1280.0x768.0
18:12:37.357 [JavaFX Application Thread] DEBUG TilesetLoader        - Loading view for layer ARVORE2.0
18:12:37.361 [JavaFX Application Thread] DEBUG TilesetLoader        - Created buffer with size 1280.0x768.0
18:12:37.362 [JavaFX Application Thread] DEBUG TMXLevelLoader       - Creating object layer entities
18:12:37.375 [JavaFX Application Thread] DEBUG GameWorld            - Clearing removable entities
18:12:37.377 [JavaFX Application Thread] DEBUG GameWorld            - Setting level: com.almasb.fxgl.entity.level.Level@5f2c340c
18:12:37.379 [JavaFX Application Thread] WARN  GameWorld            - Entity is already attached to world
18:12:37.380 [JavaFX Application Thread] WARN  GameWorld            - Entity is already attached to world
18:12:39.480 [JavaFX Application Thread] WARN  TMXLevelLoader       - TiledMap generated from 1.10.2. Supported version: 1.9.0. Some features may not be parsed fully.
18:12:39.485 [JavaFX Application Thread] DEBUG TMXLevelLoader       - Parsed TiledMap: file:/C:/Users/thiag/OneDrive/Documentos/GitHub/RPGemturnosG1/Jogo/target/classes/assets/levels/Castelo2.tmx
18:12:39.486 [JavaFX Application Thread] DEBUG TMXLevelLoader       - Creating tile layer entities
18:12:39.486 [JavaFX Application Thread] DEBUG TilesetLoader        - Loading view for layer Base
18:12:39.487 [JavaFX Application Thread] DEBUG TilesetLoader        - Created buffer with size 1280.0x768.0
18:12:39.496 [JavaFX Application Thread] DEBUG TilesetLoader        - Loading view for layer Camada de Blocos 2
18:12:39.497 [JavaFX Application Thread] DEBUG TilesetLoader        - Created buffer with size 1280.0x768.0
18:12:39.498 [JavaFX Application Thread] DEBUG TilesetLoader        - Loading view for layer Camada de Blocos 3
18:12:39.498 [JavaFX Application Thread] DEBUG TilesetLoader        - Created buffer with size 1280.0x768.0
18:12:39.499 [JavaFX Application Thread] DEBUG TilesetLoader        - Loading view for layer Camada de Blocos 4
18:12:39.500 [JavaFX Application Thread] DEBUG TilesetLoader        - Created buffer with size 1280.0x768.0
18:12:39.500 [JavaFX Application Thread] DEBUG TMXLevelLoader       - Creating object layer entities
18:12:39.502 [JavaFX Application Thread] DEBUG GameWorld            - Clearing removable entities
18:12:39.505 [JavaFX Application Thread] DEBUG GameWorld            - Setting level: com.almasb.fxgl.entity.level.Level@388cc0d8
18:12:39.507 [JavaFX Application Thread] WARN  GameWorld            - Entity is already attached to world
18:12:39.508 [JavaFX Application Thread] WARN  GameWorld            - Entity is already attached to world
18:12:39.539 [JavaFX Application Thread] WARN  TMXLevelLoader       - TiledMap generated from 1.10.2. Supported version: 1.9.0. Some features may not be parsed fully.
18:12:39.544 [JavaFX Application Thread] DEBUG TMXLevelLoader       - Parsed TiledMap: file:/C:/Users/thiag/OneDrive/Documentos/GitHub/RPGemturnosG1/Jogo/target/classes/assets/levels/Mansao.tmx
18:12:39.544 [JavaFX Application Thread] DEBUG TMXLevelLoader       - Creating tile layer entities
18:12:39.544 [JavaFX Application Thread] DEBUG TilesetLoader        - Loading view for layer Chão
18:12:39.545 [JavaFX Application Thread] DEBUG TilesetLoader        - Created buffer with size 1280.0x768.0
18:12:39.548 [JavaFX Application Thread] DEBUG TilesetLoader        - Loading view for layer ChãoGraminhas
18:12:39.549 [JavaFX Application Thread] DEBUG TilesetLoader        - Created buffer with size 1280.0x768.0
18:12:39.552 [JavaFX Application Thread] DEBUG TilesetLoader        - Loading view for layer Árvores
18:12:39.552 [JavaFX Application Thread] DEBUG TilesetLoader        - Created buffer with size 1280.0x768.0
18:12:39.559 [JavaFX Application Thread] DEBUG TilesetLoader        - Loading view for layer arvore
18:12:39.559 [JavaFX Application Thread] DEBUG TilesetLoader        - Created buffer with size 1280.0x768.0
18:12:39.560 [JavaFX Application Thread] DEBUG TilesetLoader        - Loading view for layer Mansao
18:12:39.560 [JavaFX Application Thread] DEBUG TilesetLoader        - Created buffer with size 1280.0x768.0
18:12:39.562 [JavaFX Application Thread] DEBUG TilesetLoader        - Loading view for layer ARVORE2.0
18:12:39.563 [JavaFX Application Thread] DEBUG TilesetLoader        - Created buffer with size 1280.0x768.0
18:12:39.564 [JavaFX Application Thread] DEBUG TMXLevelLoader       - Creating object layer entities
18:12:39.571 [JavaFX Application Thread] DEBUG GameWorld            - Clearing removable entities
18:12:39.572 [JavaFX Application Thread] DEBUG GameWorld            - Setting level: com.almasb.fxgl.entity.level.Level@1f85a53b
18:12:39.575 [JavaFX Application Thread] WARN  GameWorld            - Entity is already attached to world
18:12:39.575 [JavaFX Application Thread] WARN  GameWorld            - Entity is already attached to world
18:12:41.441 [JavaFX Application Thread] DEBUG FXGLApplication      - Exiting FXGL
18:12:41.441 [JavaFX Application Thread] DEBUG LoopRunner           - Stopping loop
18:12:41.441 [JavaFX Application Thread] DEBUG SystemBundleService  - Saving FXGL system data
18:12:41.445 [JavaFX Application Thread] DEBUG FileSystemAccess     - Writing to: C:\Users\thiag\OneDrive\Documentos\GitHub\RPGemturnosG1\Jogo\system\fxgl.bundle
18:12:41.448 [JavaFX Application Thread] DEBUG Async                - Shutting down background threads
18:12:41.448 [JavaFX Application Thread] DEBUG PrimaryStageWindow   - Closing main window
18:12:41.460 [JavaFX Application Thread] DEBUG Logger               - Closing Logger
