23:36:11.579 [main                     ] DEBUG Logger               - Configured Logger
23:36:11.634 [main                     ] DEBUG GameApplication      - Logging settings
Title: Silenciados
Version: 0.1
Width: 1280
Height: 720
Fullscreen: true
Intro: false
Profiling: false
Single step:false
App Mode: DEVELOPER
Menu Key: ESCAPE
Stage Style: DECORATED
Scene Factory: class com.almasb.fxgl.app.scene.SceneFactory

23:36:12.091 [JavaFX Application Thread] DEBUG FXGLApplication      - Initializing FXGL
23:36:12.102 [JavaFX Application Thread] INFO  Engine               - FXGL-17.2 (20.08.2022 16.50) on WINDOWS (J:17.0.9 FX:17.0.6)
23:36:12.103 [JavaFX Application Thread] DEBUG Engine               - JRE Vendor Name: Oracle Corporation
23:36:12.104 [JavaFX Application Thread] DEBUG Engine               - Running on OS: Windows 11 version 10.0
23:36:12.109 [JavaFX Application Thread] DEBUG Engine               - Architecture: amd64
23:36:12.109 [JavaFX Application Thread] INFO  Engine               - Source code and latest versions at: https://github.com/AlmasB/FXGL
23:36:12.110 [JavaFX Application Thread] INFO  Engine               -       Ask questions and discuss at: https://github.com/AlmasB/FXGL/discussions
23:36:12.110 [JavaFX Application Thread] INFO  Engine               -              Join the FXGL chat at: https://gitter.im/AlmasB/FXGL
23:36:12.254 [JavaFX Application Thread] DEBUG PrimaryStageWindow   - Creating a JavaFX scene
23:36:12.333 [JavaFX Application Thread] DEBUG PrimaryStageWindow   - Target settings size: 1280.0 x 720.0
23:36:12.334 [JavaFX Application Thread] DEBUG PrimaryStageWindow   - Scaled scene size:    1280.0 x 720.0
23:36:12.335 [JavaFX Application Thread] DEBUG PrimaryStageWindow   - Scaled ratio: (1.0, 1.0)
23:36:12.337 [JavaFX Application Thread] DEBUG PrimaryStageWindow   - Set initial scene to FXGLStartupScene
23:36:12.354 [JavaFX Application Thread] DEBUG PrimaryStageWindow   - Opening main window
23:36:12.471 [JavaFX Application Thread] DEBUG PrimaryStageWindow   - Window border size: (16.0, 39.0)
23:36:12.471 [JavaFX Application Thread] DEBUG PrimaryStageWindow   - Scaled size: 1280.0 x 720.0
23:36:12.473 [JavaFX Application Thread] DEBUG PrimaryStageWindow   - Scaled ratio: (1.0, 1.0)
23:36:12.474 [JavaFX Application Thread] DEBUG PrimaryStageWindow   - Scene size: 1280.0 x 720.0
23:36:12.474 [JavaFX Application Thread] DEBUG PrimaryStageWindow   - Stage size: 1296.0 x 759.0
23:36:12.489 [FXGL Background Thread 1 ] DEBUG Engine               - Initializing environment variables
23:36:12.544 [FXGL Background Thread 1 ] DEBUG FXGLAssetLoaderServi - User app class for loading assets: class Interface.SilenciadosApp
23:36:12.545 [FXGL Background Thread 1 ] DEBUG GameApplicationServi - Applying CSS: fxgl_dark.css
23:36:12.546 [FXGL Background Thread 1 ] DEBUG FXGLAssetLoaderServi - Loading from file system: jar:file:///C:/Users/aless/.m2/repository/com/github/almasb/fxgl/17.2/fxgl-17.2.jar!/fxglassets/ui/css/fxgl_dark.css
23:36:12.647 [FXGL Background Thread 1 ] DEBUG GameApplicationServi - Initializing application scenes
23:36:12.791 [FXGL Background Thread 1 ] DEBUG GameWorld            - Game world initialized
23:36:12.879 [FXGL Background Thread 1 ] DEBUG PhysicsWorld         - Physics world initialized: appHeight=720, physics.ppm=50,0
23:36:12.879 [FXGL Background Thread 1 ] DEBUG PhysicsWorld         - Using strategy: BRUTE_FORCE
23:36:12.889 [FXGL Background Thread 1 ] DEBUG GameScene            - Game scene initialized: 1280x720
23:36:12.913 [FXGL Background Thread 1 ] DEBUG FXGL.DefaultMenu     - createMenuBodyGameMenu()
23:36:12.937 [FXGL Background Thread 1 ] DEBUG FXGL.DefaultMenu     - createOptionsMenu()
23:36:12.958 [FXGL Background Thread 1 ] DEBUG FXGLAssetLoaderServi - Loading from file system: jar:file:///C:/Users/aless/.m2/repository/com/github/almasb/fxgl/17.2/fxgl-17.2.jar!/fxglassets/textures/particles/smoke.png
23:36:13.108 [FXGL Background Thread 1 ] DEBUG FXGLAssetLoaderServi - Loading from file system: jar:file:///C:/Users/aless/.m2/repository/com/github/almasb/fxgl/17.2/fxgl-17.2.jar!/fxglassets/textures/particles/trace_horizontal.png
23:36:13.158 [FXGL Background Thread 1 ] DEBUG GameApplicationServi - Application scenes initialized
23:36:13.185 [FXGL Background Thread 1 ] DEBUG SystemBundleService  - Loading FXGL system data
23:36:13.204 [FXGL Background Thread 1 ] DEBUG FileSystemAccess     - Reading from: C:\Users\aless\IdeaProjects\Jogo\system\fxgl.bundle
23:36:13.221 [FXGL Background Thread 1 ] DEBUG SystemBundleService  - Bundle FXGL: {}
23:36:13.222 [FXGL Background Thread 1 ] DEBUG UpdaterService       - Checking for updates
23:36:13.262 [FXGL Background Thread 1 ] DEBUG FXGLApplication      - Loading default localization
23:36:13.264 [FXGL Background Thread 1 ] DEBUG FXGLAssetLoaderServi - Loading from file system: jar:file:///C:/Users/aless/.m2/repository/com/github/almasb/fxgl/17.2/fxgl-17.2.jar!/fxglassets/languages/english.lang
23:36:13.267 [FXGL Background Thread 4 ] DEBUG FXGLApplication      - Loading fonts
23:36:13.268 [FXGL Background Thread 4 ] DEBUG FXGLAssetLoaderServi - Loading from file system: jar:file:///C:/Users/aless/.m2/repository/com/github/almasb/fxgl/17.2/fxgl-17.2.jar!/fxglassets/ui/fonts/VarelaRound-Regular.ttf
23:36:13.305 [FXGL Background Thread 1 ] INFO  FXGLApplication      - FXGL initialization took: 0,814 sec
23:36:13.320 [JavaFX Application Thread] DEBUG Input                - Registered new binding: Move Right - D
23:36:13.320 [JavaFX Application Thread] DEBUG Input                - Registered new binding: Move Left - A
23:36:13.321 [JavaFX Application Thread] DEBUG Input                - Registered new binding: Move Up - W
23:36:13.321 [JavaFX Application Thread] DEBUG Input                - Registered new binding: Move Down - S
23:36:13.322 [JavaFX Application Thread] DEBUG FXGLAssetLoaderServi - Loading from file system: jar:file:///C:/Users/aless/.m2/repository/com/github/almasb/fxgl/17.2/fxgl-17.2.jar!/fxglassets/textures/fxgl_icon.png
23:36:13.345 [JavaFX Application Thread] DEBUG FXGLAssetLoaderServi - Loading from file system: jar:file:///C:/Users/aless/.m2/repository/com/github/almasb/fxgl/17.2/fxgl-17.2.jar!/fxglassets/textures/fxgl_default_cursor.png
23:36:13.348 [JavaFX Application Thread] DEBUG Input                - Registered new binding: Screenshot - CTRL+8
23:36:13.348 [JavaFX Application Thread] DEBUG Input                - Registered new binding: Dev Options - 1
23:36:13.349 [JavaFX Application Thread] DEBUG Input                - Registered new binding: Dev Console - 2
23:36:13.351 [JavaFX Application Thread] DEBUG Input                - Registered new binding: System info dump - CTRL+9
23:36:13.352 [JavaFX Application Thread] DEBUG Input                - Registered new binding: Restart - CTRL+R
23:36:13.353 [JavaFX Application Thread] DEBUG Input                - Registered new binding: Toggle Debug Camera - CTRL+7
23:36:13.358 [JavaFX Application Thread] DEBUG LoopRunner           - Starting loop
23:36:13.380 [JavaFX Application Thread] DEBUG LoopRunner           - Initializing JavaFX AnimationTimerLoop
23:36:13.386 [JavaFX Application Thread] DEBUG GameApplicationServi - Starting new game
23:36:13.387 [JavaFX Application Thread] DEBUG Input                - Clearing active input actions
23:36:13.416 [JavaFX Application Thread] DEBUG GameApplicationServi - Removing overlay from FXGLStartupScene and adding to FXGLLoadingScene
23:36:13.424 [JavaFX Application Thread] DEBUG PrimaryStageWindow   - FXGLStartupScene -> FXGLLoadingScene
23:36:13.424 [JavaFX Application Thread] DEBUG GameApplicationServi - Clearing previous game
23:36:13.425 [JavaFX Application Thread] DEBUG GameScene            - Clearing game scene
23:36:13.425 [JavaFX Application Thread] DEBUG GameWorld            - Clearing game world
23:36:13.425 [JavaFX Application Thread] DEBUG PhysicsWorld         - Clearing physics world
23:36:13.429 [FXGL Background Thread 1 ] DEBUG FXGLApplication      - Initializing game
23:36:13.616 [FXGL Background Thread 1 ] WARN  TMXLevelLoader       - TiledMap generated from 1.10.2. Supported version: 1.9.0. Some features may not be parsed fully.
23:36:13.660 [FXGL Background Thread 1 ] DEBUG TMXLevelLoader       - Parsed TiledMap: file:/C:/Users/aless/IdeaProjects/Jogo/target/classes/assets/levels/Castelo2.tmx
23:36:13.666 [FXGL Background Thread 1 ] DEBUG TMXLevelLoader       - Creating tile layer entities
23:36:13.671 [FXGL Background Thread 1 ] DEBUG TilesetLoader        - Loading view for layer Base
23:36:13.674 [FXGL Background Thread 1 ] DEBUG TilesetLoader        - Created buffer with size 1280.0x768.0
23:36:13.704 [FXGL Background Thread 1 ] DEBUG TilesetLoader        - Loading view for layer Camada de Blocos 2
23:36:13.707 [FXGL Background Thread 1 ] DEBUG TilesetLoader        - Created buffer with size 1280.0x768.0
23:36:13.713 [FXGL Background Thread 1 ] DEBUG TilesetLoader        - Loading view for layer Camada de Blocos 3
23:36:13.717 [FXGL Background Thread 1 ] DEBUG TilesetLoader        - Created buffer with size 1280.0x768.0
23:36:13.724 [FXGL Background Thread 1 ] DEBUG TilesetLoader        - Loading view for layer Camada de Blocos 4
23:36:13.741 [FXGL Background Thread 1 ] DEBUG TilesetLoader        - Created buffer with size 1280.0x768.0
23:36:13.742 [FXGL Background Thread 1 ] DEBUG TMXLevelLoader       - Creating object layer entities
23:36:13.796 [FXGL Background Thread 1 ] DEBUG GameWorld            - Clearing removable entities
23:36:13.797 [FXGL Background Thread 1 ] DEBUG GameWorld            - Setting level: com.almasb.fxgl.entity.level.Level@62d80cfc
23:36:13.815 [FXGL Background Thread 1 ] DEBUG FXGLAssetLoaderServi - Loading from file system: file:/C:/Users/aless/IdeaProjects/Jogo/target/classes/assets/textures/dev_player.png
23:36:13.868 [FXGL Background Thread 1 ] WARN  GameWorld            - Entity is already attached to world
23:36:13.870 [FXGL Background Thread 1 ] WARN  Entity               - Entity already has component: Interface.Components.PlayerComponent
23:36:13.871 [FXGL Background Thread 1 ] INFO  FXGLApplication      - Game initialization took: 0,442 sec
23:36:13.955 [FXGL Background Thread 4 ] DEBUG FXGLAssetLoaderServi - Loading from file system: jar:file:///C:/Users/aless/.m2/repository/com/github/almasb/fxgl/17.2/fxgl-17.2.jar!/fxglassets/ui/fonts/Abel-Regular.ttf
23:36:13.961 [FXGL Background Thread 4 ] DEBUG FXGLAssetLoaderServi - Loading from file system: jar:file:///C:/Users/aless/.m2/repository/com/github/almasb/fxgl/17.2/fxgl-17.2.jar!/fxglassets/ui/fonts/TerminalLandMono-Regular.otf
23:36:13.976 [JavaFX Application Thread] DEBUG Input                - Clearing active input actions
23:36:13.976 [FXGL Background Thread 4 ] DEBUG FXGLAssetLoaderServi - Loading from file system: jar:file:///C:/Users/aless/.m2/repository/com/github/almasb/fxgl/17.2/fxgl-17.2.jar!/fxglassets/ui/fonts/Courier-Prime.ttf
23:36:13.989 [JavaFX Application Thread] DEBUG GameApplicationServi - Removing overlay from FXGLLoadingScene and adding to GameScene
23:36:13.996 [JavaFX Application Thread] DEBUG PrimaryStageWindow   - FXGLLoadingScene -> GameScene
23:36:14.290 [JavaFX Application Thread] DEBUG FXGLApplication      - Registering font factories with UI factory
23:36:14.580 [FXGL Background Thread 2 ] INFO  UpdaterService       - Your current version:  17.2
23:36:14.580 [FXGL Background Thread 2 ] INFO  UpdaterService       - Latest stable version: 17.3
23:36:16.261 [FXGL Background Thread 3 ] DEBUG Engine               - Logging environment variables
23:36:16.262 [FXGL Background Thread 3 ] DEBUG Engine               - achievements: []
23:36:16.262 [FXGL Background Thread 3 ] DEBUG Engine               - actualHeight: 720.0
23:36:16.265 [FXGL Background Thread 3 ] DEBUG Engine               - actualHeightProperty: ReadOnlyDoubleProperty [value: 720.0]
23:36:16.265 [FXGL Background Thread 3 ] DEBUG Engine               - actualWidth: 1280.0
23:36:16.265 [FXGL Background Thread 3 ] DEBUG Engine               - actualWidthProperty: ReadOnlyDoubleProperty [value: 1280.0]
23:36:16.265 [FXGL Background Thread 3 ] DEBUG Engine               - appIcon: fxgl_icon.png
23:36:16.266 [FXGL Background Thread 3 ] DEBUG Engine               - applicationMode: DEVELOPER
23:36:16.266 [FXGL Background Thread 3 ] DEBUG Engine               - cSSList: [fxgl_dark.css]
23:36:16.266 [FXGL Background Thread 3 ] DEBUG Engine               - collisionDetectionStrategy: BRUTE_FORCE
23:36:16.266 [FXGL Background Thread 3 ] DEBUG Engine               - configClass: Optional.empty
23:36:16.266 [FXGL Background Thread 3 ] DEBUG Engine               - credits: []
23:36:16.267 [FXGL Background Thread 3 ] DEBUG Engine               - defaultCursor: CursorInfo(imageName=fxgl_default_cursor.png, hotspotX=7.0, hotspotY=6.0)
23:36:16.267 [FXGL Background Thread 3 ] DEBUG Engine               - devBBoxColorProperty: ObjectProperty [value: 0xff0000ff]
23:36:16.267 [FXGL Background Thread 3 ] DEBUG Engine               - devEnableDebugCameraProperty: BooleanProperty [value: false]
23:36:16.268 [FXGL Background Thread 3 ] DEBUG Engine               - devSensorColorProperty: ObjectProperty [value: 0xffff00ff]
23:36:16.268 [FXGL Background Thread 3 ] DEBUG Engine               - devShowBBoxProperty: BooleanProperty [value: false]
23:36:16.268 [FXGL Background Thread 3 ] DEBUG Engine               - devShowPositionProperty: BooleanProperty [value: false]
23:36:16.268 [FXGL Background Thread 3 ] DEBUG Engine               - enabledMenuItems: []
23:36:16.269 [FXGL Background Thread 3 ] DEBUG Engine               - engineServices: [class com.almasb.fxgl.app.services.FXGLAssetLoaderService, class com.almasb.fxgl.app.FXGLApplication$GameApplicationService, class com.almasb.fxgl.app.services.FXGLDialogService, class com.almasb.fxgl.app.services.IOTaskExecutorService, class com.almasb.fxgl.io.FileSystemService, class com.almasb.fxgl.localization.LocalizationService, class com.almasb.fxgl.app.services.SystemBundleService, class com.almasb.fxgl.profile.SaveLoadService, class com.almasb.fxgl.ui.FXGLUIFactoryServiceProvider, class com.almasb.fxgl.ui.FXGLDialogFactoryServiceProvider, class com.almasb.fxgl.audio.AudioPlayer, class com.almasb.fxgl.notification.impl.NotificationServiceProvider, class com.almasb.fxgl.achievement.AchievementService, class com.almasb.fxgl.cutscene.CutsceneService, class com.almasb.fxgl.minigames.MiniGameService, class com.almasb.fxgl.net.NetService, class com.almasb.fxgl.app.services.UpdaterService, class com.almasb.fxgl.dev.DevService]
23:36:16.269 [FXGL Background Thread 3 ] DEBUG Engine               - fontGame: Abel-Regular.ttf
23:36:16.269 [FXGL Background Thread 3 ] DEBUG Engine               - fontMono: TerminalLandMono-Regular.otf
23:36:16.269 [FXGL Background Thread 3 ] DEBUG Engine               - fontText: Courier-Prime.ttf
23:36:16.269 [FXGL Background Thread 3 ] DEBUG Engine               - fontUI: VarelaRound-Regular.ttf
23:36:16.269 [FXGL Background Thread 3 ] DEBUG Engine               - fullScreen: BooleanProperty [value: false]
23:36:16.270 [FXGL Background Thread 3 ] DEBUG Engine               - gameDifficulty: MEDIUM
23:36:16.270 [FXGL Background Thread 3 ] DEBUG Engine               - gameDifficultyProperty: ObjectProperty [value: MEDIUM]
23:36:16.270 [FXGL Background Thread 3 ] DEBUG Engine               - globalMusicVolume: 0.5
23:36:16.270 [FXGL Background Thread 3 ] DEBUG Engine               - globalMusicVolumeProperty: DoubleProperty [value: 0.5]
23:36:16.270 [FXGL Background Thread 3 ] DEBUG Engine               - globalSoundVolume: 0.5
23:36:16.270 [FXGL Background Thread 3 ] DEBUG Engine               - globalSoundVolumeProperty: DoubleProperty [value: 0.5]
23:36:16.273 [FXGL Background Thread 3 ] DEBUG Engine               - height: 720
23:36:16.273 [FXGL Background Thread 3 ] DEBUG Engine               - is3D: false
23:36:16.273 [FXGL Background Thread 3 ] DEBUG Engine               - isAndroid: false
23:36:16.273 [FXGL Background Thread 3 ] DEBUG Engine               - isBrowser: false
23:36:16.274 [FXGL Background Thread 3 ] DEBUG Engine               - isClickFeedbackEnabled: false
23:36:16.274 [FXGL Background Thread 3 ] DEBUG Engine               - isCloseConfirmation: false
23:36:16.274 [FXGL Background Thread 3 ] DEBUG Engine               - isDesktop: true
23:36:16.274 [FXGL Background Thread 3 ] DEBUG Engine               - isDeveloperMenuEnabled: true
23:36:16.274 [FXGL Background Thread 3 ] DEBUG Engine               - isEmbedded: false
23:36:16.274 [FXGL Background Thread 3 ] DEBUG Engine               - isEntityPreloadEnabled: true
23:36:16.274 [FXGL Background Thread 3 ] DEBUG Engine               - isExperimentalTiledLargeMap: false
23:36:16.274 [FXGL Background Thread 3 ] DEBUG Engine               - isFileSystemWriteAllowed: true
23:36:16.274 [FXGL Background Thread 3 ] DEBUG Engine               - isFullScreenAllowed: true
23:36:16.275 [FXGL Background Thread 3 ] DEBUG Engine               - isFullScreenFromStart: false
23:36:16.275 [FXGL Background Thread 3 ] DEBUG Engine               - isGameMenuEnabled: true
23:36:16.275 [FXGL Background Thread 3 ] DEBUG Engine               - isIOS: false
23:36:16.275 [FXGL Background Thread 3 ] DEBUG Engine               - isIntroEnabled: false
23:36:16.275 [FXGL Background Thread 3 ] DEBUG Engine               - isLinux: false
23:36:16.275 [FXGL Background Thread 3 ] DEBUG Engine               - isMac: false
23:36:16.275 [FXGL Background Thread 3 ] DEBUG Engine               - isMainMenuEnabled: false
23:36:16.275 [FXGL Background Thread 3 ] DEBUG Engine               - isManualResizeEnabled: false
23:36:16.275 [FXGL Background Thread 3 ] DEBUG Engine               - isMobile: false
23:36:16.276 [FXGL Background Thread 3 ] DEBUG Engine               - isNative: false
23:36:16.276 [FXGL Background Thread 3 ] DEBUG Engine               - isPauseMusicWhenMinimized: true
23:36:16.276 [FXGL Background Thread 3 ] DEBUG Engine               - isPreserveResizeRatio: false
23:36:16.276 [FXGL Background Thread 3 ] DEBUG Engine               - isProfilingEnabled: false
23:36:16.276 [FXGL Background Thread 3 ] DEBUG Engine               - isScaleAffectedOnResize: true
23:36:16.276 [FXGL Background Thread 3 ] DEBUG Engine               - isSingleStep: false
23:36:16.276 [FXGL Background Thread 3 ] DEBUG Engine               - isUserProfileEnabled: false
23:36:16.276 [FXGL Background Thread 3 ] DEBUG Engine               - isWindows: true
23:36:16.276 [FXGL Background Thread 3 ] DEBUG Engine               - language: ObjectProperty [value: ENGLISH]
23:36:16.276 [FXGL Background Thread 3 ] DEBUG Engine               - menuKey: ESCAPE
23:36:16.277 [FXGL Background Thread 3 ] DEBUG Engine               - mouseSensitivity: 0.2
23:36:16.277 [FXGL Background Thread 3 ] DEBUG Engine               - notificationViewClass: class com.almasb.fxgl.notification.view.XboxNotificationView
23:36:16.277 [FXGL Background Thread 3 ] DEBUG Engine               - pixelsPerMeter: 50.0
23:36:16.277 [FXGL Background Thread 3 ] DEBUG Engine               - platform: WINDOWS
23:36:16.277 [FXGL Background Thread 3 ] DEBUG Engine               - prefHeightProperty: ReadOnlyDoubleProperty [value: 720.0]
23:36:16.277 [FXGL Background Thread 3 ] DEBUG Engine               - prefWidthProperty: ReadOnlyDoubleProperty [value: 1280.0]
23:36:16.277 [FXGL Background Thread 3 ] DEBUG Engine               - profileDir: profiles/
23:36:16.277 [FXGL Background Thread 3 ] DEBUG Engine               - profileName: StringProperty [value: DEFAULT]
23:36:16.278 [FXGL Background Thread 3 ] DEBUG Engine               - randomSeed: -1
23:36:16.278 [FXGL Background Thread 3 ] DEBUG Engine               - runtimeInfo: RuntimeInfo(platform=WINDOWS, version=17.2, build=20.08.2022 16.50)
23:36:16.278 [FXGL Background Thread 3 ] DEBUG Engine               - saveFileExt: sav
23:36:16.278 [FXGL Background Thread 3 ] DEBUG Engine               - scaledHeightProp$fxgl: DoubleProperty [bound, value: 720.0]
23:36:16.279 [FXGL Background Thread 3 ] DEBUG Engine               - scaledWidthProp$fxgl: DoubleProperty [bound, value: 1280.0]
23:36:16.279 [FXGL Background Thread 3 ] DEBUG Engine               - sceneFactory: com.almasb.fxgl.app.scene.SceneFactory@38cf7fdf
23:36:16.279 [FXGL Background Thread 3 ] DEBUG Engine               - secondsIn24h: 60
23:36:16.279 [FXGL Background Thread 3 ] DEBUG Engine               - soundMenuBack: menu/back.wav
23:36:16.279 [FXGL Background Thread 3 ] DEBUG Engine               - soundMenuPress: menu/press.wav
23:36:16.279 [FXGL Background Thread 3 ] DEBUG Engine               - soundMenuSelect: menu/select.wav
23:36:16.279 [FXGL Background Thread 3 ] DEBUG Engine               - soundNotification: core/notification.wav
23:36:16.279 [FXGL Background Thread 3 ] DEBUG Engine               - stageStyle: DECORATED
23:36:16.279 [FXGL Background Thread 3 ] DEBUG Engine               - supportedLanguages: [ENGLISH, FRENCH, GERMAN, HUNGARIAN, RUSSIAN]
23:36:16.280 [FXGL Background Thread 3 ] DEBUG Engine               - ticksPerSecond: -1
23:36:16.280 [FXGL Background Thread 3 ] DEBUG Engine               - title: Silenciados
23:36:16.280 [FXGL Background Thread 3 ] DEBUG Engine               - urlGithub: https://github.com/AlmasB/FXGL
23:36:16.280 [FXGL Background Thread 3 ] DEBUG Engine               - urlLeaderboard: http://fxgl-top.herokuapp.com/
23:36:16.280 [FXGL Background Thread 3 ] DEBUG Engine               - urlPOM: https://raw.githubusercontent.com/AlmasB/FXGL/release/README.md
23:36:16.280 [FXGL Background Thread 3 ] DEBUG Engine               - userAppClass: class Interface.SilenciadosApp
23:36:16.280 [FXGL Background Thread 3 ] DEBUG Engine               - version: 0.1
23:36:16.280 [FXGL Background Thread 3 ] DEBUG Engine               - versionCheckDays: 7
23:36:16.280 [FXGL Background Thread 3 ] DEBUG Engine               - width: 1280
23:36:16.280 [FXGL Background Thread 3 ] DEBUG Engine               - Logging services
23:36:16.281 [FXGL Background Thread 3 ] DEBUG Engine               - class com.almasb.fxgl.app.services.FXGLAssetLoaderService
23:36:16.281 [FXGL Background Thread 3 ] DEBUG Engine               - class com.almasb.fxgl.app.FXGLApplication$GameApplicationService
23:36:16.281 [FXGL Background Thread 3 ] DEBUG Engine               - class com.almasb.fxgl.app.services.FXGLDialogService
23:36:16.281 [FXGL Background Thread 3 ] DEBUG Engine               - class com.almasb.fxgl.app.services.IOTaskExecutorService
23:36:16.281 [FXGL Background Thread 3 ] DEBUG Engine               - class com.almasb.fxgl.io.FileSystemService
23:36:16.281 [FXGL Background Thread 3 ] DEBUG Engine               - class com.almasb.fxgl.localization.LocalizationService
23:36:16.281 [FXGL Background Thread 3 ] DEBUG Engine               - class com.almasb.fxgl.app.services.SystemBundleService
23:36:16.281 [FXGL Background Thread 3 ] DEBUG Engine               - class com.almasb.fxgl.profile.SaveLoadService
23:36:16.281 [FXGL Background Thread 3 ] DEBUG Engine               - class com.almasb.fxgl.ui.FXGLUIFactoryServiceProvider
23:36:16.281 [FXGL Background Thread 3 ] DEBUG Engine               - class com.almasb.fxgl.ui.FXGLDialogFactoryServiceProvider
23:36:16.281 [FXGL Background Thread 3 ] DEBUG Engine               - class com.almasb.fxgl.audio.AudioPlayer
23:36:16.281 [FXGL Background Thread 3 ] DEBUG Engine               - class com.almasb.fxgl.notification.impl.NotificationServiceProvider
23:36:16.282 [FXGL Background Thread 3 ] DEBUG Engine               - class com.almasb.fxgl.achievement.AchievementService
23:36:16.282 [FXGL Background Thread 3 ] DEBUG Engine               - class com.almasb.fxgl.cutscene.CutsceneService
23:36:16.282 [FXGL Background Thread 3 ] DEBUG Engine               - class com.almasb.fxgl.minigames.MiniGameService
23:36:16.282 [FXGL Background Thread 3 ] DEBUG Engine               - class com.almasb.fxgl.net.NetService
23:36:16.282 [FXGL Background Thread 3 ] DEBUG Engine               - class com.almasb.fxgl.app.services.UpdaterService
23:36:16.282 [FXGL Background Thread 3 ] DEBUG Engine               - class com.almasb.fxgl.dev.DevService
23:36:17.279 [JavaFX Application Thread] WARN  TMXLevelLoader       - TiledMap generated from 1.10.2. Supported version: 1.9.0. Some features may not be parsed fully.
23:36:17.300 [JavaFX Application Thread] DEBUG TMXLevelLoader       - Parsed TiledMap: file:/C:/Users/aless/IdeaProjects/Jogo/target/classes/assets/levels/level1.tmx
23:36:17.300 [JavaFX Application Thread] DEBUG TMXLevelLoader       - Creating tile layer entities
23:36:17.300 [JavaFX Application Thread] DEBUG TilesetLoader        - Loading view for layer Camada de Blocos 1
23:36:17.311 [JavaFX Application Thread] DEBUG TilesetLoader        - Created buffer with size 1280.0x720.0
23:36:17.331 [JavaFX Application Thread] DEBUG TilesetLoader        - Loading view for layer Camada de Blocos 2
23:36:17.333 [JavaFX Application Thread] DEBUG TilesetLoader        - Created buffer with size 1280.0x720.0
23:36:17.335 [JavaFX Application Thread] DEBUG TilesetLoader        - Loading view for layer Camada de Blocos 3
23:36:17.337 [JavaFX Application Thread] DEBUG TilesetLoader        - Created buffer with size 1280.0x720.0
23:36:17.345 [JavaFX Application Thread] DEBUG TMXLevelLoader       - Creating object layer entities
23:36:17.363 [JavaFX Application Thread] DEBUG GameWorld            - Clearing removable entities
23:36:17.366 [JavaFX Application Thread] DEBUG GameWorld            - Setting level: com.almasb.fxgl.entity.level.Level@283d5ba0
23:36:17.375 [JavaFX Application Thread] WARN  GameWorld            - Entity is already attached to world
23:36:22.827 [JavaFX Application Thread] WARN  TMXLevelLoader       - TiledMap generated from 1.10.2. Supported version: 1.9.0. Some features may not be parsed fully.
23:36:22.833 [JavaFX Application Thread] DEBUG TMXLevelLoader       - Parsed TiledMap: file:/C:/Users/aless/IdeaProjects/Jogo/target/classes/assets/levels/level0.tmx
23:36:22.833 [JavaFX Application Thread] DEBUG TMXLevelLoader       - Creating tile layer entities
23:36:22.834 [JavaFX Application Thread] DEBUG TilesetLoader        - Loading view for layer Base
23:36:22.836 [JavaFX Application Thread] DEBUG TilesetLoader        - Created buffer with size 1280.0x768.0
23:36:22.844 [JavaFX Application Thread] DEBUG TilesetLoader        - Loading view for layer Camada de Blocos 2
23:36:22.847 [JavaFX Application Thread] DEBUG TilesetLoader        - Created buffer with size 1280.0x768.0
23:36:22.849 [JavaFX Application Thread] DEBUG TilesetLoader        - Loading view for layer Camada de Blocos 3
23:36:22.851 [JavaFX Application Thread] DEBUG TilesetLoader        - Created buffer with size 1280.0x768.0
23:36:22.852 [JavaFX Application Thread] DEBUG TilesetLoader        - Loading view for layer Camada de Blocos 4
23:36:22.855 [JavaFX Application Thread] DEBUG TilesetLoader        - Created buffer with size 1280.0x768.0
23:36:22.856 [JavaFX Application Thread] DEBUG TMXLevelLoader       - Creating object layer entities
23:36:22.859 [JavaFX Application Thread] DEBUG GameWorld            - Clearing removable entities
23:36:22.862 [JavaFX Application Thread] DEBUG GameWorld            - Setting level: com.almasb.fxgl.entity.level.Level@5dd3525e
23:36:22.865 [JavaFX Application Thread] WARN  GameWorld            - Entity is already attached to world
23:36:25.146 [JavaFX Application Thread] WARN  TMXLevelLoader       - TiledMap generated from 1.10.2. Supported version: 1.9.0. Some features may not be parsed fully.
23:36:25.160 [JavaFX Application Thread] DEBUG TMXLevelLoader       - Parsed TiledMap: file:/C:/Users/aless/IdeaProjects/Jogo/target/classes/assets/levels/level1.tmx
23:36:25.160 [JavaFX Application Thread] DEBUG TMXLevelLoader       - Creating tile layer entities
23:36:25.160 [JavaFX Application Thread] DEBUG TilesetLoader        - Loading view for layer Camada de Blocos 1
23:36:25.163 [JavaFX Application Thread] DEBUG TilesetLoader        - Created buffer with size 1280.0x720.0
23:36:25.176 [JavaFX Application Thread] DEBUG TilesetLoader        - Loading view for layer Camada de Blocos 2
23:36:25.177 [JavaFX Application Thread] DEBUG TilesetLoader        - Created buffer with size 1280.0x720.0
23:36:25.179 [JavaFX Application Thread] DEBUG TilesetLoader        - Loading view for layer Camada de Blocos 3
23:36:25.182 [JavaFX Application Thread] DEBUG TilesetLoader        - Created buffer with size 1280.0x720.0
23:36:25.185 [JavaFX Application Thread] DEBUG TMXLevelLoader       - Creating object layer entities
23:36:25.216 [JavaFX Application Thread] DEBUG GameWorld            - Clearing removable entities
23:36:25.217 [JavaFX Application Thread] DEBUG GameWorld            - Setting level: com.almasb.fxgl.entity.level.Level@c338a85
23:36:25.223 [JavaFX Application Thread] WARN  GameWorld            - Entity is already attached to world
23:36:33.816 [JavaFX Application Thread] WARN  TMXLevelLoader       - TiledMap generated from 1.10.2. Supported version: 1.9.0. Some features may not be parsed fully.
23:36:33.824 [JavaFX Application Thread] DEBUG TMXLevelLoader       - Parsed TiledMap: file:/C:/Users/aless/IdeaProjects/Jogo/target/classes/assets/levels/level0.tmx
23:36:33.824 [JavaFX Application Thread] DEBUG TMXLevelLoader       - Creating tile layer entities
23:36:33.825 [JavaFX Application Thread] DEBUG TilesetLoader        - Loading view for layer Base
23:36:33.826 [JavaFX Application Thread] DEBUG TilesetLoader        - Created buffer with size 1280.0x768.0
23:36:33.836 [JavaFX Application Thread] DEBUG TilesetLoader        - Loading view for layer Camada de Blocos 2
23:36:33.837 [JavaFX Application Thread] DEBUG TilesetLoader        - Created buffer with size 1280.0x768.0
23:36:33.839 [JavaFX Application Thread] DEBUG TilesetLoader        - Loading view for layer Camada de Blocos 3
23:36:33.840 [JavaFX Application Thread] DEBUG TilesetLoader        - Created buffer with size 1280.0x768.0
23:36:33.841 [JavaFX Application Thread] DEBUG TilesetLoader        - Loading view for layer Camada de Blocos 4
23:36:33.842 [JavaFX Application Thread] DEBUG TilesetLoader        - Created buffer with size 1280.0x768.0
23:36:33.843 [JavaFX Application Thread] DEBUG TMXLevelLoader       - Creating object layer entities
23:36:33.846 [JavaFX Application Thread] DEBUG GameWorld            - Clearing removable entities
23:36:33.848 [JavaFX Application Thread] DEBUG GameWorld            - Setting level: com.almasb.fxgl.entity.level.Level@5e6aae8d
23:36:33.851 [JavaFX Application Thread] WARN  GameWorld            - Entity is already attached to world
23:36:43.873 [JavaFX Application Thread] DEBUG FXGLApplication      - Exiting FXGL
23:36:43.874 [JavaFX Application Thread] DEBUG LoopRunner           - Stopping loop
23:36:43.874 [JavaFX Application Thread] DEBUG SystemBundleService  - Saving FXGL system data
23:36:43.877 [JavaFX Application Thread] DEBUG FileSystemAccess     - Writing to: C:\Users\aless\IdeaProjects\Jogo\system\fxgl.bundle
23:36:43.879 [JavaFX Application Thread] DEBUG Async                - Shutting down background threads
23:36:43.879 [JavaFX Application Thread] DEBUG PrimaryStageWindow   - Closing main window
23:36:43.897 [JavaFX Application Thread] DEBUG Logger               - Closing Logger
