11:44:02.347 [main                     ] DEBUG Logger               - Configured Logger
11:44:02.398 [main                     ] DEBUG GameApplication      - Logging settings
Title: Silenciados
Version: 0.1
Width: 1280
Height: 720
Fullscreen: true
Intro: false
Profiling: false
Single step:false
App Mode: DEVELOPER
Menu Key: ESCAPE
Stage Style: DECORATED
Scene Factory: class com.almasb.fxgl.app.scene.SceneFactory

11:44:02.737 [JavaFX Application Thread] DEBUG FXGLApplication      - Initializing FXGL
11:44:02.749 [JavaFX Application Thread] INFO  Engine               - FXGL-17.3 (30.03.2023 11.49) on WINDOWS (J:17.0.9 FX:20)
11:44:02.750 [JavaFX Application Thread] DEBUG Engine               - JRE Vendor Name: Oracle Corporation
11:44:02.750 [JavaFX Application Thread] DEBUG Engine               - Running on OS: Windows 11 version 10.0
11:44:02.751 [JavaFX Application Thread] DEBUG Engine               - Architecture: amd64
11:44:02.751 [JavaFX Application Thread] INFO  Engine               - Source code and latest versions at: https://github.com/AlmasB/FXGL
11:44:02.751 [JavaFX Application Thread] INFO  Engine               -       Ask questions and discuss at: https://github.com/AlmasB/FXGL/discussions
11:44:02.752 [JavaFX Application Thread] INFO  Engine               -              Join the FXGL chat at: https://gitter.im/AlmasB/FXGL
11:44:02.882 [JavaFX Application Thread] DEBUG PrimaryStageWindow   - Creating a JavaFX scene
11:44:02.945 [JavaFX Application Thread] DEBUG PrimaryStageWindow   - Target settings size: 1280.0 x 720.0
11:44:02.945 [JavaFX Application Thread] DEBUG PrimaryStageWindow   - Scaled scene size:    1280.0 x 720.0
11:44:02.946 [JavaFX Application Thread] DEBUG PrimaryStageWindow   - Scaled ratio: (1.0, 1.0)
11:44:02.948 [JavaFX Application Thread] DEBUG PrimaryStageWindow   - Set initial scene to FXGLStartupScene
11:44:02.955 [JavaFX Application Thread] DEBUG PrimaryStageWindow   - Opening main window
11:44:03.056 [JavaFX Application Thread] DEBUG PrimaryStageWindow   - Window border size: (16.0, 39.0)
11:44:03.057 [JavaFX Application Thread] DEBUG PrimaryStageWindow   - Scaled size: 1280.0 x 720.0
11:44:03.058 [JavaFX Application Thread] DEBUG PrimaryStageWindow   - Scaled ratio: (1.0, 1.0)
11:44:03.058 [JavaFX Application Thread] DEBUG PrimaryStageWindow   - Scene size: 1280.0 x 720.0
11:44:03.059 [JavaFX Application Thread] DEBUG PrimaryStageWindow   - Stage size: 1296.0 x 759.0
11:44:03.073 [FXGL Background Thread 1 ] DEBUG Engine               - Initializing environment variables
11:44:03.127 [FXGL Background Thread 1 ] DEBUG FXGLAssetLoaderServi - User app class for loading assets: class Interface.SilenciadosApp
11:44:03.127 [FXGL Background Thread 1 ] DEBUG GameApplicationServi - Applying CSS: fxgl_dark.css
11:44:03.129 [FXGL Background Thread 1 ] DEBUG FXGLAssetLoaderServi - Loading from file system: jar:file:///C:/Users/aless/.m2/repository/com/github/almasb/fxgl/17.3/fxgl-17.3.jar!/fxglassets/ui/css/fxgl_dark.css
11:44:03.231 [FXGL Background Thread 1 ] DEBUG GameApplicationServi - Initializing application scenes
11:44:03.343 [FXGL Background Thread 1 ] DEBUG GameWorld            - Game world initialized
11:44:03.409 [FXGL Background Thread 1 ] DEBUG PhysicsWorld         - Physics world initialized: appHeight=720, physics.ppm=50,0
11:44:03.410 [FXGL Background Thread 1 ] DEBUG PhysicsWorld         - Using strategy: BRUTE_FORCE
11:44:03.416 [FXGL Background Thread 1 ] DEBUG GameScene            - Game scene initialized: 1280x720
11:44:03.431 [FXGL Background Thread 1 ] DEBUG FXGL.DefaultMenu     - createMenuBodyGameMenu()
11:44:03.450 [FXGL Background Thread 1 ] DEBUG FXGL.DefaultMenu     - createOptionsMenu()
11:44:03.464 [FXGL Background Thread 1 ] DEBUG FXGLAssetLoaderServi - Loading from file system: jar:file:///C:/Users/aless/.m2/repository/com/github/almasb/fxgl/17.3/fxgl-17.3.jar!/fxglassets/textures/particles/smoke.png
11:44:03.580 [FXGL Background Thread 1 ] DEBUG FXGLAssetLoaderServi - Loading from file system: jar:file:///C:/Users/aless/.m2/repository/com/github/almasb/fxgl/17.3/fxgl-17.3.jar!/fxglassets/textures/particles/trace_horizontal.png
11:44:03.619 [FXGL Background Thread 1 ] DEBUG GameApplicationServi - Application scenes initialized
11:44:03.636 [FXGL Background Thread 1 ] DEBUG SystemBundleService  - Loading FXGL system data
11:44:03.642 [FXGL Background Thread 1 ] DEBUG FileSystemAccess     - Reading from: C:\Users\aless\OneDrive\Documentos\GitHub\RPGemturnosG1\Jogo\system\fxgl.bundle
11:44:03.652 [FXGL Background Thread 1 ] DEBUG SystemBundleService  - Bundle FXGL: {}
11:44:03.652 [FXGL Background Thread 1 ] DEBUG UpdaterService       - Checking for updates
11:44:03.692 [FXGL Background Thread 4 ] DEBUG FXGLApplication      - Loading fonts
11:44:03.693 [FXGL Background Thread 1 ] DEBUG FXGLApplication      - Loading default localization
11:44:03.694 [FXGL Background Thread 1 ] DEBUG FXGLAssetLoaderServi - Loading from file system: jar:file:///C:/Users/aless/.m2/repository/com/github/almasb/fxgl/17.3/fxgl-17.3.jar!/fxglassets/languages/english.lang
11:44:03.700 [FXGL Background Thread 4 ] DEBUG FXGLAssetLoaderServi - Loading from file system: jar:file:///C:/Users/aless/.m2/repository/com/github/almasb/fxgl/17.3/fxgl-17.3.jar!/fxglassets/ui/fonts/VarelaRound-Regular.ttf
11:44:03.731 [FXGL Background Thread 1 ] INFO  FXGLApplication      - FXGL initialization took: 0,658 sec
11:44:03.744 [JavaFX Application Thread] DEBUG Input                - Registered new binding: Move Right - D
11:44:03.744 [JavaFX Application Thread] DEBUG Input                - Registered new binding: Move Left - A
11:44:03.745 [JavaFX Application Thread] DEBUG Input                - Registered new binding: Move Up - W
11:44:03.745 [JavaFX Application Thread] DEBUG Input                - Registered new binding: Move Down - S
11:44:03.746 [JavaFX Application Thread] DEBUG FXGLAssetLoaderServi - Loading from file system: jar:file:///C:/Users/aless/.m2/repository/com/github/almasb/fxgl/17.3/fxgl-17.3.jar!/fxglassets/textures/fxgl_icon.png
11:44:03.768 [JavaFX Application Thread] DEBUG FXGLAssetLoaderServi - Loading from file system: jar:file:///C:/Users/aless/.m2/repository/com/github/almasb/fxgl/17.3/fxgl-17.3.jar!/fxglassets/textures/fxgl_default_cursor.png
11:44:03.771 [JavaFX Application Thread] DEBUG Input                - Registered new binding: Screenshot - CTRL+8
11:44:03.772 [JavaFX Application Thread] DEBUG Input                - Registered new binding: Dev Options - 1
11:44:03.772 [JavaFX Application Thread] DEBUG Input                - Registered new binding: Dev Console - 2
11:44:03.773 [JavaFX Application Thread] DEBUG Input                - Registered new binding: System info dump - CTRL+9
11:44:03.774 [JavaFX Application Thread] DEBUG Input                - Registered new binding: Restart - CTRL+R
11:44:03.774 [JavaFX Application Thread] DEBUG Input                - Registered new binding: Toggle Debug Camera - CTRL+7
11:44:03.779 [JavaFX Application Thread] DEBUG LoopRunner           - Starting loop
11:44:03.798 [JavaFX Application Thread] DEBUG LoopRunner           - Initializing JavaFX AnimationTimerLoop
11:44:03.800 [JavaFX Application Thread] DEBUG GameApplicationServi - Starting new game
11:44:03.801 [JavaFX Application Thread] DEBUG Input                - Clearing active input actions
11:44:03.819 [JavaFX Application Thread] DEBUG GameApplicationServi - Removing overlay from FXGLStartupScene and adding to FXGLLoadingScene
11:44:03.824 [JavaFX Application Thread] DEBUG PrimaryStageWindow   - FXGLStartupScene -> FXGLLoadingScene
11:44:03.824 [JavaFX Application Thread] DEBUG GameApplicationServi - Clearing previous game
11:44:03.824 [JavaFX Application Thread] DEBUG GameScene            - Clearing game scene
11:44:03.825 [JavaFX Application Thread] DEBUG GameWorld            - Clearing game world
11:44:03.825 [JavaFX Application Thread] DEBUG PhysicsWorld         - Clearing physics world
11:44:03.827 [FXGL Background Thread 1 ] DEBUG FXGLApplication      - Initializing game
11:44:03.990 [FXGL Background Thread 1 ] WARN  TMXLevelLoader       - TiledMap generated from 1.10.2. Supported version: 1.9.0. Some features may not be parsed fully.
11:44:04.020 [FXGL Background Thread 1 ] DEBUG TMXLevelLoader       - Parsed TiledMap: file:/C:/Users/aless/OneDrive/Documentos/GitHub/RPGemturnosG1/Jogo/target/classes/assets/levels/Mansao.tmx
11:44:04.021 [FXGL Background Thread 1 ] DEBUG TMXLevelLoader       - Creating tile layer entities
11:44:04.024 [FXGL Background Thread 1 ] DEBUG TilesetLoader        - Loading view for layer Chão
11:44:04.026 [FXGL Background Thread 1 ] DEBUG TilesetLoader        - Created buffer with size 1280.0x768.0
11:44:04.045 [FXGL Background Thread 1 ] DEBUG TilesetLoader        - Loading view for layer ChãoGraminhas
11:44:04.053 [FXGL Background Thread 1 ] DEBUG TilesetLoader        - Created buffer with size 1280.0x768.0
11:44:04.061 [FXGL Background Thread 1 ] DEBUG TilesetLoader        - Loading view for layer Árvores
11:44:04.063 [FXGL Background Thread 1 ] DEBUG TilesetLoader        - Created buffer with size 1280.0x768.0
11:44:04.083 [FXGL Background Thread 1 ] DEBUG TilesetLoader        - Loading view for layer arvore
11:44:04.092 [FXGL Background Thread 1 ] DEBUG TilesetLoader        - Created buffer with size 1280.0x768.0
11:44:04.094 [FXGL Background Thread 1 ] DEBUG TilesetLoader        - Loading view for layer Mansao
11:44:04.109 [FXGL Background Thread 1 ] DEBUG TilesetLoader        - Created buffer with size 1280.0x768.0
11:44:04.115 [FXGL Background Thread 1 ] DEBUG TilesetLoader        - Loading view for layer ARVORE2.0
11:44:04.117 [FXGL Background Thread 1 ] DEBUG TilesetLoader        - Created buffer with size 1280.0x768.0
11:44:04.118 [FXGL Background Thread 1 ] DEBUG TMXLevelLoader       - Creating object layer entities
11:44:04.208 [FXGL Background Thread 1 ] DEBUG GameWorld            - Clearing removable entities
11:44:04.210 [FXGL Background Thread 1 ] DEBUG GameWorld            - Setting level: com.almasb.fxgl.entity.level.Level@971fa69
11:44:04.230 [FXGL Background Thread 1 ] DEBUG FXGLAssetLoaderServi - Loading from file system: file:/C:/Users/aless/OneDrive/Documentos/GitHub/RPGemturnosG1/Jogo/target/classes/assets/textures/dev_player.png
11:44:04.285 [FXGL Background Thread 1 ] WARN  GameWorld            - Entity is already attached to world
11:44:04.286 [FXGL Background Thread 1 ] WARN  GameWorld            - Entity is already attached to world
11:44:04.290 [FXGL Background Thread 1 ] DEBUG FXGLAssetLoaderServi - Loading from file system: file:/C:/Users/aless/OneDrive/Documentos/GitHub/RPGemturnosG1/Jogo/target/classes/assets/textures/male_hurt.png
11:44:04.294 [FXGL Background Thread 1 ] WARN  GameWorld            - Entity is already attached to world
11:44:04.296 [FXGL Background Thread 1 ] INFO  FXGLApplication      - Game initialization took: 0,468 sec
11:44:04.347 [FXGL Background Thread 4 ] DEBUG FXGLAssetLoaderServi - Loading from file system: jar:file:///C:/Users/aless/.m2/repository/com/github/almasb/fxgl/17.3/fxgl-17.3.jar!/fxglassets/ui/fonts/Abel-Regular.ttf
11:44:04.352 [FXGL Background Thread 4 ] DEBUG FXGLAssetLoaderServi - Loading from file system: jar:file:///C:/Users/aless/.m2/repository/com/github/almasb/fxgl/17.3/fxgl-17.3.jar!/fxglassets/ui/fonts/TerminalLandMono-Regular.otf
11:44:04.371 [FXGL Background Thread 4 ] DEBUG FXGLAssetLoaderServi - Loading from file system: jar:file:///C:/Users/aless/.m2/repository/com/github/almasb/fxgl/17.3/fxgl-17.3.jar!/fxglassets/ui/fonts/Courier-Prime.ttf
11:44:04.492 [JavaFX Application Thread] DEBUG Input                - Clearing active input actions
11:44:04.506 [JavaFX Application Thread] DEBUG GameApplicationServi - Removing overlay from FXGLLoadingScene and adding to GameScene
11:44:04.515 [JavaFX Application Thread] DEBUG PrimaryStageWindow   - FXGLLoadingScene -> GameScene
11:44:04.518 [JavaFX Application Thread] DEBUG FXGLApplication      - Registering font factories with UI factory
11:44:06.691 [FXGL Background Thread 3 ] DEBUG Engine               - Logging environment variables
11:44:06.691 [FXGL Background Thread 3 ] DEBUG Engine               - achievements: []
11:44:06.693 [FXGL Background Thread 3 ] DEBUG Engine               - actualHeight: 720.0
11:44:06.693 [FXGL Background Thread 3 ] DEBUG Engine               - actualHeightProperty: ReadOnlyDoubleProperty [value: 720.0]
11:44:06.693 [FXGL Background Thread 3 ] DEBUG Engine               - actualWidth: 1280.0
11:44:06.693 [FXGL Background Thread 3 ] DEBUG Engine               - actualWidthProperty: ReadOnlyDoubleProperty [value: 1280.0]
11:44:06.693 [FXGL Background Thread 3 ] DEBUG Engine               - appIcon: fxgl_icon.png
11:44:06.693 [FXGL Background Thread 3 ] DEBUG Engine               - applicationMode: DEVELOPER
11:44:06.693 [FXGL Background Thread 3 ] DEBUG Engine               - cSSList: [fxgl_dark.css]
11:44:06.693 [FXGL Background Thread 3 ] DEBUG Engine               - collisionDetectionStrategy: BRUTE_FORCE
11:44:06.693 [FXGL Background Thread 3 ] DEBUG Engine               - configClass: Optional.empty
11:44:06.693 [FXGL Background Thread 3 ] DEBUG Engine               - credits: []
11:44:06.694 [FXGL Background Thread 3 ] DEBUG Engine               - defaultCursor: CursorInfo(imageName=fxgl_default_cursor.png, hotspotX=7.0, hotspotY=6.0)
11:44:06.694 [FXGL Background Thread 3 ] DEBUG Engine               - devBBoxColorProperty: ObjectProperty [value: 0xff0000ff]
11:44:06.694 [FXGL Background Thread 3 ] DEBUG Engine               - devEnableDebugCameraProperty: BooleanProperty [value: false]
11:44:06.694 [FXGL Background Thread 3 ] DEBUG Engine               - devSensorColorProperty: ObjectProperty [value: 0xffff00ff]
11:44:06.694 [FXGL Background Thread 3 ] DEBUG Engine               - devShowBBoxProperty: BooleanProperty [value: false]
11:44:06.694 [FXGL Background Thread 3 ] DEBUG Engine               - devShowPositionProperty: BooleanProperty [value: false]
11:44:06.695 [FXGL Background Thread 3 ] DEBUG Engine               - enabledMenuItems: []
11:44:06.695 [FXGL Background Thread 3 ] DEBUG Engine               - engineServices: [class com.almasb.fxgl.app.services.FXGLAssetLoaderService, class com.almasb.fxgl.app.FXGLApplication$GameApplicationService, class com.almasb.fxgl.app.services.FXGLDialogService, class com.almasb.fxgl.app.services.IOTaskExecutorService, class com.almasb.fxgl.io.FileSystemService, class com.almasb.fxgl.localization.LocalizationService, class com.almasb.fxgl.app.services.SystemBundleService, class com.almasb.fxgl.profile.SaveLoadService, class com.almasb.fxgl.ui.FXGLUIFactoryServiceProvider, class com.almasb.fxgl.ui.FXGLDialogFactoryServiceProvider, class com.almasb.fxgl.audio.AudioPlayer, class com.almasb.fxgl.notification.impl.NotificationServiceProvider, class com.almasb.fxgl.achievement.AchievementService, class com.almasb.fxgl.cutscene.CutsceneService, class com.almasb.fxgl.minigames.MiniGameService, class com.almasb.fxgl.net.NetService, class com.almasb.fxgl.app.services.UpdaterService, class com.almasb.fxgl.dev.DevService]
11:44:06.695 [FXGL Background Thread 3 ] DEBUG Engine               - fontGame: Abel-Regular.ttf
11:44:06.695 [FXGL Background Thread 3 ] DEBUG Engine               - fontMono: TerminalLandMono-Regular.otf
11:44:06.695 [FXGL Background Thread 3 ] DEBUG Engine               - fontSizeScaleUI: 1.0
11:44:06.695 [FXGL Background Thread 3 ] DEBUG Engine               - fontText: Courier-Prime.ttf
11:44:06.695 [FXGL Background Thread 3 ] DEBUG Engine               - fontUI: VarelaRound-Regular.ttf
11:44:06.695 [FXGL Background Thread 3 ] DEBUG Engine               - fullScreen: BooleanProperty [value: false]
11:44:06.695 [FXGL Background Thread 3 ] DEBUG Engine               - gameDifficulty: MEDIUM
11:44:06.695 [FXGL Background Thread 3 ] DEBUG Engine               - gameDifficultyProperty: ObjectProperty [value: MEDIUM]
11:44:06.695 [FXGL Background Thread 3 ] DEBUG Engine               - globalMusicVolume: 0.5
11:44:06.696 [FXGL Background Thread 3 ] DEBUG Engine               - globalMusicVolumeProperty: DoubleProperty [value: 0.5]
11:44:06.696 [FXGL Background Thread 3 ] DEBUG Engine               - globalSoundVolume: 0.5
11:44:06.696 [FXGL Background Thread 3 ] DEBUG Engine               - globalSoundVolumeProperty: DoubleProperty [value: 0.5]
11:44:06.696 [FXGL Background Thread 3 ] DEBUG Engine               - height: 720
11:44:06.696 [FXGL Background Thread 3 ] DEBUG Engine               - is3D: false
11:44:06.697 [FXGL Background Thread 3 ] DEBUG Engine               - isAndroid: false
11:44:06.697 [FXGL Background Thread 3 ] DEBUG Engine               - isBrowser: false
11:44:06.697 [FXGL Background Thread 3 ] DEBUG Engine               - isClickFeedbackEnabled: false
11:44:06.697 [FXGL Background Thread 3 ] DEBUG Engine               - isCloseConfirmation: false
11:44:06.698 [FXGL Background Thread 3 ] DEBUG Engine               - isDesktop: true
11:44:06.698 [FXGL Background Thread 3 ] DEBUG Engine               - isDeveloperMenuEnabled: true
11:44:06.698 [FXGL Background Thread 3 ] DEBUG Engine               - isEmbedded: false
11:44:06.698 [FXGL Background Thread 3 ] DEBUG Engine               - isEntityPreloadEnabled: true
11:44:06.698 [FXGL Background Thread 3 ] DEBUG Engine               - isExperimentalTiledLargeMap: false
11:44:06.698 [FXGL Background Thread 3 ] DEBUG Engine               - isFileSystemWriteAllowed: true
11:44:06.698 [FXGL Background Thread 3 ] DEBUG Engine               - isFullScreenAllowed: true
11:44:06.698 [FXGL Background Thread 3 ] DEBUG Engine               - isFullScreenFromStart: false
11:44:06.698 [FXGL Background Thread 3 ] DEBUG Engine               - isGameMenuEnabled: true
11:44:06.698 [FXGL Background Thread 3 ] DEBUG Engine               - isIOS: false
11:44:06.699 [FXGL Background Thread 3 ] DEBUG Engine               - isIntroEnabled: false
11:44:06.699 [FXGL Background Thread 3 ] DEBUG Engine               - isLinux: false
11:44:06.699 [FXGL Background Thread 3 ] DEBUG Engine               - isMac: false
11:44:06.699 [FXGL Background Thread 3 ] DEBUG Engine               - isMainMenuEnabled: false
11:44:06.699 [FXGL Background Thread 3 ] DEBUG Engine               - isManualResizeEnabled: false
11:44:06.699 [FXGL Background Thread 3 ] DEBUG Engine               - isMobile: false
11:44:06.699 [FXGL Background Thread 3 ] DEBUG Engine               - isNative: false
11:44:06.699 [FXGL Background Thread 3 ] DEBUG Engine               - isPauseMusicWhenMinimized: true
11:44:06.699 [FXGL Background Thread 3 ] DEBUG Engine               - isPreserveResizeRatio: false
11:44:06.699 [FXGL Background Thread 3 ] DEBUG Engine               - isProfilingEnabled: false
11:44:06.699 [FXGL Background Thread 3 ] DEBUG Engine               - isScaleAffectedOnResize: true
11:44:06.699 [FXGL Background Thread 3 ] DEBUG Engine               - isSingleStep: false
11:44:06.700 [FXGL Background Thread 3 ] DEBUG Engine               - isUserProfileEnabled: false
11:44:06.700 [FXGL Background Thread 3 ] DEBUG Engine               - isWindows: true
11:44:06.700 [FXGL Background Thread 3 ] DEBUG Engine               - language: ObjectProperty [value: ENGLISH]
11:44:06.700 [FXGL Background Thread 3 ] DEBUG Engine               - menuKey: ESCAPE
11:44:06.700 [FXGL Background Thread 3 ] DEBUG Engine               - mouseSensitivity: 0.2
11:44:06.701 [FXGL Background Thread 3 ] DEBUG Engine               - notificationViewClass: class com.almasb.fxgl.notification.view.XboxNotificationView
11:44:06.701 [FXGL Background Thread 3 ] DEBUG Engine               - pixelsPerMeter: 50.0
11:44:06.702 [FXGL Background Thread 3 ] DEBUG Engine               - platform: WINDOWS
11:44:06.702 [FXGL Background Thread 3 ] DEBUG Engine               - prefHeightProperty: ReadOnlyDoubleProperty [value: 720.0]
11:44:06.702 [FXGL Background Thread 3 ] DEBUG Engine               - prefWidthProperty: ReadOnlyDoubleProperty [value: 1280.0]
11:44:06.702 [FXGL Background Thread 3 ] DEBUG Engine               - profileDir: profiles/
11:44:06.702 [FXGL Background Thread 3 ] DEBUG Engine               - profileName: StringProperty [value: DEFAULT]
11:44:06.702 [FXGL Background Thread 3 ] DEBUG Engine               - randomSeed: -1
11:44:06.703 [FXGL Background Thread 3 ] DEBUG Engine               - runtimeInfo: RuntimeInfo(platform=WINDOWS, version=17.3, build=30.03.2023 11.49)
11:44:06.704 [FXGL Background Thread 3 ] DEBUG Engine               - saveFileExt: sav
11:44:06.704 [FXGL Background Thread 3 ] DEBUG Engine               - scaledHeightProp$fxgl: DoubleProperty [bound, value: 720.0]
11:44:06.704 [FXGL Background Thread 3 ] DEBUG Engine               - scaledWidthProp$fxgl: DoubleProperty [bound, value: 1280.0]
11:44:06.704 [FXGL Background Thread 3 ] DEBUG Engine               - sceneFactory: com.almasb.fxgl.app.scene.SceneFactory@7d71ed24
11:44:06.704 [FXGL Background Thread 3 ] DEBUG Engine               - secondsIn24h: 60
11:44:06.705 [FXGL Background Thread 3 ] DEBUG Engine               - soundMenuBack: menu/back.wav
11:44:06.705 [FXGL Background Thread 3 ] DEBUG Engine               - soundMenuPress: menu/press.wav
11:44:06.705 [FXGL Background Thread 3 ] DEBUG Engine               - soundMenuSelect: menu/select.wav
11:44:06.705 [FXGL Background Thread 3 ] DEBUG Engine               - soundNotification: core/notification.wav
11:44:06.705 [FXGL Background Thread 3 ] DEBUG Engine               - stageStyle: DECORATED
11:44:06.705 [FXGL Background Thread 3 ] DEBUG Engine               - supportedLanguages: [ENGLISH, FRENCH, GERMAN, HUNGARIAN, RUSSIAN]
11:44:06.705 [FXGL Background Thread 3 ] DEBUG Engine               - ticksPerSecond: -1
11:44:06.705 [FXGL Background Thread 3 ] DEBUG Engine               - title: Silenciados
11:44:06.705 [FXGL Background Thread 3 ] DEBUG Engine               - urlGithub: https://github.com/AlmasB/FXGL
11:44:06.705 [FXGL Background Thread 3 ] DEBUG Engine               - urlLeaderboard: http://fxgl-top.herokuapp.com/
11:44:06.705 [FXGL Background Thread 3 ] DEBUG Engine               - urlPOM: https://raw.githubusercontent.com/AlmasB/FXGL/release/README.md
11:44:06.706 [FXGL Background Thread 3 ] DEBUG Engine               - userAppClass: class Interface.SilenciadosApp
11:44:06.706 [FXGL Background Thread 3 ] DEBUG Engine               - version: 0.1
11:44:06.706 [FXGL Background Thread 3 ] DEBUG Engine               - versionCheckDays: 7
11:44:06.706 [FXGL Background Thread 3 ] DEBUG Engine               - width: 1280
11:44:06.706 [FXGL Background Thread 3 ] DEBUG Engine               - Logging services
11:44:06.706 [FXGL Background Thread 3 ] DEBUG Engine               - class com.almasb.fxgl.app.services.FXGLAssetLoaderService
11:44:06.706 [FXGL Background Thread 3 ] DEBUG Engine               - class com.almasb.fxgl.app.FXGLApplication$GameApplicationService
11:44:06.706 [FXGL Background Thread 3 ] DEBUG Engine               - class com.almasb.fxgl.app.services.FXGLDialogService
11:44:06.706 [FXGL Background Thread 3 ] DEBUG Engine               - class com.almasb.fxgl.app.services.IOTaskExecutorService
11:44:06.706 [FXGL Background Thread 3 ] DEBUG Engine               - class com.almasb.fxgl.io.FileSystemService
11:44:06.706 [FXGL Background Thread 3 ] DEBUG Engine               - class com.almasb.fxgl.localization.LocalizationService
11:44:06.707 [FXGL Background Thread 3 ] DEBUG Engine               - class com.almasb.fxgl.app.services.SystemBundleService
11:44:06.707 [FXGL Background Thread 3 ] DEBUG Engine               - class com.almasb.fxgl.profile.SaveLoadService
11:44:06.707 [FXGL Background Thread 3 ] DEBUG Engine               - class com.almasb.fxgl.ui.FXGLUIFactoryServiceProvider
11:44:06.707 [FXGL Background Thread 3 ] DEBUG Engine               - class com.almasb.fxgl.ui.FXGLDialogFactoryServiceProvider
11:44:06.707 [FXGL Background Thread 3 ] DEBUG Engine               - class com.almasb.fxgl.audio.AudioPlayer
11:44:06.707 [FXGL Background Thread 3 ] DEBUG Engine               - class com.almasb.fxgl.notification.impl.NotificationServiceProvider
11:44:06.707 [FXGL Background Thread 3 ] DEBUG Engine               - class com.almasb.fxgl.achievement.AchievementService
11:44:06.707 [FXGL Background Thread 3 ] DEBUG Engine               - class com.almasb.fxgl.cutscene.CutsceneService
11:44:06.707 [FXGL Background Thread 3 ] DEBUG Engine               - class com.almasb.fxgl.minigames.MiniGameService
11:44:06.707 [FXGL Background Thread 3 ] DEBUG Engine               - class com.almasb.fxgl.net.NetService
11:44:06.707 [FXGL Background Thread 3 ] DEBUG Engine               - class com.almasb.fxgl.app.services.UpdaterService
11:44:06.707 [FXGL Background Thread 3 ] DEBUG Engine               - class com.almasb.fxgl.dev.DevService
11:44:08.411 [JavaFX Application Thread] DEBUG FXGLApplication      - Exiting FXGL
11:44:08.411 [JavaFX Application Thread] DEBUG LoopRunner           - Stopping loop
11:44:08.413 [JavaFX Application Thread] DEBUG SystemBundleService  - Saving FXGL system data
11:44:08.417 [JavaFX Application Thread] DEBUG FileSystemAccess     - Writing to: C:\Users\aless\OneDrive\Documentos\GitHub\RPGemturnosG1\Jogo\system\fxgl.bundle
11:44:08.421 [JavaFX Application Thread] DEBUG Async                - Shutting down background threads
11:44:08.421 [JavaFX Application Thread] DEBUG PrimaryStageWindow   - Closing main window
11:44:08.445 [JavaFX Application Thread] DEBUG Logger               - Closing Logger
