23:35:28.217 [main                     ] DEBUG Logger               - Configured Logger
23:35:28.322 [main                     ] DEBUG GameApplication      - Logging settings
Title: Silenciados
Version: 0.1
Width: 1280
Height: 720
Fullscreen: true
Intro: false
Profiling: false
Single step:false
App Mode: DEVELOPER
Menu Key: ESCAPE
Stage Style: DECORATED
Scene Factory: class com.almasb.fxgl.app.scene.SceneFactory

23:35:28.928 [JavaFX Application Thread] DEBUG FXGLApplication      - Initializing FXGL
23:35:28.944 [JavaFX Application Thread] INFO  Engine               - FXGL-17.2 (20.08.2022 16.50) on WINDOWS (J:17.0.9 FX:17.0.6)
23:35:28.945 [JavaFX Application Thread] DEBUG Engine               - JRE Vendor Name: Oracle Corporation
23:35:28.946 [JavaFX Application Thread] DEBUG Engine               - Running on OS: Windows 11 version 10.0
23:35:28.946 [JavaFX Application Thread] DEBUG Engine               - Architecture: amd64
23:35:28.946 [JavaFX Application Thread] INFO  Engine               - Source code and latest versions at: https://github.com/AlmasB/FXGL
23:35:28.947 [JavaFX Application Thread] INFO  Engine               -       Ask questions and discuss at: https://github.com/AlmasB/FXGL/discussions
23:35:28.947 [JavaFX Application Thread] INFO  Engine               -              Join the FXGL chat at: https://gitter.im/AlmasB/FXGL
23:35:29.089 [JavaFX Application Thread] DEBUG PrimaryStageWindow   - Creating a JavaFX scene
23:35:29.169 [JavaFX Application Thread] DEBUG PrimaryStageWindow   - Target settings size: 1280.0 x 720.0
23:35:29.170 [JavaFX Application Thread] DEBUG PrimaryStageWindow   - Scaled scene size:    1280.0 x 720.0
23:35:29.171 [JavaFX Application Thread] DEBUG PrimaryStageWindow   - Scaled ratio: (1.0, 1.0)
23:35:29.173 [JavaFX Application Thread] DEBUG PrimaryStageWindow   - Set initial scene to FXGLStartupScene
23:35:29.189 [JavaFX Application Thread] DEBUG PrimaryStageWindow   - Opening main window
23:35:29.312 [JavaFX Application Thread] DEBUG PrimaryStageWindow   - Window border size: (16.0, 39.0)
23:35:29.312 [JavaFX Application Thread] DEBUG PrimaryStageWindow   - Scaled size: 1280.0 x 720.0
23:35:29.313 [JavaFX Application Thread] DEBUG PrimaryStageWindow   - Scaled ratio: (1.0, 1.0)
23:35:29.314 [JavaFX Application Thread] DEBUG PrimaryStageWindow   - Scene size: 1280.0 x 720.0
23:35:29.314 [JavaFX Application Thread] DEBUG PrimaryStageWindow   - Stage size: 1296.0 x 759.0
23:35:29.410 [FXGL Background Thread 1 ] DEBUG Engine               - Initializing environment variables
23:35:29.472 [FXGL Background Thread 1 ] DEBUG FXGLAssetLoaderServi - User app class for loading assets: class Interface.SilenciadosApp
23:35:29.472 [FXGL Background Thread 1 ] DEBUG GameApplicationServi - Applying CSS: fxgl_dark.css
23:35:29.474 [FXGL Background Thread 1 ] DEBUG FXGLAssetLoaderServi - Loading from file system: jar:file:///C:/Users/aless/.m2/repository/com/github/almasb/fxgl/17.2/fxgl-17.2.jar!/fxglassets/ui/css/fxgl_dark.css
23:35:29.569 [FXGL Background Thread 1 ] DEBUG GameApplicationServi - Initializing application scenes
23:35:29.711 [FXGL Background Thread 1 ] DEBUG GameWorld            - Game world initialized
23:35:29.803 [FXGL Background Thread 1 ] DEBUG PhysicsWorld         - Physics world initialized: appHeight=720, physics.ppm=50,0
23:35:29.804 [FXGL Background Thread 1 ] DEBUG PhysicsWorld         - Using strategy: BRUTE_FORCE
23:35:29.811 [FXGL Background Thread 1 ] DEBUG GameScene            - Game scene initialized: 1280x720
23:35:29.830 [FXGL Background Thread 1 ] DEBUG FXGL.DefaultMenu     - createMenuBodyGameMenu()
23:35:29.851 [FXGL Background Thread 1 ] DEBUG FXGL.DefaultMenu     - createOptionsMenu()
23:35:29.870 [FXGL Background Thread 1 ] DEBUG FXGLAssetLoaderServi - Loading from file system: jar:file:///C:/Users/aless/.m2/repository/com/github/almasb/fxgl/17.2/fxgl-17.2.jar!/fxglassets/textures/particles/smoke.png
23:35:30.025 [FXGL Background Thread 1 ] DEBUG FXGLAssetLoaderServi - Loading from file system: jar:file:///C:/Users/aless/.m2/repository/com/github/almasb/fxgl/17.2/fxgl-17.2.jar!/fxglassets/textures/particles/trace_horizontal.png
23:35:30.073 [FXGL Background Thread 1 ] DEBUG GameApplicationServi - Application scenes initialized
23:35:30.104 [FXGL Background Thread 1 ] DEBUG SystemBundleService  - Loading default FXGL system data
23:35:30.105 [FXGL Background Thread 1 ] DEBUG UpdaterService       - Checking for updates
23:35:30.150 [FXGL Background Thread 1 ] DEBUG FXGLApplication      - Loading default localization
23:35:30.152 [FXGL Background Thread 1 ] DEBUG FXGLAssetLoaderServi - Loading from file system: jar:file:///C:/Users/aless/.m2/repository/com/github/almasb/fxgl/17.2/fxgl-17.2.jar!/fxglassets/languages/english.lang
23:35:30.158 [FXGL Background Thread 4 ] DEBUG FXGLApplication      - Loading fonts
23:35:30.159 [FXGL Background Thread 4 ] DEBUG FXGLAssetLoaderServi - Loading from file system: jar:file:///C:/Users/aless/.m2/repository/com/github/almasb/fxgl/17.2/fxgl-17.2.jar!/fxglassets/ui/fonts/VarelaRound-Regular.ttf
23:35:30.176 [FXGL Background Thread 1 ] INFO  FXGLApplication      - FXGL initialization took: 0,766 sec
23:35:30.191 [JavaFX Application Thread] DEBUG Input                - Registered new binding: Move Right - D
23:35:30.191 [JavaFX Application Thread] DEBUG Input                - Registered new binding: Move Left - A
23:35:30.191 [JavaFX Application Thread] DEBUG Input                - Registered new binding: Move Up - W
23:35:30.191 [JavaFX Application Thread] DEBUG Input                - Registered new binding: Move Down - S
23:35:30.192 [JavaFX Application Thread] DEBUG FXGLAssetLoaderServi - Loading from file system: jar:file:///C:/Users/aless/.m2/repository/com/github/almasb/fxgl/17.2/fxgl-17.2.jar!/fxglassets/textures/fxgl_icon.png
23:35:30.215 [JavaFX Application Thread] DEBUG FXGLAssetLoaderServi - Loading from file system: jar:file:///C:/Users/aless/.m2/repository/com/github/almasb/fxgl/17.2/fxgl-17.2.jar!/fxglassets/textures/fxgl_default_cursor.png
23:35:30.219 [JavaFX Application Thread] DEBUG Input                - Registered new binding: Screenshot - CTRL+8
23:35:30.220 [JavaFX Application Thread] DEBUG Input                - Registered new binding: Dev Options - 1
23:35:30.221 [JavaFX Application Thread] DEBUG Input                - Registered new binding: Dev Console - 2
23:35:30.222 [JavaFX Application Thread] DEBUG Input                - Registered new binding: System info dump - CTRL+9
23:35:30.222 [JavaFX Application Thread] DEBUG Input                - Registered new binding: Restart - CTRL+R
23:35:30.226 [JavaFX Application Thread] DEBUG Input                - Registered new binding: Toggle Debug Camera - CTRL+7
23:35:30.232 [JavaFX Application Thread] DEBUG LoopRunner           - Starting loop
23:35:30.263 [JavaFX Application Thread] DEBUG LoopRunner           - Initializing JavaFX AnimationTimerLoop
23:35:30.265 [JavaFX Application Thread] DEBUG GameApplicationServi - Starting new game
23:35:30.268 [JavaFX Application Thread] DEBUG Input                - Clearing active input actions
23:35:30.297 [JavaFX Application Thread] DEBUG GameApplicationServi - Removing overlay from FXGLStartupScene and adding to FXGLLoadingScene
23:35:30.303 [JavaFX Application Thread] DEBUG PrimaryStageWindow   - FXGLStartupScene -> FXGLLoadingScene
23:35:30.303 [JavaFX Application Thread] DEBUG GameApplicationServi - Clearing previous game
23:35:30.304 [JavaFX Application Thread] DEBUG GameScene            - Clearing game scene
23:35:30.304 [JavaFX Application Thread] DEBUG GameWorld            - Clearing game world
23:35:30.305 [JavaFX Application Thread] DEBUG PhysicsWorld         - Clearing physics world
23:35:30.308 [FXGL Background Thread 1 ] DEBUG FXGLApplication      - Initializing game
23:35:30.576 [FXGL Background Thread 1 ] WARN  TMXLevelLoader       - TiledMap generated from 1.10.2. Supported version: 1.9.0. Some features may not be parsed fully.
23:35:30.603 [FXGL Background Thread 1 ] DEBUG TMXLevelLoader       - Parsed TiledMap: file:/C:/Users/aless/IdeaProjects/Jogo/target/classes/assets/levels/Castelo2.tmx
23:35:30.605 [FXGL Background Thread 1 ] DEBUG TMXLevelLoader       - Creating tile layer entities
23:35:30.607 [FXGL Background Thread 1 ] DEBUG TilesetLoader        - Loading view for layer Base
23:35:30.609 [FXGL Background Thread 1 ] DEBUG TilesetLoader        - Created buffer with size 1280.0x768.0
23:35:30.655 [FXGL Background Thread 1 ] DEBUG TilesetLoader        - Loading view for layer Camada de Blocos 2
23:35:30.658 [FXGL Background Thread 1 ] DEBUG TilesetLoader        - Created buffer with size 1280.0x768.0
23:35:30.664 [FXGL Background Thread 1 ] DEBUG TilesetLoader        - Loading view for layer Camada de Blocos 3
23:35:30.667 [FXGL Background Thread 1 ] DEBUG TilesetLoader        - Created buffer with size 1280.0x768.0
23:35:30.669 [FXGL Background Thread 1 ] DEBUG TilesetLoader        - Loading view for layer Camada de Blocos 4
23:35:30.672 [FXGL Background Thread 1 ] DEBUG TilesetLoader        - Created buffer with size 1280.0x768.0
23:35:30.673 [FXGL Background Thread 1 ] DEBUG TMXLevelLoader       - Creating object layer entities
23:35:30.729 [FXGL Background Thread 1 ] DEBUG GameWorld            - Clearing removable entities
23:35:30.730 [FXGL Background Thread 1 ] DEBUG GameWorld            - Setting level: com.almasb.fxgl.entity.level.Level@6b41f29e
23:35:30.740 [FXGL Background Thread 1 ] DEBUG FXGLAssetLoaderServi - Loading from file system: file:/C:/Users/aless/IdeaProjects/Jogo/target/classes/assets/textures/dev_player.png
23:35:30.828 [FXGL Background Thread 1 ] WARN  GameWorld            - Entity is already attached to world
23:35:30.829 [FXGL Background Thread 1 ] WARN  Entity               - Entity already has component: Interface.Components.PlayerComponent
23:35:30.833 [FXGL Background Thread 1 ] INFO  FXGLApplication      - Game initialization took: 0,524 sec
23:35:30.929 [FXGL Background Thread 4 ] DEBUG FXGLAssetLoaderServi - Loading from file system: jar:file:///C:/Users/aless/.m2/repository/com/github/almasb/fxgl/17.2/fxgl-17.2.jar!/fxglassets/ui/fonts/Abel-Regular.ttf
23:35:30.934 [FXGL Background Thread 4 ] DEBUG FXGLAssetLoaderServi - Loading from file system: jar:file:///C:/Users/aless/.m2/repository/com/github/almasb/fxgl/17.2/fxgl-17.2.jar!/fxglassets/ui/fonts/TerminalLandMono-Regular.otf
23:35:30.942 [FXGL Background Thread 4 ] DEBUG FXGLAssetLoaderServi - Loading from file system: jar:file:///C:/Users/aless/.m2/repository/com/github/almasb/fxgl/17.2/fxgl-17.2.jar!/fxglassets/ui/fonts/Courier-Prime.ttf
23:35:30.984 [JavaFX Application Thread] DEBUG Input                - Clearing active input actions
23:35:31.000 [JavaFX Application Thread] DEBUG GameApplicationServi - Removing overlay from FXGLLoadingScene and adding to GameScene
23:35:31.010 [JavaFX Application Thread] DEBUG PrimaryStageWindow   - FXGLLoadingScene -> GameScene
23:35:31.017 [JavaFX Application Thread] DEBUG FXGLApplication      - Registering font factories with UI factory
23:35:31.740 [FXGL Background Thread 2 ] INFO  UpdaterService       - Your current version:  17.2
23:35:31.740 [FXGL Background Thread 2 ] INFO  UpdaterService       - Latest stable version: 17.3
23:35:33.147 [FXGL Background Thread 3 ] DEBUG Engine               - Logging environment variables
23:35:33.148 [FXGL Background Thread 3 ] DEBUG Engine               - achievements: []
23:35:33.148 [FXGL Background Thread 3 ] DEBUG Engine               - actualHeight: 720.0
23:35:33.148 [FXGL Background Thread 3 ] DEBUG Engine               - actualHeightProperty: ReadOnlyDoubleProperty [value: 720.0]
23:35:33.149 [FXGL Background Thread 3 ] DEBUG Engine               - actualWidth: 1280.0
23:35:33.149 [FXGL Background Thread 3 ] DEBUG Engine               - actualWidthProperty: ReadOnlyDoubleProperty [value: 1280.0]
23:35:33.149 [FXGL Background Thread 3 ] DEBUG Engine               - appIcon: fxgl_icon.png
23:35:33.149 [FXGL Background Thread 3 ] DEBUG Engine               - applicationMode: DEVELOPER
23:35:33.149 [FXGL Background Thread 3 ] DEBUG Engine               - cSSList: [fxgl_dark.css]
23:35:33.150 [FXGL Background Thread 3 ] DEBUG Engine               - collisionDetectionStrategy: BRUTE_FORCE
23:35:33.150 [FXGL Background Thread 3 ] DEBUG Engine               - configClass: Optional.empty
23:35:33.150 [FXGL Background Thread 3 ] DEBUG Engine               - credits: []
23:35:33.151 [FXGL Background Thread 3 ] DEBUG Engine               - defaultCursor: CursorInfo(imageName=fxgl_default_cursor.png, hotspotX=7.0, hotspotY=6.0)
23:35:33.151 [FXGL Background Thread 3 ] DEBUG Engine               - devBBoxColorProperty: ObjectProperty [value: 0xff0000ff]
23:35:33.151 [FXGL Background Thread 3 ] DEBUG Engine               - devEnableDebugCameraProperty: BooleanProperty [value: false]
23:35:33.152 [FXGL Background Thread 3 ] DEBUG Engine               - devSensorColorProperty: ObjectProperty [value: 0xffff00ff]
23:35:33.153 [FXGL Background Thread 3 ] DEBUG Engine               - devShowBBoxProperty: BooleanProperty [value: false]
23:35:33.154 [FXGL Background Thread 3 ] DEBUG Engine               - devShowPositionProperty: BooleanProperty [value: false]
23:35:33.154 [FXGL Background Thread 3 ] DEBUG Engine               - enabledMenuItems: []
23:35:33.155 [FXGL Background Thread 3 ] DEBUG Engine               - engineServices: [class com.almasb.fxgl.app.services.FXGLAssetLoaderService, class com.almasb.fxgl.app.FXGLApplication$GameApplicationService, class com.almasb.fxgl.app.services.FXGLDialogService, class com.almasb.fxgl.app.services.IOTaskExecutorService, class com.almasb.fxgl.io.FileSystemService, class com.almasb.fxgl.localization.LocalizationService, class com.almasb.fxgl.app.services.SystemBundleService, class com.almasb.fxgl.profile.SaveLoadService, class com.almasb.fxgl.ui.FXGLUIFactoryServiceProvider, class com.almasb.fxgl.ui.FXGLDialogFactoryServiceProvider, class com.almasb.fxgl.audio.AudioPlayer, class com.almasb.fxgl.notification.impl.NotificationServiceProvider, class com.almasb.fxgl.achievement.AchievementService, class com.almasb.fxgl.cutscene.CutsceneService, class com.almasb.fxgl.minigames.MiniGameService, class com.almasb.fxgl.net.NetService, class com.almasb.fxgl.app.services.UpdaterService, class com.almasb.fxgl.dev.DevService]
23:35:33.156 [FXGL Background Thread 3 ] DEBUG Engine               - fontGame: Abel-Regular.ttf
23:35:33.156 [FXGL Background Thread 3 ] DEBUG Engine               - fontMono: TerminalLandMono-Regular.otf
23:35:33.156 [FXGL Background Thread 3 ] DEBUG Engine               - fontText: Courier-Prime.ttf
23:35:33.156 [FXGL Background Thread 3 ] DEBUG Engine               - fontUI: VarelaRound-Regular.ttf
23:35:33.156 [FXGL Background Thread 3 ] DEBUG Engine               - fullScreen: BooleanProperty [value: false]
23:35:33.156 [FXGL Background Thread 3 ] DEBUG Engine               - gameDifficulty: MEDIUM
23:35:33.156 [FXGL Background Thread 3 ] DEBUG Engine               - gameDifficultyProperty: ObjectProperty [value: MEDIUM]
23:35:33.156 [FXGL Background Thread 3 ] DEBUG Engine               - globalMusicVolume: 0.5
23:35:33.157 [FXGL Background Thread 3 ] DEBUG Engine               - globalMusicVolumeProperty: DoubleProperty [value: 0.5]
23:35:33.157 [FXGL Background Thread 3 ] DEBUG Engine               - globalSoundVolume: 0.5
23:35:33.157 [FXGL Background Thread 3 ] DEBUG Engine               - globalSoundVolumeProperty: DoubleProperty [value: 0.5]
23:35:33.157 [FXGL Background Thread 3 ] DEBUG Engine               - height: 720
23:35:33.157 [FXGL Background Thread 3 ] DEBUG Engine               - is3D: false
23:35:33.158 [FXGL Background Thread 3 ] DEBUG Engine               - isAndroid: false
23:35:33.158 [FXGL Background Thread 3 ] DEBUG Engine               - isBrowser: false
23:35:33.158 [FXGL Background Thread 3 ] DEBUG Engine               - isClickFeedbackEnabled: false
23:35:33.158 [FXGL Background Thread 3 ] DEBUG Engine               - isCloseConfirmation: false
23:35:33.158 [FXGL Background Thread 3 ] DEBUG Engine               - isDesktop: true
23:35:33.158 [FXGL Background Thread 3 ] DEBUG Engine               - isDeveloperMenuEnabled: true
23:35:33.158 [FXGL Background Thread 3 ] DEBUG Engine               - isEmbedded: false
23:35:33.159 [FXGL Background Thread 3 ] DEBUG Engine               - isEntityPreloadEnabled: true
23:35:33.159 [FXGL Background Thread 3 ] DEBUG Engine               - isExperimentalTiledLargeMap: false
23:35:33.159 [FXGL Background Thread 3 ] DEBUG Engine               - isFileSystemWriteAllowed: true
23:35:33.159 [FXGL Background Thread 3 ] DEBUG Engine               - isFullScreenAllowed: true
23:35:33.159 [FXGL Background Thread 3 ] DEBUG Engine               - isFullScreenFromStart: false
23:35:33.159 [FXGL Background Thread 3 ] DEBUG Engine               - isGameMenuEnabled: true
23:35:33.159 [FXGL Background Thread 3 ] DEBUG Engine               - isIOS: false
23:35:33.159 [FXGL Background Thread 3 ] DEBUG Engine               - isIntroEnabled: false
23:35:33.160 [FXGL Background Thread 3 ] DEBUG Engine               - isLinux: false
23:35:33.160 [FXGL Background Thread 3 ] DEBUG Engine               - isMac: false
23:35:33.160 [FXGL Background Thread 3 ] DEBUG Engine               - isMainMenuEnabled: false
23:35:33.160 [FXGL Background Thread 3 ] DEBUG Engine               - isManualResizeEnabled: false
23:35:33.160 [FXGL Background Thread 3 ] DEBUG Engine               - isMobile: false
23:35:33.160 [FXGL Background Thread 3 ] DEBUG Engine               - isNative: false
23:35:33.160 [FXGL Background Thread 3 ] DEBUG Engine               - isPauseMusicWhenMinimized: true
23:35:33.160 [FXGL Background Thread 3 ] DEBUG Engine               - isPreserveResizeRatio: false
23:35:33.160 [FXGL Background Thread 3 ] DEBUG Engine               - isProfilingEnabled: false
23:35:33.160 [FXGL Background Thread 3 ] DEBUG Engine               - isScaleAffectedOnResize: true
23:35:33.161 [FXGL Background Thread 3 ] DEBUG Engine               - isSingleStep: false
23:35:33.161 [FXGL Background Thread 3 ] DEBUG Engine               - isUserProfileEnabled: false
23:35:33.161 [FXGL Background Thread 3 ] DEBUG Engine               - isWindows: true
23:35:33.161 [FXGL Background Thread 3 ] DEBUG Engine               - language: ObjectProperty [value: ENGLISH]
23:35:33.161 [FXGL Background Thread 3 ] DEBUG Engine               - menuKey: ESCAPE
23:35:33.161 [FXGL Background Thread 3 ] DEBUG Engine               - mouseSensitivity: 0.2
23:35:33.161 [FXGL Background Thread 3 ] DEBUG Engine               - notificationViewClass: class com.almasb.fxgl.notification.view.XboxNotificationView
23:35:33.161 [FXGL Background Thread 3 ] DEBUG Engine               - pixelsPerMeter: 50.0
23:35:33.161 [FXGL Background Thread 3 ] DEBUG Engine               - platform: WINDOWS
23:35:33.162 [FXGL Background Thread 3 ] DEBUG Engine               - prefHeightProperty: ReadOnlyDoubleProperty [value: 720.0]
23:35:33.162 [FXGL Background Thread 3 ] DEBUG Engine               - prefWidthProperty: ReadOnlyDoubleProperty [value: 1280.0]
23:35:33.162 [FXGL Background Thread 3 ] DEBUG Engine               - profileDir: profiles/
23:35:33.162 [FXGL Background Thread 3 ] DEBUG Engine               - profileName: StringProperty [value: DEFAULT]
23:35:33.162 [FXGL Background Thread 3 ] DEBUG Engine               - randomSeed: -1
23:35:33.163 [FXGL Background Thread 3 ] DEBUG Engine               - runtimeInfo: RuntimeInfo(platform=WINDOWS, version=17.2, build=20.08.2022 16.50)
23:35:33.163 [FXGL Background Thread 3 ] DEBUG Engine               - saveFileExt: sav
23:35:33.163 [FXGL Background Thread 3 ] DEBUG Engine               - scaledHeightProp$fxgl: DoubleProperty [bound, value: 720.0]
23:35:33.163 [FXGL Background Thread 3 ] DEBUG Engine               - scaledWidthProp$fxgl: DoubleProperty [bound, value: 1280.0]
23:35:33.163 [FXGL Background Thread 3 ] DEBUG Engine               - sceneFactory: com.almasb.fxgl.app.scene.SceneFactory@3709ecf2
23:35:33.163 [FXGL Background Thread 3 ] DEBUG Engine               - secondsIn24h: 60
23:35:33.163 [FXGL Background Thread 3 ] DEBUG Engine               - soundMenuBack: menu/back.wav
23:35:33.163 [FXGL Background Thread 3 ] DEBUG Engine               - soundMenuPress: menu/press.wav
23:35:33.164 [FXGL Background Thread 3 ] DEBUG Engine               - soundMenuSelect: menu/select.wav
23:35:33.164 [FXGL Background Thread 3 ] DEBUG Engine               - soundNotification: core/notification.wav
23:35:33.164 [FXGL Background Thread 3 ] DEBUG Engine               - stageStyle: DECORATED
23:35:33.164 [FXGL Background Thread 3 ] DEBUG Engine               - supportedLanguages: [ENGLISH, FRENCH, GERMAN, HUNGARIAN, RUSSIAN]
23:35:33.164 [FXGL Background Thread 3 ] DEBUG Engine               - ticksPerSecond: -1
23:35:33.164 [FXGL Background Thread 3 ] DEBUG Engine               - title: Silenciados
23:35:33.164 [FXGL Background Thread 3 ] DEBUG Engine               - urlGithub: https://github.com/AlmasB/FXGL
23:35:33.164 [FXGL Background Thread 3 ] DEBUG Engine               - urlLeaderboard: http://fxgl-top.herokuapp.com/
23:35:33.164 [FXGL Background Thread 3 ] DEBUG Engine               - urlPOM: https://raw.githubusercontent.com/AlmasB/FXGL/release/README.md
23:35:33.165 [FXGL Background Thread 3 ] DEBUG Engine               - userAppClass: class Interface.SilenciadosApp
23:35:33.165 [FXGL Background Thread 3 ] DEBUG Engine               - version: 0.1
23:35:33.165 [FXGL Background Thread 3 ] DEBUG Engine               - versionCheckDays: 7
23:35:33.165 [FXGL Background Thread 3 ] DEBUG Engine               - width: 1280
23:35:33.165 [FXGL Background Thread 3 ] DEBUG Engine               - Logging services
23:35:33.165 [FXGL Background Thread 3 ] DEBUG Engine               - class com.almasb.fxgl.app.services.FXGLAssetLoaderService
23:35:33.165 [FXGL Background Thread 3 ] DEBUG Engine               - class com.almasb.fxgl.app.FXGLApplication$GameApplicationService
23:35:33.166 [FXGL Background Thread 3 ] DEBUG Engine               - class com.almasb.fxgl.app.services.FXGLDialogService
23:35:33.166 [FXGL Background Thread 3 ] DEBUG Engine               - class com.almasb.fxgl.app.services.IOTaskExecutorService
23:35:33.167 [FXGL Background Thread 3 ] DEBUG Engine               - class com.almasb.fxgl.io.FileSystemService
23:35:33.167 [FXGL Background Thread 3 ] DEBUG Engine               - class com.almasb.fxgl.localization.LocalizationService
23:35:33.167 [FXGL Background Thread 3 ] DEBUG Engine               - class com.almasb.fxgl.app.services.SystemBundleService
23:35:33.167 [FXGL Background Thread 3 ] DEBUG Engine               - class com.almasb.fxgl.profile.SaveLoadService
23:35:33.167 [FXGL Background Thread 3 ] DEBUG Engine               - class com.almasb.fxgl.ui.FXGLUIFactoryServiceProvider
23:35:33.167 [FXGL Background Thread 3 ] DEBUG Engine               - class com.almasb.fxgl.ui.FXGLDialogFactoryServiceProvider
23:35:33.167 [FXGL Background Thread 3 ] DEBUG Engine               - class com.almasb.fxgl.audio.AudioPlayer
23:35:33.168 [FXGL Background Thread 3 ] DEBUG Engine               - class com.almasb.fxgl.notification.impl.NotificationServiceProvider
23:35:33.168 [FXGL Background Thread 3 ] DEBUG Engine               - class com.almasb.fxgl.achievement.AchievementService
23:35:33.168 [FXGL Background Thread 3 ] DEBUG Engine               - class com.almasb.fxgl.cutscene.CutsceneService
23:35:33.169 [FXGL Background Thread 3 ] DEBUG Engine               - class com.almasb.fxgl.minigames.MiniGameService
23:35:33.169 [FXGL Background Thread 3 ] DEBUG Engine               - class com.almasb.fxgl.net.NetService
23:35:33.170 [FXGL Background Thread 3 ] DEBUG Engine               - class com.almasb.fxgl.app.services.UpdaterService
23:35:33.171 [FXGL Background Thread 3 ] DEBUG Engine               - class com.almasb.fxgl.dev.DevService
23:35:44.344 [JavaFX Application Thread] WARN  TMXLevelLoader       - TiledMap generated from 1.10.2. Supported version: 1.9.0. Some features may not be parsed fully.
23:35:44.373 [JavaFX Application Thread] DEBUG TMXLevelLoader       - Parsed TiledMap: file:/C:/Users/aless/IdeaProjects/Jogo/target/classes/assets/levels/level1.tmx
23:35:44.373 [JavaFX Application Thread] DEBUG TMXLevelLoader       - Creating tile layer entities
23:35:44.374 [JavaFX Application Thread] DEBUG TilesetLoader        - Loading view for layer Camada de Blocos 1
23:35:44.379 [JavaFX Application Thread] DEBUG TilesetLoader        - Created buffer with size 1280.0x720.0
23:35:44.400 [JavaFX Application Thread] DEBUG TilesetLoader        - Loading view for layer Camada de Blocos 2
23:35:44.403 [JavaFX Application Thread] DEBUG TilesetLoader        - Created buffer with size 1280.0x720.0
23:35:44.404 [JavaFX Application Thread] DEBUG TilesetLoader        - Loading view for layer Camada de Blocos 3
23:35:44.408 [JavaFX Application Thread] DEBUG TilesetLoader        - Created buffer with size 1280.0x720.0
23:35:44.411 [JavaFX Application Thread] DEBUG TMXLevelLoader       - Creating object layer entities
23:35:44.439 [JavaFX Application Thread] DEBUG GameWorld            - Clearing removable entities
23:35:44.442 [JavaFX Application Thread] DEBUG GameWorld            - Setting level: com.almasb.fxgl.entity.level.Level@5c628e2
23:35:44.448 [JavaFX Application Thread] WARN  GameWorld            - Entity is already attached to world
23:35:56.787 [JavaFX Application Thread] WARN  TMXLevelLoader       - TiledMap generated from 1.10.2. Supported version: 1.9.0. Some features may not be parsed fully.
23:35:56.789 [JavaFX Application Thread] DEBUG TMXLevelLoader       - Parsed TiledMap: file:/C:/Users/aless/IdeaProjects/Jogo/target/classes/assets/levels/level4.tmx
23:35:56.789 [JavaFX Application Thread] DEBUG TMXLevelLoader       - Creating tile layer entities
23:35:56.789 [JavaFX Application Thread] DEBUG TilesetLoader        - Loading view for layer Camada de Blocos 1
23:35:56.793 [JavaFX Application Thread] DEBUG TilesetLoader        - Created buffer with size 1280.0x768.0
23:35:56.798 [JavaFX Application Thread] DEBUG TMXLevelLoader       - Creating object layer entities
23:35:56.798 [JavaFX Application Thread] DEBUG GameWorld            - Clearing removable entities
23:35:56.807 [JavaFX Application Thread] DEBUG GameWorld            - Setting level: com.almasb.fxgl.entity.level.Level@499f9e9b
23:35:56.810 [JavaFX Application Thread] WARN  GameWorld            - Entity is already attached to world
23:36:01.970 [JavaFX Application Thread] DEBUG FXGLApplication      - Exiting FXGL
23:36:01.970 [JavaFX Application Thread] DEBUG LoopRunner           - Stopping loop
23:36:01.970 [JavaFX Application Thread] DEBUG SystemBundleService  - Saving FXGL system data
23:36:01.973 [JavaFX Application Thread] DEBUG FileSystemAccess     - Writing to: C:\Users\aless\IdeaProjects\Jogo\system\fxgl.bundle
23:36:01.982 [JavaFX Application Thread] DEBUG Async                - Shutting down background threads
23:36:01.982 [JavaFX Application Thread] DEBUG PrimaryStageWindow   - Closing main window
23:36:01.991 [JavaFX Application Thread] DEBUG Logger               - Closing Logger
