18:08:51.113 [main                     ] DEBUG Logger               - Configured Logger
18:08:51.143 [main                     ] DEBUG GameApplication      - Logging settings
Title: Silenciados
Version: 0.1
Width: 1280
Height: 720
Fullscreen: true
Intro: false
Profiling: false
Single step:false
App Mode: DEVELOPER
Menu Key: ESCAPE
Stage Style: DECORATED
Scene Factory: class com.almasb.fxgl.app.scene.SceneFactory

18:08:51.617 [JavaFX Application Thread] DEBUG FXGLApplication      - Initializing FXGL
18:08:51.622 [JavaFX Application Thread] INFO  Engine               - FXGL-17.3 (30.03.2023 11.49) on WINDOWS (J:21.0.1 FX:20)
18:08:51.622 [JavaFX Application Thread] DEBUG Engine               - JRE Vendor Name: Oracle Corporation
18:08:51.623 [JavaFX Application Thread] DEBUG Engine               - Running on OS: Windows 11 version 10.0
18:08:51.623 [JavaFX Application Thread] DEBUG Engine               - Architecture: amd64
18:08:51.623 [JavaFX Application Thread] INFO  Engine               - Source code and latest versions at: https://github.com/AlmasB/FXGL
18:08:51.623 [JavaFX Application Thread] INFO  Engine               -       Ask questions and discuss at: https://github.com/AlmasB/FXGL/discussions
18:08:51.623 [JavaFX Application Thread] INFO  Engine               -              Join the FXGL chat at: https://gitter.im/AlmasB/FXGL
18:08:51.768 [JavaFX Application Thread] DEBUG PrimaryStageWindow   - Creating a JavaFX scene
18:08:51.821 [JavaFX Application Thread] DEBUG PrimaryStageWindow   - Target settings size: 1280.0 x 720.0
18:08:51.822 [JavaFX Application Thread] DEBUG PrimaryStageWindow   - Scaled scene size:    1280.0 x 720.0
18:08:51.822 [JavaFX Application Thread] DEBUG PrimaryStageWindow   - Scaled ratio: (1.0, 1.0)
18:08:51.823 [JavaFX Application Thread] DEBUG PrimaryStageWindow   - Set initial scene to FXGLStartupScene
18:08:51.828 [JavaFX Application Thread] DEBUG PrimaryStageWindow   - Opening main window
18:08:51.947 [JavaFX Application Thread] DEBUG PrimaryStageWindow   - Window border size: (14.4000244140625, 37.5999755859375)
18:08:51.948 [JavaFX Application Thread] DEBUG PrimaryStageWindow   - Scaled size: 1280.0 x 720.0
18:08:51.948 [JavaFX Application Thread] DEBUG PrimaryStageWindow   - Scaled ratio: (1.0, 1.0)
18:08:51.948 [JavaFX Application Thread] DEBUG PrimaryStageWindow   - Scene size: 1280.0 x 720.0
18:08:51.949 [JavaFX Application Thread] DEBUG PrimaryStageWindow   - Stage size: 1294.4000244140625 x 757.5999755859375
18:08:51.958 [FXGL Background Thread 1 ] DEBUG Engine               - Initializing environment variables
18:08:52.031 [FXGL Background Thread 1 ] DEBUG FXGLAssetLoaderServi - User app class for loading assets: class Interface.SilenciadosApp
18:08:52.031 [FXGL Background Thread 1 ] DEBUG GameApplicationServi - Applying CSS: fxgl_dark.css
18:08:52.032 [FXGL Background Thread 1 ] DEBUG FXGLAssetLoaderServi - Loading from file system: jar:file:///C:/Users/thiag/.m2/repository/com/github/almasb/fxgl/17.3/fxgl-17.3.jar!/fxglassets/ui/css/fxgl_dark.css
18:08:52.085 [FXGL Background Thread 1 ] DEBUG GameApplicationServi - Initializing application scenes
18:08:52.125 [FXGL Background Thread 1 ] DEBUG GameWorld            - Game world initialized
18:08:52.207 [FXGL Background Thread 1 ] DEBUG PhysicsWorld         - Physics world initialized: appHeight=720, physics.ppm=50,0
18:08:52.207 [FXGL Background Thread 1 ] DEBUG PhysicsWorld         - Using strategy: BRUTE_FORCE
18:08:52.211 [FXGL Background Thread 1 ] DEBUG GameScene            - Game scene initialized: 1280x720
18:08:52.226 [FXGL Background Thread 1 ] DEBUG FXGL.DefaultMenu     - createMenuBodyGameMenu()
18:08:52.245 [FXGL Background Thread 1 ] DEBUG FXGL.DefaultMenu     - createOptionsMenu()
18:08:52.257 [FXGL Background Thread 1 ] DEBUG FXGLAssetLoaderServi - Loading from file system: jar:file:///C:/Users/thiag/.m2/repository/com/github/almasb/fxgl/17.3/fxgl-17.3.jar!/fxglassets/textures/particles/smoke.png
18:08:52.373 [FXGL Background Thread 1 ] DEBUG FXGLAssetLoaderServi - Loading from file system: jar:file:///C:/Users/thiag/.m2/repository/com/github/almasb/fxgl/17.3/fxgl-17.3.jar!/fxglassets/textures/particles/trace_horizontal.png
18:08:52.414 [FXGL Background Thread 1 ] DEBUG GameApplicationServi - Application scenes initialized
18:08:52.428 [FXGL Background Thread 1 ] DEBUG SystemBundleService  - Loading FXGL system data
18:08:52.434 [FXGL Background Thread 1 ] DEBUG FileSystemAccess     - Reading from: C:\Users\thiag\OneDrive\Documentos\GitHub\RPGemturnosG1\Jogo\system\fxgl.bundle
18:08:52.445 [FXGL Background Thread 1 ] DEBUG SystemBundleService  - Bundle FXGL: {}
18:08:52.445 [FXGL Background Thread 1 ] DEBUG UpdaterService       - Checking for updates
18:08:52.476 [FXGL Background Thread 4 ] DEBUG FXGLApplication      - Loading fonts
18:08:52.477 [FXGL Background Thread 4 ] DEBUG FXGLAssetLoaderServi - Loading from file system: jar:file:///C:/Users/thiag/.m2/repository/com/github/almasb/fxgl/17.3/fxgl-17.3.jar!/fxglassets/ui/fonts/VarelaRound-Regular.ttf
18:08:52.478 [FXGL Background Thread 1 ] DEBUG FXGLApplication      - Loading default localization
18:08:52.479 [FXGL Background Thread 1 ] DEBUG FXGLAssetLoaderServi - Loading from file system: jar:file:///C:/Users/thiag/.m2/repository/com/github/almasb/fxgl/17.3/fxgl-17.3.jar!/fxglassets/languages/english.lang
18:08:52.501 [FXGL Background Thread 1 ] INFO  FXGLApplication      - FXGL initialization took: 0,543 sec
18:08:52.516 [JavaFX Application Thread] DEBUG Input                - Registered new binding: Move Right - D
18:08:52.516 [JavaFX Application Thread] DEBUG Input                - Registered new binding: Move Left - A
18:08:52.516 [JavaFX Application Thread] DEBUG Input                - Registered new binding: Move Up - W
18:08:52.516 [JavaFX Application Thread] DEBUG Input                - Registered new binding: Move Down - S
18:08:52.517 [JavaFX Application Thread] DEBUG FXGLAssetLoaderServi - Loading from file system: jar:file:///C:/Users/thiag/.m2/repository/com/github/almasb/fxgl/17.3/fxgl-17.3.jar!/fxglassets/textures/fxgl_icon.png
18:08:52.519 [FXGL Background Thread 4 ] DEBUG FXGLAssetLoaderServi - Loading from file system: jar:file:///C:/Users/thiag/.m2/repository/com/github/almasb/fxgl/17.3/fxgl-17.3.jar!/fxglassets/ui/fonts/Abel-Regular.ttf
18:08:52.523 [FXGL Background Thread 4 ] DEBUG FXGLAssetLoaderServi - Loading from file system: jar:file:///C:/Users/thiag/.m2/repository/com/github/almasb/fxgl/17.3/fxgl-17.3.jar!/fxglassets/ui/fonts/TerminalLandMono-Regular.otf
18:08:52.527 [FXGL Background Thread 4 ] DEBUG FXGLAssetLoaderServi - Loading from file system: jar:file:///C:/Users/thiag/.m2/repository/com/github/almasb/fxgl/17.3/fxgl-17.3.jar!/fxglassets/ui/fonts/Courier-Prime.ttf
18:08:52.547 [JavaFX Application Thread] DEBUG FXGLAssetLoaderServi - Loading from file system: jar:file:///C:/Users/thiag/.m2/repository/com/github/almasb/fxgl/17.3/fxgl-17.3.jar!/fxglassets/textures/fxgl_default_cursor.png
18:08:52.550 [JavaFX Application Thread] DEBUG Input                - Registered new binding: Screenshot - CTRL+8
18:08:52.550 [JavaFX Application Thread] DEBUG Input                - Registered new binding: Dev Options - 1
18:08:52.551 [JavaFX Application Thread] DEBUG Input                - Registered new binding: Dev Console - 2
18:08:52.551 [JavaFX Application Thread] DEBUG Input                - Registered new binding: System info dump - CTRL+9
18:08:52.552 [JavaFX Application Thread] DEBUG Input                - Registered new binding: Restart - CTRL+R
18:08:52.553 [JavaFX Application Thread] DEBUG Input                - Registered new binding: Toggle Debug Camera - CTRL+7
18:08:52.556 [JavaFX Application Thread] DEBUG LoopRunner           - Starting loop
18:08:52.573 [JavaFX Application Thread] DEBUG LoopRunner           - Initializing JavaFX AnimationTimerLoop
18:08:52.574 [JavaFX Application Thread] DEBUG GameApplicationServi - Starting new game
18:08:52.574 [JavaFX Application Thread] DEBUG Input                - Clearing active input actions
18:08:52.589 [JavaFX Application Thread] DEBUG GameApplicationServi - Removing overlay from FXGLStartupScene and adding to FXGLLoadingScene
18:08:52.593 [JavaFX Application Thread] DEBUG PrimaryStageWindow   - FXGLStartupScene -> FXGLLoadingScene
18:08:52.593 [JavaFX Application Thread] DEBUG GameApplicationServi - Clearing previous game
18:08:52.593 [JavaFX Application Thread] DEBUG GameScene            - Clearing game scene
18:08:52.593 [JavaFX Application Thread] DEBUG GameWorld            - Clearing game world
18:08:52.594 [JavaFX Application Thread] DEBUG PhysicsWorld         - Clearing physics world
18:08:52.595 [JavaFX Application Thread] DEBUG FXGLApplication      - Registering font factories with UI factory
18:08:52.595 [FXGL Background Thread 4 ] DEBUG FXGLApplication      - Initializing game
18:08:52.657 [FXGL Background Thread 4 ] WARN  TMXLevelLoader       - TiledMap generated from 1.10.2. Supported version: 1.9.0. Some features may not be parsed fully.
18:08:52.683 [FXGL Background Thread 4 ] DEBUG TMXLevelLoader       - Parsed TiledMap: file:/C:/Users/thiag/OneDrive/Documentos/GitHub/RPGemturnosG1/Jogo/target/classes/assets/levels/Mansao.tmx
18:08:52.684 [FXGL Background Thread 4 ] DEBUG TMXLevelLoader       - Creating tile layer entities
18:08:52.686 [FXGL Background Thread 4 ] DEBUG TilesetLoader        - Loading view for layer Chão
18:08:52.688 [FXGL Background Thread 4 ] DEBUG TilesetLoader        - Created buffer with size 1280.0x768.0
18:08:52.702 [FXGL Background Thread 4 ] DEBUG TilesetLoader        - Loading view for layer ChãoGraminhas
18:08:52.706 [FXGL Background Thread 4 ] DEBUG TilesetLoader        - Created buffer with size 1280.0x768.0
18:08:52.716 [FXGL Background Thread 4 ] DEBUG TilesetLoader        - Loading view for layer Árvores
18:08:52.718 [FXGL Background Thread 4 ] DEBUG TilesetLoader        - Created buffer with size 1280.0x768.0
18:08:52.733 [FXGL Background Thread 4 ] DEBUG TilesetLoader        - Loading view for layer arvore
18:08:52.735 [FXGL Background Thread 4 ] DEBUG TilesetLoader        - Created buffer with size 1280.0x768.0
18:08:52.737 [FXGL Background Thread 4 ] DEBUG TilesetLoader        - Loading view for layer Mansao
18:08:52.740 [FXGL Background Thread 4 ] DEBUG TilesetLoader        - Created buffer with size 1280.0x768.0
18:08:52.744 [FXGL Background Thread 4 ] DEBUG TilesetLoader        - Loading view for layer ARVORE2.0
18:08:52.747 [FXGL Background Thread 4 ] DEBUG TilesetLoader        - Created buffer with size 1280.0x768.0
18:08:52.748 [FXGL Background Thread 4 ] DEBUG TMXLevelLoader       - Creating object layer entities
18:08:52.788 [FXGL Background Thread 4 ] DEBUG GameWorld            - Clearing removable entities
18:08:52.789 [FXGL Background Thread 4 ] DEBUG GameWorld            - Setting level: com.almasb.fxgl.entity.level.Level@2b4bb67d
18:08:52.800 [FXGL Background Thread 4 ] DEBUG FXGLAssetLoaderServi - Loading from file system: file:/C:/Users/thiag/OneDrive/Documentos/GitHub/RPGemturnosG1/Jogo/target/classes/assets/textures/dev_player.png
18:08:52.834 [FXGL Background Thread 4 ] WARN  GameWorld            - Entity is already attached to world
18:08:52.835 [FXGL Background Thread 4 ] WARN  GameWorld            - Entity is already attached to world
18:08:52.837 [FXGL Background Thread 4 ] DEBUG FXGLAssetLoaderServi - Loading from file system: file:/C:/Users/thiag/OneDrive/Documentos/GitHub/RPGemturnosG1/Jogo/target/classes/assets/textures/male_hurt.png
18:08:52.839 [FXGL Background Thread 4 ] WARN  GameWorld            - Entity is already attached to world
18:08:52.842 [FXGL Background Thread 4 ] INFO  FXGLApplication      - Game initialization took: 0,245 sec
18:08:52.862 [JavaFX Application Thread] DEBUG Input                - Clearing active input actions
18:08:52.877 [JavaFX Application Thread] DEBUG GameApplicationServi - Removing overlay from FXGLLoadingScene and adding to GameScene
18:08:52.881 [JavaFX Application Thread] DEBUG PrimaryStageWindow   - FXGLLoadingScene -> GameScene
18:08:53.848 [JavaFX Application Thread] WARN  TMXLevelLoader       - TiledMap generated from 1.10.2. Supported version: 1.9.0. Some features may not be parsed fully.
18:08:53.858 [JavaFX Application Thread] DEBUG TMXLevelLoader       - Parsed TiledMap: file:/C:/Users/thiag/OneDrive/Documentos/GitHub/RPGemturnosG1/Jogo/target/classes/assets/levels/Castelo2.tmx
18:08:53.858 [JavaFX Application Thread] DEBUG TMXLevelLoader       - Creating tile layer entities
18:08:53.859 [JavaFX Application Thread] DEBUG TilesetLoader        - Loading view for layer Base
18:08:53.865 [JavaFX Application Thread] DEBUG TilesetLoader        - Created buffer with size 1280.0x768.0
18:08:53.883 [JavaFX Application Thread] DEBUG TilesetLoader        - Loading view for layer Camada de Blocos 2
18:08:53.887 [JavaFX Application Thread] DEBUG TilesetLoader        - Created buffer with size 1280.0x768.0
18:08:53.889 [JavaFX Application Thread] DEBUG TilesetLoader        - Loading view for layer Camada de Blocos 3
18:08:53.891 [JavaFX Application Thread] DEBUG TilesetLoader        - Created buffer with size 1280.0x768.0
18:08:53.892 [JavaFX Application Thread] DEBUG TilesetLoader        - Loading view for layer Camada de Blocos 4
18:08:53.894 [JavaFX Application Thread] DEBUG TilesetLoader        - Created buffer with size 1280.0x768.0
18:08:53.895 [JavaFX Application Thread] DEBUG TMXLevelLoader       - Creating object layer entities
18:08:53.899 [JavaFX Application Thread] DEBUG GameWorld            - Clearing removable entities
18:08:53.906 [JavaFX Application Thread] DEBUG GameWorld            - Setting level: com.almasb.fxgl.entity.level.Level@56ed8a8b
18:08:53.910 [JavaFX Application Thread] WARN  GameWorld            - Entity is already attached to world
18:08:53.910 [JavaFX Application Thread] WARN  GameWorld            - Entity is already attached to world
18:08:55.475 [FXGL Background Thread 3 ] DEBUG Engine               - Logging environment variables
18:08:55.478 [FXGL Background Thread 3 ] DEBUG Engine               - achievements: []
18:08:55.478 [FXGL Background Thread 3 ] DEBUG Engine               - actualHeight: 720.0
18:08:55.478 [FXGL Background Thread 3 ] DEBUG Engine               - actualHeightProperty: ReadOnlyDoubleProperty [value: 720.0]
18:08:55.479 [FXGL Background Thread 3 ] DEBUG Engine               - actualWidth: 1280.0
18:08:55.479 [FXGL Background Thread 3 ] DEBUG Engine               - actualWidthProperty: ReadOnlyDoubleProperty [value: 1280.0]
18:08:55.479 [FXGL Background Thread 3 ] DEBUG Engine               - appIcon: fxgl_icon.png
18:08:55.479 [FXGL Background Thread 3 ] DEBUG Engine               - applicationMode: DEVELOPER
18:08:55.479 [FXGL Background Thread 3 ] DEBUG Engine               - cSSList: [fxgl_dark.css]
18:08:55.479 [FXGL Background Thread 3 ] DEBUG Engine               - collisionDetectionStrategy: BRUTE_FORCE
18:08:55.479 [FXGL Background Thread 3 ] DEBUG Engine               - configClass: Optional.empty
18:08:55.479 [FXGL Background Thread 3 ] DEBUG Engine               - credits: []
18:08:55.480 [FXGL Background Thread 3 ] DEBUG Engine               - defaultCursor: CursorInfo(imageName=fxgl_default_cursor.png, hotspotX=7.0, hotspotY=6.0)
18:08:55.480 [FXGL Background Thread 3 ] DEBUG Engine               - devBBoxColorProperty: ObjectProperty [value: 0xff0000ff]
18:08:55.480 [FXGL Background Thread 3 ] DEBUG Engine               - devEnableDebugCameraProperty: BooleanProperty [value: false]
18:08:55.481 [FXGL Background Thread 3 ] DEBUG Engine               - devSensorColorProperty: ObjectProperty [value: 0xffff00ff]
18:08:55.481 [FXGL Background Thread 3 ] DEBUG Engine               - devShowBBoxProperty: BooleanProperty [value: false]
18:08:55.481 [FXGL Background Thread 3 ] DEBUG Engine               - devShowPositionProperty: BooleanProperty [value: false]
18:08:55.481 [FXGL Background Thread 3 ] DEBUG Engine               - enabledMenuItems: []
18:08:55.481 [FXGL Background Thread 3 ] DEBUG Engine               - engineServices: [class com.almasb.fxgl.app.services.FXGLAssetLoaderService, class com.almasb.fxgl.app.FXGLApplication$GameApplicationService, class com.almasb.fxgl.app.services.FXGLDialogService, class com.almasb.fxgl.app.services.IOTaskExecutorService, class com.almasb.fxgl.io.FileSystemService, class com.almasb.fxgl.localization.LocalizationService, class com.almasb.fxgl.app.services.SystemBundleService, class com.almasb.fxgl.profile.SaveLoadService, class com.almasb.fxgl.ui.FXGLUIFactoryServiceProvider, class com.almasb.fxgl.ui.FXGLDialogFactoryServiceProvider, class com.almasb.fxgl.audio.AudioPlayer, class com.almasb.fxgl.notification.impl.NotificationServiceProvider, class com.almasb.fxgl.achievement.AchievementService, class com.almasb.fxgl.cutscene.CutsceneService, class com.almasb.fxgl.minigames.MiniGameService, class com.almasb.fxgl.net.NetService, class com.almasb.fxgl.app.services.UpdaterService, class com.almasb.fxgl.dev.DevService]
18:08:55.481 [FXGL Background Thread 3 ] DEBUG Engine               - fontGame: Abel-Regular.ttf
18:08:55.482 [FXGL Background Thread 3 ] DEBUG Engine               - fontMono: TerminalLandMono-Regular.otf
18:08:55.482 [FXGL Background Thread 3 ] DEBUG Engine               - fontSizeScaleUI: 1.0
18:08:55.482 [FXGL Background Thread 3 ] DEBUG Engine               - fontText: Courier-Prime.ttf
18:08:55.483 [FXGL Background Thread 3 ] DEBUG Engine               - fontUI: VarelaRound-Regular.ttf
18:08:55.483 [FXGL Background Thread 3 ] DEBUG Engine               - fullScreen: BooleanProperty [value: false]
18:08:55.483 [FXGL Background Thread 3 ] DEBUG Engine               - gameDifficulty: MEDIUM
18:08:55.483 [FXGL Background Thread 3 ] DEBUG Engine               - gameDifficultyProperty: ObjectProperty [value: MEDIUM]
18:08:55.483 [FXGL Background Thread 3 ] DEBUG Engine               - globalMusicVolume: 0.5
18:08:55.483 [FXGL Background Thread 3 ] DEBUG Engine               - globalMusicVolumeProperty: DoubleProperty [value: 0.5]
18:08:55.483 [FXGL Background Thread 3 ] DEBUG Engine               - globalSoundVolume: 0.5
18:08:55.483 [FXGL Background Thread 3 ] DEBUG Engine               - globalSoundVolumeProperty: DoubleProperty [value: 0.5]
18:08:55.483 [FXGL Background Thread 3 ] DEBUG Engine               - height: 720
18:08:55.483 [FXGL Background Thread 3 ] DEBUG Engine               - is3D: false
18:08:55.483 [FXGL Background Thread 3 ] DEBUG Engine               - isAndroid: false
18:08:55.483 [FXGL Background Thread 3 ] DEBUG Engine               - isBrowser: false
18:08:55.483 [FXGL Background Thread 3 ] DEBUG Engine               - isClickFeedbackEnabled: false
18:08:55.484 [FXGL Background Thread 3 ] DEBUG Engine               - isCloseConfirmation: false
18:08:55.484 [FXGL Background Thread 3 ] DEBUG Engine               - isDesktop: true
18:08:55.484 [FXGL Background Thread 3 ] DEBUG Engine               - isDeveloperMenuEnabled: true
18:08:55.484 [FXGL Background Thread 3 ] DEBUG Engine               - isEmbedded: false
18:08:55.484 [FXGL Background Thread 3 ] DEBUG Engine               - isEntityPreloadEnabled: true
18:08:55.484 [FXGL Background Thread 3 ] DEBUG Engine               - isExperimentalTiledLargeMap: false
18:08:55.484 [FXGL Background Thread 3 ] DEBUG Engine               - isFileSystemWriteAllowed: true
18:08:55.484 [FXGL Background Thread 3 ] DEBUG Engine               - isFullScreenAllowed: true
18:08:55.484 [FXGL Background Thread 3 ] DEBUG Engine               - isFullScreenFromStart: false
18:08:55.484 [FXGL Background Thread 3 ] DEBUG Engine               - isGameMenuEnabled: true
18:08:55.484 [FXGL Background Thread 3 ] DEBUG Engine               - isIOS: false
18:08:55.484 [FXGL Background Thread 3 ] DEBUG Engine               - isIntroEnabled: false
18:08:55.484 [FXGL Background Thread 3 ] DEBUG Engine               - isLinux: false
18:08:55.486 [FXGL Background Thread 3 ] DEBUG Engine               - isMac: false
18:08:55.486 [FXGL Background Thread 3 ] DEBUG Engine               - isMainMenuEnabled: false
18:08:55.486 [FXGL Background Thread 3 ] DEBUG Engine               - isManualResizeEnabled: false
18:08:55.486 [FXGL Background Thread 3 ] DEBUG Engine               - isMobile: false
18:08:55.486 [FXGL Background Thread 3 ] DEBUG Engine               - isNative: false
18:08:55.486 [FXGL Background Thread 3 ] DEBUG Engine               - isPauseMusicWhenMinimized: true
18:08:55.486 [FXGL Background Thread 3 ] DEBUG Engine               - isPreserveResizeRatio: false
18:08:55.486 [FXGL Background Thread 3 ] DEBUG Engine               - isProfilingEnabled: false
18:08:55.487 [FXGL Background Thread 3 ] DEBUG Engine               - isScaleAffectedOnResize: true
18:08:55.487 [FXGL Background Thread 3 ] DEBUG Engine               - isSingleStep: false
18:08:55.487 [FXGL Background Thread 3 ] DEBUG Engine               - isUserProfileEnabled: false
18:08:55.487 [FXGL Background Thread 3 ] DEBUG Engine               - isWindows: true
18:08:55.487 [FXGL Background Thread 3 ] DEBUG Engine               - language: ObjectProperty [value: ENGLISH]
18:08:55.487 [FXGL Background Thread 3 ] DEBUG Engine               - menuKey: ESCAPE
18:08:55.487 [FXGL Background Thread 3 ] DEBUG Engine               - mouseSensitivity: 0.2
18:08:55.487 [FXGL Background Thread 3 ] DEBUG Engine               - notificationViewClass: class com.almasb.fxgl.notification.view.XboxNotificationView
18:08:55.487 [FXGL Background Thread 3 ] DEBUG Engine               - pixelsPerMeter: 50.0
18:08:55.487 [FXGL Background Thread 3 ] DEBUG Engine               - platform: WINDOWS
18:08:55.488 [FXGL Background Thread 3 ] DEBUG Engine               - prefHeightProperty: ReadOnlyDoubleProperty [value: 720.0]
18:08:55.488 [FXGL Background Thread 3 ] DEBUG Engine               - prefWidthProperty: ReadOnlyDoubleProperty [value: 1280.0]
18:08:55.488 [FXGL Background Thread 3 ] DEBUG Engine               - profileDir: profiles/
18:08:55.488 [FXGL Background Thread 3 ] DEBUG Engine               - profileName: StringProperty [value: DEFAULT]
18:08:55.488 [FXGL Background Thread 3 ] DEBUG Engine               - randomSeed: -1
18:08:55.488 [FXGL Background Thread 3 ] DEBUG Engine               - runtimeInfo: RuntimeInfo(platform=WINDOWS, version=17.3, build=30.03.2023 11.49)
18:08:55.488 [FXGL Background Thread 3 ] DEBUG Engine               - saveFileExt: sav
18:08:55.488 [FXGL Background Thread 3 ] DEBUG Engine               - scaledHeightProp$fxgl: DoubleProperty [bound, value: 720.0]
18:08:55.488 [FXGL Background Thread 3 ] DEBUG Engine               - scaledWidthProp$fxgl: DoubleProperty [bound, value: 1280.0]
18:08:55.488 [FXGL Background Thread 3 ] DEBUG Engine               - sceneFactory: com.almasb.fxgl.app.scene.SceneFactory@2b8dad0f
18:08:55.488 [FXGL Background Thread 3 ] DEBUG Engine               - secondsIn24h: 60
18:08:55.489 [FXGL Background Thread 3 ] DEBUG Engine               - soundMenuBack: menu/back.wav
18:08:55.489 [FXGL Background Thread 3 ] DEBUG Engine               - soundMenuPress: menu/press.wav
18:08:55.489 [FXGL Background Thread 3 ] DEBUG Engine               - soundMenuSelect: menu/select.wav
18:08:55.489 [FXGL Background Thread 3 ] DEBUG Engine               - soundNotification: core/notification.wav
18:08:55.489 [FXGL Background Thread 3 ] DEBUG Engine               - stageStyle: DECORATED
18:08:55.490 [FXGL Background Thread 3 ] DEBUG Engine               - supportedLanguages: [ENGLISH, FRENCH, GERMAN, HUNGARIAN, RUSSIAN]
18:08:55.490 [FXGL Background Thread 3 ] DEBUG Engine               - ticksPerSecond: -1
18:08:55.490 [FXGL Background Thread 3 ] DEBUG Engine               - title: Silenciados
18:08:55.490 [FXGL Background Thread 3 ] DEBUG Engine               - urlGithub: https://github.com/AlmasB/FXGL
18:08:55.490 [FXGL Background Thread 3 ] DEBUG Engine               - urlLeaderboard: http://fxgl-top.herokuapp.com/
18:08:55.490 [FXGL Background Thread 3 ] DEBUG Engine               - urlPOM: https://raw.githubusercontent.com/AlmasB/FXGL/release/README.md
18:08:55.490 [FXGL Background Thread 3 ] DEBUG Engine               - userAppClass: class Interface.SilenciadosApp
18:08:55.490 [FXGL Background Thread 3 ] DEBUG Engine               - version: 0.1
18:08:55.490 [FXGL Background Thread 3 ] DEBUG Engine               - versionCheckDays: 7
18:08:55.490 [FXGL Background Thread 3 ] DEBUG Engine               - width: 1280
18:08:55.490 [FXGL Background Thread 3 ] DEBUG Engine               - Logging services
18:08:55.490 [FXGL Background Thread 3 ] DEBUG Engine               - class com.almasb.fxgl.app.services.FXGLAssetLoaderService
18:08:55.490 [FXGL Background Thread 3 ] DEBUG Engine               - class com.almasb.fxgl.app.FXGLApplication$GameApplicationService
18:08:55.490 [FXGL Background Thread 3 ] DEBUG Engine               - class com.almasb.fxgl.app.services.FXGLDialogService
18:08:55.490 [FXGL Background Thread 3 ] DEBUG Engine               - class com.almasb.fxgl.app.services.IOTaskExecutorService
18:08:55.491 [FXGL Background Thread 3 ] DEBUG Engine               - class com.almasb.fxgl.io.FileSystemService
18:08:55.491 [FXGL Background Thread 3 ] DEBUG Engine               - class com.almasb.fxgl.localization.LocalizationService
18:08:55.491 [FXGL Background Thread 3 ] DEBUG Engine               - class com.almasb.fxgl.app.services.SystemBundleService
18:08:55.491 [FXGL Background Thread 3 ] DEBUG Engine               - class com.almasb.fxgl.profile.SaveLoadService
18:08:55.491 [FXGL Background Thread 3 ] DEBUG Engine               - class com.almasb.fxgl.ui.FXGLUIFactoryServiceProvider
18:08:55.491 [FXGL Background Thread 3 ] DEBUG Engine               - class com.almasb.fxgl.ui.FXGLDialogFactoryServiceProvider
18:08:55.491 [FXGL Background Thread 3 ] DEBUG Engine               - class com.almasb.fxgl.audio.AudioPlayer
18:08:55.491 [FXGL Background Thread 3 ] DEBUG Engine               - class com.almasb.fxgl.notification.impl.NotificationServiceProvider
18:08:55.491 [FXGL Background Thread 3 ] DEBUG Engine               - class com.almasb.fxgl.achievement.AchievementService
18:08:55.491 [FXGL Background Thread 3 ] DEBUG Engine               - class com.almasb.fxgl.cutscene.CutsceneService
18:08:55.491 [FXGL Background Thread 3 ] DEBUG Engine               - class com.almasb.fxgl.minigames.MiniGameService
18:08:55.491 [FXGL Background Thread 3 ] DEBUG Engine               - class com.almasb.fxgl.net.NetService
18:08:55.491 [FXGL Background Thread 3 ] DEBUG Engine               - class com.almasb.fxgl.app.services.UpdaterService
18:08:55.492 [FXGL Background Thread 3 ] DEBUG Engine               - class com.almasb.fxgl.dev.DevService
18:08:59.653 [JavaFX Application Thread] WARN  TMXLevelLoader       - TiledMap generated from 1.10.2. Supported version: 1.9.0. Some features may not be parsed fully.
18:08:59.664 [JavaFX Application Thread] DEBUG TMXLevelLoader       - Parsed TiledMap: file:/C:/Users/thiag/OneDrive/Documentos/GitHub/RPGemturnosG1/Jogo/target/classes/assets/levels/Mansao.tmx
18:08:59.664 [JavaFX Application Thread] DEBUG TMXLevelLoader       - Creating tile layer entities
18:08:59.664 [JavaFX Application Thread] DEBUG TilesetLoader        - Loading view for layer Chão
18:08:59.667 [JavaFX Application Thread] DEBUG TilesetLoader        - Created buffer with size 1280.0x768.0
18:08:59.671 [JavaFX Application Thread] DEBUG TilesetLoader        - Loading view for layer ChãoGraminhas
18:08:59.673 [JavaFX Application Thread] DEBUG TilesetLoader        - Created buffer with size 1280.0x768.0
18:08:59.676 [JavaFX Application Thread] DEBUG TilesetLoader        - Loading view for layer Árvores
18:08:59.676 [JavaFX Application Thread] DEBUG TilesetLoader        - Created buffer with size 1280.0x768.0
18:08:59.683 [JavaFX Application Thread] DEBUG TilesetLoader        - Loading view for layer arvore
18:08:59.686 [JavaFX Application Thread] DEBUG TilesetLoader        - Created buffer with size 1280.0x768.0
18:08:59.687 [JavaFX Application Thread] DEBUG TilesetLoader        - Loading view for layer Mansao
18:08:59.688 [JavaFX Application Thread] DEBUG TilesetLoader        - Created buffer with size 1280.0x768.0
18:08:59.691 [JavaFX Application Thread] DEBUG TilesetLoader        - Loading view for layer ARVORE2.0
18:08:59.694 [JavaFX Application Thread] DEBUG TilesetLoader        - Created buffer with size 1280.0x768.0
18:08:59.694 [JavaFX Application Thread] DEBUG TMXLevelLoader       - Creating object layer entities
18:08:59.701 [JavaFX Application Thread] DEBUG GameWorld            - Clearing removable entities
18:08:59.702 [JavaFX Application Thread] DEBUG GameWorld            - Setting level: com.almasb.fxgl.entity.level.Level@28feb47d
18:08:59.706 [JavaFX Application Thread] WARN  GameWorld            - Entity is already attached to world
18:08:59.706 [JavaFX Application Thread] WARN  GameWorld            - Entity is already attached to world
18:09:00.948 [JavaFX Application Thread] DEBUG PrimaryStageWindow   - Push state: FXGLDefaultMenu
18:09:00.951 [JavaFX Application Thread] DEBUG Input                - Clearing active input actions
18:09:00.955 [JavaFX Application Thread] DEBUG GameApplicationServi - Removing overlay from GameScene and adding to FXGLDefaultMenu
18:09:00.957 [JavaFX Application Thread] DEBUG PrimaryStageWindow   - GameScene -> FXGLDefaultMenu
18:09:02.088 [JavaFX Application Thread] DEBUG Menu                 - fireExit()
18:09:02.091 [JavaFX Application Thread] DEBUG PrimaryStageWindow   - Push state: DialogSubScene
18:09:02.091 [JavaFX Application Thread] DEBUG Input                - Clearing active input actions
18:09:02.093 [JavaFX Application Thread] DEBUG GameApplicationServi - Removing overlay from FXGLDefaultMenu and adding to DialogSubScene
18:09:02.096 [JavaFX Application Thread] DEBUG PrimaryStageWindow   - FXGLDefaultMenu -> DialogSubScene
18:09:03.282 [JavaFX Application Thread] DEBUG PrimaryStageWindow   - Pop state: DialogSubScene
18:09:03.282 [JavaFX Application Thread] DEBUG Input                - Clearing active input actions
18:09:03.283 [JavaFX Application Thread] DEBUG GameApplicationServi - Removing overlay from DialogSubScene and adding to FXGLDefaultMenu
18:09:03.285 [JavaFX Application Thread] DEBUG PrimaryStageWindow   - FXGLDefaultMenu <- DialogSubScene
18:09:03.285 [JavaFX Application Thread] DEBUG FXGLApplication      - Exiting FXGL
18:09:03.285 [JavaFX Application Thread] DEBUG LoopRunner           - Stopping loop
18:09:03.285 [JavaFX Application Thread] DEBUG SystemBundleService  - Saving FXGL system data
18:09:03.289 [JavaFX Application Thread] DEBUG FileSystemAccess     - Writing to: C:\Users\thiag\OneDrive\Documentos\GitHub\RPGemturnosG1\Jogo\system\fxgl.bundle
18:09:03.291 [JavaFX Application Thread] DEBUG Async                - Shutting down background threads
18:09:03.292 [JavaFX Application Thread] DEBUG PrimaryStageWindow   - Closing main window
18:09:03.330 [JavaFX Application Thread] DEBUG Logger               - Closing Logger
