10:11:17.655 [main                     ] DEBUG Logger               - Configured Logger
10:11:17.700 [main                     ] DEBUG GameApplication      - Logging settings
Title: Silenciados
Version: 0.1
Width: 1280
Height: 720
Fullscreen: true
Intro: false
Profiling: false
Single step:false
App Mode: DEVELOPER
Menu Key: ESCAPE
Stage Style: DECORATED
Scene Factory: class com.almasb.fxgl.app.scene.SceneFactory

10:11:18.070 [JavaFX Application Thread] DEBUG FXGLApplication      - Initializing FXGL
10:11:18.082 [JavaFX Application Thread] INFO  Engine               - FXGL-17.3 (30.03.2023 11.49) on WINDOWS (J:17.0.9 FX:20)
10:11:18.083 [JavaFX Application Thread] DEBUG Engine               - JRE Vendor Name: Oracle Corporation
10:11:18.083 [JavaFX Application Thread] DEBUG Engine               - Running on OS: Windows 11 version 10.0
10:11:18.083 [JavaFX Application Thread] DEBUG Engine               - Architecture: amd64
10:11:18.084 [JavaFX Application Thread] INFO  Engine               - Source code and latest versions at: https://github.com/AlmasB/FXGL
10:11:18.084 [JavaFX Application Thread] INFO  Engine               -       Ask questions and discuss at: https://github.com/AlmasB/FXGL/discussions
10:11:18.084 [JavaFX Application Thread] INFO  Engine               -              Join the FXGL chat at: https://gitter.im/AlmasB/FXGL
10:11:18.218 [JavaFX Application Thread] DEBUG PrimaryStageWindow   - Creating a JavaFX scene
10:11:18.279 [JavaFX Application Thread] DEBUG PrimaryStageWindow   - Target settings size: 1280.0 x 720.0
10:11:18.279 [JavaFX Application Thread] DEBUG PrimaryStageWindow   - Scaled scene size:    1280.0 x 720.0
10:11:18.280 [JavaFX Application Thread] DEBUG PrimaryStageWindow   - Scaled ratio: (1.0, 1.0)
10:11:18.281 [JavaFX Application Thread] DEBUG PrimaryStageWindow   - Set initial scene to FXGLStartupScene
10:11:18.291 [JavaFX Application Thread] DEBUG PrimaryStageWindow   - Opening main window
10:11:18.394 [JavaFX Application Thread] DEBUG PrimaryStageWindow   - Window border size: (16.0, 39.0)
10:11:18.395 [JavaFX Application Thread] DEBUG PrimaryStageWindow   - Scaled size: 1280.0 x 720.0
10:11:18.396 [JavaFX Application Thread] DEBUG PrimaryStageWindow   - Scaled ratio: (1.0, 1.0)
10:11:18.396 [JavaFX Application Thread] DEBUG PrimaryStageWindow   - Scene size: 1280.0 x 720.0
10:11:18.397 [JavaFX Application Thread] DEBUG PrimaryStageWindow   - Stage size: 1296.0 x 759.0
10:11:18.410 [FXGL Background Thread 1 ] DEBUG Engine               - Initializing environment variables
10:11:18.465 [FXGL Background Thread 1 ] DEBUG FXGLAssetLoaderServi - User app class for loading assets: class Interface.SilenciadosApp
10:11:18.466 [FXGL Background Thread 1 ] DEBUG GameApplicationServi - Applying CSS: fxgl_dark.css
10:11:18.467 [FXGL Background Thread 1 ] DEBUG FXGLAssetLoaderServi - Loading from file system: jar:file:///C:/Users/aless/.m2/repository/com/github/almasb/fxgl/17.3/fxgl-17.3.jar!/fxglassets/ui/css/fxgl_dark.css
10:11:18.564 [FXGL Background Thread 1 ] DEBUG GameApplicationServi - Initializing application scenes
10:11:18.689 [FXGL Background Thread 1 ] DEBUG GameWorld            - Game world initialized
10:11:18.766 [FXGL Background Thread 1 ] DEBUG PhysicsWorld         - Physics world initialized: appHeight=720, physics.ppm=50,0
10:11:18.767 [FXGL Background Thread 1 ] DEBUG PhysicsWorld         - Using strategy: BRUTE_FORCE
10:11:18.773 [FXGL Background Thread 1 ] DEBUG GameScene            - Game scene initialized: 1280x720
10:11:18.789 [FXGL Background Thread 1 ] DEBUG FXGL.DefaultMenu     - createMenuBodyGameMenu()
10:11:18.807 [FXGL Background Thread 1 ] DEBUG FXGL.DefaultMenu     - createOptionsMenu()
10:11:18.824 [FXGL Background Thread 1 ] DEBUG FXGLAssetLoaderServi - Loading from file system: jar:file:///C:/Users/aless/.m2/repository/com/github/almasb/fxgl/17.3/fxgl-17.3.jar!/fxglassets/textures/particles/smoke.png
10:11:18.963 [FXGL Background Thread 1 ] DEBUG FXGLAssetLoaderServi - Loading from file system: jar:file:///C:/Users/aless/.m2/repository/com/github/almasb/fxgl/17.3/fxgl-17.3.jar!/fxglassets/textures/particles/trace_horizontal.png
10:11:19.001 [FXGL Background Thread 1 ] DEBUG GameApplicationServi - Application scenes initialized
10:11:19.015 [FXGL Background Thread 1 ] DEBUG SystemBundleService  - Loading FXGL system data
10:11:19.023 [FXGL Background Thread 1 ] DEBUG FileSystemAccess     - Reading from: C:\Users\aless\OneDrive\Documentos\GitHub\RPGemturnosG1\Jogo\system\fxgl.bundle
10:11:19.035 [FXGL Background Thread 1 ] DEBUG SystemBundleService  - Bundle FXGL: {}
10:11:19.036 [FXGL Background Thread 1 ] DEBUG UpdaterService       - Checking for updates
10:11:19.083 [FXGL Background Thread 1 ] DEBUG FXGLApplication      - Loading default localization
10:11:19.087 [FXGL Background Thread 1 ] DEBUG FXGLAssetLoaderServi - Loading from file system: jar:file:///C:/Users/aless/.m2/repository/com/github/almasb/fxgl/17.3/fxgl-17.3.jar!/fxglassets/languages/english.lang
10:11:19.120 [FXGL Background Thread 1 ] INFO  FXGLApplication      - FXGL initialization took: 0,710 sec
10:11:19.133 [JavaFX Application Thread] DEBUG Input                - Registered new binding: Move Right - D
10:11:19.134 [JavaFX Application Thread] DEBUG Input                - Registered new binding: Move Left - A
10:11:19.134 [JavaFX Application Thread] DEBUG Input                - Registered new binding: Move Up - W
10:11:19.135 [JavaFX Application Thread] DEBUG Input                - Registered new binding: Move Down - S
10:11:19.135 [JavaFX Application Thread] DEBUG FXGLAssetLoaderServi - Loading from file system: jar:file:///C:/Users/aless/.m2/repository/com/github/almasb/fxgl/17.3/fxgl-17.3.jar!/fxglassets/textures/fxgl_icon.png
10:11:19.138 [FXGL Background Thread 4 ] DEBUG FXGLApplication      - Loading fonts
10:11:19.139 [FXGL Background Thread 4 ] DEBUG FXGLAssetLoaderServi - Loading from file system: jar:file:///C:/Users/aless/.m2/repository/com/github/almasb/fxgl/17.3/fxgl-17.3.jar!/fxglassets/ui/fonts/VarelaRound-Regular.ttf
10:11:19.156 [JavaFX Application Thread] DEBUG FXGLAssetLoaderServi - Loading from file system: jar:file:///C:/Users/aless/.m2/repository/com/github/almasb/fxgl/17.3/fxgl-17.3.jar!/fxglassets/textures/fxgl_default_cursor.png
10:11:19.158 [JavaFX Application Thread] DEBUG Input                - Registered new binding: Screenshot - CTRL+8
10:11:19.159 [JavaFX Application Thread] DEBUG Input                - Registered new binding: Dev Options - 1
10:11:19.160 [JavaFX Application Thread] DEBUG Input                - Registered new binding: Dev Console - 2
10:11:19.160 [JavaFX Application Thread] DEBUG Input                - Registered new binding: System info dump - CTRL+9
10:11:19.161 [JavaFX Application Thread] DEBUG Input                - Registered new binding: Restart - CTRL+R
10:11:19.161 [JavaFX Application Thread] DEBUG Input                - Registered new binding: Toggle Debug Camera - CTRL+7
10:11:19.167 [JavaFX Application Thread] DEBUG LoopRunner           - Starting loop
10:11:19.185 [JavaFX Application Thread] DEBUG LoopRunner           - Initializing JavaFX AnimationTimerLoop
10:11:19.186 [JavaFX Application Thread] DEBUG GameApplicationServi - Starting new game
10:11:19.187 [JavaFX Application Thread] DEBUG Input                - Clearing active input actions
10:11:19.202 [JavaFX Application Thread] DEBUG GameApplicationServi - Removing overlay from FXGLStartupScene and adding to FXGLLoadingScene
10:11:19.210 [JavaFX Application Thread] DEBUG PrimaryStageWindow   - FXGLStartupScene -> FXGLLoadingScene
10:11:19.210 [JavaFX Application Thread] DEBUG GameApplicationServi - Clearing previous game
10:11:19.210 [JavaFX Application Thread] DEBUG GameScene            - Clearing game scene
10:11:19.210 [JavaFX Application Thread] DEBUG GameWorld            - Clearing game world
10:11:19.211 [JavaFX Application Thread] DEBUG PhysicsWorld         - Clearing physics world
10:11:19.213 [FXGL Background Thread 1 ] DEBUG FXGLApplication      - Initializing game
10:11:19.275 [FXGL Background Thread 1 ] WARN  TMXLevelLoader       - TiledMap generated from 1.10.2. Supported version: 1.9.0. Some features may not be parsed fully.
10:11:19.323 [FXGL Background Thread 1 ] DEBUG TMXLevelLoader       - Parsed TiledMap: file:/C:/Users/aless/OneDrive/Documentos/GitHub/RPGemturnosG1/Jogo/target/classes/assets/levels/Mansao.tmx
10:11:19.325 [FXGL Background Thread 1 ] DEBUG TMXLevelLoader       - Creating tile layer entities
10:11:19.327 [FXGL Background Thread 1 ] DEBUG TilesetLoader        - Loading view for layer Chão
10:11:19.329 [FXGL Background Thread 1 ] DEBUG TilesetLoader        - Created buffer with size 1280.0x768.0
10:11:19.352 [FXGL Background Thread 1 ] DEBUG TilesetLoader        - Loading view for layer ChãoGraminhas
10:11:19.357 [FXGL Background Thread 1 ] DEBUG TilesetLoader        - Created buffer with size 1280.0x768.0
10:11:19.363 [FXGL Background Thread 1 ] DEBUG TilesetLoader        - Loading view for layer Árvores
10:11:19.367 [FXGL Background Thread 1 ] DEBUG TilesetLoader        - Created buffer with size 1280.0x768.0
10:11:19.378 [FXGL Background Thread 1 ] DEBUG TilesetLoader        - Loading view for layer arvore
10:11:19.385 [FXGL Background Thread 1 ] DEBUG TilesetLoader        - Created buffer with size 1280.0x768.0
10:11:19.414 [FXGL Background Thread 1 ] DEBUG TilesetLoader        - Loading view for layer Mansao
10:11:19.419 [FXGL Background Thread 1 ] DEBUG TilesetLoader        - Created buffer with size 1280.0x768.0
10:11:19.422 [FXGL Background Thread 1 ] DEBUG TilesetLoader        - Loading view for layer ARVORE2.0
10:11:19.436 [FXGL Background Thread 1 ] DEBUG TilesetLoader        - Created buffer with size 1280.0x768.0
10:11:19.438 [FXGL Background Thread 1 ] DEBUG TMXLevelLoader       - Creating object layer entities
10:11:19.478 [FXGL Background Thread 4 ] DEBUG FXGLAssetLoaderServi - Loading from file system: jar:file:///C:/Users/aless/.m2/repository/com/github/almasb/fxgl/17.3/fxgl-17.3.jar!/fxglassets/ui/fonts/Abel-Regular.ttf
10:11:19.486 [FXGL Background Thread 4 ] DEBUG FXGLAssetLoaderServi - Loading from file system: jar:file:///C:/Users/aless/.m2/repository/com/github/almasb/fxgl/17.3/fxgl-17.3.jar!/fxglassets/ui/fonts/TerminalLandMono-Regular.otf
10:11:19.492 [FXGL Background Thread 4 ] DEBUG FXGLAssetLoaderServi - Loading from file system: jar:file:///C:/Users/aless/.m2/repository/com/github/almasb/fxgl/17.3/fxgl-17.3.jar!/fxglassets/ui/fonts/Courier-Prime.ttf
10:11:19.522 [FXGL Background Thread 1 ] DEBUG GameWorld            - Clearing removable entities
10:11:19.523 [FXGL Background Thread 1 ] DEBUG GameWorld            - Setting level: com.almasb.fxgl.entity.level.Level@1e330a83
10:11:19.558 [FXGL Background Thread 1 ] DEBUG FXGLAssetLoaderServi - Loading from file system: file:/C:/Users/aless/OneDrive/Documentos/GitHub/RPGemturnosG1/Jogo/target/classes/assets/textures/dev_player.png
10:11:19.652 [FXGL Background Thread 1 ] WARN  GameWorld            - Entity is already attached to world
10:11:19.652 [FXGL Background Thread 1 ] WARN  GameWorld            - Entity is already attached to world
10:11:19.656 [FXGL Background Thread 1 ] DEBUG FXGLAssetLoaderServi - Loading from file system: file:/C:/Users/aless/OneDrive/Documentos/GitHub/RPGemturnosG1/Jogo/target/classes/assets/textures/male_hurt.png
10:11:19.661 [FXGL Background Thread 1 ] WARN  GameWorld            - Entity is already attached to world
10:11:19.663 [FXGL Background Thread 1 ] INFO  FXGLApplication      - Game initialization took: 0,450 sec
10:11:19.691 [JavaFX Application Thread] DEBUG FXGLApplication      - Registering font factories with UI factory
10:11:19.697 [JavaFX Application Thread] DEBUG Input                - Clearing active input actions
10:11:19.712 [JavaFX Application Thread] DEBUG GameApplicationServi - Removing overlay from FXGLLoadingScene and adding to GameScene
10:11:19.721 [JavaFX Application Thread] DEBUG PrimaryStageWindow   - FXGLLoadingScene -> GameScene
10:11:22.083 [FXGL Background Thread 3 ] DEBUG Engine               - Logging environment variables
10:11:22.085 [FXGL Background Thread 3 ] DEBUG Engine               - achievements: []
10:11:22.086 [FXGL Background Thread 3 ] DEBUG Engine               - actualHeight: 720.0
10:11:22.086 [FXGL Background Thread 3 ] DEBUG Engine               - actualHeightProperty: ReadOnlyDoubleProperty [value: 720.0]
10:11:22.087 [FXGL Background Thread 3 ] DEBUG Engine               - actualWidth: 1280.0
10:11:22.087 [FXGL Background Thread 3 ] DEBUG Engine               - actualWidthProperty: ReadOnlyDoubleProperty [value: 1280.0]
10:11:22.087 [FXGL Background Thread 3 ] DEBUG Engine               - appIcon: fxgl_icon.png
10:11:22.088 [FXGL Background Thread 3 ] DEBUG Engine               - applicationMode: DEVELOPER
10:11:22.088 [FXGL Background Thread 3 ] DEBUG Engine               - cSSList: [fxgl_dark.css]
10:11:22.088 [FXGL Background Thread 3 ] DEBUG Engine               - collisionDetectionStrategy: BRUTE_FORCE
10:11:22.088 [FXGL Background Thread 3 ] DEBUG Engine               - configClass: Optional.empty
10:11:22.089 [FXGL Background Thread 3 ] DEBUG Engine               - credits: []
10:11:22.090 [FXGL Background Thread 3 ] DEBUG Engine               - defaultCursor: CursorInfo(imageName=fxgl_default_cursor.png, hotspotX=7.0, hotspotY=6.0)
10:11:22.092 [FXGL Background Thread 3 ] DEBUG Engine               - devBBoxColorProperty: ObjectProperty [value: 0xff0000ff]
10:11:22.093 [FXGL Background Thread 3 ] DEBUG Engine               - devEnableDebugCameraProperty: BooleanProperty [value: false]
10:11:22.093 [FXGL Background Thread 3 ] DEBUG Engine               - devSensorColorProperty: ObjectProperty [value: 0xffff00ff]
10:11:22.094 [FXGL Background Thread 3 ] DEBUG Engine               - devShowBBoxProperty: BooleanProperty [value: false]
10:11:22.094 [FXGL Background Thread 3 ] DEBUG Engine               - devShowPositionProperty: BooleanProperty [value: false]
10:11:22.095 [FXGL Background Thread 3 ] DEBUG Engine               - enabledMenuItems: []
10:11:22.095 [FXGL Background Thread 3 ] DEBUG Engine               - engineServices: [class com.almasb.fxgl.app.services.FXGLAssetLoaderService, class com.almasb.fxgl.app.FXGLApplication$GameApplicationService, class com.almasb.fxgl.app.services.FXGLDialogService, class com.almasb.fxgl.app.services.IOTaskExecutorService, class com.almasb.fxgl.io.FileSystemService, class com.almasb.fxgl.localization.LocalizationService, class com.almasb.fxgl.app.services.SystemBundleService, class com.almasb.fxgl.profile.SaveLoadService, class com.almasb.fxgl.ui.FXGLUIFactoryServiceProvider, class com.almasb.fxgl.ui.FXGLDialogFactoryServiceProvider, class com.almasb.fxgl.audio.AudioPlayer, class com.almasb.fxgl.notification.impl.NotificationServiceProvider, class com.almasb.fxgl.achievement.AchievementService, class com.almasb.fxgl.cutscene.CutsceneService, class com.almasb.fxgl.minigames.MiniGameService, class com.almasb.fxgl.net.NetService, class com.almasb.fxgl.app.services.UpdaterService, class com.almasb.fxgl.dev.DevService]
10:11:22.095 [FXGL Background Thread 3 ] DEBUG Engine               - fontGame: Abel-Regular.ttf
10:11:22.096 [FXGL Background Thread 3 ] DEBUG Engine               - fontMono: TerminalLandMono-Regular.otf
10:11:22.096 [FXGL Background Thread 3 ] DEBUG Engine               - fontSizeScaleUI: 1.0
10:11:22.096 [FXGL Background Thread 3 ] DEBUG Engine               - fontText: Courier-Prime.ttf
10:11:22.096 [FXGL Background Thread 3 ] DEBUG Engine               - fontUI: VarelaRound-Regular.ttf
10:11:22.097 [FXGL Background Thread 3 ] DEBUG Engine               - fullScreen: BooleanProperty [value: false]
10:11:22.097 [FXGL Background Thread 3 ] DEBUG Engine               - gameDifficulty: MEDIUM
10:11:22.097 [FXGL Background Thread 3 ] DEBUG Engine               - gameDifficultyProperty: ObjectProperty [value: MEDIUM]
10:11:22.098 [FXGL Background Thread 3 ] DEBUG Engine               - globalMusicVolume: 0.5
10:11:22.098 [FXGL Background Thread 3 ] DEBUG Engine               - globalMusicVolumeProperty: DoubleProperty [value: 0.5]
10:11:22.099 [FXGL Background Thread 3 ] DEBUG Engine               - globalSoundVolume: 0.5
10:11:22.099 [FXGL Background Thread 3 ] DEBUG Engine               - globalSoundVolumeProperty: DoubleProperty [value: 0.5]
10:11:22.100 [FXGL Background Thread 3 ] DEBUG Engine               - height: 720
10:11:22.100 [FXGL Background Thread 3 ] DEBUG Engine               - is3D: false
10:11:22.100 [FXGL Background Thread 3 ] DEBUG Engine               - isAndroid: false
10:11:22.101 [FXGL Background Thread 3 ] DEBUG Engine               - isBrowser: false
10:11:22.101 [FXGL Background Thread 3 ] DEBUG Engine               - isClickFeedbackEnabled: false
10:11:22.101 [FXGL Background Thread 3 ] DEBUG Engine               - isCloseConfirmation: false
10:11:22.101 [FXGL Background Thread 3 ] DEBUG Engine               - isDesktop: true
10:11:22.102 [FXGL Background Thread 3 ] DEBUG Engine               - isDeveloperMenuEnabled: true
10:11:22.102 [FXGL Background Thread 3 ] DEBUG Engine               - isEmbedded: false
10:11:22.102 [FXGL Background Thread 3 ] DEBUG Engine               - isEntityPreloadEnabled: true
10:11:22.102 [FXGL Background Thread 3 ] DEBUG Engine               - isExperimentalTiledLargeMap: false
10:11:22.103 [FXGL Background Thread 3 ] DEBUG Engine               - isFileSystemWriteAllowed: true
10:11:22.103 [FXGL Background Thread 3 ] DEBUG Engine               - isFullScreenAllowed: true
10:11:22.104 [FXGL Background Thread 3 ] DEBUG Engine               - isFullScreenFromStart: false
10:11:22.104 [FXGL Background Thread 3 ] DEBUG Engine               - isGameMenuEnabled: true
10:11:22.104 [FXGL Background Thread 3 ] DEBUG Engine               - isIOS: false
10:11:22.106 [FXGL Background Thread 3 ] DEBUG Engine               - isIntroEnabled: false
10:11:22.106 [FXGL Background Thread 3 ] DEBUG Engine               - isLinux: false
10:11:22.107 [FXGL Background Thread 3 ] DEBUG Engine               - isMac: false
10:11:22.107 [FXGL Background Thread 3 ] DEBUG Engine               - isMainMenuEnabled: false
10:11:22.107 [FXGL Background Thread 3 ] DEBUG Engine               - isManualResizeEnabled: false
10:11:22.107 [FXGL Background Thread 3 ] DEBUG Engine               - isMobile: false
10:11:22.107 [FXGL Background Thread 3 ] DEBUG Engine               - isNative: false
10:11:22.107 [FXGL Background Thread 3 ] DEBUG Engine               - isPauseMusicWhenMinimized: true
10:11:22.108 [FXGL Background Thread 3 ] DEBUG Engine               - isPreserveResizeRatio: false
10:11:22.109 [FXGL Background Thread 3 ] DEBUG Engine               - isProfilingEnabled: false
10:11:22.109 [FXGL Background Thread 3 ] DEBUG Engine               - isScaleAffectedOnResize: true
10:11:22.109 [FXGL Background Thread 3 ] DEBUG Engine               - isSingleStep: false
10:11:22.109 [FXGL Background Thread 3 ] DEBUG Engine               - isUserProfileEnabled: false
10:11:22.109 [FXGL Background Thread 3 ] DEBUG Engine               - isWindows: true
10:11:22.109 [FXGL Background Thread 3 ] DEBUG Engine               - language: ObjectProperty [value: ENGLISH]
10:11:22.109 [FXGL Background Thread 3 ] DEBUG Engine               - menuKey: ESCAPE
10:11:22.110 [FXGL Background Thread 3 ] DEBUG Engine               - mouseSensitivity: 0.2
10:11:22.110 [FXGL Background Thread 3 ] DEBUG Engine               - notificationViewClass: class com.almasb.fxgl.notification.view.XboxNotificationView
10:11:22.110 [FXGL Background Thread 3 ] DEBUG Engine               - pixelsPerMeter: 50.0
10:11:22.110 [FXGL Background Thread 3 ] DEBUG Engine               - platform: WINDOWS
10:11:22.110 [FXGL Background Thread 3 ] DEBUG Engine               - prefHeightProperty: ReadOnlyDoubleProperty [value: 720.0]
10:11:22.110 [FXGL Background Thread 3 ] DEBUG Engine               - prefWidthProperty: ReadOnlyDoubleProperty [value: 1280.0]
10:11:22.110 [FXGL Background Thread 3 ] DEBUG Engine               - profileDir: profiles/
10:11:22.110 [FXGL Background Thread 3 ] DEBUG Engine               - profileName: StringProperty [value: DEFAULT]
10:11:22.110 [FXGL Background Thread 3 ] DEBUG Engine               - randomSeed: -1
10:11:22.111 [FXGL Background Thread 3 ] DEBUG Engine               - runtimeInfo: RuntimeInfo(platform=WINDOWS, version=17.3, build=30.03.2023 11.49)
10:11:22.111 [FXGL Background Thread 3 ] DEBUG Engine               - saveFileExt: sav
10:11:22.111 [FXGL Background Thread 3 ] DEBUG Engine               - scaledHeightProp$fxgl: DoubleProperty [bound, value: 720.0]
10:11:22.111 [FXGL Background Thread 3 ] DEBUG Engine               - scaledWidthProp$fxgl: DoubleProperty [bound, value: 1280.0]
10:11:22.111 [FXGL Background Thread 3 ] DEBUG Engine               - sceneFactory: com.almasb.fxgl.app.scene.SceneFactory@166f3d97
10:11:22.111 [FXGL Background Thread 3 ] DEBUG Engine               - secondsIn24h: 60
10:11:22.111 [FXGL Background Thread 3 ] DEBUG Engine               - soundMenuBack: menu/back.wav
10:11:22.112 [FXGL Background Thread 3 ] DEBUG Engine               - soundMenuPress: menu/press.wav
10:11:22.112 [FXGL Background Thread 3 ] DEBUG Engine               - soundMenuSelect: menu/select.wav
10:11:22.112 [FXGL Background Thread 3 ] DEBUG Engine               - soundNotification: core/notification.wav
10:11:22.112 [FXGL Background Thread 3 ] DEBUG Engine               - stageStyle: DECORATED
10:11:22.112 [FXGL Background Thread 3 ] DEBUG Engine               - supportedLanguages: [ENGLISH, FRENCH, GERMAN, HUNGARIAN, RUSSIAN]
10:11:22.112 [FXGL Background Thread 3 ] DEBUG Engine               - ticksPerSecond: -1
10:11:22.112 [FXGL Background Thread 3 ] DEBUG Engine               - title: Silenciados
10:11:22.113 [FXGL Background Thread 3 ] DEBUG Engine               - urlGithub: https://github.com/AlmasB/FXGL
10:11:22.113 [FXGL Background Thread 3 ] DEBUG Engine               - urlLeaderboard: http://fxgl-top.herokuapp.com/
10:11:22.113 [FXGL Background Thread 3 ] DEBUG Engine               - urlPOM: https://raw.githubusercontent.com/AlmasB/FXGL/release/README.md
10:11:22.113 [FXGL Background Thread 3 ] DEBUG Engine               - userAppClass: class Interface.SilenciadosApp
10:11:22.113 [FXGL Background Thread 3 ] DEBUG Engine               - version: 0.1
10:11:22.113 [FXGL Background Thread 3 ] DEBUG Engine               - versionCheckDays: 7
10:11:22.113 [FXGL Background Thread 3 ] DEBUG Engine               - width: 1280
10:11:22.113 [FXGL Background Thread 3 ] DEBUG Engine               - Logging services
10:11:22.113 [FXGL Background Thread 3 ] DEBUG Engine               - class com.almasb.fxgl.app.services.FXGLAssetLoaderService
10:11:22.113 [FXGL Background Thread 3 ] DEBUG Engine               - class com.almasb.fxgl.app.FXGLApplication$GameApplicationService
10:11:22.113 [FXGL Background Thread 3 ] DEBUG Engine               - class com.almasb.fxgl.app.services.FXGLDialogService
10:11:22.114 [FXGL Background Thread 3 ] DEBUG Engine               - class com.almasb.fxgl.app.services.IOTaskExecutorService
10:11:22.114 [FXGL Background Thread 3 ] DEBUG Engine               - class com.almasb.fxgl.io.FileSystemService
10:11:22.114 [FXGL Background Thread 3 ] DEBUG Engine               - class com.almasb.fxgl.localization.LocalizationService
10:11:22.114 [FXGL Background Thread 3 ] DEBUG Engine               - class com.almasb.fxgl.app.services.SystemBundleService
10:11:22.114 [FXGL Background Thread 3 ] DEBUG Engine               - class com.almasb.fxgl.profile.SaveLoadService
10:11:22.114 [FXGL Background Thread 3 ] DEBUG Engine               - class com.almasb.fxgl.ui.FXGLUIFactoryServiceProvider
10:11:22.114 [FXGL Background Thread 3 ] DEBUG Engine               - class com.almasb.fxgl.ui.FXGLDialogFactoryServiceProvider
10:11:22.114 [FXGL Background Thread 3 ] DEBUG Engine               - class com.almasb.fxgl.audio.AudioPlayer
10:11:22.114 [FXGL Background Thread 3 ] DEBUG Engine               - class com.almasb.fxgl.notification.impl.NotificationServiceProvider
10:11:22.114 [FXGL Background Thread 3 ] DEBUG Engine               - class com.almasb.fxgl.achievement.AchievementService
10:11:22.114 [FXGL Background Thread 3 ] DEBUG Engine               - class com.almasb.fxgl.cutscene.CutsceneService
10:11:22.114 [FXGL Background Thread 3 ] DEBUG Engine               - class com.almasb.fxgl.minigames.MiniGameService
10:11:22.114 [FXGL Background Thread 3 ] DEBUG Engine               - class com.almasb.fxgl.net.NetService
10:11:22.114 [FXGL Background Thread 3 ] DEBUG Engine               - class com.almasb.fxgl.app.services.UpdaterService
10:11:22.115 [FXGL Background Thread 3 ] DEBUG Engine               - class com.almasb.fxgl.dev.DevService
10:11:34.030 [JavaFX Application Thread] DEBUG FXGLApplication      - Exiting FXGL
10:11:34.030 [JavaFX Application Thread] DEBUG LoopRunner           - Stopping loop
10:11:34.032 [JavaFX Application Thread] DEBUG SystemBundleService  - Saving FXGL system data
10:11:34.037 [JavaFX Application Thread] DEBUG FileSystemAccess     - Writing to: C:\Users\aless\OneDrive\Documentos\GitHub\RPGemturnosG1\Jogo\system\fxgl.bundle
10:11:34.039 [JavaFX Application Thread] DEBUG Async                - Shutting down background threads
10:11:34.040 [JavaFX Application Thread] DEBUG PrimaryStageWindow   - Closing main window
10:11:34.055 [JavaFX Application Thread] DEBUG Logger               - Closing Logger
