18:15:25.187 [main                     ] DEBUG Logger               - Configured Logger
18:15:25.216 [main                     ] DEBUG GameApplication      - Logging settings
Title: Silenciados
Version: 0.1
Width: 1280
Height: 720
Fullscreen: true
Intro: false
Profiling: false
Single step:false
App Mode: DEVELOPER
Menu Key: ESCAPE
Stage Style: DECORATED
Scene Factory: class com.almasb.fxgl.app.scene.SceneFactory

18:15:25.676 [JavaFX Application Thread] DEBUG FXGLApplication      - Initializing FXGL
18:15:25.682 [JavaFX Application Thread] INFO  Engine               - FXGL-17.3 (30.03.2023 11.49) on WINDOWS (J:21.0.1 FX:20)
18:15:25.682 [JavaFX Application Thread] DEBUG Engine               - JRE Vendor Name: Oracle Corporation
18:15:25.683 [JavaFX Application Thread] DEBUG Engine               - Running on OS: Windows 11 version 10.0
18:15:25.683 [JavaFX Application Thread] DEBUG Engine               - Architecture: amd64
18:15:25.683 [JavaFX Application Thread] INFO  Engine               - Source code and latest versions at: https://github.com/AlmasB/FXGL
18:15:25.683 [JavaFX Application Thread] INFO  Engine               -       Ask questions and discuss at: https://github.com/AlmasB/FXGL/discussions
18:15:25.683 [JavaFX Application Thread] INFO  Engine               -              Join the FXGL chat at: https://gitter.im/AlmasB/FXGL
18:15:25.806 [JavaFX Application Thread] DEBUG PrimaryStageWindow   - Creating a JavaFX scene
18:15:25.860 [JavaFX Application Thread] DEBUG PrimaryStageWindow   - Target settings size: 1280.0 x 720.0
18:15:25.860 [JavaFX Application Thread] DEBUG PrimaryStageWindow   - Scaled scene size:    1280.0 x 720.0
18:15:25.860 [JavaFX Application Thread] DEBUG PrimaryStageWindow   - Scaled ratio: (1.0, 1.0)
18:15:25.861 [JavaFX Application Thread] DEBUG PrimaryStageWindow   - Set initial scene to FXGLStartupScene
18:15:25.866 [JavaFX Application Thread] DEBUG PrimaryStageWindow   - Opening main window
18:15:25.994 [JavaFX Application Thread] DEBUG PrimaryStageWindow   - Window border size: (14.4000244140625, 37.5999755859375)
18:15:25.994 [JavaFX Application Thread] DEBUG PrimaryStageWindow   - Scaled size: 1280.0 x 720.0
18:15:25.994 [JavaFX Application Thread] DEBUG PrimaryStageWindow   - Scaled ratio: (1.0, 1.0)
18:15:25.994 [JavaFX Application Thread] DEBUG PrimaryStageWindow   - Scene size: 1280.0 x 720.0
18:15:25.996 [JavaFX Application Thread] DEBUG PrimaryStageWindow   - Stage size: 1294.4000244140625 x 757.5999755859375
18:15:26.004 [FXGL Background Thread 1 ] DEBUG Engine               - Initializing environment variables
18:15:26.070 [FXGL Background Thread 1 ] DEBUG FXGLAssetLoaderServi - User app class for loading assets: class Interface.SilenciadosApp
18:15:26.070 [FXGL Background Thread 1 ] DEBUG GameApplicationServi - Applying CSS: fxgl_dark.css
18:15:26.071 [FXGL Background Thread 1 ] DEBUG FXGLAssetLoaderServi - Loading from file system: jar:file:///C:/Users/thiag/.m2/repository/com/github/almasb/fxgl/17.3/fxgl-17.3.jar!/fxglassets/ui/css/fxgl_dark.css
18:15:26.124 [FXGL Background Thread 1 ] DEBUG GameApplicationServi - Initializing application scenes
18:15:26.161 [FXGL Background Thread 1 ] DEBUG GameWorld            - Game world initialized
18:15:26.242 [FXGL Background Thread 1 ] DEBUG PhysicsWorld         - Physics world initialized: appHeight=720, physics.ppm=50,0
18:15:26.242 [FXGL Background Thread 1 ] DEBUG PhysicsWorld         - Using strategy: BRUTE_FORCE
18:15:26.248 [FXGL Background Thread 1 ] DEBUG GameScene            - Game scene initialized: 1280x720
18:15:26.263 [FXGL Background Thread 1 ] DEBUG FXGL.DefaultMenu     - createMenuBodyGameMenu()
18:15:26.279 [FXGL Background Thread 1 ] DEBUG FXGL.DefaultMenu     - createOptionsMenu()
18:15:26.291 [FXGL Background Thread 1 ] DEBUG FXGLAssetLoaderServi - Loading from file system: jar:file:///C:/Users/thiag/.m2/repository/com/github/almasb/fxgl/17.3/fxgl-17.3.jar!/fxglassets/textures/particles/smoke.png
18:15:26.409 [FXGL Background Thread 1 ] DEBUG FXGLAssetLoaderServi - Loading from file system: jar:file:///C:/Users/thiag/.m2/repository/com/github/almasb/fxgl/17.3/fxgl-17.3.jar!/fxglassets/textures/particles/trace_horizontal.png
18:15:26.451 [FXGL Background Thread 1 ] DEBUG GameApplicationServi - Application scenes initialized
18:15:26.466 [FXGL Background Thread 1 ] DEBUG SystemBundleService  - Loading FXGL system data
18:15:26.471 [FXGL Background Thread 1 ] DEBUG FileSystemAccess     - Reading from: C:\Users\thiag\OneDrive\Documentos\GitHub\RPGemturnosG1\Jogo\system\fxgl.bundle
18:15:26.482 [FXGL Background Thread 1 ] DEBUG SystemBundleService  - Bundle FXGL: {}
18:15:26.482 [FXGL Background Thread 1 ] DEBUG UpdaterService       - Checking for updates
18:15:26.512 [FXGL Background Thread 4 ] DEBUG FXGLApplication      - Loading fonts
18:15:26.513 [FXGL Background Thread 4 ] DEBUG FXGLAssetLoaderServi - Loading from file system: jar:file:///C:/Users/thiag/.m2/repository/com/github/almasb/fxgl/17.3/fxgl-17.3.jar!/fxglassets/ui/fonts/VarelaRound-Regular.ttf
18:15:26.513 [FXGL Background Thread 1 ] DEBUG FXGLApplication      - Loading default localization
18:15:26.514 [FXGL Background Thread 1 ] DEBUG FXGLAssetLoaderServi - Loading from file system: jar:file:///C:/Users/thiag/.m2/repository/com/github/almasb/fxgl/17.3/fxgl-17.3.jar!/fxglassets/languages/english.lang
18:15:26.532 [FXGL Background Thread 1 ] INFO  FXGLApplication      - FXGL initialization took: 0,528 sec
18:15:26.546 [JavaFX Application Thread] DEBUG Input                - Registered new binding: Move Right - D
18:15:26.546 [JavaFX Application Thread] DEBUG Input                - Registered new binding: Move Left - A
18:15:26.547 [JavaFX Application Thread] DEBUG Input                - Registered new binding: Move Up - W
18:15:26.547 [JavaFX Application Thread] DEBUG Input                - Registered new binding: Move Down - S
18:15:26.547 [JavaFX Application Thread] DEBUG FXGLAssetLoaderServi - Loading from file system: jar:file:///C:/Users/thiag/.m2/repository/com/github/almasb/fxgl/17.3/fxgl-17.3.jar!/fxglassets/textures/fxgl_icon.png
18:15:26.551 [FXGL Background Thread 4 ] DEBUG FXGLAssetLoaderServi - Loading from file system: jar:file:///C:/Users/thiag/.m2/repository/com/github/almasb/fxgl/17.3/fxgl-17.3.jar!/fxglassets/ui/fonts/Abel-Regular.ttf
18:15:26.555 [FXGL Background Thread 4 ] DEBUG FXGLAssetLoaderServi - Loading from file system: jar:file:///C:/Users/thiag/.m2/repository/com/github/almasb/fxgl/17.3/fxgl-17.3.jar!/fxglassets/ui/fonts/TerminalLandMono-Regular.otf
18:15:26.560 [FXGL Background Thread 4 ] DEBUG FXGLAssetLoaderServi - Loading from file system: jar:file:///C:/Users/thiag/.m2/repository/com/github/almasb/fxgl/17.3/fxgl-17.3.jar!/fxglassets/ui/fonts/Courier-Prime.ttf
18:15:26.578 [JavaFX Application Thread] DEBUG FXGLAssetLoaderServi - Loading from file system: jar:file:///C:/Users/thiag/.m2/repository/com/github/almasb/fxgl/17.3/fxgl-17.3.jar!/fxglassets/textures/fxgl_default_cursor.png
18:15:26.582 [JavaFX Application Thread] DEBUG Input                - Registered new binding: Screenshot - CTRL+8
18:15:26.582 [JavaFX Application Thread] DEBUG Input                - Registered new binding: Dev Options - 1
18:15:26.582 [JavaFX Application Thread] DEBUG Input                - Registered new binding: Dev Console - 2
18:15:26.583 [JavaFX Application Thread] DEBUG Input                - Registered new binding: System info dump - CTRL+9
18:15:26.583 [JavaFX Application Thread] DEBUG Input                - Registered new binding: Restart - CTRL+R
18:15:26.584 [JavaFX Application Thread] DEBUG Input                - Registered new binding: Toggle Debug Camera - CTRL+7
18:15:26.587 [JavaFX Application Thread] DEBUG LoopRunner           - Starting loop
18:15:26.603 [JavaFX Application Thread] DEBUG LoopRunner           - Initializing JavaFX AnimationTimerLoop
18:15:26.604 [JavaFX Application Thread] DEBUG GameApplicationServi - Starting new game
18:15:26.605 [JavaFX Application Thread] DEBUG Input                - Clearing active input actions
18:15:26.618 [JavaFX Application Thread] DEBUG GameApplicationServi - Removing overlay from FXGLStartupScene and adding to FXGLLoadingScene
18:15:26.621 [JavaFX Application Thread] DEBUG PrimaryStageWindow   - FXGLStartupScene -> FXGLLoadingScene
18:15:26.622 [JavaFX Application Thread] DEBUG GameApplicationServi - Clearing previous game
18:15:26.622 [JavaFX Application Thread] DEBUG GameScene            - Clearing game scene
18:15:26.622 [JavaFX Application Thread] DEBUG GameWorld            - Clearing game world
18:15:26.622 [JavaFX Application Thread] DEBUG PhysicsWorld         - Clearing physics world
18:15:26.625 [JavaFX Application Thread] DEBUG FXGLApplication      - Registering font factories with UI factory
18:15:26.625 [FXGL Background Thread 4 ] DEBUG FXGLApplication      - Initializing game
18:15:26.686 [FXGL Background Thread 4 ] WARN  TMXLevelLoader       - TiledMap generated from 1.10.2. Supported version: 1.9.0. Some features may not be parsed fully.
18:15:26.713 [FXGL Background Thread 4 ] DEBUG TMXLevelLoader       - Parsed TiledMap: file:/C:/Users/thiag/OneDrive/Documentos/GitHub/RPGemturnosG1/Jogo/target/classes/assets/levels/Mansao.tmx
18:15:26.714 [FXGL Background Thread 4 ] DEBUG TMXLevelLoader       - Creating tile layer entities
18:15:26.717 [FXGL Background Thread 4 ] DEBUG TilesetLoader        - Loading view for layer Chão
18:15:26.720 [FXGL Background Thread 4 ] DEBUG TilesetLoader        - Created buffer with size 1280.0x768.0
18:15:26.735 [FXGL Background Thread 4 ] DEBUG TilesetLoader        - Loading view for layer ChãoGraminhas
18:15:26.738 [FXGL Background Thread 4 ] DEBUG TilesetLoader        - Created buffer with size 1280.0x768.0
18:15:26.750 [FXGL Background Thread 4 ] DEBUG TilesetLoader        - Loading view for layer Árvores
18:15:26.753 [FXGL Background Thread 4 ] DEBUG TilesetLoader        - Created buffer with size 1280.0x768.0
18:15:26.768 [FXGL Background Thread 4 ] DEBUG TilesetLoader        - Loading view for layer arvore
18:15:26.771 [FXGL Background Thread 4 ] DEBUG TilesetLoader        - Created buffer with size 1280.0x768.0
18:15:26.773 [FXGL Background Thread 4 ] DEBUG TilesetLoader        - Loading view for layer Mansao
18:15:26.776 [FXGL Background Thread 4 ] DEBUG TilesetLoader        - Created buffer with size 1280.0x768.0
18:15:26.780 [FXGL Background Thread 4 ] DEBUG TilesetLoader        - Loading view for layer ARVORE2.0
18:15:26.784 [FXGL Background Thread 4 ] DEBUG TilesetLoader        - Created buffer with size 1280.0x768.0
18:15:26.785 [FXGL Background Thread 4 ] DEBUG TMXLevelLoader       - Creating object layer entities
18:15:26.828 [FXGL Background Thread 4 ] DEBUG GameWorld            - Clearing removable entities
18:15:26.829 [FXGL Background Thread 4 ] DEBUG GameWorld            - Setting level: com.almasb.fxgl.entity.level.Level@19c1c61b
18:15:26.840 [FXGL Background Thread 4 ] DEBUG FXGLAssetLoaderServi - Loading from file system: file:/C:/Users/thiag/OneDrive/Documentos/GitHub/RPGemturnosG1/Jogo/target/classes/assets/textures/dev_player.png
18:15:26.882 [FXGL Background Thread 4 ] WARN  GameWorld            - Entity is already attached to world
18:15:26.882 [FXGL Background Thread 4 ] WARN  GameWorld            - Entity is already attached to world
18:15:26.884 [FXGL Background Thread 4 ] DEBUG FXGLAssetLoaderServi - Loading from file system: file:/C:/Users/thiag/OneDrive/Documentos/GitHub/RPGemturnosG1/Jogo/target/classes/assets/textures/male_hurt.png
18:15:26.887 [FXGL Background Thread 4 ] WARN  GameWorld            - Entity is already attached to world
18:15:26.888 [FXGL Background Thread 4 ] INFO  FXGLApplication      - Game initialization took: 0,263 sec
18:15:26.910 [JavaFX Application Thread] DEBUG Input                - Clearing active input actions
18:15:26.923 [JavaFX Application Thread] DEBUG GameApplicationServi - Removing overlay from FXGLLoadingScene and adding to GameScene
18:15:26.929 [JavaFX Application Thread] DEBUG PrimaryStageWindow   - FXGLLoadingScene -> GameScene
18:15:28.707 [JavaFX Application Thread] WARN  TMXLevelLoader       - TiledMap generated from 1.10.2. Supported version: 1.9.0. Some features may not be parsed fully.
18:15:28.715 [JavaFX Application Thread] DEBUG TMXLevelLoader       - Parsed TiledMap: file:/C:/Users/thiag/OneDrive/Documentos/GitHub/RPGemturnosG1/Jogo/target/classes/assets/levels/Castelo2.tmx
18:15:28.715 [JavaFX Application Thread] DEBUG TMXLevelLoader       - Creating tile layer entities
18:15:28.716 [JavaFX Application Thread] DEBUG TilesetLoader        - Loading view for layer Base
18:15:28.717 [JavaFX Application Thread] DEBUG TilesetLoader        - Created buffer with size 1280.0x768.0
18:15:28.729 [JavaFX Application Thread] DEBUG TilesetLoader        - Loading view for layer Camada de Blocos 2
18:15:28.733 [JavaFX Application Thread] DEBUG TilesetLoader        - Created buffer with size 1280.0x768.0
18:15:28.734 [JavaFX Application Thread] DEBUG TilesetLoader        - Loading view for layer Camada de Blocos 3
18:15:28.737 [JavaFX Application Thread] DEBUG TilesetLoader        - Created buffer with size 1280.0x768.0
18:15:28.739 [JavaFX Application Thread] DEBUG TilesetLoader        - Loading view for layer Camada de Blocos 4
18:15:28.741 [JavaFX Application Thread] DEBUG TilesetLoader        - Created buffer with size 1280.0x768.0
18:15:28.742 [JavaFX Application Thread] DEBUG TMXLevelLoader       - Creating object layer entities
18:15:28.746 [JavaFX Application Thread] DEBUG GameWorld            - Clearing removable entities
18:15:28.752 [JavaFX Application Thread] DEBUG GameWorld            - Setting level: com.almasb.fxgl.entity.level.Level@493f2093
18:15:28.755 [JavaFX Application Thread] WARN  GameWorld            - Entity is already attached to world
18:15:28.755 [JavaFX Application Thread] WARN  GameWorld            - Entity is already attached to world
18:15:28.971 [JavaFX Application Thread] WARN  TMXLevelLoader       - TiledMap generated from 1.10.2. Supported version: 1.9.0. Some features may not be parsed fully.
18:15:28.979 [JavaFX Application Thread] DEBUG TMXLevelLoader       - Parsed TiledMap: file:/C:/Users/thiag/OneDrive/Documentos/GitHub/RPGemturnosG1/Jogo/target/classes/assets/levels/Mansao.tmx
18:15:28.979 [JavaFX Application Thread] DEBUG TMXLevelLoader       - Creating tile layer entities
18:15:28.979 [JavaFX Application Thread] DEBUG TilesetLoader        - Loading view for layer Chão
18:15:28.982 [JavaFX Application Thread] DEBUG TilesetLoader        - Created buffer with size 1280.0x768.0
18:15:28.987 [JavaFX Application Thread] DEBUG TilesetLoader        - Loading view for layer ChãoGraminhas
18:15:28.990 [JavaFX Application Thread] DEBUG TilesetLoader        - Created buffer with size 1280.0x768.0
18:15:28.993 [JavaFX Application Thread] DEBUG TilesetLoader        - Loading view for layer Árvores
18:15:28.995 [JavaFX Application Thread] DEBUG TilesetLoader        - Created buffer with size 1280.0x768.0
18:15:29.003 [JavaFX Application Thread] DEBUG TilesetLoader        - Loading view for layer arvore
18:15:29.006 [JavaFX Application Thread] DEBUG TilesetLoader        - Created buffer with size 1280.0x768.0
18:15:29.007 [JavaFX Application Thread] DEBUG TilesetLoader        - Loading view for layer Mansao
18:15:29.009 [JavaFX Application Thread] DEBUG TilesetLoader        - Created buffer with size 1280.0x768.0
18:15:29.012 [JavaFX Application Thread] DEBUG TilesetLoader        - Loading view for layer ARVORE2.0
18:15:29.015 [JavaFX Application Thread] DEBUG TilesetLoader        - Created buffer with size 1280.0x768.0
18:15:29.017 [JavaFX Application Thread] DEBUG TMXLevelLoader       - Creating object layer entities
18:15:29.025 [JavaFX Application Thread] DEBUG GameWorld            - Clearing removable entities
18:15:29.028 [JavaFX Application Thread] DEBUG GameWorld            - Setting level: com.almasb.fxgl.entity.level.Level@260c112
18:15:29.033 [JavaFX Application Thread] WARN  GameWorld            - Entity is already attached to world
18:15:29.033 [JavaFX Application Thread] WARN  GameWorld            - Entity is already attached to world
18:15:29.510 [FXGL Background Thread 3 ] DEBUG Engine               - Logging environment variables
18:15:29.511 [FXGL Background Thread 3 ] DEBUG Engine               - achievements: []
18:15:29.511 [FXGL Background Thread 3 ] DEBUG Engine               - actualHeight: 720.0
18:15:29.511 [FXGL Background Thread 3 ] DEBUG Engine               - actualHeightProperty: ReadOnlyDoubleProperty [value: 720.0]
18:15:29.511 [FXGL Background Thread 3 ] DEBUG Engine               - actualWidth: 1280.0
18:15:29.512 [FXGL Background Thread 3 ] DEBUG Engine               - actualWidthProperty: ReadOnlyDoubleProperty [value: 1280.0]
18:15:29.512 [FXGL Background Thread 3 ] DEBUG Engine               - appIcon: fxgl_icon.png
18:15:29.512 [FXGL Background Thread 3 ] DEBUG Engine               - applicationMode: DEVELOPER
18:15:29.512 [FXGL Background Thread 3 ] DEBUG Engine               - cSSList: [fxgl_dark.css]
18:15:29.512 [FXGL Background Thread 3 ] DEBUG Engine               - collisionDetectionStrategy: BRUTE_FORCE
18:15:29.512 [FXGL Background Thread 3 ] DEBUG Engine               - configClass: Optional.empty
18:15:29.512 [FXGL Background Thread 3 ] DEBUG Engine               - credits: []
18:15:29.513 [FXGL Background Thread 3 ] DEBUG Engine               - defaultCursor: CursorInfo(imageName=fxgl_default_cursor.png, hotspotX=7.0, hotspotY=6.0)
18:15:29.513 [FXGL Background Thread 3 ] DEBUG Engine               - devBBoxColorProperty: ObjectProperty [value: 0xff0000ff]
18:15:29.513 [FXGL Background Thread 3 ] DEBUG Engine               - devEnableDebugCameraProperty: BooleanProperty [value: false]
18:15:29.513 [FXGL Background Thread 3 ] DEBUG Engine               - devSensorColorProperty: ObjectProperty [value: 0xffff00ff]
18:15:29.513 [FXGL Background Thread 3 ] DEBUG Engine               - devShowBBoxProperty: BooleanProperty [value: false]
18:15:29.513 [FXGL Background Thread 3 ] DEBUG Engine               - devShowPositionProperty: BooleanProperty [value: false]
18:15:29.513 [FXGL Background Thread 3 ] DEBUG Engine               - enabledMenuItems: []
18:15:29.514 [FXGL Background Thread 3 ] DEBUG Engine               - engineServices: [class com.almasb.fxgl.app.services.FXGLAssetLoaderService, class com.almasb.fxgl.app.FXGLApplication$GameApplicationService, class com.almasb.fxgl.app.services.FXGLDialogService, class com.almasb.fxgl.app.services.IOTaskExecutorService, class com.almasb.fxgl.io.FileSystemService, class com.almasb.fxgl.localization.LocalizationService, class com.almasb.fxgl.app.services.SystemBundleService, class com.almasb.fxgl.profile.SaveLoadService, class com.almasb.fxgl.ui.FXGLUIFactoryServiceProvider, class com.almasb.fxgl.ui.FXGLDialogFactoryServiceProvider, class com.almasb.fxgl.audio.AudioPlayer, class com.almasb.fxgl.notification.impl.NotificationServiceProvider, class com.almasb.fxgl.achievement.AchievementService, class com.almasb.fxgl.cutscene.CutsceneService, class com.almasb.fxgl.minigames.MiniGameService, class com.almasb.fxgl.net.NetService, class com.almasb.fxgl.app.services.UpdaterService, class com.almasb.fxgl.dev.DevService]
18:15:29.514 [FXGL Background Thread 3 ] DEBUG Engine               - fontGame: Abel-Regular.ttf
18:15:29.514 [FXGL Background Thread 3 ] DEBUG Engine               - fontMono: TerminalLandMono-Regular.otf
18:15:29.514 [FXGL Background Thread 3 ] DEBUG Engine               - fontSizeScaleUI: 1.0
18:15:29.514 [FXGL Background Thread 3 ] DEBUG Engine               - fontText: Courier-Prime.ttf
18:15:29.514 [FXGL Background Thread 3 ] DEBUG Engine               - fontUI: VarelaRound-Regular.ttf
18:15:29.514 [FXGL Background Thread 3 ] DEBUG Engine               - fullScreen: BooleanProperty [value: false]
18:15:29.514 [FXGL Background Thread 3 ] DEBUG Engine               - gameDifficulty: MEDIUM
18:15:29.514 [FXGL Background Thread 3 ] DEBUG Engine               - gameDifficultyProperty: ObjectProperty [value: MEDIUM]
18:15:29.514 [FXGL Background Thread 3 ] DEBUG Engine               - globalMusicVolume: 0.5
18:15:29.514 [FXGL Background Thread 3 ] DEBUG Engine               - globalMusicVolumeProperty: DoubleProperty [value: 0.5]
18:15:29.515 [FXGL Background Thread 3 ] DEBUG Engine               - globalSoundVolume: 0.5
18:15:29.515 [FXGL Background Thread 3 ] DEBUG Engine               - globalSoundVolumeProperty: DoubleProperty [value: 0.5]
18:15:29.515 [FXGL Background Thread 3 ] DEBUG Engine               - height: 720
18:15:29.515 [FXGL Background Thread 3 ] DEBUG Engine               - is3D: false
18:15:29.515 [FXGL Background Thread 3 ] DEBUG Engine               - isAndroid: false
18:15:29.515 [FXGL Background Thread 3 ] DEBUG Engine               - isBrowser: false
18:15:29.515 [FXGL Background Thread 3 ] DEBUG Engine               - isClickFeedbackEnabled: false
18:15:29.515 [FXGL Background Thread 3 ] DEBUG Engine               - isCloseConfirmation: false
18:15:29.515 [FXGL Background Thread 3 ] DEBUG Engine               - isDesktop: true
18:15:29.515 [FXGL Background Thread 3 ] DEBUG Engine               - isDeveloperMenuEnabled: true
18:15:29.515 [FXGL Background Thread 3 ] DEBUG Engine               - isEmbedded: false
18:15:29.515 [FXGL Background Thread 3 ] DEBUG Engine               - isEntityPreloadEnabled: true
18:15:29.515 [FXGL Background Thread 3 ] DEBUG Engine               - isExperimentalTiledLargeMap: false
18:15:29.515 [FXGL Background Thread 3 ] DEBUG Engine               - isFileSystemWriteAllowed: true
18:15:29.515 [FXGL Background Thread 3 ] DEBUG Engine               - isFullScreenAllowed: true
18:15:29.515 [FXGL Background Thread 3 ] DEBUG Engine               - isFullScreenFromStart: false
18:15:29.515 [FXGL Background Thread 3 ] DEBUG Engine               - isGameMenuEnabled: true
18:15:29.516 [FXGL Background Thread 3 ] DEBUG Engine               - isIOS: false
18:15:29.516 [FXGL Background Thread 3 ] DEBUG Engine               - isIntroEnabled: false
18:15:29.516 [FXGL Background Thread 3 ] DEBUG Engine               - isLinux: false
18:15:29.516 [FXGL Background Thread 3 ] DEBUG Engine               - isMac: false
18:15:29.516 [FXGL Background Thread 3 ] DEBUG Engine               - isMainMenuEnabled: false
18:15:29.516 [FXGL Background Thread 3 ] DEBUG Engine               - isManualResizeEnabled: false
18:15:29.516 [FXGL Background Thread 3 ] DEBUG Engine               - isMobile: false
18:15:29.516 [FXGL Background Thread 3 ] DEBUG Engine               - isNative: false
18:15:29.516 [FXGL Background Thread 3 ] DEBUG Engine               - isPauseMusicWhenMinimized: true
18:15:29.516 [FXGL Background Thread 3 ] DEBUG Engine               - isPreserveResizeRatio: false
18:15:29.516 [FXGL Background Thread 3 ] DEBUG Engine               - isProfilingEnabled: false
18:15:29.516 [FXGL Background Thread 3 ] DEBUG Engine               - isScaleAffectedOnResize: true
18:15:29.516 [FXGL Background Thread 3 ] DEBUG Engine               - isSingleStep: false
18:15:29.516 [FXGL Background Thread 3 ] DEBUG Engine               - isUserProfileEnabled: false
18:15:29.516 [FXGL Background Thread 3 ] DEBUG Engine               - isWindows: true
18:15:29.516 [FXGL Background Thread 3 ] DEBUG Engine               - language: ObjectProperty [value: ENGLISH]
18:15:29.516 [FXGL Background Thread 3 ] DEBUG Engine               - menuKey: ESCAPE
18:15:29.516 [FXGL Background Thread 3 ] DEBUG Engine               - mouseSensitivity: 0.2
18:15:29.517 [FXGL Background Thread 3 ] DEBUG Engine               - notificationViewClass: class com.almasb.fxgl.notification.view.XboxNotificationView
18:15:29.519 [FXGL Background Thread 3 ] DEBUG Engine               - pixelsPerMeter: 50.0
18:15:29.520 [FXGL Background Thread 3 ] DEBUG Engine               - platform: WINDOWS
18:15:29.520 [FXGL Background Thread 3 ] DEBUG Engine               - prefHeightProperty: ReadOnlyDoubleProperty [value: 720.0]
18:15:29.520 [FXGL Background Thread 3 ] DEBUG Engine               - prefWidthProperty: ReadOnlyDoubleProperty [value: 1280.0]
18:15:29.520 [FXGL Background Thread 3 ] DEBUG Engine               - profileDir: profiles/
18:15:29.520 [FXGL Background Thread 3 ] DEBUG Engine               - profileName: StringProperty [value: DEFAULT]
18:15:29.520 [FXGL Background Thread 3 ] DEBUG Engine               - randomSeed: -1
18:15:29.520 [FXGL Background Thread 3 ] DEBUG Engine               - runtimeInfo: RuntimeInfo(platform=WINDOWS, version=17.3, build=30.03.2023 11.49)
18:15:29.520 [FXGL Background Thread 3 ] DEBUG Engine               - saveFileExt: sav
18:15:29.521 [FXGL Background Thread 3 ] DEBUG Engine               - scaledHeightProp$fxgl: DoubleProperty [bound, value: 720.0]
18:15:29.521 [FXGL Background Thread 3 ] DEBUG Engine               - scaledWidthProp$fxgl: DoubleProperty [bound, value: 1280.0]
18:15:29.521 [FXGL Background Thread 3 ] DEBUG Engine               - sceneFactory: com.almasb.fxgl.app.scene.SceneFactory@7273bcaf
18:15:29.521 [FXGL Background Thread 3 ] DEBUG Engine               - secondsIn24h: 60
18:15:29.521 [FXGL Background Thread 3 ] DEBUG Engine               - soundMenuBack: menu/back.wav
18:15:29.521 [FXGL Background Thread 3 ] DEBUG Engine               - soundMenuPress: menu/press.wav
18:15:29.521 [FXGL Background Thread 3 ] DEBUG Engine               - soundMenuSelect: menu/select.wav
18:15:29.521 [FXGL Background Thread 3 ] DEBUG Engine               - soundNotification: core/notification.wav
18:15:29.521 [FXGL Background Thread 3 ] DEBUG Engine               - stageStyle: DECORATED
18:15:29.521 [FXGL Background Thread 3 ] DEBUG Engine               - supportedLanguages: [ENGLISH, FRENCH, GERMAN, HUNGARIAN, RUSSIAN]
18:15:29.521 [FXGL Background Thread 3 ] DEBUG Engine               - ticksPerSecond: -1
18:15:29.521 [FXGL Background Thread 3 ] DEBUG Engine               - title: Silenciados
18:15:29.521 [FXGL Background Thread 3 ] DEBUG Engine               - urlGithub: https://github.com/AlmasB/FXGL
18:15:29.521 [FXGL Background Thread 3 ] DEBUG Engine               - urlLeaderboard: http://fxgl-top.herokuapp.com/
18:15:29.521 [FXGL Background Thread 3 ] DEBUG Engine               - urlPOM: https://raw.githubusercontent.com/AlmasB/FXGL/release/README.md
18:15:29.521 [FXGL Background Thread 3 ] DEBUG Engine               - userAppClass: class Interface.SilenciadosApp
18:15:29.522 [FXGL Background Thread 3 ] DEBUG Engine               - version: 0.1
18:15:29.522 [FXGL Background Thread 3 ] DEBUG Engine               - versionCheckDays: 7
18:15:29.522 [FXGL Background Thread 3 ] DEBUG Engine               - width: 1280
18:15:29.522 [FXGL Background Thread 3 ] DEBUG Engine               - Logging services
18:15:29.522 [FXGL Background Thread 3 ] DEBUG Engine               - class com.almasb.fxgl.app.services.FXGLAssetLoaderService
18:15:29.522 [FXGL Background Thread 3 ] DEBUG Engine               - class com.almasb.fxgl.app.FXGLApplication$GameApplicationService
18:15:29.522 [FXGL Background Thread 3 ] DEBUG Engine               - class com.almasb.fxgl.app.services.FXGLDialogService
18:15:29.522 [FXGL Background Thread 3 ] DEBUG Engine               - class com.almasb.fxgl.app.services.IOTaskExecutorService
18:15:29.522 [FXGL Background Thread 3 ] DEBUG Engine               - class com.almasb.fxgl.io.FileSystemService
18:15:29.522 [FXGL Background Thread 3 ] DEBUG Engine               - class com.almasb.fxgl.localization.LocalizationService
18:15:29.522 [FXGL Background Thread 3 ] DEBUG Engine               - class com.almasb.fxgl.app.services.SystemBundleService
18:15:29.522 [FXGL Background Thread 3 ] DEBUG Engine               - class com.almasb.fxgl.profile.SaveLoadService
18:15:29.522 [FXGL Background Thread 3 ] DEBUG Engine               - class com.almasb.fxgl.ui.FXGLUIFactoryServiceProvider
18:15:29.522 [FXGL Background Thread 3 ] DEBUG Engine               - class com.almasb.fxgl.ui.FXGLDialogFactoryServiceProvider
18:15:29.522 [FXGL Background Thread 3 ] DEBUG Engine               - class com.almasb.fxgl.audio.AudioPlayer
18:15:29.523 [FXGL Background Thread 3 ] DEBUG Engine               - class com.almasb.fxgl.notification.impl.NotificationServiceProvider
18:15:29.523 [FXGL Background Thread 3 ] DEBUG Engine               - class com.almasb.fxgl.achievement.AchievementService
18:15:29.523 [FXGL Background Thread 3 ] DEBUG Engine               - class com.almasb.fxgl.cutscene.CutsceneService
18:15:29.523 [FXGL Background Thread 3 ] DEBUG Engine               - class com.almasb.fxgl.minigames.MiniGameService
18:15:29.523 [FXGL Background Thread 3 ] DEBUG Engine               - class com.almasb.fxgl.net.NetService
18:15:29.523 [FXGL Background Thread 3 ] DEBUG Engine               - class com.almasb.fxgl.app.services.UpdaterService
18:15:29.523 [FXGL Background Thread 3 ] DEBUG Engine               - class com.almasb.fxgl.dev.DevService
18:15:30.369 [JavaFX Application Thread] WARN  TMXLevelLoader       - TiledMap generated from 1.10.2. Supported version: 1.9.0. Some features may not be parsed fully.
18:15:30.375 [JavaFX Application Thread] DEBUG TMXLevelLoader       - Parsed TiledMap: file:/C:/Users/thiag/OneDrive/Documentos/GitHub/RPGemturnosG1/Jogo/target/classes/assets/levels/Castelo2.tmx
18:15:30.375 [JavaFX Application Thread] DEBUG TMXLevelLoader       - Creating tile layer entities
18:15:30.376 [JavaFX Application Thread] DEBUG TilesetLoader        - Loading view for layer Base
18:15:30.376 [JavaFX Application Thread] DEBUG TilesetLoader        - Created buffer with size 1280.0x768.0
18:15:30.386 [JavaFX Application Thread] DEBUG TilesetLoader        - Loading view for layer Camada de Blocos 2
18:15:30.386 [JavaFX Application Thread] DEBUG TilesetLoader        - Created buffer with size 1280.0x768.0
18:15:30.388 [JavaFX Application Thread] DEBUG TilesetLoader        - Loading view for layer Camada de Blocos 3
18:15:30.388 [JavaFX Application Thread] DEBUG TilesetLoader        - Created buffer with size 1280.0x768.0
18:15:30.389 [JavaFX Application Thread] DEBUG TilesetLoader        - Loading view for layer Camada de Blocos 4
18:15:30.393 [JavaFX Application Thread] DEBUG TilesetLoader        - Created buffer with size 1280.0x768.0
18:15:30.393 [JavaFX Application Thread] DEBUG TMXLevelLoader       - Creating object layer entities
18:15:30.397 [JavaFX Application Thread] DEBUG GameWorld            - Clearing removable entities
18:15:30.400 [JavaFX Application Thread] DEBUG GameWorld            - Setting level: com.almasb.fxgl.entity.level.Level@84a92fe
18:15:30.403 [JavaFX Application Thread] WARN  GameWorld            - Entity is already attached to world
18:15:30.404 [JavaFX Application Thread] WARN  GameWorld            - Entity is already attached to world
18:15:31.220 [JavaFX Application Thread] WARN  TMXLevelLoader       - TiledMap generated from 1.10.2. Supported version: 1.9.0. Some features may not be parsed fully.
18:15:31.226 [JavaFX Application Thread] DEBUG TMXLevelLoader       - Parsed TiledMap: file:/C:/Users/thiag/OneDrive/Documentos/GitHub/RPGemturnosG1/Jogo/target/classes/assets/levels/Mansao.tmx
18:15:31.226 [JavaFX Application Thread] DEBUG TMXLevelLoader       - Creating tile layer entities
18:15:31.226 [JavaFX Application Thread] DEBUG TilesetLoader        - Loading view for layer Chão
18:15:31.229 [JavaFX Application Thread] DEBUG TilesetLoader        - Created buffer with size 1280.0x768.0
18:15:31.236 [JavaFX Application Thread] DEBUG TilesetLoader        - Loading view for layer ChãoGraminhas
18:15:31.239 [JavaFX Application Thread] DEBUG TilesetLoader        - Created buffer with size 1280.0x768.0
18:15:31.250 [JavaFX Application Thread] DEBUG TilesetLoader        - Loading view for layer Árvores
18:15:31.252 [JavaFX Application Thread] DEBUG TilesetLoader        - Created buffer with size 1280.0x768.0
18:15:31.258 [JavaFX Application Thread] DEBUG TilesetLoader        - Loading view for layer arvore
18:15:31.260 [JavaFX Application Thread] DEBUG TilesetLoader        - Created buffer with size 1280.0x768.0
18:15:31.260 [JavaFX Application Thread] DEBUG TilesetLoader        - Loading view for layer Mansao
18:15:31.261 [JavaFX Application Thread] DEBUG TilesetLoader        - Created buffer with size 1280.0x768.0
18:15:31.262 [JavaFX Application Thread] DEBUG TilesetLoader        - Loading view for layer ARVORE2.0
18:15:31.264 [JavaFX Application Thread] DEBUG TilesetLoader        - Created buffer with size 1280.0x768.0
18:15:31.264 [JavaFX Application Thread] DEBUG TMXLevelLoader       - Creating object layer entities
18:15:31.270 [JavaFX Application Thread] DEBUG GameWorld            - Clearing removable entities
18:15:31.272 [JavaFX Application Thread] DEBUG GameWorld            - Setting level: com.almasb.fxgl.entity.level.Level@12f17497
18:15:31.274 [JavaFX Application Thread] WARN  GameWorld            - Entity is already attached to world
18:15:31.274 [JavaFX Application Thread] WARN  GameWorld            - Entity is already attached to world
18:15:40.819 [JavaFX Application Thread] WARN  TMXLevelLoader       - TiledMap generated from 1.10.2. Supported version: 1.9.0. Some features may not be parsed fully.
18:15:40.825 [JavaFX Application Thread] DEBUG TMXLevelLoader       - Parsed TiledMap: file:/C:/Users/thiag/OneDrive/Documentos/GitHub/RPGemturnosG1/Jogo/target/classes/assets/levels/Castelo2.tmx
18:15:40.826 [JavaFX Application Thread] DEBUG TMXLevelLoader       - Creating tile layer entities
18:15:40.827 [JavaFX Application Thread] DEBUG TilesetLoader        - Loading view for layer Base
18:15:40.828 [JavaFX Application Thread] DEBUG TilesetLoader        - Created buffer with size 1280.0x768.0
18:15:40.838 [JavaFX Application Thread] DEBUG TilesetLoader        - Loading view for layer Camada de Blocos 2
18:15:40.839 [JavaFX Application Thread] DEBUG TilesetLoader        - Created buffer with size 1280.0x768.0
18:15:40.840 [JavaFX Application Thread] DEBUG TilesetLoader        - Loading view for layer Camada de Blocos 3
18:15:40.840 [JavaFX Application Thread] DEBUG TilesetLoader        - Created buffer with size 1280.0x768.0
18:15:40.841 [JavaFX Application Thread] DEBUG TilesetLoader        - Loading view for layer Camada de Blocos 4
18:15:40.842 [JavaFX Application Thread] DEBUG TilesetLoader        - Created buffer with size 1280.0x768.0
18:15:40.843 [JavaFX Application Thread] DEBUG TMXLevelLoader       - Creating object layer entities
18:15:40.847 [JavaFX Application Thread] DEBUG GameWorld            - Clearing removable entities
18:15:40.851 [JavaFX Application Thread] DEBUG GameWorld            - Setting level: com.almasb.fxgl.entity.level.Level@48da3491
18:15:40.853 [JavaFX Application Thread] WARN  GameWorld            - Entity is already attached to world
18:15:40.853 [JavaFX Application Thread] WARN  GameWorld            - Entity is already attached to world
18:15:42.464 [JavaFX Application Thread] WARN  TMXLevelLoader       - TiledMap generated from 1.10.2. Supported version: 1.9.0. Some features may not be parsed fully.
18:15:42.470 [JavaFX Application Thread] DEBUG TMXLevelLoader       - Parsed TiledMap: file:/C:/Users/thiag/OneDrive/Documentos/GitHub/RPGemturnosG1/Jogo/target/classes/assets/levels/Mansao.tmx
18:15:42.470 [JavaFX Application Thread] DEBUG TMXLevelLoader       - Creating tile layer entities
18:15:42.471 [JavaFX Application Thread] DEBUG TilesetLoader        - Loading view for layer Chão
18:15:42.471 [JavaFX Application Thread] DEBUG TilesetLoader        - Created buffer with size 1280.0x768.0
18:15:42.477 [JavaFX Application Thread] DEBUG TilesetLoader        - Loading view for layer ChãoGraminhas
18:15:42.481 [JavaFX Application Thread] DEBUG TilesetLoader        - Created buffer with size 1280.0x768.0
18:15:42.484 [JavaFX Application Thread] DEBUG TilesetLoader        - Loading view for layer Árvores
18:15:42.488 [JavaFX Application Thread] DEBUG TilesetLoader        - Created buffer with size 1280.0x768.0
18:15:42.493 [JavaFX Application Thread] DEBUG TilesetLoader        - Loading view for layer arvore
18:15:42.498 [JavaFX Application Thread] DEBUG TilesetLoader        - Created buffer with size 1280.0x768.0
18:15:42.500 [JavaFX Application Thread] DEBUG TilesetLoader        - Loading view for layer Mansao
18:15:42.507 [JavaFX Application Thread] DEBUG TilesetLoader        - Created buffer with size 1280.0x768.0
18:15:42.509 [JavaFX Application Thread] DEBUG TilesetLoader        - Loading view for layer ARVORE2.0
18:15:42.512 [JavaFX Application Thread] DEBUG TilesetLoader        - Created buffer with size 1280.0x768.0
18:15:42.513 [JavaFX Application Thread] DEBUG TMXLevelLoader       - Creating object layer entities
18:15:42.521 [JavaFX Application Thread] DEBUG GameWorld            - Clearing removable entities
18:15:42.523 [JavaFX Application Thread] DEBUG GameWorld            - Setting level: com.almasb.fxgl.entity.level.Level@74f95692
18:15:42.527 [JavaFX Application Thread] WARN  GameWorld            - Entity is already attached to world
18:15:42.527 [JavaFX Application Thread] WARN  GameWorld            - Entity is already attached to world
18:15:43.428 [JavaFX Application Thread] WARN  TMXLevelLoader       - TiledMap generated from 1.10.2. Supported version: 1.9.0. Some features may not be parsed fully.
18:15:43.433 [JavaFX Application Thread] DEBUG TMXLevelLoader       - Parsed TiledMap: file:/C:/Users/thiag/OneDrive/Documentos/GitHub/RPGemturnosG1/Jogo/target/classes/assets/levels/Castelo2.tmx
18:15:43.433 [JavaFX Application Thread] DEBUG TMXLevelLoader       - Creating tile layer entities
18:15:43.434 [JavaFX Application Thread] DEBUG TilesetLoader        - Loading view for layer Base
18:15:43.438 [JavaFX Application Thread] DEBUG TilesetLoader        - Created buffer with size 1280.0x768.0
18:15:43.450 [JavaFX Application Thread] DEBUG TilesetLoader        - Loading view for layer Camada de Blocos 2
18:15:43.451 [JavaFX Application Thread] DEBUG TilesetLoader        - Created buffer with size 1280.0x768.0
18:15:43.452 [JavaFX Application Thread] DEBUG TilesetLoader        - Loading view for layer Camada de Blocos 3
18:15:43.453 [JavaFX Application Thread] DEBUG TilesetLoader        - Created buffer with size 1280.0x768.0
18:15:43.453 [JavaFX Application Thread] DEBUG TilesetLoader        - Loading view for layer Camada de Blocos 4
18:15:43.454 [JavaFX Application Thread] DEBUG TilesetLoader        - Created buffer with size 1280.0x768.0
18:15:43.455 [JavaFX Application Thread] DEBUG TMXLevelLoader       - Creating object layer entities
18:15:43.458 [JavaFX Application Thread] DEBUG GameWorld            - Clearing removable entities
18:15:43.461 [JavaFX Application Thread] DEBUG GameWorld            - Setting level: com.almasb.fxgl.entity.level.Level@36105027
18:15:43.463 [JavaFX Application Thread] WARN  GameWorld            - Entity is already attached to world
18:15:43.463 [JavaFX Application Thread] WARN  GameWorld            - Entity is already attached to world
18:15:44.252 [JavaFX Application Thread] WARN  TMXLevelLoader       - TiledMap generated from 1.10.2. Supported version: 1.9.0. Some features may not be parsed fully.
18:15:44.257 [JavaFX Application Thread] DEBUG TMXLevelLoader       - Parsed TiledMap: file:/C:/Users/thiag/OneDrive/Documentos/GitHub/RPGemturnosG1/Jogo/target/classes/assets/levels/Mansao.tmx
18:15:44.257 [JavaFX Application Thread] DEBUG TMXLevelLoader       - Creating tile layer entities
18:15:44.257 [JavaFX Application Thread] DEBUG TilesetLoader        - Loading view for layer Chão
18:15:44.258 [JavaFX Application Thread] DEBUG TilesetLoader        - Created buffer with size 1280.0x768.0
18:15:44.262 [JavaFX Application Thread] DEBUG TilesetLoader        - Loading view for layer ChãoGraminhas
18:15:44.263 [JavaFX Application Thread] DEBUG TilesetLoader        - Created buffer with size 1280.0x768.0
18:15:44.266 [JavaFX Application Thread] DEBUG TilesetLoader        - Loading view for layer Árvores
18:15:44.266 [JavaFX Application Thread] DEBUG TilesetLoader        - Created buffer with size 1280.0x768.0
18:15:44.272 [JavaFX Application Thread] DEBUG TilesetLoader        - Loading view for layer arvore
18:15:44.272 [JavaFX Application Thread] DEBUG TilesetLoader        - Created buffer with size 1280.0x768.0
18:15:44.273 [JavaFX Application Thread] DEBUG TilesetLoader        - Loading view for layer Mansao
18:15:44.273 [JavaFX Application Thread] DEBUG TilesetLoader        - Created buffer with size 1280.0x768.0
18:15:44.275 [JavaFX Application Thread] DEBUG TilesetLoader        - Loading view for layer ARVORE2.0
18:15:44.276 [JavaFX Application Thread] DEBUG TilesetLoader        - Created buffer with size 1280.0x768.0
18:15:44.276 [JavaFX Application Thread] DEBUG TMXLevelLoader       - Creating object layer entities
18:15:44.283 [JavaFX Application Thread] DEBUG GameWorld            - Clearing removable entities
18:15:44.284 [JavaFX Application Thread] DEBUG GameWorld            - Setting level: com.almasb.fxgl.entity.level.Level@61623682
18:15:44.286 [JavaFX Application Thread] WARN  GameWorld            - Entity is already attached to world
18:15:44.286 [JavaFX Application Thread] WARN  GameWorld            - Entity is already attached to world
18:15:45.123 [JavaFX Application Thread] WARN  TMXLevelLoader       - TiledMap generated from 1.10.2. Supported version: 1.9.0. Some features may not be parsed fully.
18:15:45.127 [JavaFX Application Thread] DEBUG TMXLevelLoader       - Parsed TiledMap: file:/C:/Users/thiag/OneDrive/Documentos/GitHub/RPGemturnosG1/Jogo/target/classes/assets/levels/Castelo2.tmx
18:15:45.128 [JavaFX Application Thread] DEBUG TMXLevelLoader       - Creating tile layer entities
18:15:45.128 [JavaFX Application Thread] DEBUG TilesetLoader        - Loading view for layer Base
18:15:45.129 [JavaFX Application Thread] DEBUG TilesetLoader        - Created buffer with size 1280.0x768.0
18:15:45.138 [JavaFX Application Thread] DEBUG TilesetLoader        - Loading view for layer Camada de Blocos 2
18:15:45.138 [JavaFX Application Thread] DEBUG TilesetLoader        - Created buffer with size 1280.0x768.0
18:15:45.140 [JavaFX Application Thread] DEBUG TilesetLoader        - Loading view for layer Camada de Blocos 3
18:15:45.141 [JavaFX Application Thread] DEBUG TilesetLoader        - Created buffer with size 1280.0x768.0
18:15:45.141 [JavaFX Application Thread] DEBUG TilesetLoader        - Loading view for layer Camada de Blocos 4
18:15:45.142 [JavaFX Application Thread] DEBUG TilesetLoader        - Created buffer with size 1280.0x768.0
18:15:45.142 [JavaFX Application Thread] DEBUG TMXLevelLoader       - Creating object layer entities
18:15:45.144 [JavaFX Application Thread] DEBUG GameWorld            - Clearing removable entities
18:15:45.147 [JavaFX Application Thread] DEBUG GameWorld            - Setting level: com.almasb.fxgl.entity.level.Level@15467547
18:15:45.150 [JavaFX Application Thread] WARN  GameWorld            - Entity is already attached to world
18:15:45.150 [JavaFX Application Thread] WARN  GameWorld            - Entity is already attached to world
18:15:45.810 [JavaFX Application Thread] WARN  TMXLevelLoader       - TiledMap generated from 1.10.2. Supported version: 1.9.0. Some features may not be parsed fully.
18:15:45.815 [JavaFX Application Thread] DEBUG TMXLevelLoader       - Parsed TiledMap: file:/C:/Users/thiag/OneDrive/Documentos/GitHub/RPGemturnosG1/Jogo/target/classes/assets/levels/Mansao.tmx
18:15:45.815 [JavaFX Application Thread] DEBUG TMXLevelLoader       - Creating tile layer entities
18:15:45.816 [JavaFX Application Thread] DEBUG TilesetLoader        - Loading view for layer Chão
18:15:45.817 [JavaFX Application Thread] DEBUG TilesetLoader        - Created buffer with size 1280.0x768.0
18:15:45.823 [JavaFX Application Thread] DEBUG TilesetLoader        - Loading view for layer ChãoGraminhas
18:15:45.823 [JavaFX Application Thread] DEBUG TilesetLoader        - Created buffer with size 1280.0x768.0
18:15:45.826 [JavaFX Application Thread] DEBUG TilesetLoader        - Loading view for layer Árvores
18:15:45.827 [JavaFX Application Thread] DEBUG TilesetLoader        - Created buffer with size 1280.0x768.0
18:15:45.832 [JavaFX Application Thread] DEBUG TilesetLoader        - Loading view for layer arvore
18:15:45.833 [JavaFX Application Thread] DEBUG TilesetLoader        - Created buffer with size 1280.0x768.0
18:15:45.833 [JavaFX Application Thread] DEBUG TilesetLoader        - Loading view for layer Mansao
18:15:45.834 [JavaFX Application Thread] DEBUG TilesetLoader        - Created buffer with size 1280.0x768.0
18:15:45.836 [JavaFX Application Thread] DEBUG TilesetLoader        - Loading view for layer ARVORE2.0
18:15:45.839 [JavaFX Application Thread] DEBUG TilesetLoader        - Created buffer with size 1280.0x768.0
18:15:45.840 [JavaFX Application Thread] DEBUG TMXLevelLoader       - Creating object layer entities
18:15:45.846 [JavaFX Application Thread] DEBUG GameWorld            - Clearing removable entities
18:15:45.847 [JavaFX Application Thread] DEBUG GameWorld            - Setting level: com.almasb.fxgl.entity.level.Level@19713b9b
18:15:45.849 [JavaFX Application Thread] WARN  GameWorld            - Entity is already attached to world
18:15:45.849 [JavaFX Application Thread] WARN  GameWorld            - Entity is already attached to world
18:15:48.668 [JavaFX Application Thread] DEBUG FXGLApplication      - Exiting FXGL
18:15:48.668 [JavaFX Application Thread] DEBUG LoopRunner           - Stopping loop
18:15:48.668 [JavaFX Application Thread] DEBUG SystemBundleService  - Saving FXGL system data
18:15:48.671 [JavaFX Application Thread] DEBUG FileSystemAccess     - Writing to: C:\Users\thiag\OneDrive\Documentos\GitHub\RPGemturnosG1\Jogo\system\fxgl.bundle
18:15:48.674 [JavaFX Application Thread] DEBUG Async                - Shutting down background threads
18:15:48.674 [JavaFX Application Thread] DEBUG PrimaryStageWindow   - Closing main window
18:15:48.716 [JavaFX Application Thread] DEBUG Logger               - Closing Logger
