10:09:16.213 [main                     ] DEBUG Logger               - Configured Logger
10:09:16.257 [main                     ] DEBUG GameApplication      - Logging settings
Title: Silenciados
Version: 0.1
Width: 1280
Height: 720
Fullscreen: true
Intro: false
Profiling: false
Single step:false
App Mode: DEVELOPER
Menu Key: ESCAPE
Stage Style: DECORATED
Scene Factory: class com.almasb.fxgl.app.scene.SceneFactory

10:09:16.624 [JavaFX Application Thread] DEBUG FXGLApplication      - Initializing FXGL
10:09:16.640 [JavaFX Application Thread] INFO  Engine               - FXGL-17.3 (30.03.2023 11.49) on WINDOWS (J:17.0.9 FX:20)
10:09:16.640 [JavaFX Application Thread] DEBUG Engine               - JRE Vendor Name: Oracle Corporation
10:09:16.641 [JavaFX Application Thread] DEBUG Engine               - Running on OS: Windows 11 version 10.0
10:09:16.641 [JavaFX Application Thread] DEBUG Engine               - Architecture: amd64
10:09:16.641 [JavaFX Application Thread] INFO  Engine               - Source code and latest versions at: https://github.com/AlmasB/FXGL
10:09:16.642 [JavaFX Application Thread] INFO  Engine               -       Ask questions and discuss at: https://github.com/AlmasB/FXGL/discussions
10:09:16.642 [JavaFX Application Thread] INFO  Engine               -              Join the FXGL chat at: https://gitter.im/AlmasB/FXGL
10:09:16.767 [JavaFX Application Thread] DEBUG PrimaryStageWindow   - Creating a JavaFX scene
10:09:16.831 [JavaFX Application Thread] DEBUG PrimaryStageWindow   - Target settings size: 1280.0 x 720.0
10:09:16.831 [JavaFX Application Thread] DEBUG PrimaryStageWindow   - Scaled scene size:    1280.0 x 720.0
10:09:16.832 [JavaFX Application Thread] DEBUG PrimaryStageWindow   - Scaled ratio: (1.0, 1.0)
10:09:16.834 [JavaFX Application Thread] DEBUG PrimaryStageWindow   - Set initial scene to FXGLStartupScene
10:09:16.841 [JavaFX Application Thread] DEBUG PrimaryStageWindow   - Opening main window
10:09:16.955 [JavaFX Application Thread] DEBUG PrimaryStageWindow   - Window border size: (16.0, 39.0)
10:09:16.956 [JavaFX Application Thread] DEBUG PrimaryStageWindow   - Scaled size: 1280.0 x 720.0
10:09:16.956 [JavaFX Application Thread] DEBUG PrimaryStageWindow   - Scaled ratio: (1.0, 1.0)
10:09:16.957 [JavaFX Application Thread] DEBUG PrimaryStageWindow   - Scene size: 1280.0 x 720.0
10:09:16.957 [JavaFX Application Thread] DEBUG PrimaryStageWindow   - Stage size: 1296.0 x 759.0
10:09:16.971 [FXGL Background Thread 1 ] DEBUG Engine               - Initializing environment variables
10:09:17.038 [FXGL Background Thread 1 ] DEBUG FXGLAssetLoaderServi - User app class for loading assets: class Interface.SilenciadosApp
10:09:17.038 [FXGL Background Thread 1 ] DEBUG GameApplicationServi - Applying CSS: fxgl_dark.css
10:09:17.040 [FXGL Background Thread 1 ] DEBUG FXGLAssetLoaderServi - Loading from file system: jar:file:///C:/Users/aless/.m2/repository/com/github/almasb/fxgl/17.3/fxgl-17.3.jar!/fxglassets/ui/css/fxgl_dark.css
10:09:17.143 [FXGL Background Thread 1 ] DEBUG GameApplicationServi - Initializing application scenes
10:09:17.271 [FXGL Background Thread 1 ] DEBUG GameWorld            - Game world initialized
10:09:17.341 [FXGL Background Thread 1 ] DEBUG PhysicsWorld         - Physics world initialized: appHeight=720, physics.ppm=50,0
10:09:17.342 [FXGL Background Thread 1 ] DEBUG PhysicsWorld         - Using strategy: BRUTE_FORCE
10:09:17.348 [FXGL Background Thread 1 ] DEBUG GameScene            - Game scene initialized: 1280x720
10:09:17.366 [FXGL Background Thread 1 ] DEBUG FXGL.DefaultMenu     - createMenuBodyGameMenu()
10:09:17.386 [FXGL Background Thread 1 ] DEBUG FXGL.DefaultMenu     - createOptionsMenu()
10:09:17.405 [FXGL Background Thread 1 ] DEBUG FXGLAssetLoaderServi - Loading from file system: jar:file:///C:/Users/aless/.m2/repository/com/github/almasb/fxgl/17.3/fxgl-17.3.jar!/fxglassets/textures/particles/smoke.png
10:09:17.538 [FXGL Background Thread 1 ] DEBUG FXGLAssetLoaderServi - Loading from file system: jar:file:///C:/Users/aless/.m2/repository/com/github/almasb/fxgl/17.3/fxgl-17.3.jar!/fxglassets/textures/particles/trace_horizontal.png
10:09:17.573 [FXGL Background Thread 1 ] DEBUG GameApplicationServi - Application scenes initialized
10:09:17.590 [FXGL Background Thread 1 ] DEBUG SystemBundleService  - Loading FXGL system data
10:09:17.599 [FXGL Background Thread 1 ] DEBUG FileSystemAccess     - Reading from: C:\Users\aless\OneDrive\Documentos\GitHub\RPGemturnosG1\Jogo\system\fxgl.bundle
10:09:17.613 [FXGL Background Thread 1 ] DEBUG SystemBundleService  - Bundle FXGL: {}
10:09:17.613 [FXGL Background Thread 1 ] DEBUG UpdaterService       - Checking for updates
10:09:17.651 [FXGL Background Thread 1 ] DEBUG FXGLApplication      - Loading default localization
10:09:17.653 [FXGL Background Thread 1 ] DEBUG FXGLAssetLoaderServi - Loading from file system: jar:file:///C:/Users/aless/.m2/repository/com/github/almasb/fxgl/17.3/fxgl-17.3.jar!/fxglassets/languages/english.lang
10:09:17.657 [FXGL Background Thread 4 ] DEBUG FXGLApplication      - Loading fonts
10:09:17.659 [FXGL Background Thread 4 ] DEBUG FXGLAssetLoaderServi - Loading from file system: jar:file:///C:/Users/aless/.m2/repository/com/github/almasb/fxgl/17.3/fxgl-17.3.jar!/fxglassets/ui/fonts/VarelaRound-Regular.ttf
10:09:17.678 [FXGL Background Thread 1 ] INFO  FXGLApplication      - FXGL initialization took: 0,706 sec
10:09:17.691 [JavaFX Application Thread] DEBUG Input                - Registered new binding: Move Right - D
10:09:17.691 [JavaFX Application Thread] DEBUG Input                - Registered new binding: Move Left - A
10:09:17.692 [JavaFX Application Thread] DEBUG Input                - Registered new binding: Move Up - W
10:09:17.692 [JavaFX Application Thread] DEBUG Input                - Registered new binding: Move Down - S
10:09:17.692 [JavaFX Application Thread] DEBUG FXGLAssetLoaderServi - Loading from file system: jar:file:///C:/Users/aless/.m2/repository/com/github/almasb/fxgl/17.3/fxgl-17.3.jar!/fxglassets/textures/fxgl_icon.png
10:09:17.717 [JavaFX Application Thread] DEBUG FXGLAssetLoaderServi - Loading from file system: jar:file:///C:/Users/aless/.m2/repository/com/github/almasb/fxgl/17.3/fxgl-17.3.jar!/fxglassets/textures/fxgl_default_cursor.png
10:09:17.719 [JavaFX Application Thread] DEBUG Input                - Registered new binding: Screenshot - CTRL+8
10:09:17.720 [JavaFX Application Thread] DEBUG Input                - Registered new binding: Dev Options - 1
10:09:17.720 [JavaFX Application Thread] DEBUG Input                - Registered new binding: Dev Console - 2
10:09:17.721 [JavaFX Application Thread] DEBUG Input                - Registered new binding: System info dump - CTRL+9
10:09:17.721 [JavaFX Application Thread] DEBUG Input                - Registered new binding: Restart - CTRL+R
10:09:17.722 [JavaFX Application Thread] DEBUG Input                - Registered new binding: Toggle Debug Camera - CTRL+7
10:09:17.727 [JavaFX Application Thread] DEBUG LoopRunner           - Starting loop
10:09:17.747 [JavaFX Application Thread] DEBUG LoopRunner           - Initializing JavaFX AnimationTimerLoop
10:09:17.749 [JavaFX Application Thread] DEBUG GameApplicationServi - Starting new game
10:09:17.750 [JavaFX Application Thread] DEBUG Input                - Clearing active input actions
10:09:17.766 [JavaFX Application Thread] DEBUG GameApplicationServi - Removing overlay from FXGLStartupScene and adding to FXGLLoadingScene
10:09:17.771 [JavaFX Application Thread] DEBUG PrimaryStageWindow   - FXGLStartupScene -> FXGLLoadingScene
10:09:17.771 [JavaFX Application Thread] DEBUG GameApplicationServi - Clearing previous game
10:09:17.771 [JavaFX Application Thread] DEBUG GameScene            - Clearing game scene
10:09:17.771 [JavaFX Application Thread] DEBUG GameWorld            - Clearing game world
10:09:17.772 [JavaFX Application Thread] DEBUG PhysicsWorld         - Clearing physics world
10:09:17.775 [FXGL Background Thread 1 ] DEBUG FXGLApplication      - Initializing game
10:09:17.963 [FXGL Background Thread 1 ] WARN  TMXLevelLoader       - TiledMap generated from 1.10.2. Supported version: 1.9.0. Some features may not be parsed fully.
10:09:18.002 [FXGL Background Thread 1 ] DEBUG TMXLevelLoader       - Parsed TiledMap: file:/C:/Users/aless/OneDrive/Documentos/GitHub/RPGemturnosG1/Jogo/target/classes/assets/levels/Mansao.tmx
10:09:18.004 [FXGL Background Thread 1 ] DEBUG TMXLevelLoader       - Creating tile layer entities
10:09:18.008 [FXGL Background Thread 1 ] DEBUG TilesetLoader        - Loading view for layer Chão
10:09:18.010 [FXGL Background Thread 1 ] DEBUG TilesetLoader        - Created buffer with size 1280.0x768.0
10:09:18.029 [FXGL Background Thread 1 ] DEBUG TilesetLoader        - Loading view for layer ChãoGraminhas
10:09:18.031 [FXGL Background Thread 1 ] DEBUG TilesetLoader        - Created buffer with size 1280.0x768.0
10:09:18.038 [FXGL Background Thread 1 ] DEBUG TilesetLoader        - Loading view for layer Árvores
10:09:18.041 [FXGL Background Thread 1 ] DEBUG TilesetLoader        - Created buffer with size 1280.0x768.0
10:09:18.053 [FXGL Background Thread 1 ] DEBUG TilesetLoader        - Loading view for layer arvore
10:09:18.058 [FXGL Background Thread 1 ] DEBUG TilesetLoader        - Created buffer with size 1280.0x768.0
10:09:18.060 [FXGL Background Thread 1 ] DEBUG TilesetLoader        - Loading view for layer Mansao
10:09:18.069 [FXGL Background Thread 1 ] DEBUG TilesetLoader        - Created buffer with size 1280.0x768.0
10:09:18.081 [FXGL Background Thread 1 ] DEBUG TilesetLoader        - Loading view for layer ARVORE2.0
10:09:18.092 [FXGL Background Thread 1 ] DEBUG TilesetLoader        - Created buffer with size 1280.0x768.0
10:09:18.096 [FXGL Background Thread 1 ] DEBUG TMXLevelLoader       - Creating object layer entities
10:09:18.159 [FXGL Background Thread 4 ] DEBUG FXGLAssetLoaderServi - Loading from file system: jar:file:///C:/Users/aless/.m2/repository/com/github/almasb/fxgl/17.3/fxgl-17.3.jar!/fxglassets/ui/fonts/Abel-Regular.ttf
10:09:18.162 [FXGL Background Thread 1 ] DEBUG GameWorld            - Clearing removable entities
10:09:18.163 [FXGL Background Thread 1 ] DEBUG GameWorld            - Setting level: com.almasb.fxgl.entity.level.Level@7c667251
10:09:18.167 [FXGL Background Thread 4 ] DEBUG FXGLAssetLoaderServi - Loading from file system: jar:file:///C:/Users/aless/.m2/repository/com/github/almasb/fxgl/17.3/fxgl-17.3.jar!/fxglassets/ui/fonts/TerminalLandMono-Regular.otf
10:09:18.172 [FXGL Background Thread 4 ] DEBUG FXGLAssetLoaderServi - Loading from file system: jar:file:///C:/Users/aless/.m2/repository/com/github/almasb/fxgl/17.3/fxgl-17.3.jar!/fxglassets/ui/fonts/Courier-Prime.ttf
10:09:18.201 [FXGL Background Thread 1 ] DEBUG FXGLAssetLoaderServi - Loading from file system: file:/C:/Users/aless/OneDrive/Documentos/GitHub/RPGemturnosG1/Jogo/target/classes/assets/textures/dev_player.png
10:09:18.246 [FXGL Background Thread 1 ] WARN  GameWorld            - Entity is already attached to world
10:09:18.246 [FXGL Background Thread 1 ] WARN  GameWorld            - Entity is already attached to world
10:09:18.249 [FXGL Background Thread 1 ] DEBUG FXGLAssetLoaderServi - Loading from file system: file:/C:/Users/aless/OneDrive/Documentos/GitHub/RPGemturnosG1/Jogo/target/classes/assets/textures/male_hurt.png
10:09:18.251 [FXGL Background Thread 1 ] WARN  GameWorld            - Entity is already attached to world
10:09:18.255 [FXGL Background Thread 1 ] INFO  FXGLApplication      - Game initialization took: 0,481 sec
10:09:18.290 [JavaFX Application Thread] DEBUG FXGLApplication      - Registering font factories with UI factory
10:09:18.293 [JavaFX Application Thread] DEBUG Input                - Clearing active input actions
10:09:18.305 [JavaFX Application Thread] DEBUG GameApplicationServi - Removing overlay from FXGLLoadingScene and adding to GameScene
10:09:18.311 [JavaFX Application Thread] DEBUG PrimaryStageWindow   - FXGLLoadingScene -> GameScene
10:09:20.648 [FXGL Background Thread 3 ] DEBUG Engine               - Logging environment variables
10:09:20.648 [FXGL Background Thread 3 ] DEBUG Engine               - achievements: []
10:09:20.648 [FXGL Background Thread 3 ] DEBUG Engine               - actualHeight: 720.0
10:09:20.649 [FXGL Background Thread 3 ] DEBUG Engine               - actualHeightProperty: ReadOnlyDoubleProperty [value: 720.0]
10:09:20.649 [FXGL Background Thread 3 ] DEBUG Engine               - actualWidth: 1280.0
10:09:20.649 [FXGL Background Thread 3 ] DEBUG Engine               - actualWidthProperty: ReadOnlyDoubleProperty [value: 1280.0]
10:09:20.649 [FXGL Background Thread 3 ] DEBUG Engine               - appIcon: fxgl_icon.png
10:09:20.649 [FXGL Background Thread 3 ] DEBUG Engine               - applicationMode: DEVELOPER
10:09:20.649 [FXGL Background Thread 3 ] DEBUG Engine               - cSSList: [fxgl_dark.css]
10:09:20.649 [FXGL Background Thread 3 ] DEBUG Engine               - collisionDetectionStrategy: BRUTE_FORCE
10:09:20.649 [FXGL Background Thread 3 ] DEBUG Engine               - configClass: Optional.empty
10:09:20.649 [FXGL Background Thread 3 ] DEBUG Engine               - credits: []
10:09:20.649 [FXGL Background Thread 3 ] DEBUG Engine               - defaultCursor: CursorInfo(imageName=fxgl_default_cursor.png, hotspotX=7.0, hotspotY=6.0)
10:09:20.651 [FXGL Background Thread 3 ] DEBUG Engine               - devBBoxColorProperty: ObjectProperty [value: 0xff0000ff]
10:09:20.651 [FXGL Background Thread 3 ] DEBUG Engine               - devEnableDebugCameraProperty: BooleanProperty [value: false]
10:09:20.651 [FXGL Background Thread 3 ] DEBUG Engine               - devSensorColorProperty: ObjectProperty [value: 0xffff00ff]
10:09:20.651 [FXGL Background Thread 3 ] DEBUG Engine               - devShowBBoxProperty: BooleanProperty [value: false]
10:09:20.651 [FXGL Background Thread 3 ] DEBUG Engine               - devShowPositionProperty: BooleanProperty [value: false]
10:09:20.651 [FXGL Background Thread 3 ] DEBUG Engine               - enabledMenuItems: []
10:09:20.651 [FXGL Background Thread 3 ] DEBUG Engine               - engineServices: [class com.almasb.fxgl.app.services.FXGLAssetLoaderService, class com.almasb.fxgl.app.FXGLApplication$GameApplicationService, class com.almasb.fxgl.app.services.FXGLDialogService, class com.almasb.fxgl.app.services.IOTaskExecutorService, class com.almasb.fxgl.io.FileSystemService, class com.almasb.fxgl.localization.LocalizationService, class com.almasb.fxgl.app.services.SystemBundleService, class com.almasb.fxgl.profile.SaveLoadService, class com.almasb.fxgl.ui.FXGLUIFactoryServiceProvider, class com.almasb.fxgl.ui.FXGLDialogFactoryServiceProvider, class com.almasb.fxgl.audio.AudioPlayer, class com.almasb.fxgl.notification.impl.NotificationServiceProvider, class com.almasb.fxgl.achievement.AchievementService, class com.almasb.fxgl.cutscene.CutsceneService, class com.almasb.fxgl.minigames.MiniGameService, class com.almasb.fxgl.net.NetService, class com.almasb.fxgl.app.services.UpdaterService, class com.almasb.fxgl.dev.DevService]
10:09:20.651 [FXGL Background Thread 3 ] DEBUG Engine               - fontGame: Abel-Regular.ttf
10:09:20.651 [FXGL Background Thread 3 ] DEBUG Engine               - fontMono: TerminalLandMono-Regular.otf
10:09:20.652 [FXGL Background Thread 3 ] DEBUG Engine               - fontSizeScaleUI: 1.0
10:09:20.652 [FXGL Background Thread 3 ] DEBUG Engine               - fontText: Courier-Prime.ttf
10:09:20.652 [FXGL Background Thread 3 ] DEBUG Engine               - fontUI: VarelaRound-Regular.ttf
10:09:20.652 [FXGL Background Thread 3 ] DEBUG Engine               - fullScreen: BooleanProperty [value: false]
10:09:20.652 [FXGL Background Thread 3 ] DEBUG Engine               - gameDifficulty: MEDIUM
10:09:20.652 [FXGL Background Thread 3 ] DEBUG Engine               - gameDifficultyProperty: ObjectProperty [value: MEDIUM]
10:09:20.652 [FXGL Background Thread 3 ] DEBUG Engine               - globalMusicVolume: 0.5
10:09:20.652 [FXGL Background Thread 3 ] DEBUG Engine               - globalMusicVolumeProperty: DoubleProperty [value: 0.5]
10:09:20.652 [FXGL Background Thread 3 ] DEBUG Engine               - globalSoundVolume: 0.5
10:09:20.652 [FXGL Background Thread 3 ] DEBUG Engine               - globalSoundVolumeProperty: DoubleProperty [value: 0.5]
10:09:20.652 [FXGL Background Thread 3 ] DEBUG Engine               - height: 720
10:09:20.652 [FXGL Background Thread 3 ] DEBUG Engine               - is3D: false
10:09:20.652 [FXGL Background Thread 3 ] DEBUG Engine               - isAndroid: false
10:09:20.652 [FXGL Background Thread 3 ] DEBUG Engine               - isBrowser: false
10:09:20.652 [FXGL Background Thread 3 ] DEBUG Engine               - isClickFeedbackEnabled: false
10:09:20.652 [FXGL Background Thread 3 ] DEBUG Engine               - isCloseConfirmation: false
10:09:20.652 [FXGL Background Thread 3 ] DEBUG Engine               - isDesktop: true
10:09:20.652 [FXGL Background Thread 3 ] DEBUG Engine               - isDeveloperMenuEnabled: true
10:09:20.652 [FXGL Background Thread 3 ] DEBUG Engine               - isEmbedded: false
10:09:20.652 [FXGL Background Thread 3 ] DEBUG Engine               - isEntityPreloadEnabled: true
10:09:20.653 [FXGL Background Thread 3 ] DEBUG Engine               - isExperimentalTiledLargeMap: false
10:09:20.653 [FXGL Background Thread 3 ] DEBUG Engine               - isFileSystemWriteAllowed: true
10:09:20.653 [FXGL Background Thread 3 ] DEBUG Engine               - isFullScreenAllowed: true
10:09:20.653 [FXGL Background Thread 3 ] DEBUG Engine               - isFullScreenFromStart: false
10:09:20.653 [FXGL Background Thread 3 ] DEBUG Engine               - isGameMenuEnabled: true
10:09:20.653 [FXGL Background Thread 3 ] DEBUG Engine               - isIOS: false
10:09:20.653 [FXGL Background Thread 3 ] DEBUG Engine               - isIntroEnabled: false
10:09:20.653 [FXGL Background Thread 3 ] DEBUG Engine               - isLinux: false
10:09:20.653 [FXGL Background Thread 3 ] DEBUG Engine               - isMac: false
10:09:20.653 [FXGL Background Thread 3 ] DEBUG Engine               - isMainMenuEnabled: false
10:09:20.653 [FXGL Background Thread 3 ] DEBUG Engine               - isManualResizeEnabled: false
10:09:20.653 [FXGL Background Thread 3 ] DEBUG Engine               - isMobile: false
10:09:20.653 [FXGL Background Thread 3 ] DEBUG Engine               - isNative: false
10:09:20.653 [FXGL Background Thread 3 ] DEBUG Engine               - isPauseMusicWhenMinimized: true
10:09:20.653 [FXGL Background Thread 3 ] DEBUG Engine               - isPreserveResizeRatio: false
10:09:20.653 [FXGL Background Thread 3 ] DEBUG Engine               - isProfilingEnabled: false
10:09:20.655 [FXGL Background Thread 3 ] DEBUG Engine               - isScaleAffectedOnResize: true
10:09:20.655 [FXGL Background Thread 3 ] DEBUG Engine               - isSingleStep: false
10:09:20.655 [FXGL Background Thread 3 ] DEBUG Engine               - isUserProfileEnabled: false
10:09:20.655 [FXGL Background Thread 3 ] DEBUG Engine               - isWindows: true
10:09:20.655 [FXGL Background Thread 3 ] DEBUG Engine               - language: ObjectProperty [value: ENGLISH]
10:09:20.655 [FXGL Background Thread 3 ] DEBUG Engine               - menuKey: ESCAPE
10:09:20.655 [FXGL Background Thread 3 ] DEBUG Engine               - mouseSensitivity: 0.2
10:09:20.655 [FXGL Background Thread 3 ] DEBUG Engine               - notificationViewClass: class com.almasb.fxgl.notification.view.XboxNotificationView
10:09:20.655 [FXGL Background Thread 3 ] DEBUG Engine               - pixelsPerMeter: 50.0
10:09:20.655 [FXGL Background Thread 3 ] DEBUG Engine               - platform: WINDOWS
10:09:20.655 [FXGL Background Thread 3 ] DEBUG Engine               - prefHeightProperty: ReadOnlyDoubleProperty [value: 720.0]
10:09:20.655 [FXGL Background Thread 3 ] DEBUG Engine               - prefWidthProperty: ReadOnlyDoubleProperty [value: 1280.0]
10:09:20.655 [FXGL Background Thread 3 ] DEBUG Engine               - profileDir: profiles/
10:09:20.655 [FXGL Background Thread 3 ] DEBUG Engine               - profileName: StringProperty [value: DEFAULT]
10:09:20.655 [FXGL Background Thread 3 ] DEBUG Engine               - randomSeed: -1
10:09:20.656 [FXGL Background Thread 3 ] DEBUG Engine               - runtimeInfo: RuntimeInfo(platform=WINDOWS, version=17.3, build=30.03.2023 11.49)
10:09:20.656 [FXGL Background Thread 3 ] DEBUG Engine               - saveFileExt: sav
10:09:20.656 [FXGL Background Thread 3 ] DEBUG Engine               - scaledHeightProp$fxgl: DoubleProperty [bound, value: 720.0]
10:09:20.656 [FXGL Background Thread 3 ] DEBUG Engine               - scaledWidthProp$fxgl: DoubleProperty [bound, value: 1280.0]
10:09:20.656 [FXGL Background Thread 3 ] DEBUG Engine               - sceneFactory: com.almasb.fxgl.app.scene.SceneFactory@769241c6
10:09:20.656 [FXGL Background Thread 3 ] DEBUG Engine               - secondsIn24h: 60
10:09:20.656 [FXGL Background Thread 3 ] DEBUG Engine               - soundMenuBack: menu/back.wav
10:09:20.656 [FXGL Background Thread 3 ] DEBUG Engine               - soundMenuPress: menu/press.wav
10:09:20.656 [FXGL Background Thread 3 ] DEBUG Engine               - soundMenuSelect: menu/select.wav
10:09:20.656 [FXGL Background Thread 3 ] DEBUG Engine               - soundNotification: core/notification.wav
10:09:20.656 [FXGL Background Thread 3 ] DEBUG Engine               - stageStyle: DECORATED
10:09:20.656 [FXGL Background Thread 3 ] DEBUG Engine               - supportedLanguages: [ENGLISH, FRENCH, GERMAN, HUNGARIAN, RUSSIAN]
10:09:20.656 [FXGL Background Thread 3 ] DEBUG Engine               - ticksPerSecond: -1
10:09:20.658 [FXGL Background Thread 3 ] DEBUG Engine               - title: Silenciados
10:09:20.658 [FXGL Background Thread 3 ] DEBUG Engine               - urlGithub: https://github.com/AlmasB/FXGL
10:09:20.658 [FXGL Background Thread 3 ] DEBUG Engine               - urlLeaderboard: http://fxgl-top.herokuapp.com/
10:09:20.658 [FXGL Background Thread 3 ] DEBUG Engine               - urlPOM: https://raw.githubusercontent.com/AlmasB/FXGL/release/README.md
10:09:20.658 [FXGL Background Thread 3 ] DEBUG Engine               - userAppClass: class Interface.SilenciadosApp
10:09:20.658 [FXGL Background Thread 3 ] DEBUG Engine               - version: 0.1
10:09:20.658 [FXGL Background Thread 3 ] DEBUG Engine               - versionCheckDays: 7
10:09:20.658 [FXGL Background Thread 3 ] DEBUG Engine               - width: 1280
10:09:20.658 [FXGL Background Thread 3 ] DEBUG Engine               - Logging services
10:09:20.658 [FXGL Background Thread 3 ] DEBUG Engine               - class com.almasb.fxgl.app.services.FXGLAssetLoaderService
10:09:20.658 [FXGL Background Thread 3 ] DEBUG Engine               - class com.almasb.fxgl.app.FXGLApplication$GameApplicationService
10:09:20.658 [FXGL Background Thread 3 ] DEBUG Engine               - class com.almasb.fxgl.app.services.FXGLDialogService
10:09:20.658 [FXGL Background Thread 3 ] DEBUG Engine               - class com.almasb.fxgl.app.services.IOTaskExecutorService
10:09:20.659 [FXGL Background Thread 3 ] DEBUG Engine               - class com.almasb.fxgl.io.FileSystemService
10:09:20.659 [FXGL Background Thread 3 ] DEBUG Engine               - class com.almasb.fxgl.localization.LocalizationService
10:09:20.659 [FXGL Background Thread 3 ] DEBUG Engine               - class com.almasb.fxgl.app.services.SystemBundleService
10:09:20.659 [FXGL Background Thread 3 ] DEBUG Engine               - class com.almasb.fxgl.profile.SaveLoadService
10:09:20.659 [FXGL Background Thread 3 ] DEBUG Engine               - class com.almasb.fxgl.ui.FXGLUIFactoryServiceProvider
10:09:20.659 [FXGL Background Thread 3 ] DEBUG Engine               - class com.almasb.fxgl.ui.FXGLDialogFactoryServiceProvider
10:09:20.659 [FXGL Background Thread 3 ] DEBUG Engine               - class com.almasb.fxgl.audio.AudioPlayer
10:09:20.659 [FXGL Background Thread 3 ] DEBUG Engine               - class com.almasb.fxgl.notification.impl.NotificationServiceProvider
10:09:20.659 [FXGL Background Thread 3 ] DEBUG Engine               - class com.almasb.fxgl.achievement.AchievementService
10:09:20.659 [FXGL Background Thread 3 ] DEBUG Engine               - class com.almasb.fxgl.cutscene.CutsceneService
10:09:20.659 [FXGL Background Thread 3 ] DEBUG Engine               - class com.almasb.fxgl.minigames.MiniGameService
10:09:20.659 [FXGL Background Thread 3 ] DEBUG Engine               - class com.almasb.fxgl.net.NetService
10:09:20.659 [FXGL Background Thread 3 ] DEBUG Engine               - class com.almasb.fxgl.app.services.UpdaterService
10:09:20.659 [FXGL Background Thread 3 ] DEBUG Engine               - class com.almasb.fxgl.dev.DevService
10:09:24.149 [JavaFX Application Thread] DEBUG FXGLApplication      - Exiting FXGL
10:09:24.149 [JavaFX Application Thread] DEBUG LoopRunner           - Stopping loop
10:09:24.149 [JavaFX Application Thread] DEBUG SystemBundleService  - Saving FXGL system data
10:09:24.153 [JavaFX Application Thread] DEBUG FileSystemAccess     - Writing to: C:\Users\aless\OneDrive\Documentos\GitHub\RPGemturnosG1\Jogo\system\fxgl.bundle
10:09:24.157 [JavaFX Application Thread] DEBUG Async                - Shutting down background threads
10:09:24.157 [JavaFX Application Thread] DEBUG PrimaryStageWindow   - Closing main window
10:09:24.173 [JavaFX Application Thread] DEBUG Logger               - Closing Logger
