14:07:49.757 [main                     ] DEBUG Logger               - Configured Logger
14:07:49.782 [main                     ] DEBUG GameApplication      - Logging settings
Title: Silenciados
Version: 0.1
Width: 1280
Height: 720
Fullscreen: true
Intro: false
Profiling: false
Single step:false
App Mode: DEVELOPER
Menu Key: ESCAPE
Stage Style: DECORATED
Scene Factory: class com.almasb.fxgl.app.scene.SceneFactory

14:07:50.688 [JavaFX Application Thread] DEBUG FXGLApplication      - Initializing FXGL
14:07:50.693 [JavaFX Application Thread] INFO  Engine               - FXGL-17.3 (30.03.2023 11.49) on WINDOWS (J:21.0.1 FX:11.0.2)
14:07:50.693 [JavaFX Application Thread] DEBUG Engine               - JRE Vendor Name: Oracle Corporation
14:07:50.694 [JavaFX Application Thread] DEBUG Engine               - Running on OS: Windows 11 version 10.0
14:07:50.694 [JavaFX Application Thread] DEBUG Engine               - Architecture: amd64
14:07:50.694 [JavaFX Application Thread] INFO  Engine               - Source code and latest versions at: https://github.com/AlmasB/FXGL
14:07:50.694 [JavaFX Application Thread] INFO  Engine               -       Ask questions and discuss at: https://github.com/AlmasB/FXGL/discussions
14:07:50.694 [JavaFX Application Thread] INFO  Engine               -              Join the FXGL chat at: https://gitter.im/AlmasB/FXGL
14:07:50.815 [JavaFX Application Thread] DEBUG PrimaryStageWindow   - Creating a JavaFX scene
14:07:50.888 [JavaFX Application Thread] DEBUG PrimaryStageWindow   - Target settings size: 1280.0 x 720.0
14:07:50.890 [JavaFX Application Thread] DEBUG PrimaryStageWindow   - Scaled scene size:    1280.0 x 720.0
14:07:50.890 [JavaFX Application Thread] DEBUG PrimaryStageWindow   - Scaled ratio: (1.0, 1.0)
14:07:50.891 [JavaFX Application Thread] DEBUG PrimaryStageWindow   - Set initial scene to FXGLStartupScene
14:07:50.901 [JavaFX Application Thread] DEBUG PrimaryStageWindow   - Opening main window
14:07:51.005 [JavaFX Application Thread] DEBUG PrimaryStageWindow   - Window border size: (14.4000244140625, 37.5999755859375)
14:07:51.005 [JavaFX Application Thread] DEBUG PrimaryStageWindow   - Scaled size: 1280.0 x 720.0
14:07:51.006 [JavaFX Application Thread] DEBUG PrimaryStageWindow   - Scaled ratio: (1.0, 1.0)
14:07:51.006 [JavaFX Application Thread] DEBUG PrimaryStageWindow   - Scene size: 1280.0 x 720.0
14:07:51.006 [JavaFX Application Thread] DEBUG PrimaryStageWindow   - Stage size: 1294.4000244140625 x 757.5999755859375
14:07:51.018 [FXGL Background Thread 1 ] DEBUG Engine               - Initializing environment variables
14:07:51.091 [FXGL Background Thread 1 ] DEBUG FXGLAssetLoaderServi - User app class for loading assets: class Interface.SilenciadosApp
14:07:51.092 [FXGL Background Thread 1 ] DEBUG GameApplicationServi - Applying CSS: fxgl_dark.css
14:07:51.093 [FXGL Background Thread 1 ] DEBUG FXGLAssetLoaderServi - Loading from file system: jar:file:///C:/Users/thiag/.m2/repository/com/github/almasb/fxgl/17.3/fxgl-17.3.jar!/fxglassets/ui/css/fxgl_dark.css
14:07:51.143 [FXGL Background Thread 1 ] DEBUG GameApplicationServi - Initializing application scenes
14:07:51.197 [FXGL Background Thread 1 ] DEBUG GameWorld            - Game world initialized
14:07:51.294 [FXGL Background Thread 1 ] DEBUG PhysicsWorld         - Physics world initialized: appHeight=720, physics.ppm=50,0
14:07:51.295 [FXGL Background Thread 1 ] DEBUG PhysicsWorld         - Using strategy: BRUTE_FORCE
14:07:51.303 [FXGL Background Thread 1 ] DEBUG GameScene            - Game scene initialized: 1280x720
14:07:51.323 [FXGL Background Thread 1 ] DEBUG FXGL.DefaultMenu     - createMenuBodyGameMenu()
14:07:51.346 [FXGL Background Thread 1 ] DEBUG FXGL.DefaultMenu     - createOptionsMenu()
14:07:51.363 [FXGL Background Thread 1 ] DEBUG FXGLAssetLoaderServi - Loading from file system: jar:file:///C:/Users/thiag/.m2/repository/com/github/almasb/fxgl/17.3/fxgl-17.3.jar!/fxglassets/textures/particles/smoke.png
14:07:51.501 [FXGL Background Thread 1 ] DEBUG FXGLAssetLoaderServi - Loading from file system: jar:file:///C:/Users/thiag/.m2/repository/com/github/almasb/fxgl/17.3/fxgl-17.3.jar!/fxglassets/textures/particles/trace_horizontal.png
14:07:51.538 [FXGL Background Thread 1 ] DEBUG GameApplicationServi - Application scenes initialized
14:07:51.561 [FXGL Background Thread 1 ] DEBUG SystemBundleService  - Loading FXGL system data
14:07:51.569 [FXGL Background Thread 1 ] DEBUG FileSystemAccess     - Reading from: C:\Users\thiag\IdeaProjects\OsSilenciados\system\fxgl.bundle
14:07:51.589 [FXGL Background Thread 1 ] DEBUG SystemBundleService  - Bundle FXGL: {}
14:07:51.589 [FXGL Background Thread 1 ] DEBUG UpdaterService       - Checking for updates
14:07:51.654 [FXGL Background Thread 4 ] DEBUG FXGLApplication      - Loading fonts
14:07:51.655 [FXGL Background Thread 1 ] DEBUG FXGLApplication      - Loading default localization
14:07:51.655 [FXGL Background Thread 4 ] DEBUG FXGLAssetLoaderServi - Loading from file system: jar:file:///C:/Users/thiag/.m2/repository/com/github/almasb/fxgl/17.3/fxgl-17.3.jar!/fxglassets/ui/fonts/VarelaRound-Regular.ttf
14:07:51.656 [FXGL Background Thread 1 ] DEBUG FXGLAssetLoaderServi - Loading from file system: jar:file:///C:/Users/thiag/.m2/repository/com/github/almasb/fxgl/17.3/fxgl-17.3.jar!/fxglassets/languages/english.lang
14:07:51.694 [FXGL Background Thread 1 ] INFO  FXGLApplication      - FXGL initialization took: 0,677 sec
14:07:51.715 [JavaFX Application Thread] DEBUG Input                - Registered new binding: Move Right - D
14:07:51.715 [JavaFX Application Thread] DEBUG Input                - Registered new binding: Move Left - A
14:07:51.715 [JavaFX Application Thread] DEBUG Input                - Registered new binding: Move Up - W
14:07:51.715 [JavaFX Application Thread] DEBUG Input                - Registered new binding: Move Down - S
14:07:51.716 [JavaFX Application Thread] DEBUG FXGLAssetLoaderServi - Loading from file system: jar:file:///C:/Users/thiag/.m2/repository/com/github/almasb/fxgl/17.3/fxgl-17.3.jar!/fxglassets/textures/fxgl_icon.png
14:07:51.746 [FXGL Background Thread 4 ] DEBUG FXGLAssetLoaderServi - Loading from file system: jar:file:///C:/Users/thiag/.m2/repository/com/github/almasb/fxgl/17.3/fxgl-17.3.jar!/fxglassets/ui/fonts/Abel-Regular.ttf
14:07:51.747 [JavaFX Application Thread] DEBUG FXGLAssetLoaderServi - Loading from file system: jar:file:///C:/Users/thiag/.m2/repository/com/github/almasb/fxgl/17.3/fxgl-17.3.jar!/fxglassets/textures/fxgl_default_cursor.png
14:07:51.750 [JavaFX Application Thread] DEBUG Input                - Registered new binding: Screenshot - CTRL+8
14:07:51.751 [FXGL Background Thread 4 ] DEBUG FXGLAssetLoaderServi - Loading from file system: jar:file:///C:/Users/thiag/.m2/repository/com/github/almasb/fxgl/17.3/fxgl-17.3.jar!/fxglassets/ui/fonts/TerminalLandMono-Regular.otf
14:07:51.751 [JavaFX Application Thread] DEBUG Input                - Registered new binding: Dev Options - 1
14:07:51.751 [JavaFX Application Thread] DEBUG Input                - Registered new binding: Dev Console - 2
14:07:51.755 [JavaFX Application Thread] DEBUG Input                - Registered new binding: System info dump - CTRL+9
14:07:51.756 [JavaFX Application Thread] DEBUG Input                - Registered new binding: Restart - CTRL+R
14:07:51.757 [JavaFX Application Thread] DEBUG Input                - Registered new binding: Toggle Debug Camera - CTRL+7
14:07:51.761 [FXGL Background Thread 4 ] DEBUG FXGLAssetLoaderServi - Loading from file system: jar:file:///C:/Users/thiag/.m2/repository/com/github/almasb/fxgl/17.3/fxgl-17.3.jar!/fxglassets/ui/fonts/Courier-Prime.ttf
14:07:51.763 [JavaFX Application Thread] DEBUG LoopRunner           - Starting loop
14:07:51.797 [JavaFX Application Thread] DEBUG LoopRunner           - Initializing JavaFX AnimationTimerLoop
14:07:51.798 [JavaFX Application Thread] DEBUG GameApplicationServi - Starting new game
14:07:51.800 [JavaFX Application Thread] DEBUG Input                - Clearing active input actions
14:07:51.813 [JavaFX Application Thread] DEBUG GameApplicationServi - Removing overlay from FXGLStartupScene and adding to FXGLLoadingScene
14:07:51.818 [JavaFX Application Thread] DEBUG PrimaryStageWindow   - FXGLStartupScene -> FXGLLoadingScene
14:07:51.819 [JavaFX Application Thread] DEBUG GameApplicationServi - Clearing previous game
14:07:51.819 [JavaFX Application Thread] DEBUG GameScene            - Clearing game scene
14:07:51.819 [JavaFX Application Thread] DEBUG GameWorld            - Clearing game world
14:07:51.819 [JavaFX Application Thread] DEBUG PhysicsWorld         - Clearing physics world
14:07:51.821 [JavaFX Application Thread] DEBUG FXGLApplication      - Registering font factories with UI factory
14:07:51.821 [FXGL Background Thread 4 ] DEBUG FXGLApplication      - Initializing game
14:07:51.908 [FXGL Background Thread 4 ] WARN  TMXLevelLoader       - TiledMap generated from 1.10.2. Supported version: 1.9.0. Some features may not be parsed fully.
14:07:51.942 [FXGL Background Thread 4 ] DEBUG TMXLevelLoader       - Parsed TiledMap: file:/C:/Users/thiag/IdeaProjects/OsSilenciados/target/classes/assets/levels/Mansao.tmx
14:07:51.944 [FXGL Background Thread 4 ] DEBUG TMXLevelLoader       - Creating tile layer entities
14:07:51.947 [FXGL Background Thread 4 ] DEBUG TilesetLoader        - Loading view for layer Chão
14:07:51.951 [FXGL Background Thread 4 ] DEBUG TilesetLoader        - Created buffer with size 1280.0x768.0
14:07:51.973 [FXGL Background Thread 4 ] DEBUG TilesetLoader        - Loading view for layer ChãoGraminhas
14:07:51.976 [FXGL Background Thread 4 ] DEBUG TilesetLoader        - Created buffer with size 1280.0x768.0
14:07:51.988 [FXGL Background Thread 4 ] DEBUG TilesetLoader        - Loading view for layer Árvores
14:07:51.991 [FXGL Background Thread 4 ] DEBUG TilesetLoader        - Created buffer with size 1280.0x768.0
14:07:52.005 [FXGL Background Thread 4 ] DEBUG TilesetLoader        - Loading view for layer arvore
14:07:52.008 [FXGL Background Thread 4 ] DEBUG TilesetLoader        - Created buffer with size 1280.0x768.0
14:07:52.013 [FXGL Background Thread 4 ] DEBUG TilesetLoader        - Loading view for layer Mansao
14:07:52.016 [FXGL Background Thread 4 ] DEBUG TilesetLoader        - Created buffer with size 1280.0x768.0
14:07:52.021 [FXGL Background Thread 4 ] DEBUG TilesetLoader        - Loading view for layer ARVORE2.0
14:07:52.024 [FXGL Background Thread 4 ] DEBUG TilesetLoader        - Created buffer with size 1280.0x768.0
14:07:52.025 [FXGL Background Thread 4 ] DEBUG TMXLevelLoader       - Creating object layer entities
14:07:52.095 [FXGL Background Thread 4 ] DEBUG GameWorld            - Clearing removable entities
14:07:52.097 [FXGL Background Thread 4 ] DEBUG GameWorld            - Setting level: com.almasb.fxgl.entity.level.Level@722c60b2
14:07:52.111 [FXGL Background Thread 4 ] DEBUG FXGLAssetLoaderServi - Loading from file system: file:/C:/Users/thiag/IdeaProjects/OsSilenciados/target/classes/assets/textures/dev_player.png
14:07:52.151 [FXGL Background Thread 4 ] WARN  GameWorld            - Entity is already attached to world
14:07:52.151 [FXGL Background Thread 4 ] WARN  GameWorld            - Entity is already attached to world
14:07:52.155 [FXGL Background Thread 4 ] DEBUG FXGLAssetLoaderServi - Loading from file system: file:/C:/Users/thiag/IdeaProjects/OsSilenciados/target/classes/assets/textures/male_hurt.png
14:07:52.159 [FXGL Background Thread 4 ] WARN  GameWorld            - Entity is already attached to world
14:07:52.161 [FXGL Background Thread 4 ] INFO  FXGLApplication      - Game initialization took: 0,340 sec
14:07:52.208 [JavaFX Application Thread] DEBUG Input                - Clearing active input actions
14:07:52.225 [JavaFX Application Thread] DEBUG GameApplicationServi - Removing overlay from FXGLLoadingScene and adding to GameScene
14:07:52.255 [JavaFX Application Thread] DEBUG PrimaryStageWindow   - FXGLLoadingScene -> GameScene
14:07:54.651 [FXGL Background Thread 3 ] DEBUG Engine               - Logging environment variables
14:07:54.651 [FXGL Background Thread 3 ] DEBUG Engine               - achievements: []
14:07:54.651 [FXGL Background Thread 3 ] DEBUG Engine               - actualHeight: 720.0
14:07:54.652 [FXGL Background Thread 3 ] DEBUG Engine               - actualHeightProperty: ReadOnlyDoubleProperty [value: 720.0]
14:07:54.652 [FXGL Background Thread 3 ] DEBUG Engine               - actualWidth: 1280.0
14:07:54.652 [FXGL Background Thread 3 ] DEBUG Engine               - actualWidthProperty: ReadOnlyDoubleProperty [value: 1280.0]
14:07:54.652 [FXGL Background Thread 3 ] DEBUG Engine               - appIcon: fxgl_icon.png
14:07:54.652 [FXGL Background Thread 3 ] DEBUG Engine               - applicationMode: DEVELOPER
14:07:54.652 [FXGL Background Thread 3 ] DEBUG Engine               - cSSList: [fxgl_dark.css]
14:07:54.652 [FXGL Background Thread 3 ] DEBUG Engine               - collisionDetectionStrategy: BRUTE_FORCE
14:07:54.652 [FXGL Background Thread 3 ] DEBUG Engine               - configClass: Optional.empty
14:07:54.652 [FXGL Background Thread 3 ] DEBUG Engine               - credits: []
14:07:54.653 [FXGL Background Thread 3 ] DEBUG Engine               - defaultCursor: CursorInfo(imageName=fxgl_default_cursor.png, hotspotX=7.0, hotspotY=6.0)
14:07:54.653 [FXGL Background Thread 3 ] DEBUG Engine               - devBBoxColorProperty: ObjectProperty [value: 0xff0000ff]
14:07:54.653 [FXGL Background Thread 3 ] DEBUG Engine               - devEnableDebugCameraProperty: BooleanProperty [value: false]
14:07:54.653 [FXGL Background Thread 3 ] DEBUG Engine               - devSensorColorProperty: ObjectProperty [value: 0xffff00ff]
14:07:54.653 [FXGL Background Thread 3 ] DEBUG Engine               - devShowBBoxProperty: BooleanProperty [value: false]
14:07:54.653 [FXGL Background Thread 3 ] DEBUG Engine               - devShowPositionProperty: BooleanProperty [value: false]
14:07:54.653 [FXGL Background Thread 3 ] DEBUG Engine               - enabledMenuItems: []
14:07:54.653 [FXGL Background Thread 3 ] DEBUG Engine               - engineServices: [class com.almasb.fxgl.app.services.FXGLAssetLoaderService, class com.almasb.fxgl.app.FXGLApplication$GameApplicationService, class com.almasb.fxgl.app.services.FXGLDialogService, class com.almasb.fxgl.app.services.IOTaskExecutorService, class com.almasb.fxgl.io.FileSystemService, class com.almasb.fxgl.localization.LocalizationService, class com.almasb.fxgl.app.services.SystemBundleService, class com.almasb.fxgl.profile.SaveLoadService, class com.almasb.fxgl.ui.FXGLUIFactoryServiceProvider, class com.almasb.fxgl.ui.FXGLDialogFactoryServiceProvider, class com.almasb.fxgl.audio.AudioPlayer, class com.almasb.fxgl.notification.impl.NotificationServiceProvider, class com.almasb.fxgl.achievement.AchievementService, class com.almasb.fxgl.cutscene.CutsceneService, class com.almasb.fxgl.minigames.MiniGameService, class com.almasb.fxgl.net.NetService, class com.almasb.fxgl.app.services.UpdaterService, class com.almasb.fxgl.dev.DevService]
14:07:54.653 [FXGL Background Thread 3 ] DEBUG Engine               - fontGame: Abel-Regular.ttf
14:07:54.654 [FXGL Background Thread 3 ] DEBUG Engine               - fontMono: TerminalLandMono-Regular.otf
14:07:54.654 [FXGL Background Thread 3 ] DEBUG Engine               - fontSizeScaleUI: 1.0
14:07:54.654 [FXGL Background Thread 3 ] DEBUG Engine               - fontText: Courier-Prime.ttf
14:07:54.654 [FXGL Background Thread 3 ] DEBUG Engine               - fontUI: VarelaRound-Regular.ttf
14:07:54.654 [FXGL Background Thread 3 ] DEBUG Engine               - fullScreen: BooleanProperty [value: false]
14:07:54.654 [FXGL Background Thread 3 ] DEBUG Engine               - gameDifficulty: MEDIUM
14:07:54.654 [FXGL Background Thread 3 ] DEBUG Engine               - gameDifficultyProperty: ObjectProperty [value: MEDIUM]
14:07:54.654 [FXGL Background Thread 3 ] DEBUG Engine               - globalMusicVolume: 0.5
14:07:54.654 [FXGL Background Thread 3 ] DEBUG Engine               - globalMusicVolumeProperty: DoubleProperty [value: 0.5]
14:07:54.654 [FXGL Background Thread 3 ] DEBUG Engine               - globalSoundVolume: 0.5
14:07:54.654 [FXGL Background Thread 3 ] DEBUG Engine               - globalSoundVolumeProperty: DoubleProperty [value: 0.5]
14:07:54.655 [FXGL Background Thread 3 ] DEBUG Engine               - height: 720
14:07:54.656 [FXGL Background Thread 3 ] DEBUG Engine               - is3D: false
14:07:54.656 [FXGL Background Thread 3 ] DEBUG Engine               - isAndroid: false
14:07:54.656 [FXGL Background Thread 3 ] DEBUG Engine               - isBrowser: false
14:07:54.656 [FXGL Background Thread 3 ] DEBUG Engine               - isClickFeedbackEnabled: false
14:07:54.656 [FXGL Background Thread 3 ] DEBUG Engine               - isCloseConfirmation: false
14:07:54.656 [FXGL Background Thread 3 ] DEBUG Engine               - isDesktop: true
14:07:54.656 [FXGL Background Thread 3 ] DEBUG Engine               - isDeveloperMenuEnabled: true
14:07:54.657 [FXGL Background Thread 3 ] DEBUG Engine               - isEmbedded: false
14:07:54.657 [FXGL Background Thread 3 ] DEBUG Engine               - isEntityPreloadEnabled: true
14:07:54.657 [FXGL Background Thread 3 ] DEBUG Engine               - isExperimentalTiledLargeMap: false
14:07:54.658 [FXGL Background Thread 3 ] DEBUG Engine               - isFileSystemWriteAllowed: true
14:07:54.658 [FXGL Background Thread 3 ] DEBUG Engine               - isFullScreenAllowed: true
14:07:54.658 [FXGL Background Thread 3 ] DEBUG Engine               - isFullScreenFromStart: false
14:07:54.658 [FXGL Background Thread 3 ] DEBUG Engine               - isGameMenuEnabled: true
14:07:54.658 [FXGL Background Thread 3 ] DEBUG Engine               - isIOS: false
14:07:54.660 [FXGL Background Thread 3 ] DEBUG Engine               - isIntroEnabled: false
14:07:54.660 [FXGL Background Thread 3 ] DEBUG Engine               - isLinux: false
14:07:54.660 [FXGL Background Thread 3 ] DEBUG Engine               - isMac: false
14:07:54.660 [FXGL Background Thread 3 ] DEBUG Engine               - isMainMenuEnabled: false
14:07:54.660 [FXGL Background Thread 3 ] DEBUG Engine               - isManualResizeEnabled: false
14:07:54.660 [FXGL Background Thread 3 ] DEBUG Engine               - isMobile: false
14:07:54.660 [FXGL Background Thread 3 ] DEBUG Engine               - isNative: false
14:07:54.660 [FXGL Background Thread 3 ] DEBUG Engine               - isPauseMusicWhenMinimized: true
14:07:54.660 [FXGL Background Thread 3 ] DEBUG Engine               - isPreserveResizeRatio: false
14:07:54.660 [FXGL Background Thread 3 ] DEBUG Engine               - isProfilingEnabled: false
14:07:54.660 [FXGL Background Thread 3 ] DEBUG Engine               - isScaleAffectedOnResize: true
14:07:54.660 [FXGL Background Thread 3 ] DEBUG Engine               - isSingleStep: false
14:07:54.660 [FXGL Background Thread 3 ] DEBUG Engine               - isUserProfileEnabled: false
14:07:54.660 [FXGL Background Thread 3 ] DEBUG Engine               - isWindows: true
14:07:54.660 [FXGL Background Thread 3 ] DEBUG Engine               - language: ObjectProperty [value: ENGLISH]
14:07:54.660 [FXGL Background Thread 3 ] DEBUG Engine               - menuKey: ESCAPE
14:07:54.660 [FXGL Background Thread 3 ] DEBUG Engine               - mouseSensitivity: 0.2
14:07:54.660 [FXGL Background Thread 3 ] DEBUG Engine               - notificationViewClass: class com.almasb.fxgl.notification.view.XboxNotificationView
14:07:54.660 [FXGL Background Thread 3 ] DEBUG Engine               - pixelsPerMeter: 50.0
14:07:54.660 [FXGL Background Thread 3 ] DEBUG Engine               - platform: WINDOWS
14:07:54.660 [FXGL Background Thread 3 ] DEBUG Engine               - prefHeightProperty: ReadOnlyDoubleProperty [value: 720.0]
14:07:54.660 [FXGL Background Thread 3 ] DEBUG Engine               - prefWidthProperty: ReadOnlyDoubleProperty [value: 1280.0]
14:07:54.661 [FXGL Background Thread 3 ] DEBUG Engine               - profileDir: profiles/
14:07:54.661 [FXGL Background Thread 3 ] DEBUG Engine               - profileName: StringProperty [value: DEFAULT]
14:07:54.661 [FXGL Background Thread 3 ] DEBUG Engine               - randomSeed: -1
14:07:54.661 [FXGL Background Thread 3 ] DEBUG Engine               - runtimeInfo: RuntimeInfo(platform=WINDOWS, version=17.3, build=30.03.2023 11.49)
14:07:54.661 [FXGL Background Thread 3 ] DEBUG Engine               - saveFileExt: sav
14:07:54.661 [FXGL Background Thread 3 ] DEBUG Engine               - scaledHeightProp$fxgl: DoubleProperty [bound, value: 720.0]
14:07:54.661 [FXGL Background Thread 3 ] DEBUG Engine               - scaledWidthProp$fxgl: DoubleProperty [bound, value: 1280.0]
14:07:54.661 [FXGL Background Thread 3 ] DEBUG Engine               - sceneFactory: com.almasb.fxgl.app.scene.SceneFactory@603fa7ae
14:07:54.661 [FXGL Background Thread 3 ] DEBUG Engine               - secondsIn24h: 60
14:07:54.661 [FXGL Background Thread 3 ] DEBUG Engine               - soundMenuBack: menu/back.wav
14:07:54.661 [FXGL Background Thread 3 ] DEBUG Engine               - soundMenuPress: menu/press.wav
14:07:54.661 [FXGL Background Thread 3 ] DEBUG Engine               - soundMenuSelect: menu/select.wav
14:07:54.662 [FXGL Background Thread 3 ] DEBUG Engine               - soundNotification: core/notification.wav
14:07:54.662 [FXGL Background Thread 3 ] DEBUG Engine               - stageStyle: DECORATED
14:07:54.662 [FXGL Background Thread 3 ] DEBUG Engine               - supportedLanguages: [ENGLISH, FRENCH, GERMAN, HUNGARIAN, RUSSIAN]
14:07:54.662 [FXGL Background Thread 3 ] DEBUG Engine               - ticksPerSecond: -1
14:07:54.662 [FXGL Background Thread 3 ] DEBUG Engine               - title: Silenciados
14:07:54.662 [FXGL Background Thread 3 ] DEBUG Engine               - urlGithub: https://github.com/AlmasB/FXGL
14:07:54.662 [FXGL Background Thread 3 ] DEBUG Engine               - urlLeaderboard: http://fxgl-top.herokuapp.com/
14:07:54.662 [FXGL Background Thread 3 ] DEBUG Engine               - urlPOM: https://raw.githubusercontent.com/AlmasB/FXGL/release/README.md
14:07:54.662 [FXGL Background Thread 3 ] DEBUG Engine               - userAppClass: class Interface.SilenciadosApp
14:07:54.662 [FXGL Background Thread 3 ] DEBUG Engine               - version: 0.1
14:07:54.662 [FXGL Background Thread 3 ] DEBUG Engine               - versionCheckDays: 7
14:07:54.662 [FXGL Background Thread 3 ] DEBUG Engine               - width: 1280
14:07:54.662 [FXGL Background Thread 3 ] DEBUG Engine               - Logging services
14:07:54.662 [FXGL Background Thread 3 ] DEBUG Engine               - class com.almasb.fxgl.app.services.FXGLAssetLoaderService
14:07:54.662 [FXGL Background Thread 3 ] DEBUG Engine               - class com.almasb.fxgl.app.FXGLApplication$GameApplicationService
14:07:54.662 [FXGL Background Thread 3 ] DEBUG Engine               - class com.almasb.fxgl.app.services.FXGLDialogService
14:07:54.662 [FXGL Background Thread 3 ] DEBUG Engine               - class com.almasb.fxgl.app.services.IOTaskExecutorService
14:07:54.662 [FXGL Background Thread 3 ] DEBUG Engine               - class com.almasb.fxgl.io.FileSystemService
14:07:54.662 [FXGL Background Thread 3 ] DEBUG Engine               - class com.almasb.fxgl.localization.LocalizationService
14:07:54.663 [FXGL Background Thread 3 ] DEBUG Engine               - class com.almasb.fxgl.app.services.SystemBundleService
14:07:54.663 [FXGL Background Thread 3 ] DEBUG Engine               - class com.almasb.fxgl.profile.SaveLoadService
14:07:54.663 [FXGL Background Thread 3 ] DEBUG Engine               - class com.almasb.fxgl.ui.FXGLUIFactoryServiceProvider
14:07:54.663 [FXGL Background Thread 3 ] DEBUG Engine               - class com.almasb.fxgl.ui.FXGLDialogFactoryServiceProvider
14:07:54.663 [FXGL Background Thread 3 ] DEBUG Engine               - class com.almasb.fxgl.audio.AudioPlayer
14:07:54.663 [FXGL Background Thread 3 ] DEBUG Engine               - class com.almasb.fxgl.notification.impl.NotificationServiceProvider
14:07:54.663 [FXGL Background Thread 3 ] DEBUG Engine               - class com.almasb.fxgl.achievement.AchievementService
14:07:54.663 [FXGL Background Thread 3 ] DEBUG Engine               - class com.almasb.fxgl.cutscene.CutsceneService
14:07:54.663 [FXGL Background Thread 3 ] DEBUG Engine               - class com.almasb.fxgl.minigames.MiniGameService
14:07:54.664 [FXGL Background Thread 3 ] DEBUG Engine               - class com.almasb.fxgl.net.NetService
14:07:54.664 [FXGL Background Thread 3 ] DEBUG Engine               - class com.almasb.fxgl.app.services.UpdaterService
14:07:54.664 [FXGL Background Thread 3 ] DEBUG Engine               - class com.almasb.fxgl.dev.DevService
14:08:10.890 [JavaFX Application Thread] WARN  TMXLevelLoader       - TiledMap generated from 1.10.2. Supported version: 1.9.0. Some features may not be parsed fully.
14:08:10.896 [JavaFX Application Thread] DEBUG TMXLevelLoader       - Parsed TiledMap: file:/C:/Users/thiag/IdeaProjects/OsSilenciados/target/classes/assets/levels/Castelo2.tmx
14:08:10.896 [JavaFX Application Thread] DEBUG TMXLevelLoader       - Creating tile layer entities
14:08:10.898 [JavaFX Application Thread] DEBUG TilesetLoader        - Loading view for layer Base
14:08:10.899 [JavaFX Application Thread] DEBUG TilesetLoader        - Created buffer with size 1280.0x768.0
14:08:10.908 [JavaFX Application Thread] DEBUG TilesetLoader        - Loading view for layer Camada de Blocos 2
14:08:10.911 [JavaFX Application Thread] DEBUG TilesetLoader        - Created buffer with size 1280.0x768.0
14:08:10.918 [JavaFX Application Thread] DEBUG TilesetLoader        - Loading view for layer Camada de Blocos 3
14:08:10.920 [JavaFX Application Thread] DEBUG TilesetLoader        - Created buffer with size 1280.0x768.0
14:08:10.921 [JavaFX Application Thread] DEBUG TilesetLoader        - Loading view for layer Camada de Blocos 4
14:08:10.925 [JavaFX Application Thread] DEBUG TilesetLoader        - Created buffer with size 1280.0x768.0
14:08:10.926 [JavaFX Application Thread] DEBUG TMXLevelLoader       - Creating object layer entities
14:08:10.931 [JavaFX Application Thread] DEBUG GameWorld            - Clearing removable entities
14:08:10.935 [JavaFX Application Thread] DEBUG GameWorld            - Setting level: com.almasb.fxgl.entity.level.Level@399ae65
14:08:10.939 [JavaFX Application Thread] WARN  GameWorld            - Entity is already attached to world
14:08:10.939 [JavaFX Application Thread] WARN  GameWorld            - Entity is already attached to world
14:08:13.179 [JavaFX Application Thread] WARN  TMXLevelLoader       - TiledMap generated from 1.10.2. Supported version: 1.9.0. Some features may not be parsed fully.
14:08:13.185 [JavaFX Application Thread] DEBUG TMXLevelLoader       - Parsed TiledMap: file:/C:/Users/thiag/IdeaProjects/OsSilenciados/target/classes/assets/levels/Mansao.tmx
14:08:13.185 [JavaFX Application Thread] DEBUG TMXLevelLoader       - Creating tile layer entities
14:08:13.186 [JavaFX Application Thread] DEBUG TilesetLoader        - Loading view for layer Chão
14:08:13.188 [JavaFX Application Thread] DEBUG TilesetLoader        - Created buffer with size 1280.0x768.0
14:08:13.192 [JavaFX Application Thread] DEBUG TilesetLoader        - Loading view for layer ChãoGraminhas
14:08:13.193 [JavaFX Application Thread] DEBUG TilesetLoader        - Created buffer with size 1280.0x768.0
14:08:13.195 [JavaFX Application Thread] DEBUG TilesetLoader        - Loading view for layer Árvores
14:08:13.199 [JavaFX Application Thread] DEBUG TilesetLoader        - Created buffer with size 1280.0x768.0
14:08:13.205 [JavaFX Application Thread] DEBUG TilesetLoader        - Loading view for layer arvore
14:08:13.208 [JavaFX Application Thread] DEBUG TilesetLoader        - Created buffer with size 1280.0x768.0
14:08:13.209 [JavaFX Application Thread] DEBUG TilesetLoader        - Loading view for layer Mansao
14:08:13.211 [JavaFX Application Thread] DEBUG TilesetLoader        - Created buffer with size 1280.0x768.0
14:08:13.212 [JavaFX Application Thread] DEBUG TilesetLoader        - Loading view for layer ARVORE2.0
14:08:13.216 [JavaFX Application Thread] DEBUG TilesetLoader        - Created buffer with size 1280.0x768.0
14:08:13.217 [JavaFX Application Thread] DEBUG TMXLevelLoader       - Creating object layer entities
14:08:13.224 [JavaFX Application Thread] DEBUG GameWorld            - Clearing removable entities
14:08:13.225 [JavaFX Application Thread] DEBUG GameWorld            - Setting level: com.almasb.fxgl.entity.level.Level@64d42de3
14:08:13.228 [JavaFX Application Thread] WARN  GameWorld            - Entity is already attached to world
14:08:13.228 [JavaFX Application Thread] WARN  GameWorld            - Entity is already attached to world
14:08:15.458 [JavaFX Application Thread] WARN  TMXLevelLoader       - TiledMap generated from 1.10.2. Supported version: 1.9.0. Some features may not be parsed fully.
14:08:15.464 [JavaFX Application Thread] DEBUG TMXLevelLoader       - Parsed TiledMap: file:/C:/Users/thiag/IdeaProjects/OsSilenciados/target/classes/assets/levels/Mansao.tmx
14:08:15.464 [JavaFX Application Thread] DEBUG TMXLevelLoader       - Creating tile layer entities
14:08:15.464 [JavaFX Application Thread] DEBUG TilesetLoader        - Loading view for layer Chão
14:08:15.468 [JavaFX Application Thread] DEBUG TilesetLoader        - Created buffer with size 1280.0x768.0
14:08:15.475 [JavaFX Application Thread] DEBUG TilesetLoader        - Loading view for layer ChãoGraminhas
14:08:15.476 [JavaFX Application Thread] DEBUG TilesetLoader        - Created buffer with size 1280.0x768.0
14:08:15.483 [JavaFX Application Thread] DEBUG TilesetLoader        - Loading view for layer Árvores
14:08:15.484 [JavaFX Application Thread] DEBUG TilesetLoader        - Created buffer with size 1280.0x768.0
14:08:15.488 [JavaFX Application Thread] DEBUG TilesetLoader        - Loading view for layer arvore
14:08:15.489 [JavaFX Application Thread] DEBUG TilesetLoader        - Created buffer with size 1280.0x768.0
14:08:15.489 [JavaFX Application Thread] DEBUG TilesetLoader        - Loading view for layer Mansao
14:08:15.490 [JavaFX Application Thread] DEBUG TilesetLoader        - Created buffer with size 1280.0x768.0
14:08:15.491 [JavaFX Application Thread] DEBUG TilesetLoader        - Loading view for layer ARVORE2.0
14:08:15.492 [JavaFX Application Thread] DEBUG TilesetLoader        - Created buffer with size 1280.0x768.0
14:08:15.494 [JavaFX Application Thread] DEBUG TMXLevelLoader       - Creating object layer entities
14:08:15.500 [JavaFX Application Thread] DEBUG GameWorld            - Clearing removable entities
14:08:15.503 [JavaFX Application Thread] DEBUG GameWorld            - Setting level: com.almasb.fxgl.entity.level.Level@3c09f0a1
14:08:15.506 [JavaFX Application Thread] WARN  GameWorld            - Entity is already attached to world
14:08:15.506 [JavaFX Application Thread] WARN  GameWorld            - Entity is already attached to world
14:08:17.244 [JavaFX Application Thread] WARN  TMXLevelLoader       - TiledMap generated from 1.10.2. Supported version: 1.9.0. Some features may not be parsed fully.
14:08:17.248 [JavaFX Application Thread] DEBUG TMXLevelLoader       - Parsed TiledMap: file:/C:/Users/thiag/IdeaProjects/OsSilenciados/target/classes/assets/levels/Mansao.tmx
14:08:17.249 [JavaFX Application Thread] DEBUG TMXLevelLoader       - Creating tile layer entities
14:08:17.249 [JavaFX Application Thread] DEBUG TilesetLoader        - Loading view for layer Chão
14:08:17.250 [JavaFX Application Thread] DEBUG TilesetLoader        - Created buffer with size 1280.0x768.0
14:08:17.253 [JavaFX Application Thread] DEBUG TilesetLoader        - Loading view for layer ChãoGraminhas
14:08:17.254 [JavaFX Application Thread] DEBUG TilesetLoader        - Created buffer with size 1280.0x768.0
14:08:17.256 [JavaFX Application Thread] DEBUG TilesetLoader        - Loading view for layer Árvores
14:08:17.257 [JavaFX Application Thread] DEBUG TilesetLoader        - Created buffer with size 1280.0x768.0
14:08:17.261 [JavaFX Application Thread] DEBUG TilesetLoader        - Loading view for layer arvore
14:08:17.263 [JavaFX Application Thread] DEBUG TilesetLoader        - Created buffer with size 1280.0x768.0
14:08:17.263 [JavaFX Application Thread] DEBUG TilesetLoader        - Loading view for layer Mansao
14:08:17.265 [JavaFX Application Thread] DEBUG TilesetLoader        - Created buffer with size 1280.0x768.0
14:08:17.268 [JavaFX Application Thread] DEBUG TilesetLoader        - Loading view for layer ARVORE2.0
14:08:17.270 [JavaFX Application Thread] DEBUG TilesetLoader        - Created buffer with size 1280.0x768.0
14:08:17.270 [JavaFX Application Thread] DEBUG TMXLevelLoader       - Creating object layer entities
14:08:17.275 [JavaFX Application Thread] DEBUG GameWorld            - Clearing removable entities
14:08:17.278 [JavaFX Application Thread] DEBUG GameWorld            - Setting level: com.almasb.fxgl.entity.level.Level@3a1ffce7
14:08:17.280 [JavaFX Application Thread] WARN  GameWorld            - Entity is already attached to world
14:08:17.280 [JavaFX Application Thread] WARN  GameWorld            - Entity is already attached to world
14:08:19.396 [JavaFX Application Thread] WARN  TMXLevelLoader       - TiledMap generated from 1.10.2. Supported version: 1.9.0. Some features may not be parsed fully.
14:08:19.400 [JavaFX Application Thread] DEBUG TMXLevelLoader       - Parsed TiledMap: file:/C:/Users/thiag/IdeaProjects/OsSilenciados/target/classes/assets/levels/Mansao.tmx
14:08:19.400 [JavaFX Application Thread] DEBUG TMXLevelLoader       - Creating tile layer entities
14:08:19.401 [JavaFX Application Thread] DEBUG TilesetLoader        - Loading view for layer Chão
14:08:19.403 [JavaFX Application Thread] DEBUG TilesetLoader        - Created buffer with size 1280.0x768.0
14:08:19.406 [JavaFX Application Thread] DEBUG TilesetLoader        - Loading view for layer ChãoGraminhas
14:08:19.409 [JavaFX Application Thread] DEBUG TilesetLoader        - Created buffer with size 1280.0x768.0
14:08:19.414 [JavaFX Application Thread] DEBUG TilesetLoader        - Loading view for layer Árvores
14:08:19.416 [JavaFX Application Thread] DEBUG TilesetLoader        - Created buffer with size 1280.0x768.0
14:08:19.420 [JavaFX Application Thread] DEBUG TilesetLoader        - Loading view for layer arvore
14:08:19.422 [JavaFX Application Thread] DEBUG TilesetLoader        - Created buffer with size 1280.0x768.0
14:08:19.423 [JavaFX Application Thread] DEBUG TilesetLoader        - Loading view for layer Mansao
14:08:19.424 [JavaFX Application Thread] DEBUG TilesetLoader        - Created buffer with size 1280.0x768.0
14:08:19.426 [JavaFX Application Thread] DEBUG TilesetLoader        - Loading view for layer ARVORE2.0
14:08:19.429 [JavaFX Application Thread] DEBUG TilesetLoader        - Created buffer with size 1280.0x768.0
14:08:19.429 [JavaFX Application Thread] DEBUG TMXLevelLoader       - Creating object layer entities
14:08:19.437 [JavaFX Application Thread] DEBUG GameWorld            - Clearing removable entities
14:08:19.439 [JavaFX Application Thread] DEBUG GameWorld            - Setting level: com.almasb.fxgl.entity.level.Level@74dc35ea
14:08:19.442 [JavaFX Application Thread] WARN  GameWorld            - Entity is already attached to world
14:08:19.442 [JavaFX Application Thread] WARN  GameWorld            - Entity is already attached to world
14:08:20.788 [JavaFX Application Thread] DEBUG FXGLApplication      - Exiting FXGL
14:08:20.788 [JavaFX Application Thread] DEBUG LoopRunner           - Stopping loop
14:08:20.788 [JavaFX Application Thread] DEBUG SystemBundleService  - Saving FXGL system data
14:08:20.791 [JavaFX Application Thread] DEBUG FileSystemAccess     - Writing to: C:\Users\thiag\IdeaProjects\OsSilenciados\system\fxgl.bundle
14:08:20.793 [JavaFX Application Thread] DEBUG Async                - Shutting down background threads
14:08:20.793 [JavaFX Application Thread] DEBUG PrimaryStageWindow   - Closing main window
14:08:20.803 [JavaFX Application Thread] DEBUG Logger               - Closing Logger
