11:36:36.483 [main                     ] DEBUG Logger               - Configured Logger
11:36:36.528 [main                     ] DEBUG GameApplication      - Logging settings
Title: Silenciados
Version: 0.1
Width: 1280
Height: 720
Fullscreen: true
Intro: false
Profiling: false
Single step:false
App Mode: DEVELOPER
Menu Key: ESCAPE
Stage Style: DECORATED
Scene Factory: class com.almasb.fxgl.app.scene.SceneFactory

11:36:36.887 [JavaFX Application Thread] DEBUG FXGLApplication      - Initializing FXGL
11:36:36.900 [JavaFX Application Thread] INFO  Engine               - FXGL-17.3 (30.03.2023 11.49) on WINDOWS (J:17.0.9 FX:20)
11:36:36.901 [JavaFX Application Thread] DEBUG Engine               - JRE Vendor Name: Oracle Corporation
11:36:36.901 [JavaFX Application Thread] DEBUG Engine               - Running on OS: Windows 11 version 10.0
11:36:36.902 [JavaFX Application Thread] DEBUG Engine               - Architecture: amd64
11:36:36.902 [JavaFX Application Thread] INFO  Engine               - Source code and latest versions at: https://github.com/AlmasB/FXGL
11:36:36.902 [JavaFX Application Thread] INFO  Engine               -       Ask questions and discuss at: https://github.com/AlmasB/FXGL/discussions
11:36:36.902 [JavaFX Application Thread] INFO  Engine               -              Join the FXGL chat at: https://gitter.im/AlmasB/FXGL
11:36:37.029 [JavaFX Application Thread] DEBUG PrimaryStageWindow   - Creating a JavaFX scene
11:36:37.085 [JavaFX Application Thread] DEBUG PrimaryStageWindow   - Target settings size: 1280.0 x 720.0
11:36:37.085 [JavaFX Application Thread] DEBUG PrimaryStageWindow   - Scaled scene size:    1280.0 x 720.0
11:36:37.086 [JavaFX Application Thread] DEBUG PrimaryStageWindow   - Scaled ratio: (1.0, 1.0)
11:36:37.087 [JavaFX Application Thread] DEBUG PrimaryStageWindow   - Set initial scene to FXGLStartupScene
11:36:37.094 [JavaFX Application Thread] DEBUG PrimaryStageWindow   - Opening main window
11:36:37.196 [JavaFX Application Thread] DEBUG PrimaryStageWindow   - Window border size: (16.0, 39.0)
11:36:37.197 [JavaFX Application Thread] DEBUG PrimaryStageWindow   - Scaled size: 1280.0 x 720.0
11:36:37.198 [JavaFX Application Thread] DEBUG PrimaryStageWindow   - Scaled ratio: (1.0, 1.0)
11:36:37.199 [JavaFX Application Thread] DEBUG PrimaryStageWindow   - Scene size: 1280.0 x 720.0
11:36:37.200 [JavaFX Application Thread] DEBUG PrimaryStageWindow   - Stage size: 1296.0 x 759.0
11:36:37.212 [FXGL Background Thread 1 ] DEBUG Engine               - Initializing environment variables
11:36:37.263 [FXGL Background Thread 1 ] DEBUG FXGLAssetLoaderServi - User app class for loading assets: class Interface.SilenciadosApp
11:36:37.264 [FXGL Background Thread 1 ] DEBUG GameApplicationServi - Applying CSS: fxgl_dark.css
11:36:37.265 [FXGL Background Thread 1 ] DEBUG FXGLAssetLoaderServi - Loading from file system: jar:file:///C:/Users/aless/.m2/repository/com/github/almasb/fxgl/17.3/fxgl-17.3.jar!/fxglassets/ui/css/fxgl_dark.css
11:36:37.361 [FXGL Background Thread 1 ] DEBUG GameApplicationServi - Initializing application scenes
11:36:37.494 [FXGL Background Thread 1 ] DEBUG GameWorld            - Game world initialized
11:36:37.572 [FXGL Background Thread 1 ] DEBUG PhysicsWorld         - Physics world initialized: appHeight=720, physics.ppm=50,0
11:36:37.572 [FXGL Background Thread 1 ] DEBUG PhysicsWorld         - Using strategy: BRUTE_FORCE
11:36:37.578 [FXGL Background Thread 1 ] DEBUG GameScene            - Game scene initialized: 1280x720
11:36:37.594 [FXGL Background Thread 1 ] DEBUG FXGL.DefaultMenu     - createMenuBodyGameMenu()
11:36:37.612 [FXGL Background Thread 1 ] DEBUG FXGL.DefaultMenu     - createOptionsMenu()
11:36:37.627 [FXGL Background Thread 1 ] DEBUG FXGLAssetLoaderServi - Loading from file system: jar:file:///C:/Users/aless/.m2/repository/com/github/almasb/fxgl/17.3/fxgl-17.3.jar!/fxglassets/textures/particles/smoke.png
11:36:37.746 [FXGL Background Thread 1 ] DEBUG FXGLAssetLoaderServi - Loading from file system: jar:file:///C:/Users/aless/.m2/repository/com/github/almasb/fxgl/17.3/fxgl-17.3.jar!/fxglassets/textures/particles/trace_horizontal.png
11:36:37.780 [FXGL Background Thread 1 ] DEBUG GameApplicationServi - Application scenes initialized
11:36:37.798 [FXGL Background Thread 1 ] DEBUG SystemBundleService  - Loading FXGL system data
11:36:37.806 [FXGL Background Thread 1 ] DEBUG FileSystemAccess     - Reading from: C:\Users\aless\OneDrive\Documentos\GitHub\RPGemturnosG1\Jogo\system\fxgl.bundle
11:36:37.817 [FXGL Background Thread 1 ] DEBUG SystemBundleService  - Bundle FXGL: {}
11:36:37.817 [FXGL Background Thread 1 ] DEBUG UpdaterService       - Checking for updates
11:36:37.860 [FXGL Background Thread 1 ] DEBUG FXGLApplication      - Loading default localization
11:36:37.861 [FXGL Background Thread 1 ] DEBUG FXGLAssetLoaderServi - Loading from file system: jar:file:///C:/Users/aless/.m2/repository/com/github/almasb/fxgl/17.3/fxgl-17.3.jar!/fxglassets/languages/english.lang
11:36:37.860 [FXGL Background Thread 4 ] DEBUG FXGLApplication      - Loading fonts
11:36:37.871 [FXGL Background Thread 4 ] DEBUG FXGLAssetLoaderServi - Loading from file system: jar:file:///C:/Users/aless/.m2/repository/com/github/almasb/fxgl/17.3/fxgl-17.3.jar!/fxglassets/ui/fonts/VarelaRound-Regular.ttf
11:36:37.891 [FXGL Background Thread 1 ] INFO  FXGLApplication      - FXGL initialization took: 0,679 sec
11:36:37.907 [JavaFX Application Thread] DEBUG Input                - Registered new binding: Move Right - D
11:36:37.907 [JavaFX Application Thread] DEBUG Input                - Registered new binding: Move Left - A
11:36:37.908 [JavaFX Application Thread] DEBUG Input                - Registered new binding: Move Up - W
11:36:37.908 [JavaFX Application Thread] DEBUG Input                - Registered new binding: Move Down - S
11:36:37.908 [JavaFX Application Thread] DEBUG FXGLAssetLoaderServi - Loading from file system: jar:file:///C:/Users/aless/.m2/repository/com/github/almasb/fxgl/17.3/fxgl-17.3.jar!/fxglassets/textures/fxgl_icon.png
11:36:37.933 [JavaFX Application Thread] DEBUG FXGLAssetLoaderServi - Loading from file system: jar:file:///C:/Users/aless/.m2/repository/com/github/almasb/fxgl/17.3/fxgl-17.3.jar!/fxglassets/textures/fxgl_default_cursor.png
11:36:37.936 [JavaFX Application Thread] DEBUG Input                - Registered new binding: Screenshot - CTRL+8
11:36:37.937 [JavaFX Application Thread] DEBUG Input                - Registered new binding: Dev Options - 1
11:36:37.942 [JavaFX Application Thread] DEBUG Input                - Registered new binding: Dev Console - 2
11:36:37.942 [JavaFX Application Thread] DEBUG Input                - Registered new binding: System info dump - CTRL+9
11:36:37.943 [JavaFX Application Thread] DEBUG Input                - Registered new binding: Restart - CTRL+R
11:36:37.944 [JavaFX Application Thread] DEBUG Input                - Registered new binding: Toggle Debug Camera - CTRL+7
11:36:37.951 [JavaFX Application Thread] DEBUG LoopRunner           - Starting loop
11:36:37.972 [JavaFX Application Thread] DEBUG LoopRunner           - Initializing JavaFX AnimationTimerLoop
11:36:37.973 [JavaFX Application Thread] DEBUG GameApplicationServi - Starting new game
11:36:37.975 [JavaFX Application Thread] DEBUG Input                - Clearing active input actions
11:36:37.995 [JavaFX Application Thread] DEBUG GameApplicationServi - Removing overlay from FXGLStartupScene and adding to FXGLLoadingScene
11:36:38.002 [JavaFX Application Thread] DEBUG PrimaryStageWindow   - FXGLStartupScene -> FXGLLoadingScene
11:36:38.003 [JavaFX Application Thread] DEBUG GameApplicationServi - Clearing previous game
11:36:38.003 [JavaFX Application Thread] DEBUG GameScene            - Clearing game scene
11:36:38.003 [JavaFX Application Thread] DEBUG GameWorld            - Clearing game world
11:36:38.003 [JavaFX Application Thread] DEBUG PhysicsWorld         - Clearing physics world
11:36:38.007 [FXGL Background Thread 1 ] DEBUG FXGLApplication      - Initializing game
11:36:38.158 [FXGL Background Thread 1 ] WARN  TMXLevelLoader       - TiledMap generated from 1.10.2. Supported version: 1.9.0. Some features may not be parsed fully.
11:36:38.185 [FXGL Background Thread 1 ] DEBUG TMXLevelLoader       - Parsed TiledMap: file:/C:/Users/aless/OneDrive/Documentos/GitHub/RPGemturnosG1/Jogo/target/classes/assets/levels/Mansao.tmx
11:36:38.186 [FXGL Background Thread 1 ] DEBUG TMXLevelLoader       - Creating tile layer entities
11:36:38.189 [FXGL Background Thread 1 ] DEBUG TilesetLoader        - Loading view for layer Chão
11:36:38.191 [FXGL Background Thread 1 ] DEBUG TilesetLoader        - Created buffer with size 1280.0x768.0
11:36:38.207 [FXGL Background Thread 1 ] DEBUG TilesetLoader        - Loading view for layer ChãoGraminhas
11:36:38.211 [FXGL Background Thread 1 ] DEBUG TilesetLoader        - Created buffer with size 1280.0x768.0
11:36:38.220 [FXGL Background Thread 1 ] DEBUG TilesetLoader        - Loading view for layer Árvores
11:36:38.224 [FXGL Background Thread 1 ] DEBUG TilesetLoader        - Created buffer with size 1280.0x768.0
11:36:38.269 [FXGL Background Thread 1 ] DEBUG TilesetLoader        - Loading view for layer arvore
11:36:38.273 [FXGL Background Thread 1 ] DEBUG TilesetLoader        - Created buffer with size 1280.0x768.0
11:36:38.275 [FXGL Background Thread 1 ] DEBUG TilesetLoader        - Loading view for layer Mansao
11:36:38.279 [FXGL Background Thread 1 ] DEBUG TilesetLoader        - Created buffer with size 1280.0x768.0
11:36:38.283 [FXGL Background Thread 1 ] DEBUG TilesetLoader        - Loading view for layer ARVORE2.0
11:36:38.294 [FXGL Background Thread 1 ] DEBUG TilesetLoader        - Created buffer with size 1280.0x768.0
11:36:38.295 [FXGL Background Thread 1 ] DEBUG TMXLevelLoader       - Creating object layer entities
11:36:38.359 [FXGL Background Thread 1 ] DEBUG GameWorld            - Clearing removable entities
11:36:38.361 [FXGL Background Thread 1 ] DEBUG GameWorld            - Setting level: com.almasb.fxgl.entity.level.Level@543bb8dc
11:36:38.374 [FXGL Background Thread 1 ] DEBUG FXGLAssetLoaderServi - Loading from file system: file:/C:/Users/aless/OneDrive/Documentos/GitHub/RPGemturnosG1/Jogo/target/classes/assets/textures/dev_player.png
11:36:38.424 [FXGL Background Thread 1 ] WARN  GameWorld            - Entity is already attached to world
11:36:38.424 [FXGL Background Thread 1 ] WARN  GameWorld            - Entity is already attached to world
11:36:38.429 [FXGL Background Thread 1 ] DEBUG FXGLAssetLoaderServi - Loading from file system: file:/C:/Users/aless/OneDrive/Documentos/GitHub/RPGemturnosG1/Jogo/target/classes/assets/textures/male_hurt.png
11:36:38.436 [FXGL Background Thread 1 ] WARN  GameWorld            - Entity is already attached to world
11:36:38.438 [FXGL Background Thread 1 ] INFO  FXGLApplication      - Game initialization took: 0,430 sec
11:36:38.467 [JavaFX Application Thread] DEBUG Input                - Clearing active input actions
11:36:38.487 [JavaFX Application Thread] DEBUG GameApplicationServi - Removing overlay from FXGLLoadingScene and adding to GameScene
11:36:38.502 [JavaFX Application Thread] DEBUG PrimaryStageWindow   - FXGLLoadingScene -> GameScene
11:36:38.642 [FXGL Background Thread 4 ] DEBUG FXGLAssetLoaderServi - Loading from file system: jar:file:///C:/Users/aless/.m2/repository/com/github/almasb/fxgl/17.3/fxgl-17.3.jar!/fxglassets/ui/fonts/Abel-Regular.ttf
11:36:38.648 [FXGL Background Thread 4 ] DEBUG FXGLAssetLoaderServi - Loading from file system: jar:file:///C:/Users/aless/.m2/repository/com/github/almasb/fxgl/17.3/fxgl-17.3.jar!/fxglassets/ui/fonts/TerminalLandMono-Regular.otf
11:36:38.660 [FXGL Background Thread 4 ] DEBUG FXGLAssetLoaderServi - Loading from file system: jar:file:///C:/Users/aless/.m2/repository/com/github/almasb/fxgl/17.3/fxgl-17.3.jar!/fxglassets/ui/fonts/Courier-Prime.ttf
11:36:38.757 [JavaFX Application Thread] DEBUG FXGLApplication      - Registering font factories with UI factory
11:36:40.859 [FXGL Background Thread 3 ] DEBUG Engine               - Logging environment variables
11:36:40.859 [FXGL Background Thread 3 ] DEBUG Engine               - achievements: []
11:36:40.859 [FXGL Background Thread 3 ] DEBUG Engine               - actualHeight: 720.0
11:36:40.860 [FXGL Background Thread 3 ] DEBUG Engine               - actualHeightProperty: ReadOnlyDoubleProperty [value: 720.0]
11:36:40.860 [FXGL Background Thread 3 ] DEBUG Engine               - actualWidth: 1280.0
11:36:40.860 [FXGL Background Thread 3 ] DEBUG Engine               - actualWidthProperty: ReadOnlyDoubleProperty [value: 1280.0]
11:36:40.860 [FXGL Background Thread 3 ] DEBUG Engine               - appIcon: fxgl_icon.png
11:36:40.860 [FXGL Background Thread 3 ] DEBUG Engine               - applicationMode: DEVELOPER
11:36:40.860 [FXGL Background Thread 3 ] DEBUG Engine               - cSSList: [fxgl_dark.css]
11:36:40.860 [FXGL Background Thread 3 ] DEBUG Engine               - collisionDetectionStrategy: BRUTE_FORCE
11:36:40.860 [FXGL Background Thread 3 ] DEBUG Engine               - configClass: Optional.empty
11:36:40.860 [FXGL Background Thread 3 ] DEBUG Engine               - credits: []
11:36:40.861 [FXGL Background Thread 3 ] DEBUG Engine               - defaultCursor: CursorInfo(imageName=fxgl_default_cursor.png, hotspotX=7.0, hotspotY=6.0)
11:36:40.861 [FXGL Background Thread 3 ] DEBUG Engine               - devBBoxColorProperty: ObjectProperty [value: 0xff0000ff]
11:36:40.861 [FXGL Background Thread 3 ] DEBUG Engine               - devEnableDebugCameraProperty: BooleanProperty [value: false]
11:36:40.862 [FXGL Background Thread 3 ] DEBUG Engine               - devSensorColorProperty: ObjectProperty [value: 0xffff00ff]
11:36:40.862 [FXGL Background Thread 3 ] DEBUG Engine               - devShowBBoxProperty: BooleanProperty [value: false]
11:36:40.862 [FXGL Background Thread 3 ] DEBUG Engine               - devShowPositionProperty: BooleanProperty [value: false]
11:36:40.862 [FXGL Background Thread 3 ] DEBUG Engine               - enabledMenuItems: []
11:36:40.862 [FXGL Background Thread 3 ] DEBUG Engine               - engineServices: [class com.almasb.fxgl.app.services.FXGLAssetLoaderService, class com.almasb.fxgl.app.FXGLApplication$GameApplicationService, class com.almasb.fxgl.app.services.FXGLDialogService, class com.almasb.fxgl.app.services.IOTaskExecutorService, class com.almasb.fxgl.io.FileSystemService, class com.almasb.fxgl.localization.LocalizationService, class com.almasb.fxgl.app.services.SystemBundleService, class com.almasb.fxgl.profile.SaveLoadService, class com.almasb.fxgl.ui.FXGLUIFactoryServiceProvider, class com.almasb.fxgl.ui.FXGLDialogFactoryServiceProvider, class com.almasb.fxgl.audio.AudioPlayer, class com.almasb.fxgl.notification.impl.NotificationServiceProvider, class com.almasb.fxgl.achievement.AchievementService, class com.almasb.fxgl.cutscene.CutsceneService, class com.almasb.fxgl.minigames.MiniGameService, class com.almasb.fxgl.net.NetService, class com.almasb.fxgl.app.services.UpdaterService, class com.almasb.fxgl.dev.DevService]
11:36:40.862 [FXGL Background Thread 3 ] DEBUG Engine               - fontGame: Abel-Regular.ttf
11:36:40.862 [FXGL Background Thread 3 ] DEBUG Engine               - fontMono: TerminalLandMono-Regular.otf
11:36:40.862 [FXGL Background Thread 3 ] DEBUG Engine               - fontSizeScaleUI: 1.0
11:36:40.862 [FXGL Background Thread 3 ] DEBUG Engine               - fontText: Courier-Prime.ttf
11:36:40.862 [FXGL Background Thread 3 ] DEBUG Engine               - fontUI: VarelaRound-Regular.ttf
11:36:40.862 [FXGL Background Thread 3 ] DEBUG Engine               - fullScreen: BooleanProperty [value: false]
11:36:40.862 [FXGL Background Thread 3 ] DEBUG Engine               - gameDifficulty: MEDIUM
11:36:40.863 [FXGL Background Thread 3 ] DEBUG Engine               - gameDifficultyProperty: ObjectProperty [value: MEDIUM]
11:36:40.863 [FXGL Background Thread 3 ] DEBUG Engine               - globalMusicVolume: 0.5
11:36:40.863 [FXGL Background Thread 3 ] DEBUG Engine               - globalMusicVolumeProperty: DoubleProperty [value: 0.5]
11:36:40.863 [FXGL Background Thread 3 ] DEBUG Engine               - globalSoundVolume: 0.5
11:36:40.863 [FXGL Background Thread 3 ] DEBUG Engine               - globalSoundVolumeProperty: DoubleProperty [value: 0.5]
11:36:40.863 [FXGL Background Thread 3 ] DEBUG Engine               - height: 720
11:36:40.863 [FXGL Background Thread 3 ] DEBUG Engine               - is3D: false
11:36:40.863 [FXGL Background Thread 3 ] DEBUG Engine               - isAndroid: false
11:36:40.863 [FXGL Background Thread 3 ] DEBUG Engine               - isBrowser: false
11:36:40.863 [FXGL Background Thread 3 ] DEBUG Engine               - isClickFeedbackEnabled: false
11:36:40.863 [FXGL Background Thread 3 ] DEBUG Engine               - isCloseConfirmation: false
11:36:40.863 [FXGL Background Thread 3 ] DEBUG Engine               - isDesktop: true
11:36:40.864 [FXGL Background Thread 3 ] DEBUG Engine               - isDeveloperMenuEnabled: true
11:36:40.864 [FXGL Background Thread 3 ] DEBUG Engine               - isEmbedded: false
11:36:40.864 [FXGL Background Thread 3 ] DEBUG Engine               - isEntityPreloadEnabled: true
11:36:40.864 [FXGL Background Thread 3 ] DEBUG Engine               - isExperimentalTiledLargeMap: false
11:36:40.864 [FXGL Background Thread 3 ] DEBUG Engine               - isFileSystemWriteAllowed: true
11:36:40.864 [FXGL Background Thread 3 ] DEBUG Engine               - isFullScreenAllowed: true
11:36:40.864 [FXGL Background Thread 3 ] DEBUG Engine               - isFullScreenFromStart: false
11:36:40.864 [FXGL Background Thread 3 ] DEBUG Engine               - isGameMenuEnabled: true
11:36:40.864 [FXGL Background Thread 3 ] DEBUG Engine               - isIOS: false
11:36:40.865 [FXGL Background Thread 3 ] DEBUG Engine               - isIntroEnabled: false
11:36:40.865 [FXGL Background Thread 3 ] DEBUG Engine               - isLinux: false
11:36:40.865 [FXGL Background Thread 3 ] DEBUG Engine               - isMac: false
11:36:40.865 [FXGL Background Thread 3 ] DEBUG Engine               - isMainMenuEnabled: false
11:36:40.865 [FXGL Background Thread 3 ] DEBUG Engine               - isManualResizeEnabled: false
11:36:40.865 [FXGL Background Thread 3 ] DEBUG Engine               - isMobile: false
11:36:40.865 [FXGL Background Thread 3 ] DEBUG Engine               - isNative: false
11:36:40.865 [FXGL Background Thread 3 ] DEBUG Engine               - isPauseMusicWhenMinimized: true
11:36:40.865 [FXGL Background Thread 3 ] DEBUG Engine               - isPreserveResizeRatio: false
11:36:40.865 [FXGL Background Thread 3 ] DEBUG Engine               - isProfilingEnabled: false
11:36:40.865 [FXGL Background Thread 3 ] DEBUG Engine               - isScaleAffectedOnResize: true
11:36:40.865 [FXGL Background Thread 3 ] DEBUG Engine               - isSingleStep: false
11:36:40.865 [FXGL Background Thread 3 ] DEBUG Engine               - isUserProfileEnabled: false
11:36:40.865 [FXGL Background Thread 3 ] DEBUG Engine               - isWindows: true
11:36:40.866 [FXGL Background Thread 3 ] DEBUG Engine               - language: ObjectProperty [value: ENGLISH]
11:36:40.866 [FXGL Background Thread 3 ] DEBUG Engine               - menuKey: ESCAPE
11:36:40.866 [FXGL Background Thread 3 ] DEBUG Engine               - mouseSensitivity: 0.2
11:36:40.866 [FXGL Background Thread 3 ] DEBUG Engine               - notificationViewClass: class com.almasb.fxgl.notification.view.XboxNotificationView
11:36:40.866 [FXGL Background Thread 3 ] DEBUG Engine               - pixelsPerMeter: 50.0
11:36:40.866 [FXGL Background Thread 3 ] DEBUG Engine               - platform: WINDOWS
11:36:40.866 [FXGL Background Thread 3 ] DEBUG Engine               - prefHeightProperty: ReadOnlyDoubleProperty [value: 720.0]
11:36:40.866 [FXGL Background Thread 3 ] DEBUG Engine               - prefWidthProperty: ReadOnlyDoubleProperty [value: 1280.0]
11:36:40.866 [FXGL Background Thread 3 ] DEBUG Engine               - profileDir: profiles/
11:36:40.866 [FXGL Background Thread 3 ] DEBUG Engine               - profileName: StringProperty [value: DEFAULT]
11:36:40.866 [FXGL Background Thread 3 ] DEBUG Engine               - randomSeed: -1
11:36:40.867 [FXGL Background Thread 3 ] DEBUG Engine               - runtimeInfo: RuntimeInfo(platform=WINDOWS, version=17.3, build=30.03.2023 11.49)
11:36:40.867 [FXGL Background Thread 3 ] DEBUG Engine               - saveFileExt: sav
11:36:40.867 [FXGL Background Thread 3 ] DEBUG Engine               - scaledHeightProp$fxgl: DoubleProperty [bound, value: 720.0]
11:36:40.868 [FXGL Background Thread 3 ] DEBUG Engine               - scaledWidthProp$fxgl: DoubleProperty [bound, value: 1280.0]
11:36:40.869 [FXGL Background Thread 3 ] DEBUG Engine               - sceneFactory: com.almasb.fxgl.app.scene.SceneFactory@7900bbfc
11:36:40.869 [FXGL Background Thread 3 ] DEBUG Engine               - secondsIn24h: 60
11:36:40.869 [FXGL Background Thread 3 ] DEBUG Engine               - soundMenuBack: menu/back.wav
11:36:40.869 [FXGL Background Thread 3 ] DEBUG Engine               - soundMenuPress: menu/press.wav
11:36:40.871 [FXGL Background Thread 3 ] DEBUG Engine               - soundMenuSelect: menu/select.wav
11:36:40.871 [FXGL Background Thread 3 ] DEBUG Engine               - soundNotification: core/notification.wav
11:36:40.871 [FXGL Background Thread 3 ] DEBUG Engine               - stageStyle: DECORATED
11:36:40.871 [FXGL Background Thread 3 ] DEBUG Engine               - supportedLanguages: [ENGLISH, FRENCH, GERMAN, HUNGARIAN, RUSSIAN]
11:36:40.871 [FXGL Background Thread 3 ] DEBUG Engine               - ticksPerSecond: -1
11:36:40.871 [FXGL Background Thread 3 ] DEBUG Engine               - title: Silenciados
11:36:40.871 [FXGL Background Thread 3 ] DEBUG Engine               - urlGithub: https://github.com/AlmasB/FXGL
11:36:40.871 [FXGL Background Thread 3 ] DEBUG Engine               - urlLeaderboard: http://fxgl-top.herokuapp.com/
11:36:40.872 [FXGL Background Thread 3 ] DEBUG Engine               - urlPOM: https://raw.githubusercontent.com/AlmasB/FXGL/release/README.md
11:36:40.872 [FXGL Background Thread 3 ] DEBUG Engine               - userAppClass: class Interface.SilenciadosApp
11:36:40.872 [FXGL Background Thread 3 ] DEBUG Engine               - version: 0.1
11:36:40.872 [FXGL Background Thread 3 ] DEBUG Engine               - versionCheckDays: 7
11:36:40.872 [FXGL Background Thread 3 ] DEBUG Engine               - width: 1280
11:36:40.872 [FXGL Background Thread 3 ] DEBUG Engine               - Logging services
11:36:40.872 [FXGL Background Thread 3 ] DEBUG Engine               - class com.almasb.fxgl.app.services.FXGLAssetLoaderService
11:36:40.872 [FXGL Background Thread 3 ] DEBUG Engine               - class com.almasb.fxgl.app.FXGLApplication$GameApplicationService
11:36:40.872 [FXGL Background Thread 3 ] DEBUG Engine               - class com.almasb.fxgl.app.services.FXGLDialogService
11:36:40.872 [FXGL Background Thread 3 ] DEBUG Engine               - class com.almasb.fxgl.app.services.IOTaskExecutorService
11:36:40.872 [FXGL Background Thread 3 ] DEBUG Engine               - class com.almasb.fxgl.io.FileSystemService
11:36:40.873 [FXGL Background Thread 3 ] DEBUG Engine               - class com.almasb.fxgl.localization.LocalizationService
11:36:40.873 [FXGL Background Thread 3 ] DEBUG Engine               - class com.almasb.fxgl.app.services.SystemBundleService
11:36:40.873 [FXGL Background Thread 3 ] DEBUG Engine               - class com.almasb.fxgl.profile.SaveLoadService
11:36:40.873 [FXGL Background Thread 3 ] DEBUG Engine               - class com.almasb.fxgl.ui.FXGLUIFactoryServiceProvider
11:36:40.873 [FXGL Background Thread 3 ] DEBUG Engine               - class com.almasb.fxgl.ui.FXGLDialogFactoryServiceProvider
11:36:40.873 [FXGL Background Thread 3 ] DEBUG Engine               - class com.almasb.fxgl.audio.AudioPlayer
11:36:40.873 [FXGL Background Thread 3 ] DEBUG Engine               - class com.almasb.fxgl.notification.impl.NotificationServiceProvider
11:36:40.873 [FXGL Background Thread 3 ] DEBUG Engine               - class com.almasb.fxgl.achievement.AchievementService
11:36:40.873 [FXGL Background Thread 3 ] DEBUG Engine               - class com.almasb.fxgl.cutscene.CutsceneService
11:36:40.873 [FXGL Background Thread 3 ] DEBUG Engine               - class com.almasb.fxgl.minigames.MiniGameService
11:36:40.873 [FXGL Background Thread 3 ] DEBUG Engine               - class com.almasb.fxgl.net.NetService
11:36:40.873 [FXGL Background Thread 3 ] DEBUG Engine               - class com.almasb.fxgl.app.services.UpdaterService
11:36:40.874 [FXGL Background Thread 3 ] DEBUG Engine               - class com.almasb.fxgl.dev.DevService
11:36:46.217 [JavaFX Application Thread] DEBUG FXGLApplication      - Exiting FXGL
11:36:46.217 [JavaFX Application Thread] DEBUG LoopRunner           - Stopping loop
11:36:46.217 [JavaFX Application Thread] DEBUG SystemBundleService  - Saving FXGL system data
11:36:46.222 [JavaFX Application Thread] DEBUG FileSystemAccess     - Writing to: C:\Users\aless\OneDrive\Documentos\GitHub\RPGemturnosG1\Jogo\system\fxgl.bundle
11:36:46.226 [JavaFX Application Thread] DEBUG Async                - Shutting down background threads
11:36:46.226 [JavaFX Application Thread] DEBUG PrimaryStageWindow   - Closing main window
11:36:46.243 [JavaFX Application Thread] DEBUG Logger               - Closing Logger
