10:06:13.889 [main                     ] DEBUG Logger               - Configured Logger
10:06:13.932 [main                     ] DEBUG GameApplication      - Logging settings
Title: Silenciados
Version: 0.1
Width: 1280
Height: 720
Fullscreen: true
Intro: false
Profiling: false
Single step:false
App Mode: DEVELOPER
Menu Key: ESCAPE
Stage Style: DECORATED
Scene Factory: class com.almasb.fxgl.app.scene.SceneFactory

10:06:14.580 [JavaFX Application Thread] DEBUG FXGLApplication      - Initializing FXGL
10:06:14.592 [JavaFX Application Thread] INFO  Engine               - FXGL-17.2 (20.08.2022 16.50) on WINDOWS (J:17.0.9 FX:17.0.6)
10:06:14.592 [JavaFX Application Thread] DEBUG Engine               - JRE Vendor Name: Oracle Corporation
10:06:14.593 [JavaFX Application Thread] DEBUG Engine               - Running on OS: Windows 11 version 10.0
10:06:14.593 [JavaFX Application Thread] DEBUG Engine               - Architecture: amd64
10:06:14.593 [JavaFX Application Thread] INFO  Engine               - Source code and latest versions at: https://github.com/AlmasB/FXGL
10:06:14.594 [JavaFX Application Thread] INFO  Engine               -       Ask questions and discuss at: https://github.com/AlmasB/FXGL/discussions
10:06:14.594 [JavaFX Application Thread] INFO  Engine               -              Join the FXGL chat at: https://gitter.im/AlmasB/FXGL
10:06:14.763 [JavaFX Application Thread] DEBUG PrimaryStageWindow   - Creating a JavaFX scene
10:06:14.853 [JavaFX Application Thread] DEBUG PrimaryStageWindow   - Target settings size: 1280.0 x 720.0
10:06:14.853 [JavaFX Application Thread] DEBUG PrimaryStageWindow   - Scaled scene size:    1280.0 x 720.0
10:06:14.854 [JavaFX Application Thread] DEBUG PrimaryStageWindow   - Scaled ratio: (1.0, 1.0)
10:06:14.856 [JavaFX Application Thread] DEBUG PrimaryStageWindow   - Set initial scene to FXGLStartupScene
10:06:14.869 [JavaFX Application Thread] DEBUG PrimaryStageWindow   - Opening main window
10:06:14.987 [JavaFX Application Thread] DEBUG PrimaryStageWindow   - Window border size: (16.0, 39.0)
10:06:14.987 [JavaFX Application Thread] DEBUG PrimaryStageWindow   - Scaled size: 1280.0 x 720.0
10:06:14.987 [JavaFX Application Thread] DEBUG PrimaryStageWindow   - Scaled ratio: (1.0, 1.0)
10:06:14.988 [JavaFX Application Thread] DEBUG PrimaryStageWindow   - Scene size: 1280.0 x 720.0
10:06:14.988 [JavaFX Application Thread] DEBUG PrimaryStageWindow   - Stage size: 1296.0 x 759.0
10:06:15.104 [FXGL Background Thread 1 ] DEBUG Engine               - Initializing environment variables
10:06:15.165 [FXGL Background Thread 1 ] DEBUG FXGLAssetLoaderServi - User app class for loading assets: class Interface.SilenciadosApp
10:06:15.166 [FXGL Background Thread 1 ] DEBUG GameApplicationServi - Applying CSS: fxgl_dark.css
10:06:15.167 [FXGL Background Thread 1 ] DEBUG FXGLAssetLoaderServi - Loading from file system: jar:file:///C:/Users/aless/.m2/repository/com/github/almasb/fxgl/17.2/fxgl-17.2.jar!/fxglassets/ui/css/fxgl_dark.css
10:06:15.246 [FXGL Background Thread 1 ] DEBUG GameApplicationServi - Initializing application scenes
10:06:15.467 [FXGL Background Thread 1 ] DEBUG GameWorld            - Game world initialized
10:06:15.554 [FXGL Background Thread 1 ] DEBUG PhysicsWorld         - Physics world initialized: appHeight=720, physics.ppm=50,0
10:06:15.555 [FXGL Background Thread 1 ] DEBUG PhysicsWorld         - Using strategy: BRUTE_FORCE
10:06:15.563 [FXGL Background Thread 1 ] DEBUG GameScene            - Game scene initialized: 1280x720
10:06:15.585 [FXGL Background Thread 1 ] DEBUG FXGL.DefaultMenu     - createMenuBodyGameMenu()
10:06:15.610 [FXGL Background Thread 1 ] DEBUG FXGL.DefaultMenu     - createOptionsMenu()
10:06:15.634 [FXGL Background Thread 1 ] DEBUG FXGLAssetLoaderServi - Loading from file system: jar:file:///C:/Users/aless/.m2/repository/com/github/almasb/fxgl/17.2/fxgl-17.2.jar!/fxglassets/textures/particles/smoke.png
10:06:15.784 [FXGL Background Thread 1 ] DEBUG FXGLAssetLoaderServi - Loading from file system: jar:file:///C:/Users/aless/.m2/repository/com/github/almasb/fxgl/17.2/fxgl-17.2.jar!/fxglassets/textures/particles/trace_horizontal.png
10:06:15.827 [FXGL Background Thread 1 ] DEBUG GameApplicationServi - Application scenes initialized
10:06:15.851 [FXGL Background Thread 1 ] DEBUG SystemBundleService  - Loading FXGL system data
10:06:15.880 [FXGL Background Thread 1 ] DEBUG FileSystemAccess     - Reading from: C:\Users\aless\IdeaProjects\Jogo\system\fxgl.bundle
10:06:15.898 [FXGL Background Thread 1 ] DEBUG SystemBundleService  - Bundle FXGL: {}
10:06:15.898 [FXGL Background Thread 1 ] DEBUG UpdaterService       - Checking for updates
10:06:15.938 [FXGL Background Thread 1 ] DEBUG FXGLApplication      - Loading default localization
10:06:15.939 [FXGL Background Thread 1 ] DEBUG FXGLAssetLoaderServi - Loading from file system: jar:file:///C:/Users/aless/.m2/repository/com/github/almasb/fxgl/17.2/fxgl-17.2.jar!/fxglassets/languages/english.lang
10:06:15.965 [FXGL Background Thread 4 ] DEBUG FXGLApplication      - Loading fonts
10:06:15.966 [FXGL Background Thread 4 ] DEBUG FXGLAssetLoaderServi - Loading from file system: jar:file:///C:/Users/aless/.m2/repository/com/github/almasb/fxgl/17.2/fxgl-17.2.jar!/fxglassets/ui/fonts/VarelaRound-Regular.ttf
10:06:15.984 [FXGL Background Thread 1 ] INFO  FXGLApplication      - FXGL initialization took: 0,880 sec
10:06:16.001 [JavaFX Application Thread] DEBUG Input                - Registered new binding: Move Right - D
10:06:16.001 [JavaFX Application Thread] DEBUG Input                - Registered new binding: Move Left - A
10:06:16.001 [JavaFX Application Thread] DEBUG Input                - Registered new binding: Move Up - W
10:06:16.001 [JavaFX Application Thread] DEBUG Input                - Registered new binding: Move Down - S
10:06:16.005 [JavaFX Application Thread] DEBUG FXGLAssetLoaderServi - Loading from file system: jar:file:///C:/Users/aless/.m2/repository/com/github/almasb/fxgl/17.2/fxgl-17.2.jar!/fxglassets/textures/fxgl_icon.png
10:06:16.030 [JavaFX Application Thread] DEBUG FXGLAssetLoaderServi - Loading from file system: jar:file:///C:/Users/aless/.m2/repository/com/github/almasb/fxgl/17.2/fxgl-17.2.jar!/fxglassets/textures/fxgl_default_cursor.png
10:06:16.034 [JavaFX Application Thread] DEBUG Input                - Registered new binding: Screenshot - CTRL+8
10:06:16.035 [JavaFX Application Thread] DEBUG Input                - Registered new binding: Dev Options - 1
10:06:16.035 [JavaFX Application Thread] DEBUG Input                - Registered new binding: Dev Console - 2
10:06:16.036 [JavaFX Application Thread] DEBUG Input                - Registered new binding: System info dump - CTRL+9
10:06:16.037 [JavaFX Application Thread] DEBUG Input                - Registered new binding: Restart - CTRL+R
10:06:16.038 [JavaFX Application Thread] DEBUG Input                - Registered new binding: Toggle Debug Camera - CTRL+7
10:06:16.047 [JavaFX Application Thread] DEBUG LoopRunner           - Starting loop
10:06:16.073 [JavaFX Application Thread] DEBUG LoopRunner           - Initializing JavaFX AnimationTimerLoop
10:06:16.077 [JavaFX Application Thread] DEBUG GameApplicationServi - Starting new game
10:06:16.078 [JavaFX Application Thread] DEBUG Input                - Clearing active input actions
10:06:16.099 [JavaFX Application Thread] DEBUG GameApplicationServi - Removing overlay from FXGLStartupScene and adding to FXGLLoadingScene
10:06:16.139 [JavaFX Application Thread] DEBUG PrimaryStageWindow   - FXGLStartupScene -> FXGLLoadingScene
10:06:16.140 [JavaFX Application Thread] DEBUG GameApplicationServi - Clearing previous game
10:06:16.144 [JavaFX Application Thread] DEBUG GameScene            - Clearing game scene
10:06:16.144 [JavaFX Application Thread] DEBUG GameWorld            - Clearing game world
10:06:16.144 [JavaFX Application Thread] DEBUG PhysicsWorld         - Clearing physics world
10:06:16.150 [FXGL Background Thread 1 ] DEBUG FXGLApplication      - Initializing game
10:06:16.332 [FXGL Background Thread 1 ] WARN  TMXLevelLoader       - TiledMap generated from 1.10.2. Supported version: 1.9.0. Some features may not be parsed fully.
10:06:16.353 [FXGL Background Thread 1 ] DEBUG TMXLevelLoader       - Parsed TiledMap: file:/C:/Users/aless/IdeaProjects/Jogo/target/classes/assets/levels/Castelo2.tmx
10:06:16.354 [FXGL Background Thread 1 ] DEBUG TMXLevelLoader       - Creating tile layer entities
10:06:16.356 [FXGL Background Thread 1 ] DEBUG TilesetLoader        - Loading view for layer Base
10:06:16.358 [FXGL Background Thread 1 ] DEBUG TilesetLoader        - Created buffer with size 1280.0x768.0
10:06:16.393 [FXGL Background Thread 1 ] DEBUG TilesetLoader        - Loading view for layer Camada de Blocos 2
10:06:16.401 [FXGL Background Thread 1 ] DEBUG TilesetLoader        - Created buffer with size 1280.0x768.0
10:06:16.406 [FXGL Background Thread 1 ] DEBUG TilesetLoader        - Loading view for layer Camada de Blocos 3
10:06:16.409 [FXGL Background Thread 1 ] DEBUG TilesetLoader        - Created buffer with size 1280.0x768.0
10:06:16.427 [FXGL Background Thread 1 ] DEBUG TilesetLoader        - Loading view for layer Camada de Blocos 4
10:06:16.450 [FXGL Background Thread 1 ] DEBUG TilesetLoader        - Created buffer with size 1280.0x768.0
10:06:16.451 [FXGL Background Thread 1 ] DEBUG TMXLevelLoader       - Creating object layer entities
10:06:16.494 [FXGL Background Thread 1 ] DEBUG GameWorld            - Clearing removable entities
10:06:16.495 [FXGL Background Thread 1 ] DEBUG GameWorld            - Setting level: com.almasb.fxgl.entity.level.Level@5e240655
10:06:16.523 [FXGL Background Thread 1 ] DEBUG FXGLAssetLoaderServi - Loading from file system: file:/C:/Users/aless/IdeaProjects/Jogo/target/classes/assets/textures/dev_player.png
10:06:16.577 [FXGL Background Thread 1 ] WARN  GameWorld            - Entity is already attached to world
10:06:16.578 [FXGL Background Thread 1 ] WARN  Entity               - Entity already has component: Interface.Components.PlayerComponent
10:06:16.581 [FXGL Background Thread 1 ] INFO  FXGLApplication      - Game initialization took: 0,431 sec
10:06:16.661 [FXGL Background Thread 4 ] DEBUG FXGLAssetLoaderServi - Loading from file system: jar:file:///C:/Users/aless/.m2/repository/com/github/almasb/fxgl/17.2/fxgl-17.2.jar!/fxglassets/ui/fonts/Abel-Regular.ttf
10:06:16.666 [FXGL Background Thread 4 ] DEBUG FXGLAssetLoaderServi - Loading from file system: jar:file:///C:/Users/aless/.m2/repository/com/github/almasb/fxgl/17.2/fxgl-17.2.jar!/fxglassets/ui/fonts/TerminalLandMono-Regular.otf
10:06:16.671 [FXGL Background Thread 4 ] DEBUG FXGLAssetLoaderServi - Loading from file system: jar:file:///C:/Users/aless/.m2/repository/com/github/almasb/fxgl/17.2/fxgl-17.2.jar!/fxglassets/ui/fonts/Courier-Prime.ttf
10:06:16.722 [JavaFX Application Thread] DEBUG Input                - Clearing active input actions
10:06:16.735 [JavaFX Application Thread] DEBUG GameApplicationServi - Removing overlay from FXGLLoadingScene and adding to GameScene
10:06:16.741 [JavaFX Application Thread] DEBUG PrimaryStageWindow   - FXGLLoadingScene -> GameScene
10:06:16.744 [JavaFX Application Thread] DEBUG FXGLApplication      - Registering font factories with UI factory
10:06:17.843 [FXGL Background Thread 2 ] INFO  UpdaterService       - Your current version:  17.2
10:06:17.844 [FXGL Background Thread 2 ] INFO  UpdaterService       - Latest stable version: 17.3
10:06:18.935 [FXGL Background Thread 3 ] DEBUG Engine               - Logging environment variables
10:06:18.935 [FXGL Background Thread 3 ] DEBUG Engine               - achievements: []
10:06:18.935 [FXGL Background Thread 3 ] DEBUG Engine               - actualHeight: 720.0
10:06:18.936 [FXGL Background Thread 3 ] DEBUG Engine               - actualHeightProperty: ReadOnlyDoubleProperty [value: 720.0]
10:06:18.936 [FXGL Background Thread 3 ] DEBUG Engine               - actualWidth: 1280.0
10:06:18.936 [FXGL Background Thread 3 ] DEBUG Engine               - actualWidthProperty: ReadOnlyDoubleProperty [value: 1280.0]
10:06:18.936 [FXGL Background Thread 3 ] DEBUG Engine               - appIcon: fxgl_icon.png
10:06:18.937 [FXGL Background Thread 3 ] DEBUG Engine               - applicationMode: DEVELOPER
10:06:18.937 [FXGL Background Thread 3 ] DEBUG Engine               - cSSList: [fxgl_dark.css]
10:06:18.937 [FXGL Background Thread 3 ] DEBUG Engine               - collisionDetectionStrategy: BRUTE_FORCE
10:06:18.937 [FXGL Background Thread 3 ] DEBUG Engine               - configClass: Optional.empty
10:06:18.937 [FXGL Background Thread 3 ] DEBUG Engine               - credits: []
10:06:18.937 [FXGL Background Thread 3 ] DEBUG Engine               - defaultCursor: CursorInfo(imageName=fxgl_default_cursor.png, hotspotX=7.0, hotspotY=6.0)
10:06:18.938 [FXGL Background Thread 3 ] DEBUG Engine               - devBBoxColorProperty: ObjectProperty [value: 0xff0000ff]
10:06:18.938 [FXGL Background Thread 3 ] DEBUG Engine               - devEnableDebugCameraProperty: BooleanProperty [value: false]
10:06:18.938 [FXGL Background Thread 3 ] DEBUG Engine               - devSensorColorProperty: ObjectProperty [value: 0xffff00ff]
10:06:18.938 [FXGL Background Thread 3 ] DEBUG Engine               - devShowBBoxProperty: BooleanProperty [value: false]
10:06:18.938 [FXGL Background Thread 3 ] DEBUG Engine               - devShowPositionProperty: BooleanProperty [value: false]
10:06:18.938 [FXGL Background Thread 3 ] DEBUG Engine               - enabledMenuItems: []
10:06:18.938 [FXGL Background Thread 3 ] DEBUG Engine               - engineServices: [class com.almasb.fxgl.app.services.FXGLAssetLoaderService, class com.almasb.fxgl.app.FXGLApplication$GameApplicationService, class com.almasb.fxgl.app.services.FXGLDialogService, class com.almasb.fxgl.app.services.IOTaskExecutorService, class com.almasb.fxgl.io.FileSystemService, class com.almasb.fxgl.localization.LocalizationService, class com.almasb.fxgl.app.services.SystemBundleService, class com.almasb.fxgl.profile.SaveLoadService, class com.almasb.fxgl.ui.FXGLUIFactoryServiceProvider, class com.almasb.fxgl.ui.FXGLDialogFactoryServiceProvider, class com.almasb.fxgl.audio.AudioPlayer, class com.almasb.fxgl.notification.impl.NotificationServiceProvider, class com.almasb.fxgl.achievement.AchievementService, class com.almasb.fxgl.cutscene.CutsceneService, class com.almasb.fxgl.minigames.MiniGameService, class com.almasb.fxgl.net.NetService, class com.almasb.fxgl.app.services.UpdaterService, class com.almasb.fxgl.dev.DevService]
10:06:18.938 [FXGL Background Thread 3 ] DEBUG Engine               - fontGame: Abel-Regular.ttf
10:06:18.938 [FXGL Background Thread 3 ] DEBUG Engine               - fontMono: TerminalLandMono-Regular.otf
10:06:18.938 [FXGL Background Thread 3 ] DEBUG Engine               - fontText: Courier-Prime.ttf
10:06:18.938 [FXGL Background Thread 3 ] DEBUG Engine               - fontUI: VarelaRound-Regular.ttf
10:06:18.939 [FXGL Background Thread 3 ] DEBUG Engine               - fullScreen: BooleanProperty [value: false]
10:06:18.939 [FXGL Background Thread 3 ] DEBUG Engine               - gameDifficulty: MEDIUM
10:06:18.939 [FXGL Background Thread 3 ] DEBUG Engine               - gameDifficultyProperty: ObjectProperty [value: MEDIUM]
10:06:18.939 [FXGL Background Thread 3 ] DEBUG Engine               - globalMusicVolume: 0.5
10:06:18.939 [FXGL Background Thread 3 ] DEBUG Engine               - globalMusicVolumeProperty: DoubleProperty [value: 0.5]
10:06:18.939 [FXGL Background Thread 3 ] DEBUG Engine               - globalSoundVolume: 0.5
10:06:18.940 [FXGL Background Thread 3 ] DEBUG Engine               - globalSoundVolumeProperty: DoubleProperty [value: 0.5]
10:06:18.940 [FXGL Background Thread 3 ] DEBUG Engine               - height: 720
10:06:18.940 [FXGL Background Thread 3 ] DEBUG Engine               - is3D: false
10:06:18.940 [FXGL Background Thread 3 ] DEBUG Engine               - isAndroid: false
10:06:18.940 [FXGL Background Thread 3 ] DEBUG Engine               - isBrowser: false
10:06:18.940 [FXGL Background Thread 3 ] DEBUG Engine               - isClickFeedbackEnabled: false
10:06:18.940 [FXGL Background Thread 3 ] DEBUG Engine               - isCloseConfirmation: false
10:06:18.940 [FXGL Background Thread 3 ] DEBUG Engine               - isDesktop: true
10:06:18.941 [FXGL Background Thread 3 ] DEBUG Engine               - isDeveloperMenuEnabled: true
10:06:18.941 [FXGL Background Thread 3 ] DEBUG Engine               - isEmbedded: false
10:06:18.941 [FXGL Background Thread 3 ] DEBUG Engine               - isEntityPreloadEnabled: true
10:06:18.941 [FXGL Background Thread 3 ] DEBUG Engine               - isExperimentalTiledLargeMap: false
10:06:18.941 [FXGL Background Thread 3 ] DEBUG Engine               - isFileSystemWriteAllowed: true
10:06:18.942 [FXGL Background Thread 3 ] DEBUG Engine               - isFullScreenAllowed: true
10:06:18.942 [FXGL Background Thread 3 ] DEBUG Engine               - isFullScreenFromStart: false
10:06:18.942 [FXGL Background Thread 3 ] DEBUG Engine               - isGameMenuEnabled: true
10:06:18.942 [FXGL Background Thread 3 ] DEBUG Engine               - isIOS: false
10:06:18.942 [FXGL Background Thread 3 ] DEBUG Engine               - isIntroEnabled: false
10:06:18.943 [FXGL Background Thread 3 ] DEBUG Engine               - isLinux: false
10:06:18.943 [FXGL Background Thread 3 ] DEBUG Engine               - isMac: false
10:06:18.945 [FXGL Background Thread 3 ] DEBUG Engine               - isMainMenuEnabled: false
10:06:18.945 [FXGL Background Thread 3 ] DEBUG Engine               - isManualResizeEnabled: false
10:06:18.946 [FXGL Background Thread 3 ] DEBUG Engine               - isMobile: false
10:06:18.947 [FXGL Background Thread 3 ] DEBUG Engine               - isNative: false
10:06:18.947 [FXGL Background Thread 3 ] DEBUG Engine               - isPauseMusicWhenMinimized: true
10:06:18.948 [FXGL Background Thread 3 ] DEBUG Engine               - isPreserveResizeRatio: false
10:06:18.948 [FXGL Background Thread 3 ] DEBUG Engine               - isProfilingEnabled: false
10:06:18.948 [FXGL Background Thread 3 ] DEBUG Engine               - isScaleAffectedOnResize: true
10:06:18.948 [FXGL Background Thread 3 ] DEBUG Engine               - isSingleStep: false
10:06:18.948 [FXGL Background Thread 3 ] DEBUG Engine               - isUserProfileEnabled: false
10:06:18.948 [FXGL Background Thread 3 ] DEBUG Engine               - isWindows: true
10:06:18.948 [FXGL Background Thread 3 ] DEBUG Engine               - language: ObjectProperty [value: ENGLISH]
10:06:18.948 [FXGL Background Thread 3 ] DEBUG Engine               - menuKey: ESCAPE
10:06:18.948 [FXGL Background Thread 3 ] DEBUG Engine               - mouseSensitivity: 0.2
10:06:18.948 [FXGL Background Thread 3 ] DEBUG Engine               - notificationViewClass: class com.almasb.fxgl.notification.view.XboxNotificationView
10:06:18.948 [FXGL Background Thread 3 ] DEBUG Engine               - pixelsPerMeter: 50.0
10:06:18.948 [FXGL Background Thread 3 ] DEBUG Engine               - platform: WINDOWS
10:06:18.949 [FXGL Background Thread 3 ] DEBUG Engine               - prefHeightProperty: ReadOnlyDoubleProperty [value: 720.0]
10:06:18.949 [FXGL Background Thread 3 ] DEBUG Engine               - prefWidthProperty: ReadOnlyDoubleProperty [value: 1280.0]
10:06:18.949 [FXGL Background Thread 3 ] DEBUG Engine               - profileDir: profiles/
10:06:18.949 [FXGL Background Thread 3 ] DEBUG Engine               - profileName: StringProperty [value: DEFAULT]
10:06:18.949 [FXGL Background Thread 3 ] DEBUG Engine               - randomSeed: -1
10:06:18.949 [FXGL Background Thread 3 ] DEBUG Engine               - runtimeInfo: RuntimeInfo(platform=WINDOWS, version=17.2, build=20.08.2022 16.50)
10:06:18.949 [FXGL Background Thread 3 ] DEBUG Engine               - saveFileExt: sav
10:06:18.949 [FXGL Background Thread 3 ] DEBUG Engine               - scaledHeightProp$fxgl: DoubleProperty [bound, value: 720.0]
10:06:18.949 [FXGL Background Thread 3 ] DEBUG Engine               - scaledWidthProp$fxgl: DoubleProperty [bound, value: 1280.0]
10:06:18.951 [FXGL Background Thread 3 ] DEBUG Engine               - sceneFactory: com.almasb.fxgl.app.scene.SceneFactory@55ef7fdc
10:06:18.951 [FXGL Background Thread 3 ] DEBUG Engine               - secondsIn24h: 60
10:06:18.951 [FXGL Background Thread 3 ] DEBUG Engine               - soundMenuBack: menu/back.wav
10:06:18.951 [FXGL Background Thread 3 ] DEBUG Engine               - soundMenuPress: menu/press.wav
10:06:18.951 [FXGL Background Thread 3 ] DEBUG Engine               - soundMenuSelect: menu/select.wav
10:06:18.951 [FXGL Background Thread 3 ] DEBUG Engine               - soundNotification: core/notification.wav
10:06:18.951 [FXGL Background Thread 3 ] DEBUG Engine               - stageStyle: DECORATED
10:06:18.951 [FXGL Background Thread 3 ] DEBUG Engine               - supportedLanguages: [ENGLISH, FRENCH, GERMAN, HUNGARIAN, RUSSIAN]
10:06:18.951 [FXGL Background Thread 3 ] DEBUG Engine               - ticksPerSecond: -1
10:06:18.951 [FXGL Background Thread 3 ] DEBUG Engine               - title: Silenciados
10:06:18.951 [FXGL Background Thread 3 ] DEBUG Engine               - urlGithub: https://github.com/AlmasB/FXGL
10:06:18.951 [FXGL Background Thread 3 ] DEBUG Engine               - urlLeaderboard: http://fxgl-top.herokuapp.com/
10:06:18.951 [FXGL Background Thread 3 ] DEBUG Engine               - urlPOM: https://raw.githubusercontent.com/AlmasB/FXGL/release/README.md
10:06:18.951 [FXGL Background Thread 3 ] DEBUG Engine               - userAppClass: class Interface.SilenciadosApp
10:06:18.951 [FXGL Background Thread 3 ] DEBUG Engine               - version: 0.1
10:06:18.951 [FXGL Background Thread 3 ] DEBUG Engine               - versionCheckDays: 7
10:06:18.951 [FXGL Background Thread 3 ] DEBUG Engine               - width: 1280
10:06:18.951 [FXGL Background Thread 3 ] DEBUG Engine               - Logging services
10:06:18.952 [FXGL Background Thread 3 ] DEBUG Engine               - class com.almasb.fxgl.app.services.FXGLAssetLoaderService
10:06:18.952 [FXGL Background Thread 3 ] DEBUG Engine               - class com.almasb.fxgl.app.FXGLApplication$GameApplicationService
10:06:18.952 [FXGL Background Thread 3 ] DEBUG Engine               - class com.almasb.fxgl.app.services.FXGLDialogService
10:06:18.952 [FXGL Background Thread 3 ] DEBUG Engine               - class com.almasb.fxgl.app.services.IOTaskExecutorService
10:06:18.952 [FXGL Background Thread 3 ] DEBUG Engine               - class com.almasb.fxgl.io.FileSystemService
10:06:18.952 [FXGL Background Thread 3 ] DEBUG Engine               - class com.almasb.fxgl.localization.LocalizationService
10:06:18.952 [FXGL Background Thread 3 ] DEBUG Engine               - class com.almasb.fxgl.app.services.SystemBundleService
10:06:18.952 [FXGL Background Thread 3 ] DEBUG Engine               - class com.almasb.fxgl.profile.SaveLoadService
10:06:18.952 [FXGL Background Thread 3 ] DEBUG Engine               - class com.almasb.fxgl.ui.FXGLUIFactoryServiceProvider
10:06:18.952 [FXGL Background Thread 3 ] DEBUG Engine               - class com.almasb.fxgl.ui.FXGLDialogFactoryServiceProvider
10:06:18.952 [FXGL Background Thread 3 ] DEBUG Engine               - class com.almasb.fxgl.audio.AudioPlayer
10:06:18.952 [FXGL Background Thread 3 ] DEBUG Engine               - class com.almasb.fxgl.notification.impl.NotificationServiceProvider
10:06:18.952 [FXGL Background Thread 3 ] DEBUG Engine               - class com.almasb.fxgl.achievement.AchievementService
10:06:18.952 [FXGL Background Thread 3 ] DEBUG Engine               - class com.almasb.fxgl.cutscene.CutsceneService
10:06:18.952 [FXGL Background Thread 3 ] DEBUG Engine               - class com.almasb.fxgl.minigames.MiniGameService
10:06:18.953 [FXGL Background Thread 3 ] DEBUG Engine               - class com.almasb.fxgl.net.NetService
10:06:18.953 [FXGL Background Thread 3 ] DEBUG Engine               - class com.almasb.fxgl.app.services.UpdaterService
10:06:18.953 [FXGL Background Thread 3 ] DEBUG Engine               - class com.almasb.fxgl.dev.DevService
10:06:46.610 [JavaFX Application Thread] DEBUG FXGLApplication      - Exiting FXGL
10:06:46.611 [JavaFX Application Thread] DEBUG LoopRunner           - Stopping loop
10:06:46.611 [JavaFX Application Thread] DEBUG SystemBundleService  - Saving FXGL system data
10:06:46.614 [JavaFX Application Thread] DEBUG FileSystemAccess     - Writing to: C:\Users\aless\IdeaProjects\Jogo\system\fxgl.bundle
10:06:46.616 [JavaFX Application Thread] DEBUG Async                - Shutting down background threads
10:06:46.616 [JavaFX Application Thread] DEBUG PrimaryStageWindow   - Closing main window
10:06:46.630 [JavaFX Application Thread] DEBUG Logger               - Closing Logger
