09:45:26.198 [main                     ] DEBUG Logger               - Configured Logger
09:45:26.219 [main                     ] DEBUG GameApplication      - Logging settings
Title: Silenciados
Version: 0.1
Width: 1280
Height: 720
Fullscreen: true
Intro: false
Profiling: false
Single step:false
App Mode: DEVELOPER
Menu Key: ESCAPE
Stage Style: DECORATED
Scene Factory: class com.almasb.fxgl.app.scene.SceneFactory

09:45:26.601 [JavaFX Application Thread] DEBUG FXGLApplication      - Initializing FXGL
09:45:26.605 [JavaFX Application Thread] INFO  Engine               - FXGL-17.3 (30.03.2023 11.49) on WINDOWS (J:21.0.1 FX:20)
09:45:26.605 [JavaFX Application Thread] DEBUG Engine               - JRE Vendor Name: Oracle Corporation
09:45:26.605 [JavaFX Application Thread] DEBUG Engine               - Running on OS: Windows 11 version 10.0
09:45:26.605 [JavaFX Application Thread] DEBUG Engine               - Architecture: amd64
09:45:26.605 [JavaFX Application Thread] INFO  Engine               - Source code and latest versions at: https://github.com/AlmasB/FXGL
09:45:26.605 [JavaFX Application Thread] INFO  Engine               -       Ask questions and discuss at: https://github.com/AlmasB/FXGL/discussions
09:45:26.605 [JavaFX Application Thread] INFO  Engine               -              Join the FXGL chat at: https://gitter.im/AlmasB/FXGL
09:45:26.701 [JavaFX Application Thread] DEBUG PrimaryStageWindow   - Creating a JavaFX scene
09:45:26.754 [JavaFX Application Thread] DEBUG PrimaryStageWindow   - Target settings size: 1280.0 x 720.0
09:45:26.754 [JavaFX Application Thread] DEBUG PrimaryStageWindow   - Scaled scene size:    1280.0 x 720.0
09:45:26.754 [JavaFX Application Thread] DEBUG PrimaryStageWindow   - Scaled ratio: (1.0, 1.0)
09:45:26.756 [JavaFX Application Thread] DEBUG PrimaryStageWindow   - Set initial scene to FXGLStartupScene
09:45:26.759 [JavaFX Application Thread] DEBUG PrimaryStageWindow   - Opening main window
09:45:26.855 [JavaFX Application Thread] DEBUG PrimaryStageWindow   - Window border size: (14.4000244140625, 37.5999755859375)
09:45:26.855 [JavaFX Application Thread] DEBUG PrimaryStageWindow   - Scaled size: 1280.0 x 720.0
09:45:26.856 [JavaFX Application Thread] DEBUG PrimaryStageWindow   - Scaled ratio: (1.0, 1.0)
09:45:26.856 [JavaFX Application Thread] DEBUG PrimaryStageWindow   - Scene size: 1280.0 x 720.0
09:45:26.856 [JavaFX Application Thread] DEBUG PrimaryStageWindow   - Stage size: 1294.4000244140625 x 757.5999755859375
09:45:26.864 [FXGL Background Thread 1 ] DEBUG Engine               - Initializing environment variables
09:45:26.916 [FXGL Background Thread 1 ] DEBUG FXGLAssetLoaderServi - User app class for loading assets: class Interface.SilenciadosApp
09:45:26.916 [FXGL Background Thread 1 ] DEBUG GameApplicationServi - Applying CSS: fxgl_dark.css
09:45:26.917 [FXGL Background Thread 1 ] DEBUG FXGLAssetLoaderServi - Loading from file system: jar:file:///C:/Users/thiag/.m2/repository/com/github/almasb/fxgl/17.3/fxgl-17.3.jar!/fxglassets/ui/css/fxgl_dark.css
09:45:26.956 [FXGL Background Thread 1 ] DEBUG GameApplicationServi - Initializing application scenes
09:45:26.990 [FXGL Background Thread 1 ] DEBUG GameWorld            - Game world initialized
09:45:27.055 [FXGL Background Thread 1 ] DEBUG PhysicsWorld         - Physics world initialized: appHeight=720, physics.ppm=50,0
09:45:27.055 [FXGL Background Thread 1 ] DEBUG PhysicsWorld         - Using strategy: BRUTE_FORCE
09:45:27.058 [FXGL Background Thread 1 ] DEBUG GameScene            - Game scene initialized: 1280x720
09:45:27.071 [FXGL Background Thread 1 ] DEBUG FXGL.DefaultMenu     - createMenuBodyGameMenu()
09:45:27.088 [FXGL Background Thread 1 ] DEBUG FXGL.DefaultMenu     - createOptionsMenu()
09:45:27.099 [FXGL Background Thread 1 ] DEBUG FXGLAssetLoaderServi - Loading from file system: jar:file:///C:/Users/thiag/.m2/repository/com/github/almasb/fxgl/17.3/fxgl-17.3.jar!/fxglassets/textures/particles/smoke.png
09:45:27.183 [FXGL Background Thread 1 ] DEBUG FXGLAssetLoaderServi - Loading from file system: jar:file:///C:/Users/thiag/.m2/repository/com/github/almasb/fxgl/17.3/fxgl-17.3.jar!/fxglassets/textures/particles/trace_horizontal.png
09:45:27.213 [FXGL Background Thread 1 ] DEBUG GameApplicationServi - Application scenes initialized
09:45:27.224 [FXGL Background Thread 1 ] DEBUG SystemBundleService  - Loading FXGL system data
09:45:27.229 [FXGL Background Thread 1 ] DEBUG FileSystemAccess     - Reading from: C:\Users\thiag\OneDrive\Documentos\GitHub\RPGemturnosG1\Jogo\system\fxgl.bundle
09:45:27.241 [FXGL Background Thread 1 ] DEBUG SystemBundleService  - Bundle FXGL: {}
09:45:27.241 [FXGL Background Thread 1 ] DEBUG UpdaterService       - Checking for updates
09:45:27.261 [FXGL Background Thread 4 ] DEBUG FXGLApplication      - Loading fonts
09:45:27.261 [FXGL Background Thread 1 ] DEBUG FXGLApplication      - Loading default localization
09:45:27.261 [FXGL Background Thread 4 ] DEBUG FXGLAssetLoaderServi - Loading from file system: jar:file:///C:/Users/thiag/.m2/repository/com/github/almasb/fxgl/17.3/fxgl-17.3.jar!/fxglassets/ui/fonts/VarelaRound-Regular.ttf
09:45:27.262 [FXGL Background Thread 1 ] DEBUG FXGLAssetLoaderServi - Loading from file system: jar:file:///C:/Users/thiag/.m2/repository/com/github/almasb/fxgl/17.3/fxgl-17.3.jar!/fxglassets/languages/english.lang
09:45:27.278 [FXGL Background Thread 1 ] INFO  FXGLApplication      - FXGL initialization took: 0,414 sec
09:45:27.286 [JavaFX Application Thread] DEBUG Input                - Registered new binding: Move Right - D
09:45:27.286 [JavaFX Application Thread] DEBUG Input                - Registered new binding: Move Left - A
09:45:27.286 [JavaFX Application Thread] DEBUG Input                - Registered new binding: Move Up - W
09:45:27.287 [JavaFX Application Thread] DEBUG Input                - Registered new binding: Move Down - S
09:45:27.287 [JavaFX Application Thread] DEBUG FXGLAssetLoaderServi - Loading from file system: jar:file:///C:/Users/thiag/.m2/repository/com/github/almasb/fxgl/17.3/fxgl-17.3.jar!/fxglassets/textures/fxgl_icon.png
09:45:27.287 [FXGL Background Thread 4 ] DEBUG FXGLAssetLoaderServi - Loading from file system: jar:file:///C:/Users/thiag/.m2/repository/com/github/almasb/fxgl/17.3/fxgl-17.3.jar!/fxglassets/ui/fonts/Abel-Regular.ttf
09:45:27.290 [FXGL Background Thread 4 ] DEBUG FXGLAssetLoaderServi - Loading from file system: jar:file:///C:/Users/thiag/.m2/repository/com/github/almasb/fxgl/17.3/fxgl-17.3.jar!/fxglassets/ui/fonts/TerminalLandMono-Regular.otf
09:45:27.293 [FXGL Background Thread 4 ] DEBUG FXGLAssetLoaderServi - Loading from file system: jar:file:///C:/Users/thiag/.m2/repository/com/github/almasb/fxgl/17.3/fxgl-17.3.jar!/fxglassets/ui/fonts/Courier-Prime.ttf
09:45:27.311 [JavaFX Application Thread] DEBUG FXGLAssetLoaderServi - Loading from file system: jar:file:///C:/Users/thiag/.m2/repository/com/github/almasb/fxgl/17.3/fxgl-17.3.jar!/fxglassets/textures/fxgl_default_cursor.png
09:45:27.314 [JavaFX Application Thread] DEBUG Input                - Registered new binding: Screenshot - CTRL+8
09:45:27.315 [JavaFX Application Thread] DEBUG Input                - Registered new binding: Dev Options - 1
09:45:27.316 [JavaFX Application Thread] DEBUG Input                - Registered new binding: Dev Console - 2
09:45:27.316 [JavaFX Application Thread] DEBUG Input                - Registered new binding: System info dump - CTRL+9
09:45:27.316 [JavaFX Application Thread] DEBUG Input                - Registered new binding: Restart - CTRL+R
09:45:27.317 [JavaFX Application Thread] DEBUG Input                - Registered new binding: Toggle Debug Camera - CTRL+7
09:45:27.321 [JavaFX Application Thread] DEBUG LoopRunner           - Starting loop
09:45:27.335 [JavaFX Application Thread] DEBUG LoopRunner           - Initializing JavaFX AnimationTimerLoop
09:45:27.336 [JavaFX Application Thread] DEBUG GameApplicationServi - Starting new game
09:45:27.336 [JavaFX Application Thread] DEBUG Input                - Clearing active input actions
09:45:27.344 [JavaFX Application Thread] DEBUG GameApplicationServi - Removing overlay from FXGLStartupScene and adding to FXGLLoadingScene
09:45:27.347 [JavaFX Application Thread] DEBUG PrimaryStageWindow   - FXGLStartupScene -> FXGLLoadingScene
09:45:27.347 [JavaFX Application Thread] DEBUG GameApplicationServi - Clearing previous game
09:45:27.347 [JavaFX Application Thread] DEBUG GameScene            - Clearing game scene
09:45:27.347 [JavaFX Application Thread] DEBUG GameWorld            - Clearing game world
09:45:27.347 [JavaFX Application Thread] DEBUG PhysicsWorld         - Clearing physics world
09:45:27.348 [FXGL Background Thread 4 ] DEBUG FXGLApplication      - Initializing game
09:45:27.348 [JavaFX Application Thread] DEBUG FXGLApplication      - Registering font factories with UI factory
09:45:27.405 [FXGL Background Thread 4 ] WARN  TMXLevelLoader       - TiledMap generated from 1.10.2. Supported version: 1.9.0. Some features may not be parsed fully.
09:45:27.423 [FXGL Background Thread 4 ] DEBUG TMXLevelLoader       - Parsed TiledMap: file:/C:/Users/thiag/OneDrive/Documentos/GitHub/RPGemturnosG1/Jogo/target/classes/assets/levels/Mansao.tmx
09:45:27.424 [FXGL Background Thread 4 ] DEBUG TMXLevelLoader       - Creating tile layer entities
09:45:27.427 [FXGL Background Thread 4 ] DEBUG TilesetLoader        - Loading view for layer Chão
09:45:27.430 [FXGL Background Thread 4 ] DEBUG TilesetLoader        - Created buffer with size 1280.0x768.0
09:45:27.441 [FXGL Background Thread 4 ] DEBUG TilesetLoader        - Loading view for layer ChãoGraminhas
09:45:27.444 [FXGL Background Thread 4 ] DEBUG TilesetLoader        - Created buffer with size 1280.0x768.0
09:45:27.450 [FXGL Background Thread 4 ] DEBUG TilesetLoader        - Loading view for layer Árvores
09:45:27.452 [FXGL Background Thread 4 ] DEBUG TilesetLoader        - Created buffer with size 1280.0x768.0
09:45:27.461 [FXGL Background Thread 4 ] DEBUG TilesetLoader        - Loading view for layer arvore
09:45:27.464 [FXGL Background Thread 4 ] DEBUG TilesetLoader        - Created buffer with size 1280.0x768.0
09:45:27.465 [FXGL Background Thread 4 ] DEBUG TilesetLoader        - Loading view for layer Mansao
09:45:27.468 [FXGL Background Thread 4 ] DEBUG TilesetLoader        - Created buffer with size 1280.0x768.0
09:45:27.472 [FXGL Background Thread 4 ] DEBUG TilesetLoader        - Loading view for layer ARVORE2.0
09:45:27.474 [FXGL Background Thread 4 ] DEBUG TilesetLoader        - Created buffer with size 1280.0x768.0
09:45:27.475 [FXGL Background Thread 4 ] DEBUG TMXLevelLoader       - Creating object layer entities
09:45:27.500 [FXGL Background Thread 4 ] DEBUG GameWorld            - Clearing removable entities
09:45:27.501 [FXGL Background Thread 4 ] DEBUG GameWorld            - Setting level: com.almasb.fxgl.entity.level.Level@33b58359
09:45:27.517 [FXGL Background Thread 4 ] DEBUG FXGLAssetLoaderServi - Loading from file system: file:/C:/Users/thiag/OneDrive/Documentos/GitHub/RPGemturnosG1/Jogo/target/classes/assets/textures/dev_player.png
09:45:27.541 [FXGL Background Thread 4 ] WARN  GameWorld            - Entity is already attached to world
09:45:27.541 [FXGL Background Thread 4 ] WARN  GameWorld            - Entity is already attached to world
09:45:27.544 [FXGL Background Thread 4 ] DEBUG FXGLAssetLoaderServi - Loading from file system: file:/C:/Users/thiag/OneDrive/Documentos/GitHub/RPGemturnosG1/Jogo/target/classes/assets/textures/male_hurt.png
09:45:27.547 [FXGL Background Thread 4 ] WARN  GameWorld            - Entity is already attached to world
09:45:27.548 [FXGL Background Thread 4 ] INFO  FXGLApplication      - Game initialization took: 0,199 sec
09:45:27.572 [JavaFX Application Thread] DEBUG Input                - Clearing active input actions
09:45:27.578 [JavaFX Application Thread] DEBUG GameApplicationServi - Removing overlay from FXGLLoadingScene and adding to GameScene
09:45:27.581 [JavaFX Application Thread] DEBUG PrimaryStageWindow   - FXGLLoadingScene -> GameScene
09:45:30.259 [FXGL Background Thread 3 ] DEBUG Engine               - Logging environment variables
09:45:30.260 [FXGL Background Thread 3 ] DEBUG Engine               - achievements: []
09:45:30.260 [FXGL Background Thread 3 ] DEBUG Engine               - actualHeight: 720.0
09:45:30.260 [FXGL Background Thread 3 ] DEBUG Engine               - actualHeightProperty: ReadOnlyDoubleProperty [value: 720.0]
09:45:30.260 [FXGL Background Thread 3 ] DEBUG Engine               - actualWidth: 1280.0
09:45:30.260 [FXGL Background Thread 3 ] DEBUG Engine               - actualWidthProperty: ReadOnlyDoubleProperty [value: 1280.0]
09:45:30.260 [FXGL Background Thread 3 ] DEBUG Engine               - appIcon: fxgl_icon.png
09:45:30.260 [FXGL Background Thread 3 ] DEBUG Engine               - applicationMode: DEVELOPER
09:45:30.260 [FXGL Background Thread 3 ] DEBUG Engine               - cSSList: [fxgl_dark.css]
09:45:30.260 [FXGL Background Thread 3 ] DEBUG Engine               - collisionDetectionStrategy: BRUTE_FORCE
09:45:30.260 [FXGL Background Thread 3 ] DEBUG Engine               - configClass: Optional.empty
09:45:30.260 [FXGL Background Thread 3 ] DEBUG Engine               - credits: []
09:45:30.261 [FXGL Background Thread 3 ] DEBUG Engine               - defaultCursor: CursorInfo(imageName=fxgl_default_cursor.png, hotspotX=7.0, hotspotY=6.0)
09:45:30.261 [FXGL Background Thread 3 ] DEBUG Engine               - devBBoxColorProperty: ObjectProperty [value: 0xff0000ff]
09:45:30.261 [FXGL Background Thread 3 ] DEBUG Engine               - devEnableDebugCameraProperty: BooleanProperty [value: false]
09:45:30.261 [FXGL Background Thread 3 ] DEBUG Engine               - devSensorColorProperty: ObjectProperty [value: 0xffff00ff]
09:45:30.261 [FXGL Background Thread 3 ] DEBUG Engine               - devShowBBoxProperty: BooleanProperty [value: false]
09:45:30.261 [FXGL Background Thread 3 ] DEBUG Engine               - devShowPositionProperty: BooleanProperty [value: false]
09:45:30.261 [FXGL Background Thread 3 ] DEBUG Engine               - enabledMenuItems: []
09:45:30.261 [FXGL Background Thread 3 ] DEBUG Engine               - engineServices: [class com.almasb.fxgl.app.services.FXGLAssetLoaderService, class com.almasb.fxgl.app.FXGLApplication$GameApplicationService, class com.almasb.fxgl.app.services.FXGLDialogService, class com.almasb.fxgl.app.services.IOTaskExecutorService, class com.almasb.fxgl.io.FileSystemService, class com.almasb.fxgl.localization.LocalizationService, class com.almasb.fxgl.app.services.SystemBundleService, class com.almasb.fxgl.profile.SaveLoadService, class com.almasb.fxgl.ui.FXGLUIFactoryServiceProvider, class com.almasb.fxgl.ui.FXGLDialogFactoryServiceProvider, class com.almasb.fxgl.audio.AudioPlayer, class com.almasb.fxgl.notification.impl.NotificationServiceProvider, class com.almasb.fxgl.achievement.AchievementService, class com.almasb.fxgl.cutscene.CutsceneService, class com.almasb.fxgl.minigames.MiniGameService, class com.almasb.fxgl.net.NetService, class com.almasb.fxgl.app.services.UpdaterService, class com.almasb.fxgl.dev.DevService]
09:45:30.261 [FXGL Background Thread 3 ] DEBUG Engine               - fontGame: Abel-Regular.ttf
09:45:30.261 [FXGL Background Thread 3 ] DEBUG Engine               - fontMono: TerminalLandMono-Regular.otf
09:45:30.261 [FXGL Background Thread 3 ] DEBUG Engine               - fontSizeScaleUI: 1.0
09:45:30.261 [FXGL Background Thread 3 ] DEBUG Engine               - fontText: Courier-Prime.ttf
09:45:30.261 [FXGL Background Thread 3 ] DEBUG Engine               - fontUI: VarelaRound-Regular.ttf
09:45:30.262 [FXGL Background Thread 3 ] DEBUG Engine               - fullScreen: BooleanProperty [value: false]
09:45:30.262 [FXGL Background Thread 3 ] DEBUG Engine               - gameDifficulty: MEDIUM
09:45:30.262 [FXGL Background Thread 3 ] DEBUG Engine               - gameDifficultyProperty: ObjectProperty [value: MEDIUM]
09:45:30.262 [FXGL Background Thread 3 ] DEBUG Engine               - globalMusicVolume: 0.5
09:45:30.262 [FXGL Background Thread 3 ] DEBUG Engine               - globalMusicVolumeProperty: DoubleProperty [value: 0.5]
09:45:30.262 [FXGL Background Thread 3 ] DEBUG Engine               - globalSoundVolume: 0.5
09:45:30.262 [FXGL Background Thread 3 ] DEBUG Engine               - globalSoundVolumeProperty: DoubleProperty [value: 0.5]
09:45:30.262 [FXGL Background Thread 3 ] DEBUG Engine               - height: 720
09:45:30.262 [FXGL Background Thread 3 ] DEBUG Engine               - is3D: false
09:45:30.262 [FXGL Background Thread 3 ] DEBUG Engine               - isAndroid: false
09:45:30.262 [FXGL Background Thread 3 ] DEBUG Engine               - isBrowser: false
09:45:30.262 [FXGL Background Thread 3 ] DEBUG Engine               - isClickFeedbackEnabled: false
09:45:30.262 [FXGL Background Thread 3 ] DEBUG Engine               - isCloseConfirmation: false
09:45:30.262 [FXGL Background Thread 3 ] DEBUG Engine               - isDesktop: true
09:45:30.262 [FXGL Background Thread 3 ] DEBUG Engine               - isDeveloperMenuEnabled: true
09:45:30.262 [FXGL Background Thread 3 ] DEBUG Engine               - isEmbedded: false
09:45:30.262 [FXGL Background Thread 3 ] DEBUG Engine               - isEntityPreloadEnabled: true
09:45:30.262 [FXGL Background Thread 3 ] DEBUG Engine               - isExperimentalTiledLargeMap: false
09:45:30.262 [FXGL Background Thread 3 ] DEBUG Engine               - isFileSystemWriteAllowed: true
09:45:30.263 [FXGL Background Thread 3 ] DEBUG Engine               - isFullScreenAllowed: true
09:45:30.263 [FXGL Background Thread 3 ] DEBUG Engine               - isFullScreenFromStart: false
09:45:30.263 [FXGL Background Thread 3 ] DEBUG Engine               - isGameMenuEnabled: true
09:45:30.263 [FXGL Background Thread 3 ] DEBUG Engine               - isIOS: false
09:45:30.263 [FXGL Background Thread 3 ] DEBUG Engine               - isIntroEnabled: false
09:45:30.263 [FXGL Background Thread 3 ] DEBUG Engine               - isLinux: false
09:45:30.263 [FXGL Background Thread 3 ] DEBUG Engine               - isMac: false
09:45:30.263 [FXGL Background Thread 3 ] DEBUG Engine               - isMainMenuEnabled: false
09:45:30.263 [FXGL Background Thread 3 ] DEBUG Engine               - isManualResizeEnabled: false
09:45:30.263 [FXGL Background Thread 3 ] DEBUG Engine               - isMobile: false
09:45:30.263 [FXGL Background Thread 3 ] DEBUG Engine               - isNative: false
09:45:30.263 [FXGL Background Thread 3 ] DEBUG Engine               - isPauseMusicWhenMinimized: true
09:45:30.263 [FXGL Background Thread 3 ] DEBUG Engine               - isPreserveResizeRatio: false
09:45:30.263 [FXGL Background Thread 3 ] DEBUG Engine               - isProfilingEnabled: false
09:45:30.263 [FXGL Background Thread 3 ] DEBUG Engine               - isScaleAffectedOnResize: true
09:45:30.263 [FXGL Background Thread 3 ] DEBUG Engine               - isSingleStep: false
09:45:30.263 [FXGL Background Thread 3 ] DEBUG Engine               - isUserProfileEnabled: false
09:45:30.264 [FXGL Background Thread 3 ] DEBUG Engine               - isWindows: true
09:45:30.264 [FXGL Background Thread 3 ] DEBUG Engine               - language: ObjectProperty [value: ENGLISH]
09:45:30.264 [FXGL Background Thread 3 ] DEBUG Engine               - menuKey: ESCAPE
09:45:30.264 [FXGL Background Thread 3 ] DEBUG Engine               - mouseSensitivity: 0.2
09:45:30.264 [FXGL Background Thread 3 ] DEBUG Engine               - notificationViewClass: class com.almasb.fxgl.notification.view.XboxNotificationView
09:45:30.264 [FXGL Background Thread 3 ] DEBUG Engine               - pixelsPerMeter: 50.0
09:45:30.264 [FXGL Background Thread 3 ] DEBUG Engine               - platform: WINDOWS
09:45:30.264 [FXGL Background Thread 3 ] DEBUG Engine               - prefHeightProperty: ReadOnlyDoubleProperty [value: 720.0]
09:45:30.264 [FXGL Background Thread 3 ] DEBUG Engine               - prefWidthProperty: ReadOnlyDoubleProperty [value: 1280.0]
09:45:30.264 [FXGL Background Thread 3 ] DEBUG Engine               - profileDir: profiles/
09:45:30.264 [FXGL Background Thread 3 ] DEBUG Engine               - profileName: StringProperty [value: DEFAULT]
09:45:30.264 [FXGL Background Thread 3 ] DEBUG Engine               - randomSeed: -1
09:45:30.265 [FXGL Background Thread 3 ] DEBUG Engine               - runtimeInfo: RuntimeInfo(platform=WINDOWS, version=17.3, build=30.03.2023 11.49)
09:45:30.265 [FXGL Background Thread 3 ] DEBUG Engine               - saveFileExt: sav
09:45:30.265 [FXGL Background Thread 3 ] DEBUG Engine               - scaledHeightProp$fxgl: DoubleProperty [bound, value: 720.0]
09:45:30.265 [FXGL Background Thread 3 ] DEBUG Engine               - scaledWidthProp$fxgl: DoubleProperty [bound, value: 1280.0]
09:45:30.265 [FXGL Background Thread 3 ] DEBUG Engine               - sceneFactory: com.almasb.fxgl.app.scene.SceneFactory@3c603c36
09:45:30.265 [FXGL Background Thread 3 ] DEBUG Engine               - secondsIn24h: 60
09:45:30.265 [FXGL Background Thread 3 ] DEBUG Engine               - soundMenuBack: menu/back.wav
09:45:30.265 [FXGL Background Thread 3 ] DEBUG Engine               - soundMenuPress: menu/press.wav
09:45:30.265 [FXGL Background Thread 3 ] DEBUG Engine               - soundMenuSelect: menu/select.wav
09:45:30.265 [FXGL Background Thread 3 ] DEBUG Engine               - soundNotification: core/notification.wav
09:45:30.265 [FXGL Background Thread 3 ] DEBUG Engine               - stageStyle: DECORATED
09:45:30.265 [FXGL Background Thread 3 ] DEBUG Engine               - supportedLanguages: [ENGLISH, FRENCH, GERMAN, HUNGARIAN, RUSSIAN]
09:45:30.265 [FXGL Background Thread 3 ] DEBUG Engine               - ticksPerSecond: -1
09:45:30.265 [FXGL Background Thread 3 ] DEBUG Engine               - title: Silenciados
09:45:30.265 [FXGL Background Thread 3 ] DEBUG Engine               - urlGithub: https://github.com/AlmasB/FXGL
09:45:30.265 [FXGL Background Thread 3 ] DEBUG Engine               - urlLeaderboard: http://fxgl-top.herokuapp.com/
09:45:30.265 [FXGL Background Thread 3 ] DEBUG Engine               - urlPOM: https://raw.githubusercontent.com/AlmasB/FXGL/release/README.md
09:45:30.265 [FXGL Background Thread 3 ] DEBUG Engine               - userAppClass: class Interface.SilenciadosApp
09:45:30.265 [FXGL Background Thread 3 ] DEBUG Engine               - version: 0.1
09:45:30.265 [FXGL Background Thread 3 ] DEBUG Engine               - versionCheckDays: 7
09:45:30.265 [FXGL Background Thread 3 ] DEBUG Engine               - width: 1280
09:45:30.265 [FXGL Background Thread 3 ] DEBUG Engine               - Logging services
09:45:30.265 [FXGL Background Thread 3 ] DEBUG Engine               - class com.almasb.fxgl.app.services.FXGLAssetLoaderService
09:45:30.266 [FXGL Background Thread 3 ] DEBUG Engine               - class com.almasb.fxgl.app.FXGLApplication$GameApplicationService
09:45:30.266 [FXGL Background Thread 3 ] DEBUG Engine               - class com.almasb.fxgl.app.services.FXGLDialogService
09:45:30.266 [FXGL Background Thread 3 ] DEBUG Engine               - class com.almasb.fxgl.app.services.IOTaskExecutorService
09:45:30.266 [FXGL Background Thread 3 ] DEBUG Engine               - class com.almasb.fxgl.io.FileSystemService
09:45:30.266 [FXGL Background Thread 3 ] DEBUG Engine               - class com.almasb.fxgl.localization.LocalizationService
09:45:30.266 [FXGL Background Thread 3 ] DEBUG Engine               - class com.almasb.fxgl.app.services.SystemBundleService
09:45:30.266 [FXGL Background Thread 3 ] DEBUG Engine               - class com.almasb.fxgl.profile.SaveLoadService
09:45:30.266 [FXGL Background Thread 3 ] DEBUG Engine               - class com.almasb.fxgl.ui.FXGLUIFactoryServiceProvider
09:45:30.266 [FXGL Background Thread 3 ] DEBUG Engine               - class com.almasb.fxgl.ui.FXGLDialogFactoryServiceProvider
09:45:30.266 [FXGL Background Thread 3 ] DEBUG Engine               - class com.almasb.fxgl.audio.AudioPlayer
09:45:30.266 [FXGL Background Thread 3 ] DEBUG Engine               - class com.almasb.fxgl.notification.impl.NotificationServiceProvider
09:45:30.266 [FXGL Background Thread 3 ] DEBUG Engine               - class com.almasb.fxgl.achievement.AchievementService
09:45:30.266 [FXGL Background Thread 3 ] DEBUG Engine               - class com.almasb.fxgl.cutscene.CutsceneService
09:45:30.266 [FXGL Background Thread 3 ] DEBUG Engine               - class com.almasb.fxgl.minigames.MiniGameService
09:45:30.266 [FXGL Background Thread 3 ] DEBUG Engine               - class com.almasb.fxgl.net.NetService
09:45:30.266 [FXGL Background Thread 3 ] DEBUG Engine               - class com.almasb.fxgl.app.services.UpdaterService
09:45:30.266 [FXGL Background Thread 3 ] DEBUG Engine               - class com.almasb.fxgl.dev.DevService
09:45:31.677 [JavaFX Application Thread] DEBUG PrimaryStageWindow   - Push state: FXGLDefaultMenu
09:45:31.682 [JavaFX Application Thread] DEBUG Input                - Clearing active input actions
09:45:31.684 [JavaFX Application Thread] DEBUG GameApplicationServi - Removing overlay from GameScene and adding to FXGLDefaultMenu
09:45:31.686 [JavaFX Application Thread] DEBUG PrimaryStageWindow   - GameScene -> FXGLDefaultMenu
09:45:33.564 [JavaFX Application Thread] DEBUG FXGLApplication      - Exiting FXGL
09:45:33.564 [JavaFX Application Thread] DEBUG LoopRunner           - Stopping loop
09:45:33.564 [JavaFX Application Thread] DEBUG SystemBundleService  - Saving FXGL system data
09:45:33.566 [JavaFX Application Thread] DEBUG FileSystemAccess     - Writing to: C:\Users\thiag\OneDrive\Documentos\GitHub\RPGemturnosG1\Jogo\system\fxgl.bundle
09:45:33.568 [JavaFX Application Thread] DEBUG Async                - Shutting down background threads
09:45:33.568 [JavaFX Application Thread] DEBUG PrimaryStageWindow   - Closing main window
09:45:33.576 [JavaFX Application Thread] DEBUG Logger               - Closing Logger
