10:14:26.242 [main                     ] DEBUG Logger               - Configured Logger
10:14:26.286 [main                     ] DEBUG GameApplication      - Logging settings
Title: Silenciados
Version: 0.1
Width: 1280
Height: 720
Fullscreen: true
Intro: false
Profiling: false
Single step:false
App Mode: DEVELOPER
Menu Key: ESCAPE
Stage Style: DECORATED
Scene Factory: class com.almasb.fxgl.app.scene.SceneFactory

10:14:26.640 [JavaFX Application Thread] DEBUG FXGLApplication      - Initializing FXGL
10:14:26.652 [JavaFX Application Thread] INFO  Engine               - FXGL-17.3 (30.03.2023 11.49) on WINDOWS (J:17.0.9 FX:20)
10:14:26.652 [JavaFX Application Thread] DEBUG Engine               - JRE Vendor Name: Oracle Corporation
10:14:26.653 [JavaFX Application Thread] DEBUG Engine               - Running on OS: Windows 11 version 10.0
10:14:26.653 [JavaFX Application Thread] DEBUG Engine               - Architecture: amd64
10:14:26.653 [JavaFX Application Thread] INFO  Engine               - Source code and latest versions at: https://github.com/AlmasB/FXGL
10:14:26.654 [JavaFX Application Thread] INFO  Engine               -       Ask questions and discuss at: https://github.com/AlmasB/FXGL/discussions
10:14:26.654 [JavaFX Application Thread] INFO  Engine               -              Join the FXGL chat at: https://gitter.im/AlmasB/FXGL
10:14:26.777 [JavaFX Application Thread] DEBUG PrimaryStageWindow   - Creating a JavaFX scene
10:14:26.830 [JavaFX Application Thread] DEBUG PrimaryStageWindow   - Target settings size: 1280.0 x 720.0
10:14:26.832 [JavaFX Application Thread] DEBUG PrimaryStageWindow   - Scaled scene size:    1280.0 x 720.0
10:14:26.832 [JavaFX Application Thread] DEBUG PrimaryStageWindow   - Scaled ratio: (1.0, 1.0)
10:14:26.833 [JavaFX Application Thread] DEBUG PrimaryStageWindow   - Set initial scene to FXGLStartupScene
10:14:26.839 [JavaFX Application Thread] DEBUG PrimaryStageWindow   - Opening main window
10:14:26.934 [JavaFX Application Thread] DEBUG PrimaryStageWindow   - Window border size: (16.0, 39.0)
10:14:26.935 [JavaFX Application Thread] DEBUG PrimaryStageWindow   - Scaled size: 1280.0 x 720.0
10:14:26.936 [JavaFX Application Thread] DEBUG PrimaryStageWindow   - Scaled ratio: (1.0, 1.0)
10:14:26.936 [JavaFX Application Thread] DEBUG PrimaryStageWindow   - Scene size: 1280.0 x 720.0
10:14:26.937 [JavaFX Application Thread] DEBUG PrimaryStageWindow   - Stage size: 1296.0 x 759.0
10:14:26.952 [FXGL Background Thread 1 ] DEBUG Engine               - Initializing environment variables
10:14:27.001 [FXGL Background Thread 1 ] DEBUG FXGLAssetLoaderServi - User app class for loading assets: class Interface.SilenciadosApp
10:14:27.002 [FXGL Background Thread 1 ] DEBUG GameApplicationServi - Applying CSS: fxgl_dark.css
10:14:27.003 [FXGL Background Thread 1 ] DEBUG FXGLAssetLoaderServi - Loading from file system: jar:file:///C:/Users/aless/.m2/repository/com/github/almasb/fxgl/17.3/fxgl-17.3.jar!/fxglassets/ui/css/fxgl_dark.css
10:14:27.095 [FXGL Background Thread 1 ] DEBUG GameApplicationServi - Initializing application scenes
10:14:27.220 [FXGL Background Thread 1 ] DEBUG GameWorld            - Game world initialized
10:14:27.291 [FXGL Background Thread 1 ] DEBUG PhysicsWorld         - Physics world initialized: appHeight=720, physics.ppm=50,0
10:14:27.292 [FXGL Background Thread 1 ] DEBUG PhysicsWorld         - Using strategy: BRUTE_FORCE
10:14:27.298 [FXGL Background Thread 1 ] DEBUG GameScene            - Game scene initialized: 1280x720
10:14:27.313 [FXGL Background Thread 1 ] DEBUG FXGL.DefaultMenu     - createMenuBodyGameMenu()
10:14:27.331 [FXGL Background Thread 1 ] DEBUG FXGL.DefaultMenu     - createOptionsMenu()
10:14:27.346 [FXGL Background Thread 1 ] DEBUG FXGLAssetLoaderServi - Loading from file system: jar:file:///C:/Users/aless/.m2/repository/com/github/almasb/fxgl/17.3/fxgl-17.3.jar!/fxglassets/textures/particles/smoke.png
10:14:27.468 [FXGL Background Thread 1 ] DEBUG FXGLAssetLoaderServi - Loading from file system: jar:file:///C:/Users/aless/.m2/repository/com/github/almasb/fxgl/17.3/fxgl-17.3.jar!/fxglassets/textures/particles/trace_horizontal.png
10:14:27.507 [FXGL Background Thread 1 ] DEBUG GameApplicationServi - Application scenes initialized
10:14:27.525 [FXGL Background Thread 1 ] DEBUG SystemBundleService  - Loading FXGL system data
10:14:27.532 [FXGL Background Thread 1 ] DEBUG FileSystemAccess     - Reading from: C:\Users\aless\OneDrive\Documentos\GitHub\RPGemturnosG1\Jogo\system\fxgl.bundle
10:14:27.544 [FXGL Background Thread 1 ] DEBUG SystemBundleService  - Bundle FXGL: {}
10:14:27.544 [FXGL Background Thread 1 ] DEBUG UpdaterService       - Checking for updates
10:14:27.580 [FXGL Background Thread 1 ] DEBUG FXGLApplication      - Loading default localization
10:14:27.581 [FXGL Background Thread 1 ] DEBUG FXGLAssetLoaderServi - Loading from file system: jar:file:///C:/Users/aless/.m2/repository/com/github/almasb/fxgl/17.3/fxgl-17.3.jar!/fxglassets/languages/english.lang
10:14:27.587 [FXGL Background Thread 4 ] DEBUG FXGLApplication      - Loading fonts
10:14:27.589 [FXGL Background Thread 4 ] DEBUG FXGLAssetLoaderServi - Loading from file system: jar:file:///C:/Users/aless/.m2/repository/com/github/almasb/fxgl/17.3/fxgl-17.3.jar!/fxglassets/ui/fonts/VarelaRound-Regular.ttf
10:14:27.610 [FXGL Background Thread 1 ] INFO  FXGLApplication      - FXGL initialization took: 0,658 sec
10:14:27.624 [JavaFX Application Thread] DEBUG Input                - Registered new binding: Move Right - D
10:14:27.624 [JavaFX Application Thread] DEBUG Input                - Registered new binding: Move Left - A
10:14:27.625 [JavaFX Application Thread] DEBUG Input                - Registered new binding: Move Up - W
10:14:27.625 [JavaFX Application Thread] DEBUG Input                - Registered new binding: Move Down - S
10:14:27.626 [JavaFX Application Thread] DEBUG FXGLAssetLoaderServi - Loading from file system: jar:file:///C:/Users/aless/.m2/repository/com/github/almasb/fxgl/17.3/fxgl-17.3.jar!/fxglassets/textures/fxgl_icon.png
10:14:27.644 [JavaFX Application Thread] DEBUG FXGLAssetLoaderServi - Loading from file system: jar:file:///C:/Users/aless/.m2/repository/com/github/almasb/fxgl/17.3/fxgl-17.3.jar!/fxglassets/textures/fxgl_default_cursor.png
10:14:27.647 [JavaFX Application Thread] DEBUG Input                - Registered new binding: Screenshot - CTRL+8
10:14:27.648 [JavaFX Application Thread] DEBUG Input                - Registered new binding: Dev Options - 1
10:14:27.648 [JavaFX Application Thread] DEBUG Input                - Registered new binding: Dev Console - 2
10:14:27.649 [JavaFX Application Thread] DEBUG Input                - Registered new binding: System info dump - CTRL+9
10:14:27.651 [JavaFX Application Thread] DEBUG Input                - Registered new binding: Restart - CTRL+R
10:14:27.652 [JavaFX Application Thread] DEBUG Input                - Registered new binding: Toggle Debug Camera - CTRL+7
10:14:27.659 [JavaFX Application Thread] DEBUG LoopRunner           - Starting loop
10:14:27.682 [JavaFX Application Thread] DEBUG LoopRunner           - Initializing JavaFX AnimationTimerLoop
10:14:27.683 [JavaFX Application Thread] DEBUG GameApplicationServi - Starting new game
10:14:27.684 [JavaFX Application Thread] DEBUG Input                - Clearing active input actions
10:14:27.702 [JavaFX Application Thread] DEBUG GameApplicationServi - Removing overlay from FXGLStartupScene and adding to FXGLLoadingScene
10:14:27.706 [JavaFX Application Thread] DEBUG PrimaryStageWindow   - FXGLStartupScene -> FXGLLoadingScene
10:14:27.709 [JavaFX Application Thread] DEBUG GameApplicationServi - Clearing previous game
10:14:27.709 [JavaFX Application Thread] DEBUG GameScene            - Clearing game scene
10:14:27.709 [JavaFX Application Thread] DEBUG GameWorld            - Clearing game world
10:14:27.710 [JavaFX Application Thread] DEBUG PhysicsWorld         - Clearing physics world
10:14:27.712 [FXGL Background Thread 1 ] DEBUG FXGLApplication      - Initializing game
10:14:27.933 [FXGL Background Thread 1 ] WARN  TMXLevelLoader       - TiledMap generated from 1.10.2. Supported version: 1.9.0. Some features may not be parsed fully.
10:14:27.963 [FXGL Background Thread 1 ] DEBUG TMXLevelLoader       - Parsed TiledMap: file:/C:/Users/aless/OneDrive/Documentos/GitHub/RPGemturnosG1/Jogo/target/classes/assets/levels/Mansao.tmx
10:14:27.964 [FXGL Background Thread 1 ] DEBUG TMXLevelLoader       - Creating tile layer entities
10:14:27.967 [FXGL Background Thread 1 ] DEBUG TilesetLoader        - Loading view for layer Chão
10:14:27.969 [FXGL Background Thread 1 ] DEBUG TilesetLoader        - Created buffer with size 1280.0x768.0
10:14:27.990 [FXGL Background Thread 1 ] DEBUG TilesetLoader        - Loading view for layer ChãoGraminhas
10:14:27.993 [FXGL Background Thread 1 ] DEBUG TilesetLoader        - Created buffer with size 1280.0x768.0
10:14:28.003 [FXGL Background Thread 1 ] DEBUG TilesetLoader        - Loading view for layer Árvores
10:14:28.005 [FXGL Background Thread 1 ] DEBUG TilesetLoader        - Created buffer with size 1280.0x768.0
10:14:28.058 [FXGL Background Thread 1 ] DEBUG TilesetLoader        - Loading view for layer arvore
10:14:28.065 [FXGL Background Thread 1 ] DEBUG TilesetLoader        - Created buffer with size 1280.0x768.0
10:14:28.066 [FXGL Background Thread 1 ] DEBUG TilesetLoader        - Loading view for layer Mansao
10:14:28.077 [FXGL Background Thread 1 ] DEBUG TilesetLoader        - Created buffer with size 1280.0x768.0
10:14:28.082 [FXGL Background Thread 1 ] DEBUG TilesetLoader        - Loading view for layer ARVORE2.0
10:14:28.084 [FXGL Background Thread 1 ] DEBUG TilesetLoader        - Created buffer with size 1280.0x768.0
10:14:28.085 [FXGL Background Thread 1 ] DEBUG TMXLevelLoader       - Creating object layer entities
10:14:28.129 [FXGL Background Thread 1 ] DEBUG GameWorld            - Clearing removable entities
10:14:28.130 [FXGL Background Thread 1 ] DEBUG GameWorld            - Setting level: com.almasb.fxgl.entity.level.Level@7c667251
10:14:28.151 [FXGL Background Thread 1 ] DEBUG FXGLAssetLoaderServi - Loading from file system: file:/C:/Users/aless/OneDrive/Documentos/GitHub/RPGemturnosG1/Jogo/target/classes/assets/textures/dev_player.png
10:14:28.207 [FXGL Background Thread 4 ] DEBUG FXGLAssetLoaderServi - Loading from file system: jar:file:///C:/Users/aless/.m2/repository/com/github/almasb/fxgl/17.3/fxgl-17.3.jar!/fxglassets/ui/fonts/Abel-Regular.ttf
10:14:28.212 [FXGL Background Thread 4 ] DEBUG FXGLAssetLoaderServi - Loading from file system: jar:file:///C:/Users/aless/.m2/repository/com/github/almasb/fxgl/17.3/fxgl-17.3.jar!/fxglassets/ui/fonts/TerminalLandMono-Regular.otf
10:14:28.217 [FXGL Background Thread 4 ] DEBUG FXGLAssetLoaderServi - Loading from file system: jar:file:///C:/Users/aless/.m2/repository/com/github/almasb/fxgl/17.3/fxgl-17.3.jar!/fxglassets/ui/fonts/Courier-Prime.ttf
10:14:28.237 [FXGL Background Thread 1 ] WARN  GameWorld            - Entity is already attached to world
10:14:28.238 [FXGL Background Thread 1 ] WARN  GameWorld            - Entity is already attached to world
10:14:28.247 [FXGL Background Thread 1 ] DEBUG FXGLAssetLoaderServi - Loading from file system: file:/C:/Users/aless/OneDrive/Documentos/GitHub/RPGemturnosG1/Jogo/target/classes/assets/textures/male_hurt.png
10:14:28.250 [FXGL Background Thread 1 ] WARN  GameWorld            - Entity is already attached to world
10:14:28.253 [FXGL Background Thread 1 ] INFO  FXGLApplication      - Game initialization took: 0,540 sec
10:14:28.357 [JavaFX Application Thread] DEBUG FXGLApplication      - Registering font factories with UI factory
10:14:28.365 [JavaFX Application Thread] DEBUG Input                - Clearing active input actions
10:14:28.376 [JavaFX Application Thread] DEBUG GameApplicationServi - Removing overlay from FXGLLoadingScene and adding to GameScene
10:14:28.381 [JavaFX Application Thread] DEBUG PrimaryStageWindow   - FXGLLoadingScene -> GameScene
10:14:30.578 [FXGL Background Thread 3 ] DEBUG Engine               - Logging environment variables
10:14:30.579 [FXGL Background Thread 3 ] DEBUG Engine               - achievements: []
10:14:30.579 [FXGL Background Thread 3 ] DEBUG Engine               - actualHeight: 720.0
10:14:30.580 [FXGL Background Thread 3 ] DEBUG Engine               - actualHeightProperty: ReadOnlyDoubleProperty [value: 720.0]
10:14:30.582 [FXGL Background Thread 3 ] DEBUG Engine               - actualWidth: 1280.0
10:14:30.583 [FXGL Background Thread 3 ] DEBUG Engine               - actualWidthProperty: ReadOnlyDoubleProperty [value: 1280.0]
10:14:30.583 [FXGL Background Thread 3 ] DEBUG Engine               - appIcon: fxgl_icon.png
10:14:30.584 [FXGL Background Thread 3 ] DEBUG Engine               - applicationMode: DEVELOPER
10:14:30.584 [FXGL Background Thread 3 ] DEBUG Engine               - cSSList: [fxgl_dark.css]
10:14:30.584 [FXGL Background Thread 3 ] DEBUG Engine               - collisionDetectionStrategy: BRUTE_FORCE
10:14:30.584 [FXGL Background Thread 3 ] DEBUG Engine               - configClass: Optional.empty
10:14:30.584 [FXGL Background Thread 3 ] DEBUG Engine               - credits: []
10:14:30.585 [FXGL Background Thread 3 ] DEBUG Engine               - defaultCursor: CursorInfo(imageName=fxgl_default_cursor.png, hotspotX=7.0, hotspotY=6.0)
10:14:30.586 [FXGL Background Thread 3 ] DEBUG Engine               - devBBoxColorProperty: ObjectProperty [value: 0xff0000ff]
10:14:30.586 [FXGL Background Thread 3 ] DEBUG Engine               - devEnableDebugCameraProperty: BooleanProperty [value: false]
10:14:30.586 [FXGL Background Thread 3 ] DEBUG Engine               - devSensorColorProperty: ObjectProperty [value: 0xffff00ff]
10:14:30.586 [FXGL Background Thread 3 ] DEBUG Engine               - devShowBBoxProperty: BooleanProperty [value: false]
10:14:30.586 [FXGL Background Thread 3 ] DEBUG Engine               - devShowPositionProperty: BooleanProperty [value: false]
10:14:30.586 [FXGL Background Thread 3 ] DEBUG Engine               - enabledMenuItems: []
10:14:30.586 [FXGL Background Thread 3 ] DEBUG Engine               - engineServices: [class com.almasb.fxgl.app.services.FXGLAssetLoaderService, class com.almasb.fxgl.app.FXGLApplication$GameApplicationService, class com.almasb.fxgl.app.services.FXGLDialogService, class com.almasb.fxgl.app.services.IOTaskExecutorService, class com.almasb.fxgl.io.FileSystemService, class com.almasb.fxgl.localization.LocalizationService, class com.almasb.fxgl.app.services.SystemBundleService, class com.almasb.fxgl.profile.SaveLoadService, class com.almasb.fxgl.ui.FXGLUIFactoryServiceProvider, class com.almasb.fxgl.ui.FXGLDialogFactoryServiceProvider, class com.almasb.fxgl.audio.AudioPlayer, class com.almasb.fxgl.notification.impl.NotificationServiceProvider, class com.almasb.fxgl.achievement.AchievementService, class com.almasb.fxgl.cutscene.CutsceneService, class com.almasb.fxgl.minigames.MiniGameService, class com.almasb.fxgl.net.NetService, class com.almasb.fxgl.app.services.UpdaterService, class com.almasb.fxgl.dev.DevService]
10:14:30.586 [FXGL Background Thread 3 ] DEBUG Engine               - fontGame: Abel-Regular.ttf
10:14:30.587 [FXGL Background Thread 3 ] DEBUG Engine               - fontMono: TerminalLandMono-Regular.otf
10:14:30.587 [FXGL Background Thread 3 ] DEBUG Engine               - fontSizeScaleUI: 1.0
10:14:30.587 [FXGL Background Thread 3 ] DEBUG Engine               - fontText: Courier-Prime.ttf
10:14:30.587 [FXGL Background Thread 3 ] DEBUG Engine               - fontUI: VarelaRound-Regular.ttf
10:14:30.587 [FXGL Background Thread 3 ] DEBUG Engine               - fullScreen: BooleanProperty [value: false]
10:14:30.587 [FXGL Background Thread 3 ] DEBUG Engine               - gameDifficulty: MEDIUM
10:14:30.587 [FXGL Background Thread 3 ] DEBUG Engine               - gameDifficultyProperty: ObjectProperty [value: MEDIUM]
10:14:30.587 [FXGL Background Thread 3 ] DEBUG Engine               - globalMusicVolume: 0.5
10:14:30.587 [FXGL Background Thread 3 ] DEBUG Engine               - globalMusicVolumeProperty: DoubleProperty [value: 0.5]
10:14:30.588 [FXGL Background Thread 3 ] DEBUG Engine               - globalSoundVolume: 0.5
10:14:30.588 [FXGL Background Thread 3 ] DEBUG Engine               - globalSoundVolumeProperty: DoubleProperty [value: 0.5]
10:14:30.588 [FXGL Background Thread 3 ] DEBUG Engine               - height: 720
10:14:30.588 [FXGL Background Thread 3 ] DEBUG Engine               - is3D: false
10:14:30.588 [FXGL Background Thread 3 ] DEBUG Engine               - isAndroid: false
10:14:30.588 [FXGL Background Thread 3 ] DEBUG Engine               - isBrowser: false
10:14:30.588 [FXGL Background Thread 3 ] DEBUG Engine               - isClickFeedbackEnabled: false
10:14:30.588 [FXGL Background Thread 3 ] DEBUG Engine               - isCloseConfirmation: false
10:14:30.588 [FXGL Background Thread 3 ] DEBUG Engine               - isDesktop: true
10:14:30.588 [FXGL Background Thread 3 ] DEBUG Engine               - isDeveloperMenuEnabled: true
10:14:30.588 [FXGL Background Thread 3 ] DEBUG Engine               - isEmbedded: false
10:14:30.589 [FXGL Background Thread 3 ] DEBUG Engine               - isEntityPreloadEnabled: true
10:14:30.589 [FXGL Background Thread 3 ] DEBUG Engine               - isExperimentalTiledLargeMap: false
10:14:30.589 [FXGL Background Thread 3 ] DEBUG Engine               - isFileSystemWriteAllowed: true
10:14:30.589 [FXGL Background Thread 3 ] DEBUG Engine               - isFullScreenAllowed: true
10:14:30.589 [FXGL Background Thread 3 ] DEBUG Engine               - isFullScreenFromStart: false
10:14:30.589 [FXGL Background Thread 3 ] DEBUG Engine               - isGameMenuEnabled: true
10:14:30.589 [FXGL Background Thread 3 ] DEBUG Engine               - isIOS: false
10:14:30.589 [FXGL Background Thread 3 ] DEBUG Engine               - isIntroEnabled: false
10:14:30.589 [FXGL Background Thread 3 ] DEBUG Engine               - isLinux: false
10:14:30.589 [FXGL Background Thread 3 ] DEBUG Engine               - isMac: false
10:14:30.589 [FXGL Background Thread 3 ] DEBUG Engine               - isMainMenuEnabled: false
10:14:30.589 [FXGL Background Thread 3 ] DEBUG Engine               - isManualResizeEnabled: false
10:14:30.590 [FXGL Background Thread 3 ] DEBUG Engine               - isMobile: false
10:14:30.590 [FXGL Background Thread 3 ] DEBUG Engine               - isNative: false
10:14:30.590 [FXGL Background Thread 3 ] DEBUG Engine               - isPauseMusicWhenMinimized: true
10:14:30.590 [FXGL Background Thread 3 ] DEBUG Engine               - isPreserveResizeRatio: false
10:14:30.590 [FXGL Background Thread 3 ] DEBUG Engine               - isProfilingEnabled: false
10:14:30.590 [FXGL Background Thread 3 ] DEBUG Engine               - isScaleAffectedOnResize: true
10:14:30.591 [FXGL Background Thread 3 ] DEBUG Engine               - isSingleStep: false
10:14:30.591 [FXGL Background Thread 3 ] DEBUG Engine               - isUserProfileEnabled: false
10:14:30.591 [FXGL Background Thread 3 ] DEBUG Engine               - isWindows: true
10:14:30.591 [FXGL Background Thread 3 ] DEBUG Engine               - language: ObjectProperty [value: ENGLISH]
10:14:30.591 [FXGL Background Thread 3 ] DEBUG Engine               - menuKey: ESCAPE
10:14:30.591 [FXGL Background Thread 3 ] DEBUG Engine               - mouseSensitivity: 0.2
10:14:30.592 [FXGL Background Thread 3 ] DEBUG Engine               - notificationViewClass: class com.almasb.fxgl.notification.view.XboxNotificationView
10:14:30.592 [FXGL Background Thread 3 ] DEBUG Engine               - pixelsPerMeter: 50.0
10:14:30.592 [FXGL Background Thread 3 ] DEBUG Engine               - platform: WINDOWS
10:14:30.592 [FXGL Background Thread 3 ] DEBUG Engine               - prefHeightProperty: ReadOnlyDoubleProperty [value: 720.0]
10:14:30.592 [FXGL Background Thread 3 ] DEBUG Engine               - prefWidthProperty: ReadOnlyDoubleProperty [value: 1280.0]
10:14:30.592 [FXGL Background Thread 3 ] DEBUG Engine               - profileDir: profiles/
10:14:30.593 [FXGL Background Thread 3 ] DEBUG Engine               - profileName: StringProperty [value: DEFAULT]
10:14:30.593 [FXGL Background Thread 3 ] DEBUG Engine               - randomSeed: -1
10:14:30.594 [FXGL Background Thread 3 ] DEBUG Engine               - runtimeInfo: RuntimeInfo(platform=WINDOWS, version=17.3, build=30.03.2023 11.49)
10:14:30.595 [FXGL Background Thread 3 ] DEBUG Engine               - saveFileExt: sav
10:14:30.595 [FXGL Background Thread 3 ] DEBUG Engine               - scaledHeightProp$fxgl: DoubleProperty [bound, value: 720.0]
10:14:30.596 [FXGL Background Thread 3 ] DEBUG Engine               - scaledWidthProp$fxgl: DoubleProperty [bound, value: 1280.0]
10:14:30.596 [FXGL Background Thread 3 ] DEBUG Engine               - sceneFactory: com.almasb.fxgl.app.scene.SceneFactory@753a9c88
10:14:30.597 [FXGL Background Thread 3 ] DEBUG Engine               - secondsIn24h: 60
10:14:30.597 [FXGL Background Thread 3 ] DEBUG Engine               - soundMenuBack: menu/back.wav
10:14:30.598 [FXGL Background Thread 3 ] DEBUG Engine               - soundMenuPress: menu/press.wav
10:14:30.598 [FXGL Background Thread 3 ] DEBUG Engine               - soundMenuSelect: menu/select.wav
10:14:30.598 [FXGL Background Thread 3 ] DEBUG Engine               - soundNotification: core/notification.wav
10:14:30.598 [FXGL Background Thread 3 ] DEBUG Engine               - stageStyle: DECORATED
10:14:30.598 [FXGL Background Thread 3 ] DEBUG Engine               - supportedLanguages: [ENGLISH, FRENCH, GERMAN, HUNGARIAN, RUSSIAN]
10:14:30.598 [FXGL Background Thread 3 ] DEBUG Engine               - ticksPerSecond: -1
10:14:30.598 [FXGL Background Thread 3 ] DEBUG Engine               - title: Silenciados
10:14:30.598 [FXGL Background Thread 3 ] DEBUG Engine               - urlGithub: https://github.com/AlmasB/FXGL
10:14:30.598 [FXGL Background Thread 3 ] DEBUG Engine               - urlLeaderboard: http://fxgl-top.herokuapp.com/
10:14:30.598 [FXGL Background Thread 3 ] DEBUG Engine               - urlPOM: https://raw.githubusercontent.com/AlmasB/FXGL/release/README.md
10:14:30.599 [FXGL Background Thread 3 ] DEBUG Engine               - userAppClass: class Interface.SilenciadosApp
10:14:30.599 [FXGL Background Thread 3 ] DEBUG Engine               - version: 0.1
10:14:30.599 [FXGL Background Thread 3 ] DEBUG Engine               - versionCheckDays: 7
10:14:30.599 [FXGL Background Thread 3 ] DEBUG Engine               - width: 1280
10:14:30.599 [FXGL Background Thread 3 ] DEBUG Engine               - Logging services
10:14:30.599 [FXGL Background Thread 3 ] DEBUG Engine               - class com.almasb.fxgl.app.services.FXGLAssetLoaderService
10:14:30.599 [FXGL Background Thread 3 ] DEBUG Engine               - class com.almasb.fxgl.app.FXGLApplication$GameApplicationService
10:14:30.599 [FXGL Background Thread 3 ] DEBUG Engine               - class com.almasb.fxgl.app.services.FXGLDialogService
10:14:30.599 [FXGL Background Thread 3 ] DEBUG Engine               - class com.almasb.fxgl.app.services.IOTaskExecutorService
10:14:30.599 [FXGL Background Thread 3 ] DEBUG Engine               - class com.almasb.fxgl.io.FileSystemService
10:14:30.599 [FXGL Background Thread 3 ] DEBUG Engine               - class com.almasb.fxgl.localization.LocalizationService
10:14:30.599 [FXGL Background Thread 3 ] DEBUG Engine               - class com.almasb.fxgl.app.services.SystemBundleService
10:14:30.600 [FXGL Background Thread 3 ] DEBUG Engine               - class com.almasb.fxgl.profile.SaveLoadService
10:14:30.600 [FXGL Background Thread 3 ] DEBUG Engine               - class com.almasb.fxgl.ui.FXGLUIFactoryServiceProvider
10:14:30.600 [FXGL Background Thread 3 ] DEBUG Engine               - class com.almasb.fxgl.ui.FXGLDialogFactoryServiceProvider
10:14:30.600 [FXGL Background Thread 3 ] DEBUG Engine               - class com.almasb.fxgl.audio.AudioPlayer
10:14:30.600 [FXGL Background Thread 3 ] DEBUG Engine               - class com.almasb.fxgl.notification.impl.NotificationServiceProvider
10:14:30.600 [FXGL Background Thread 3 ] DEBUG Engine               - class com.almasb.fxgl.achievement.AchievementService
10:14:30.600 [FXGL Background Thread 3 ] DEBUG Engine               - class com.almasb.fxgl.cutscene.CutsceneService
10:14:30.600 [FXGL Background Thread 3 ] DEBUG Engine               - class com.almasb.fxgl.minigames.MiniGameService
10:14:30.600 [FXGL Background Thread 3 ] DEBUG Engine               - class com.almasb.fxgl.net.NetService
10:14:30.600 [FXGL Background Thread 3 ] DEBUG Engine               - class com.almasb.fxgl.app.services.UpdaterService
10:14:30.600 [FXGL Background Thread 3 ] DEBUG Engine               - class com.almasb.fxgl.dev.DevService
10:14:40.633 [JavaFX Application Thread] DEBUG FXGLApplication      - Exiting FXGL
10:14:40.633 [JavaFX Application Thread] DEBUG LoopRunner           - Stopping loop
10:14:40.633 [JavaFX Application Thread] DEBUG SystemBundleService  - Saving FXGL system data
10:14:40.638 [JavaFX Application Thread] DEBUG FileSystemAccess     - Writing to: C:\Users\aless\OneDrive\Documentos\GitHub\RPGemturnosG1\Jogo\system\fxgl.bundle
10:14:40.643 [JavaFX Application Thread] DEBUG Async                - Shutting down background threads
10:14:40.643 [JavaFX Application Thread] DEBUG PrimaryStageWindow   - Closing main window
10:14:40.666 [JavaFX Application Thread] DEBUG Logger               - Closing Logger
