18:13:07.397 [main                     ] DEBUG Logger               - Configured Logger
18:13:07.424 [main                     ] DEBUG GameApplication      - Logging settings
Title: Silenciados
Version: 0.1
Width: 1280
Height: 720
Fullscreen: true
Intro: false
Profiling: false
Single step:false
App Mode: DEVELOPER
Menu Key: ESCAPE
Stage Style: DECORATED
Scene Factory: class com.almasb.fxgl.app.scene.SceneFactory

18:13:07.871 [JavaFX Application Thread] DEBUG FXGLApplication      - Initializing FXGL
18:13:07.877 [JavaFX Application Thread] INFO  Engine               - FXGL-17.3 (30.03.2023 11.49) on WINDOWS (J:21.0.1 FX:20)
18:13:07.877 [JavaFX Application Thread] DEBUG Engine               - JRE Vendor Name: Oracle Corporation
18:13:07.877 [JavaFX Application Thread] DEBUG Engine               - Running on OS: Windows 11 version 10.0
18:13:07.878 [JavaFX Application Thread] DEBUG Engine               - Architecture: amd64
18:13:07.878 [JavaFX Application Thread] INFO  Engine               - Source code and latest versions at: https://github.com/AlmasB/FXGL
18:13:07.878 [JavaFX Application Thread] INFO  Engine               -       Ask questions and discuss at: https://github.com/AlmasB/FXGL/discussions
18:13:07.878 [JavaFX Application Thread] INFO  Engine               -              Join the FXGL chat at: https://gitter.im/AlmasB/FXGL
18:13:07.984 [JavaFX Application Thread] DEBUG PrimaryStageWindow   - Creating a JavaFX scene
18:13:08.040 [JavaFX Application Thread] DEBUG PrimaryStageWindow   - Target settings size: 1280.0 x 720.0
18:13:08.040 [JavaFX Application Thread] DEBUG PrimaryStageWindow   - Scaled scene size:    1280.0 x 720.0
18:13:08.040 [JavaFX Application Thread] DEBUG PrimaryStageWindow   - Scaled ratio: (1.0, 1.0)
18:13:08.041 [JavaFX Application Thread] DEBUG PrimaryStageWindow   - Set initial scene to FXGLStartupScene
18:13:08.045 [JavaFX Application Thread] DEBUG PrimaryStageWindow   - Opening main window
18:13:08.158 [JavaFX Application Thread] DEBUG PrimaryStageWindow   - Window border size: (14.4000244140625, 37.5999755859375)
18:13:08.158 [JavaFX Application Thread] DEBUG PrimaryStageWindow   - Scaled size: 1280.0 x 720.0
18:13:08.158 [JavaFX Application Thread] DEBUG PrimaryStageWindow   - Scaled ratio: (1.0, 1.0)
18:13:08.159 [JavaFX Application Thread] DEBUG PrimaryStageWindow   - Scene size: 1280.0 x 720.0
18:13:08.159 [JavaFX Application Thread] DEBUG PrimaryStageWindow   - Stage size: 1294.4000244140625 x 757.5999755859375
18:13:08.167 [FXGL Background Thread 1 ] DEBUG Engine               - Initializing environment variables
18:13:08.237 [FXGL Background Thread 1 ] DEBUG FXGLAssetLoaderServi - User app class for loading assets: class Interface.SilenciadosApp
18:13:08.237 [FXGL Background Thread 1 ] DEBUG GameApplicationServi - Applying CSS: fxgl_dark.css
18:13:08.237 [FXGL Background Thread 1 ] DEBUG FXGLAssetLoaderServi - Loading from file system: jar:file:///C:/Users/thiag/.m2/repository/com/github/almasb/fxgl/17.3/fxgl-17.3.jar!/fxglassets/ui/css/fxgl_dark.css
18:13:08.288 [FXGL Background Thread 1 ] DEBUG GameApplicationServi - Initializing application scenes
18:13:08.328 [FXGL Background Thread 1 ] DEBUG GameWorld            - Game world initialized
18:13:08.402 [FXGL Background Thread 1 ] DEBUG PhysicsWorld         - Physics world initialized: appHeight=720, physics.ppm=50,0
18:13:08.402 [FXGL Background Thread 1 ] DEBUG PhysicsWorld         - Using strategy: BRUTE_FORCE
18:13:08.407 [FXGL Background Thread 1 ] DEBUG GameScene            - Game scene initialized: 1280x720
18:13:08.422 [FXGL Background Thread 1 ] DEBUG FXGL.DefaultMenu     - createMenuBodyGameMenu()
18:13:08.440 [FXGL Background Thread 1 ] DEBUG FXGL.DefaultMenu     - createOptionsMenu()
18:13:08.451 [FXGL Background Thread 1 ] DEBUG FXGLAssetLoaderServi - Loading from file system: jar:file:///C:/Users/thiag/.m2/repository/com/github/almasb/fxgl/17.3/fxgl-17.3.jar!/fxglassets/textures/particles/smoke.png
18:13:08.555 [FXGL Background Thread 1 ] DEBUG FXGLAssetLoaderServi - Loading from file system: jar:file:///C:/Users/thiag/.m2/repository/com/github/almasb/fxgl/17.3/fxgl-17.3.jar!/fxglassets/textures/particles/trace_horizontal.png
18:13:08.594 [FXGL Background Thread 1 ] DEBUG GameApplicationServi - Application scenes initialized
18:13:08.609 [FXGL Background Thread 1 ] DEBUG SystemBundleService  - Loading FXGL system data
18:13:08.613 [FXGL Background Thread 1 ] DEBUG FileSystemAccess     - Reading from: C:\Users\thiag\OneDrive\Documentos\GitHub\RPGemturnosG1\Jogo\system\fxgl.bundle
18:13:08.623 [FXGL Background Thread 1 ] DEBUG SystemBundleService  - Bundle FXGL: {}
18:13:08.624 [FXGL Background Thread 1 ] DEBUG UpdaterService       - Checking for updates
18:13:08.654 [FXGL Background Thread 4 ] DEBUG FXGLApplication      - Loading fonts
18:13:08.654 [FXGL Background Thread 4 ] DEBUG FXGLAssetLoaderServi - Loading from file system: jar:file:///C:/Users/thiag/.m2/repository/com/github/almasb/fxgl/17.3/fxgl-17.3.jar!/fxglassets/ui/fonts/VarelaRound-Regular.ttf
18:13:08.655 [FXGL Background Thread 1 ] DEBUG FXGLApplication      - Loading default localization
18:13:08.655 [FXGL Background Thread 1 ] DEBUG FXGLAssetLoaderServi - Loading from file system: jar:file:///C:/Users/thiag/.m2/repository/com/github/almasb/fxgl/17.3/fxgl-17.3.jar!/fxglassets/languages/english.lang
18:13:08.679 [FXGL Background Thread 1 ] INFO  FXGLApplication      - FXGL initialization took: 0,513 sec
18:13:08.693 [JavaFX Application Thread] DEBUG Input                - Registered new binding: Move Right - D
18:13:08.693 [JavaFX Application Thread] DEBUG Input                - Registered new binding: Move Left - A
18:13:08.693 [JavaFX Application Thread] DEBUG Input                - Registered new binding: Move Up - W
18:13:08.694 [JavaFX Application Thread] DEBUG Input                - Registered new binding: Move Down - S
18:13:08.694 [JavaFX Application Thread] DEBUG FXGLAssetLoaderServi - Loading from file system: jar:file:///C:/Users/thiag/.m2/repository/com/github/almasb/fxgl/17.3/fxgl-17.3.jar!/fxglassets/textures/fxgl_icon.png
18:13:08.697 [FXGL Background Thread 4 ] DEBUG FXGLAssetLoaderServi - Loading from file system: jar:file:///C:/Users/thiag/.m2/repository/com/github/almasb/fxgl/17.3/fxgl-17.3.jar!/fxglassets/ui/fonts/Abel-Regular.ttf
18:13:08.701 [FXGL Background Thread 4 ] DEBUG FXGLAssetLoaderServi - Loading from file system: jar:file:///C:/Users/thiag/.m2/repository/com/github/almasb/fxgl/17.3/fxgl-17.3.jar!/fxglassets/ui/fonts/TerminalLandMono-Regular.otf
18:13:08.705 [FXGL Background Thread 4 ] DEBUG FXGLAssetLoaderServi - Loading from file system: jar:file:///C:/Users/thiag/.m2/repository/com/github/almasb/fxgl/17.3/fxgl-17.3.jar!/fxglassets/ui/fonts/Courier-Prime.ttf
18:13:08.724 [JavaFX Application Thread] DEBUG FXGLAssetLoaderServi - Loading from file system: jar:file:///C:/Users/thiag/.m2/repository/com/github/almasb/fxgl/17.3/fxgl-17.3.jar!/fxglassets/textures/fxgl_default_cursor.png
18:13:08.727 [JavaFX Application Thread] DEBUG Input                - Registered new binding: Screenshot - CTRL+8
18:13:08.727 [JavaFX Application Thread] DEBUG Input                - Registered new binding: Dev Options - 1
18:13:08.728 [JavaFX Application Thread] DEBUG Input                - Registered new binding: Dev Console - 2
18:13:08.728 [JavaFX Application Thread] DEBUG Input                - Registered new binding: System info dump - CTRL+9
18:13:08.728 [JavaFX Application Thread] DEBUG Input                - Registered new binding: Restart - CTRL+R
18:13:08.730 [JavaFX Application Thread] DEBUG Input                - Registered new binding: Toggle Debug Camera - CTRL+7
18:13:08.733 [JavaFX Application Thread] DEBUG LoopRunner           - Starting loop
18:13:08.747 [JavaFX Application Thread] DEBUG LoopRunner           - Initializing JavaFX AnimationTimerLoop
18:13:08.749 [JavaFX Application Thread] DEBUG GameApplicationServi - Starting new game
18:13:08.749 [JavaFX Application Thread] DEBUG Input                - Clearing active input actions
18:13:08.762 [JavaFX Application Thread] DEBUG GameApplicationServi - Removing overlay from FXGLStartupScene and adding to FXGLLoadingScene
18:13:08.766 [JavaFX Application Thread] DEBUG PrimaryStageWindow   - FXGLStartupScene -> FXGLLoadingScene
18:13:08.766 [JavaFX Application Thread] DEBUG GameApplicationServi - Clearing previous game
18:13:08.766 [JavaFX Application Thread] DEBUG GameScene            - Clearing game scene
18:13:08.766 [JavaFX Application Thread] DEBUG GameWorld            - Clearing game world
18:13:08.766 [JavaFX Application Thread] DEBUG PhysicsWorld         - Clearing physics world
18:13:08.768 [JavaFX Application Thread] DEBUG FXGLApplication      - Registering font factories with UI factory
18:13:08.768 [FXGL Background Thread 4 ] DEBUG FXGLApplication      - Initializing game
18:13:08.822 [FXGL Background Thread 4 ] WARN  TMXLevelLoader       - TiledMap generated from 1.10.2. Supported version: 1.9.0. Some features may not be parsed fully.
18:13:08.846 [FXGL Background Thread 4 ] DEBUG TMXLevelLoader       - Parsed TiledMap: file:/C:/Users/thiag/OneDrive/Documentos/GitHub/RPGemturnosG1/Jogo/target/classes/assets/levels/Mansao.tmx
18:13:08.847 [FXGL Background Thread 4 ] DEBUG TMXLevelLoader       - Creating tile layer entities
18:13:08.850 [FXGL Background Thread 4 ] DEBUG TilesetLoader        - Loading view for layer Chão
18:13:08.852 [FXGL Background Thread 4 ] DEBUG TilesetLoader        - Created buffer with size 1280.0x768.0
18:13:08.866 [FXGL Background Thread 4 ] DEBUG TilesetLoader        - Loading view for layer ChãoGraminhas
18:13:08.870 [FXGL Background Thread 4 ] DEBUG TilesetLoader        - Created buffer with size 1280.0x768.0
18:13:08.878 [FXGL Background Thread 4 ] DEBUG TilesetLoader        - Loading view for layer Árvores
18:13:08.880 [FXGL Background Thread 4 ] DEBUG TilesetLoader        - Created buffer with size 1280.0x768.0
18:13:08.893 [FXGL Background Thread 4 ] DEBUG TilesetLoader        - Loading view for layer arvore
18:13:08.894 [FXGL Background Thread 4 ] DEBUG TilesetLoader        - Created buffer with size 1280.0x768.0
18:13:08.896 [FXGL Background Thread 4 ] DEBUG TilesetLoader        - Loading view for layer Mansao
18:13:08.899 [FXGL Background Thread 4 ] DEBUG TilesetLoader        - Created buffer with size 1280.0x768.0
18:13:08.902 [FXGL Background Thread 4 ] DEBUG TilesetLoader        - Loading view for layer ARVORE2.0
18:13:08.905 [FXGL Background Thread 4 ] DEBUG TilesetLoader        - Created buffer with size 1280.0x768.0
18:13:08.907 [FXGL Background Thread 4 ] DEBUG TMXLevelLoader       - Creating object layer entities
18:13:08.947 [FXGL Background Thread 4 ] DEBUG GameWorld            - Clearing removable entities
18:13:08.948 [FXGL Background Thread 4 ] DEBUG GameWorld            - Setting level: com.almasb.fxgl.entity.level.Level@732a8509
18:13:08.958 [FXGL Background Thread 4 ] DEBUG FXGLAssetLoaderServi - Loading from file system: file:/C:/Users/thiag/OneDrive/Documentos/GitHub/RPGemturnosG1/Jogo/target/classes/assets/textures/dev_player.png
18:13:08.989 [FXGL Background Thread 4 ] WARN  GameWorld            - Entity is already attached to world
18:13:08.989 [FXGL Background Thread 4 ] WARN  GameWorld            - Entity is already attached to world
18:13:08.992 [FXGL Background Thread 4 ] DEBUG FXGLAssetLoaderServi - Loading from file system: file:/C:/Users/thiag/OneDrive/Documentos/GitHub/RPGemturnosG1/Jogo/target/classes/assets/textures/male_hurt.png
18:13:08.996 [FXGL Background Thread 4 ] WARN  GameWorld            - Entity is already attached to world
18:13:08.997 [FXGL Background Thread 4 ] INFO  FXGLApplication      - Game initialization took: 0,229 sec
18:13:09.036 [JavaFX Application Thread] DEBUG Input                - Clearing active input actions
18:13:09.046 [JavaFX Application Thread] DEBUG GameApplicationServi - Removing overlay from FXGLLoadingScene and adding to GameScene
18:13:09.052 [JavaFX Application Thread] DEBUG PrimaryStageWindow   - FXGLLoadingScene -> GameScene
18:13:11.653 [FXGL Background Thread 3 ] DEBUG Engine               - Logging environment variables
18:13:11.654 [FXGL Background Thread 3 ] DEBUG Engine               - achievements: []
18:13:11.654 [FXGL Background Thread 3 ] DEBUG Engine               - actualHeight: 720.0
18:13:11.654 [JavaFX Application Thread] WARN  TMXLevelLoader       - TiledMap generated from 1.10.2. Supported version: 1.9.0. Some features may not be parsed fully.
18:13:11.654 [FXGL Background Thread 3 ] DEBUG Engine               - actualHeightProperty: ReadOnlyDoubleProperty [value: 720.0]
18:13:11.655 [FXGL Background Thread 3 ] DEBUG Engine               - actualWidth: 1280.0
18:13:11.655 [FXGL Background Thread 3 ] DEBUG Engine               - actualWidthProperty: ReadOnlyDoubleProperty [value: 1280.0]
18:13:11.655 [FXGL Background Thread 3 ] DEBUG Engine               - appIcon: fxgl_icon.png
18:13:11.655 [FXGL Background Thread 3 ] DEBUG Engine               - applicationMode: DEVELOPER
18:13:11.655 [FXGL Background Thread 3 ] DEBUG Engine               - cSSList: [fxgl_dark.css]
18:13:11.655 [FXGL Background Thread 3 ] DEBUG Engine               - collisionDetectionStrategy: BRUTE_FORCE
18:13:11.655 [FXGL Background Thread 3 ] DEBUG Engine               - configClass: Optional.empty
18:13:11.655 [FXGL Background Thread 3 ] DEBUG Engine               - credits: []
18:13:11.656 [FXGL Background Thread 3 ] DEBUG Engine               - defaultCursor: CursorInfo(imageName=fxgl_default_cursor.png, hotspotX=7.0, hotspotY=6.0)
18:13:11.656 [FXGL Background Thread 3 ] DEBUG Engine               - devBBoxColorProperty: ObjectProperty [value: 0xff0000ff]
18:13:11.656 [FXGL Background Thread 3 ] DEBUG Engine               - devEnableDebugCameraProperty: BooleanProperty [value: false]
18:13:11.656 [FXGL Background Thread 3 ] DEBUG Engine               - devSensorColorProperty: ObjectProperty [value: 0xffff00ff]
18:13:11.656 [FXGL Background Thread 3 ] DEBUG Engine               - devShowBBoxProperty: BooleanProperty [value: false]
18:13:11.657 [FXGL Background Thread 3 ] DEBUG Engine               - devShowPositionProperty: BooleanProperty [value: false]
18:13:11.657 [FXGL Background Thread 3 ] DEBUG Engine               - enabledMenuItems: []
18:13:11.657 [FXGL Background Thread 3 ] DEBUG Engine               - engineServices: [class com.almasb.fxgl.app.services.FXGLAssetLoaderService, class com.almasb.fxgl.app.FXGLApplication$GameApplicationService, class com.almasb.fxgl.app.services.FXGLDialogService, class com.almasb.fxgl.app.services.IOTaskExecutorService, class com.almasb.fxgl.io.FileSystemService, class com.almasb.fxgl.localization.LocalizationService, class com.almasb.fxgl.app.services.SystemBundleService, class com.almasb.fxgl.profile.SaveLoadService, class com.almasb.fxgl.ui.FXGLUIFactoryServiceProvider, class com.almasb.fxgl.ui.FXGLDialogFactoryServiceProvider, class com.almasb.fxgl.audio.AudioPlayer, class com.almasb.fxgl.notification.impl.NotificationServiceProvider, class com.almasb.fxgl.achievement.AchievementService, class com.almasb.fxgl.cutscene.CutsceneService, class com.almasb.fxgl.minigames.MiniGameService, class com.almasb.fxgl.net.NetService, class com.almasb.fxgl.app.services.UpdaterService, class com.almasb.fxgl.dev.DevService]
18:13:11.657 [FXGL Background Thread 3 ] DEBUG Engine               - fontGame: Abel-Regular.ttf
18:13:11.657 [FXGL Background Thread 3 ] DEBUG Engine               - fontMono: TerminalLandMono-Regular.otf
18:13:11.657 [FXGL Background Thread 3 ] DEBUG Engine               - fontSizeScaleUI: 1.0
18:13:11.657 [FXGL Background Thread 3 ] DEBUG Engine               - fontText: Courier-Prime.ttf
18:13:11.657 [FXGL Background Thread 3 ] DEBUG Engine               - fontUI: VarelaRound-Regular.ttf
18:13:11.658 [FXGL Background Thread 3 ] DEBUG Engine               - fullScreen: BooleanProperty [value: false]
18:13:11.658 [FXGL Background Thread 3 ] DEBUG Engine               - gameDifficulty: MEDIUM
18:13:11.658 [FXGL Background Thread 3 ] DEBUG Engine               - gameDifficultyProperty: ObjectProperty [value: MEDIUM]
18:13:11.658 [FXGL Background Thread 3 ] DEBUG Engine               - globalMusicVolume: 0.5
18:13:11.658 [FXGL Background Thread 3 ] DEBUG Engine               - globalMusicVolumeProperty: DoubleProperty [value: 0.5]
18:13:11.658 [FXGL Background Thread 3 ] DEBUG Engine               - globalSoundVolume: 0.5
18:13:11.658 [FXGL Background Thread 3 ] DEBUG Engine               - globalSoundVolumeProperty: DoubleProperty [value: 0.5]
18:13:11.659 [FXGL Background Thread 3 ] DEBUG Engine               - height: 720
18:13:11.659 [FXGL Background Thread 3 ] DEBUG Engine               - is3D: false
18:13:11.659 [FXGL Background Thread 3 ] DEBUG Engine               - isAndroid: false
18:13:11.659 [FXGL Background Thread 3 ] DEBUG Engine               - isBrowser: false
18:13:11.659 [FXGL Background Thread 3 ] DEBUG Engine               - isClickFeedbackEnabled: false
18:13:11.659 [FXGL Background Thread 3 ] DEBUG Engine               - isCloseConfirmation: false
18:13:11.659 [FXGL Background Thread 3 ] DEBUG Engine               - isDesktop: true
18:13:11.660 [FXGL Background Thread 3 ] DEBUG Engine               - isDeveloperMenuEnabled: true
18:13:11.661 [FXGL Background Thread 3 ] DEBUG Engine               - isEmbedded: false
18:13:11.661 [FXGL Background Thread 3 ] DEBUG Engine               - isEntityPreloadEnabled: true
18:13:11.661 [FXGL Background Thread 3 ] DEBUG Engine               - isExperimentalTiledLargeMap: false
18:13:11.662 [FXGL Background Thread 3 ] DEBUG Engine               - isFileSystemWriteAllowed: true
18:13:11.662 [FXGL Background Thread 3 ] DEBUG Engine               - isFullScreenAllowed: true
18:13:11.662 [FXGL Background Thread 3 ] DEBUG Engine               - isFullScreenFromStart: false
18:13:11.662 [FXGL Background Thread 3 ] DEBUG Engine               - isGameMenuEnabled: true
18:13:11.662 [FXGL Background Thread 3 ] DEBUG Engine               - isIOS: false
18:13:11.662 [FXGL Background Thread 3 ] DEBUG Engine               - isIntroEnabled: false
18:13:11.662 [FXGL Background Thread 3 ] DEBUG Engine               - isLinux: false
18:13:11.662 [FXGL Background Thread 3 ] DEBUG Engine               - isMac: false
18:13:11.663 [FXGL Background Thread 3 ] DEBUG Engine               - isMainMenuEnabled: false
18:13:11.663 [FXGL Background Thread 3 ] DEBUG Engine               - isManualResizeEnabled: false
18:13:11.663 [FXGL Background Thread 3 ] DEBUG Engine               - isMobile: false
18:13:11.663 [FXGL Background Thread 3 ] DEBUG Engine               - isNative: false
18:13:11.663 [FXGL Background Thread 3 ] DEBUG Engine               - isPauseMusicWhenMinimized: true
18:13:11.663 [FXGL Background Thread 3 ] DEBUG Engine               - isPreserveResizeRatio: false
18:13:11.663 [FXGL Background Thread 3 ] DEBUG Engine               - isProfilingEnabled: false
18:13:11.663 [FXGL Background Thread 3 ] DEBUG Engine               - isScaleAffectedOnResize: true
18:13:11.663 [FXGL Background Thread 3 ] DEBUG Engine               - isSingleStep: false
18:13:11.664 [FXGL Background Thread 3 ] DEBUG Engine               - isUserProfileEnabled: false
18:13:11.664 [FXGL Background Thread 3 ] DEBUG Engine               - isWindows: true
18:13:11.664 [JavaFX Application Thread] DEBUG TMXLevelLoader       - Parsed TiledMap: file:/C:/Users/thiag/OneDrive/Documentos/GitHub/RPGemturnosG1/Jogo/target/classes/assets/levels/Castelo2.tmx
18:13:11.664 [JavaFX Application Thread] DEBUG TMXLevelLoader       - Creating tile layer entities
18:13:11.664 [FXGL Background Thread 3 ] DEBUG Engine               - language: ObjectProperty [value: ENGLISH]
18:13:11.665 [JavaFX Application Thread] DEBUG TilesetLoader        - Loading view for layer Base
18:13:11.665 [FXGL Background Thread 3 ] DEBUG Engine               - menuKey: ESCAPE
18:13:11.665 [FXGL Background Thread 3 ] DEBUG Engine               - mouseSensitivity: 0.2
18:13:11.665 [FXGL Background Thread 3 ] DEBUG Engine               - notificationViewClass: class com.almasb.fxgl.notification.view.XboxNotificationView
18:13:11.665 [FXGL Background Thread 3 ] DEBUG Engine               - pixelsPerMeter: 50.0
18:13:11.665 [FXGL Background Thread 3 ] DEBUG Engine               - platform: WINDOWS
18:13:11.665 [JavaFX Application Thread] DEBUG TilesetLoader        - Created buffer with size 1280.0x768.0
18:13:11.665 [FXGL Background Thread 3 ] DEBUG Engine               - prefHeightProperty: ReadOnlyDoubleProperty [value: 720.0]
18:13:11.665 [FXGL Background Thread 3 ] DEBUG Engine               - prefWidthProperty: ReadOnlyDoubleProperty [value: 1280.0]
18:13:11.666 [FXGL Background Thread 3 ] DEBUG Engine               - profileDir: profiles/
18:13:11.666 [FXGL Background Thread 3 ] DEBUG Engine               - profileName: StringProperty [value: DEFAULT]
18:13:11.666 [FXGL Background Thread 3 ] DEBUG Engine               - randomSeed: -1
18:13:11.666 [FXGL Background Thread 3 ] DEBUG Engine               - runtimeInfo: RuntimeInfo(platform=WINDOWS, version=17.3, build=30.03.2023 11.49)
18:13:11.666 [FXGL Background Thread 3 ] DEBUG Engine               - saveFileExt: sav
18:13:11.666 [FXGL Background Thread 3 ] DEBUG Engine               - scaledHeightProp$fxgl: DoubleProperty [bound, value: 720.0]
18:13:11.666 [FXGL Background Thread 3 ] DEBUG Engine               - scaledWidthProp$fxgl: DoubleProperty [bound, value: 1280.0]
18:13:11.667 [FXGL Background Thread 3 ] DEBUG Engine               - sceneFactory: com.almasb.fxgl.app.scene.SceneFactory@6de86a34
18:13:11.667 [FXGL Background Thread 3 ] DEBUG Engine               - secondsIn24h: 60
18:13:11.667 [FXGL Background Thread 3 ] DEBUG Engine               - soundMenuBack: menu/back.wav
18:13:11.667 [FXGL Background Thread 3 ] DEBUG Engine               - soundMenuPress: menu/press.wav
18:13:11.667 [FXGL Background Thread 3 ] DEBUG Engine               - soundMenuSelect: menu/select.wav
18:13:11.667 [FXGL Background Thread 3 ] DEBUG Engine               - soundNotification: core/notification.wav
18:13:11.667 [FXGL Background Thread 3 ] DEBUG Engine               - stageStyle: DECORATED
18:13:11.667 [FXGL Background Thread 3 ] DEBUG Engine               - supportedLanguages: [ENGLISH, FRENCH, GERMAN, HUNGARIAN, RUSSIAN]
18:13:11.668 [FXGL Background Thread 3 ] DEBUG Engine               - ticksPerSecond: -1
18:13:11.668 [FXGL Background Thread 3 ] DEBUG Engine               - title: Silenciados
18:13:11.668 [FXGL Background Thread 3 ] DEBUG Engine               - urlGithub: https://github.com/AlmasB/FXGL
18:13:11.668 [FXGL Background Thread 3 ] DEBUG Engine               - urlLeaderboard: http://fxgl-top.herokuapp.com/
18:13:11.668 [FXGL Background Thread 3 ] DEBUG Engine               - urlPOM: https://raw.githubusercontent.com/AlmasB/FXGL/release/README.md
18:13:11.668 [FXGL Background Thread 3 ] DEBUG Engine               - userAppClass: class Interface.SilenciadosApp
18:13:11.668 [FXGL Background Thread 3 ] DEBUG Engine               - version: 0.1
18:13:11.668 [FXGL Background Thread 3 ] DEBUG Engine               - versionCheckDays: 7
18:13:11.668 [FXGL Background Thread 3 ] DEBUG Engine               - width: 1280
18:13:11.668 [FXGL Background Thread 3 ] DEBUG Engine               - Logging services
18:13:11.669 [FXGL Background Thread 3 ] DEBUG Engine               - class com.almasb.fxgl.app.services.FXGLAssetLoaderService
18:13:11.669 [FXGL Background Thread 3 ] DEBUG Engine               - class com.almasb.fxgl.app.FXGLApplication$GameApplicationService
18:13:11.669 [FXGL Background Thread 3 ] DEBUG Engine               - class com.almasb.fxgl.app.services.FXGLDialogService
18:13:11.669 [FXGL Background Thread 3 ] DEBUG Engine               - class com.almasb.fxgl.app.services.IOTaskExecutorService
18:13:11.669 [FXGL Background Thread 3 ] DEBUG Engine               - class com.almasb.fxgl.io.FileSystemService
18:13:11.669 [FXGL Background Thread 3 ] DEBUG Engine               - class com.almasb.fxgl.localization.LocalizationService
18:13:11.669 [FXGL Background Thread 3 ] DEBUG Engine               - class com.almasb.fxgl.app.services.SystemBundleService
18:13:11.669 [FXGL Background Thread 3 ] DEBUG Engine               - class com.almasb.fxgl.profile.SaveLoadService
18:13:11.669 [FXGL Background Thread 3 ] DEBUG Engine               - class com.almasb.fxgl.ui.FXGLUIFactoryServiceProvider
18:13:11.669 [FXGL Background Thread 3 ] DEBUG Engine               - class com.almasb.fxgl.ui.FXGLDialogFactoryServiceProvider
18:13:11.670 [FXGL Background Thread 3 ] DEBUG Engine               - class com.almasb.fxgl.audio.AudioPlayer
18:13:11.670 [FXGL Background Thread 3 ] DEBUG Engine               - class com.almasb.fxgl.notification.impl.NotificationServiceProvider
18:13:11.670 [FXGL Background Thread 3 ] DEBUG Engine               - class com.almasb.fxgl.achievement.AchievementService
18:13:11.670 [FXGL Background Thread 3 ] DEBUG Engine               - class com.almasb.fxgl.cutscene.CutsceneService
18:13:11.670 [FXGL Background Thread 3 ] DEBUG Engine               - class com.almasb.fxgl.minigames.MiniGameService
18:13:11.670 [FXGL Background Thread 3 ] DEBUG Engine               - class com.almasb.fxgl.net.NetService
18:13:11.670 [FXGL Background Thread 3 ] DEBUG Engine               - class com.almasb.fxgl.app.services.UpdaterService
18:13:11.670 [FXGL Background Thread 3 ] DEBUG Engine               - class com.almasb.fxgl.dev.DevService
18:13:11.677 [JavaFX Application Thread] DEBUG TilesetLoader        - Loading view for layer Camada de Blocos 2
18:13:11.679 [JavaFX Application Thread] DEBUG TilesetLoader        - Created buffer with size 1280.0x768.0
18:13:11.681 [JavaFX Application Thread] DEBUG TilesetLoader        - Loading view for layer Camada de Blocos 3
18:13:11.683 [JavaFX Application Thread] DEBUG TilesetLoader        - Created buffer with size 1280.0x768.0
18:13:11.686 [JavaFX Application Thread] DEBUG TilesetLoader        - Loading view for layer Camada de Blocos 4
18:13:11.689 [JavaFX Application Thread] DEBUG TilesetLoader        - Created buffer with size 1280.0x768.0
18:13:11.690 [JavaFX Application Thread] DEBUG TMXLevelLoader       - Creating object layer entities
18:13:11.694 [JavaFX Application Thread] DEBUG GameWorld            - Clearing removable entities
18:13:11.701 [JavaFX Application Thread] DEBUG GameWorld            - Setting level: com.almasb.fxgl.entity.level.Level@3307cc4a
18:13:11.703 [JavaFX Application Thread] WARN  GameWorld            - Entity is already attached to world
18:13:11.704 [JavaFX Application Thread] WARN  GameWorld            - Entity is already attached to world
18:13:17.679 [JavaFX Application Thread] WARN  TMXLevelLoader       - TiledMap generated from 1.10.2. Supported version: 1.9.0. Some features may not be parsed fully.
18:13:17.690 [JavaFX Application Thread] DEBUG TMXLevelLoader       - Parsed TiledMap: file:/C:/Users/thiag/OneDrive/Documentos/GitHub/RPGemturnosG1/Jogo/target/classes/assets/levels/Mansao.tmx
18:13:17.690 [JavaFX Application Thread] DEBUG TMXLevelLoader       - Creating tile layer entities
18:13:17.691 [JavaFX Application Thread] DEBUG TilesetLoader        - Loading view for layer Chão
18:13:17.694 [JavaFX Application Thread] DEBUG TilesetLoader        - Created buffer with size 1280.0x768.0
18:13:17.700 [JavaFX Application Thread] DEBUG TilesetLoader        - Loading view for layer ChãoGraminhas
18:13:17.701 [JavaFX Application Thread] DEBUG TilesetLoader        - Created buffer with size 1280.0x768.0
18:13:17.704 [JavaFX Application Thread] DEBUG TilesetLoader        - Loading view for layer Árvores
18:13:17.705 [JavaFX Application Thread] DEBUG TilesetLoader        - Created buffer with size 1280.0x768.0
18:13:17.711 [JavaFX Application Thread] DEBUG TilesetLoader        - Loading view for layer arvore
18:13:17.715 [JavaFX Application Thread] DEBUG TilesetLoader        - Created buffer with size 1280.0x768.0
18:13:17.715 [JavaFX Application Thread] DEBUG TilesetLoader        - Loading view for layer Mansao
18:13:17.720 [JavaFX Application Thread] DEBUG TilesetLoader        - Created buffer with size 1280.0x768.0
18:13:17.722 [JavaFX Application Thread] DEBUG TilesetLoader        - Loading view for layer ARVORE2.0
18:13:17.726 [JavaFX Application Thread] DEBUG TilesetLoader        - Created buffer with size 1280.0x768.0
18:13:17.727 [JavaFX Application Thread] DEBUG TMXLevelLoader       - Creating object layer entities
18:13:17.734 [JavaFX Application Thread] DEBUG GameWorld            - Clearing removable entities
18:13:17.736 [JavaFX Application Thread] DEBUG GameWorld            - Setting level: com.almasb.fxgl.entity.level.Level@6bbec793
18:13:17.739 [JavaFX Application Thread] WARN  GameWorld            - Entity is already attached to world
18:13:17.740 [JavaFX Application Thread] WARN  GameWorld            - Entity is already attached to world
18:13:19.554 [JavaFX Application Thread] WARN  TMXLevelLoader       - TiledMap generated from 1.10.2. Supported version: 1.9.0. Some features may not be parsed fully.
18:13:19.560 [JavaFX Application Thread] DEBUG TMXLevelLoader       - Parsed TiledMap: file:/C:/Users/thiag/OneDrive/Documentos/GitHub/RPGemturnosG1/Jogo/target/classes/assets/levels/Castelo2.tmx
18:13:19.561 [JavaFX Application Thread] DEBUG TMXLevelLoader       - Creating tile layer entities
18:13:19.561 [JavaFX Application Thread] DEBUG TilesetLoader        - Loading view for layer Base
18:13:19.569 [JavaFX Application Thread] DEBUG TilesetLoader        - Created buffer with size 1280.0x768.0
18:13:19.592 [JavaFX Application Thread] DEBUG TilesetLoader        - Loading view for layer Camada de Blocos 2
18:13:19.593 [JavaFX Application Thread] DEBUG TilesetLoader        - Created buffer with size 1280.0x768.0
18:13:19.595 [JavaFX Application Thread] DEBUG TilesetLoader        - Loading view for layer Camada de Blocos 3
18:13:19.596 [JavaFX Application Thread] DEBUG TilesetLoader        - Created buffer with size 1280.0x768.0
18:13:19.604 [JavaFX Application Thread] DEBUG TilesetLoader        - Loading view for layer Camada de Blocos 4
18:13:19.605 [JavaFX Application Thread] DEBUG TilesetLoader        - Created buffer with size 1280.0x768.0
18:13:19.606 [JavaFX Application Thread] DEBUG TMXLevelLoader       - Creating object layer entities
18:13:19.611 [JavaFX Application Thread] DEBUG GameWorld            - Clearing removable entities
18:13:19.617 [JavaFX Application Thread] DEBUG GameWorld            - Setting level: com.almasb.fxgl.entity.level.Level@571317db
18:13:19.621 [JavaFX Application Thread] WARN  GameWorld            - Entity is already attached to world
18:13:19.621 [JavaFX Application Thread] WARN  GameWorld            - Entity is already attached to world
18:13:19.647 [JavaFX Application Thread] WARN  TMXLevelLoader       - TiledMap generated from 1.10.2. Supported version: 1.9.0. Some features may not be parsed fully.
18:13:19.653 [JavaFX Application Thread] DEBUG TMXLevelLoader       - Parsed TiledMap: file:/C:/Users/thiag/OneDrive/Documentos/GitHub/RPGemturnosG1/Jogo/target/classes/assets/levels/Mansao.tmx
18:13:19.653 [JavaFX Application Thread] DEBUG TMXLevelLoader       - Creating tile layer entities
18:13:19.654 [JavaFX Application Thread] DEBUG TilesetLoader        - Loading view for layer Chão
18:13:19.654 [JavaFX Application Thread] DEBUG TilesetLoader        - Created buffer with size 1280.0x768.0
18:13:19.660 [JavaFX Application Thread] DEBUG TilesetLoader        - Loading view for layer ChãoGraminhas
18:13:19.660 [JavaFX Application Thread] DEBUG TilesetLoader        - Created buffer with size 1280.0x768.0
18:13:19.664 [JavaFX Application Thread] DEBUG TilesetLoader        - Loading view for layer Árvores
18:13:19.664 [JavaFX Application Thread] DEBUG TilesetLoader        - Created buffer with size 1280.0x768.0
18:13:19.671 [JavaFX Application Thread] DEBUG TilesetLoader        - Loading view for layer arvore
18:13:19.671 [JavaFX Application Thread] DEBUG TilesetLoader        - Created buffer with size 1280.0x768.0
18:13:19.672 [JavaFX Application Thread] DEBUG TilesetLoader        - Loading view for layer Mansao
18:13:19.672 [JavaFX Application Thread] DEBUG TilesetLoader        - Created buffer with size 1280.0x768.0
18:13:19.674 [JavaFX Application Thread] DEBUG TilesetLoader        - Loading view for layer ARVORE2.0
18:13:19.676 [JavaFX Application Thread] DEBUG TilesetLoader        - Created buffer with size 1280.0x768.0
18:13:19.677 [JavaFX Application Thread] DEBUG TMXLevelLoader       - Creating object layer entities
18:13:19.683 [JavaFX Application Thread] DEBUG GameWorld            - Clearing removable entities
18:13:19.685 [JavaFX Application Thread] DEBUG GameWorld            - Setting level: com.almasb.fxgl.entity.level.Level@9fc465b
18:13:19.688 [JavaFX Application Thread] WARN  GameWorld            - Entity is already attached to world
18:13:19.689 [JavaFX Application Thread] WARN  GameWorld            - Entity is already attached to world
18:13:21.158 [JavaFX Application Thread] WARN  TMXLevelLoader       - TiledMap generated from 1.10.2. Supported version: 1.9.0. Some features may not be parsed fully.
18:13:21.163 [JavaFX Application Thread] DEBUG TMXLevelLoader       - Parsed TiledMap: file:/C:/Users/thiag/OneDrive/Documentos/GitHub/RPGemturnosG1/Jogo/target/classes/assets/levels/Castelo2.tmx
18:13:21.163 [JavaFX Application Thread] DEBUG TMXLevelLoader       - Creating tile layer entities
18:13:21.164 [JavaFX Application Thread] DEBUG TilesetLoader        - Loading view for layer Base
18:13:21.169 [JavaFX Application Thread] DEBUG TilesetLoader        - Created buffer with size 1280.0x768.0
18:13:21.179 [JavaFX Application Thread] DEBUG TilesetLoader        - Loading view for layer Camada de Blocos 2
18:13:21.183 [JavaFX Application Thread] DEBUG TilesetLoader        - Created buffer with size 1280.0x768.0
18:13:21.185 [JavaFX Application Thread] DEBUG TilesetLoader        - Loading view for layer Camada de Blocos 3
18:13:21.189 [JavaFX Application Thread] DEBUG TilesetLoader        - Created buffer with size 1280.0x768.0
18:13:21.191 [JavaFX Application Thread] DEBUG TilesetLoader        - Loading view for layer Camada de Blocos 4
18:13:21.197 [JavaFX Application Thread] DEBUG TilesetLoader        - Created buffer with size 1280.0x768.0
18:13:21.198 [JavaFX Application Thread] DEBUG TMXLevelLoader       - Creating object layer entities
18:13:21.201 [JavaFX Application Thread] DEBUG GameWorld            - Clearing removable entities
18:13:21.205 [JavaFX Application Thread] DEBUG GameWorld            - Setting level: com.almasb.fxgl.entity.level.Level@14fbfece
18:13:21.207 [JavaFX Application Thread] WARN  GameWorld            - Entity is already attached to world
18:13:21.208 [JavaFX Application Thread] WARN  GameWorld            - Entity is already attached to world
18:13:21.238 [JavaFX Application Thread] WARN  TMXLevelLoader       - TiledMap generated from 1.10.2. Supported version: 1.9.0. Some features may not be parsed fully.
18:13:21.247 [JavaFX Application Thread] DEBUG TMXLevelLoader       - Parsed TiledMap: file:/C:/Users/thiag/OneDrive/Documentos/GitHub/RPGemturnosG1/Jogo/target/classes/assets/levels/Mansao.tmx
18:13:21.247 [JavaFX Application Thread] DEBUG TMXLevelLoader       - Creating tile layer entities
18:13:21.248 [JavaFX Application Thread] DEBUG TilesetLoader        - Loading view for layer Chão
18:13:21.251 [JavaFX Application Thread] DEBUG TilesetLoader        - Created buffer with size 1280.0x768.0
18:13:21.258 [JavaFX Application Thread] DEBUG TilesetLoader        - Loading view for layer ChãoGraminhas
18:13:21.262 [JavaFX Application Thread] DEBUG TilesetLoader        - Created buffer with size 1280.0x768.0
18:13:21.266 [JavaFX Application Thread] DEBUG TilesetLoader        - Loading view for layer Árvores
18:13:21.270 [JavaFX Application Thread] DEBUG TilesetLoader        - Created buffer with size 1280.0x768.0
18:13:21.277 [JavaFX Application Thread] DEBUG TilesetLoader        - Loading view for layer arvore
18:13:21.281 [JavaFX Application Thread] DEBUG TilesetLoader        - Created buffer with size 1280.0x768.0
18:13:21.282 [JavaFX Application Thread] DEBUG TilesetLoader        - Loading view for layer Mansao
18:13:21.286 [JavaFX Application Thread] DEBUG TilesetLoader        - Created buffer with size 1280.0x768.0
18:13:21.289 [JavaFX Application Thread] DEBUG TilesetLoader        - Loading view for layer ARVORE2.0
18:13:21.293 [JavaFX Application Thread] DEBUG TilesetLoader        - Created buffer with size 1280.0x768.0
18:13:21.294 [JavaFX Application Thread] DEBUG TMXLevelLoader       - Creating object layer entities
18:13:21.299 [JavaFX Application Thread] DEBUG GameWorld            - Clearing removable entities
18:13:21.301 [JavaFX Application Thread] DEBUG GameWorld            - Setting level: com.almasb.fxgl.entity.level.Level@54ba41fb
18:13:21.304 [JavaFX Application Thread] WARN  GameWorld            - Entity is already attached to world
18:13:21.304 [JavaFX Application Thread] WARN  GameWorld            - Entity is already attached to world
18:13:21.906 [JavaFX Application Thread] WARN  TMXLevelLoader       - TiledMap generated from 1.10.2. Supported version: 1.9.0. Some features may not be parsed fully.
18:13:21.911 [JavaFX Application Thread] DEBUG TMXLevelLoader       - Parsed TiledMap: file:/C:/Users/thiag/OneDrive/Documentos/GitHub/RPGemturnosG1/Jogo/target/classes/assets/levels/Castelo2.tmx
18:13:21.911 [JavaFX Application Thread] DEBUG TMXLevelLoader       - Creating tile layer entities
18:13:21.912 [JavaFX Application Thread] DEBUG TilesetLoader        - Loading view for layer Base
18:13:21.912 [JavaFX Application Thread] DEBUG TilesetLoader        - Created buffer with size 1280.0x768.0
18:13:21.923 [JavaFX Application Thread] DEBUG TilesetLoader        - Loading view for layer Camada de Blocos 2
18:13:21.923 [JavaFX Application Thread] DEBUG TilesetLoader        - Created buffer with size 1280.0x768.0
18:13:21.925 [JavaFX Application Thread] DEBUG TilesetLoader        - Loading view for layer Camada de Blocos 3
18:13:21.925 [JavaFX Application Thread] DEBUG TilesetLoader        - Created buffer with size 1280.0x768.0
18:13:21.927 [JavaFX Application Thread] DEBUG TilesetLoader        - Loading view for layer Camada de Blocos 4
18:13:21.927 [JavaFX Application Thread] DEBUG TilesetLoader        - Created buffer with size 1280.0x768.0
18:13:21.927 [JavaFX Application Thread] DEBUG TMXLevelLoader       - Creating object layer entities
18:13:21.930 [JavaFX Application Thread] DEBUG GameWorld            - Clearing removable entities
18:13:21.934 [JavaFX Application Thread] DEBUG GameWorld            - Setting level: com.almasb.fxgl.entity.level.Level@c645c99
18:13:21.937 [JavaFX Application Thread] WARN  GameWorld            - Entity is already attached to world
18:13:21.937 [JavaFX Application Thread] WARN  GameWorld            - Entity is already attached to world
18:13:21.964 [JavaFX Application Thread] WARN  TMXLevelLoader       - TiledMap generated from 1.10.2. Supported version: 1.9.0. Some features may not be parsed fully.
18:13:21.970 [JavaFX Application Thread] DEBUG TMXLevelLoader       - Parsed TiledMap: file:/C:/Users/thiag/OneDrive/Documentos/GitHub/RPGemturnosG1/Jogo/target/classes/assets/levels/Mansao.tmx
18:13:21.970 [JavaFX Application Thread] DEBUG TMXLevelLoader       - Creating tile layer entities
18:13:21.971 [JavaFX Application Thread] DEBUG TilesetLoader        - Loading view for layer Chão
18:13:21.971 [JavaFX Application Thread] DEBUG TilesetLoader        - Created buffer with size 1280.0x768.0
18:13:21.975 [JavaFX Application Thread] DEBUG TilesetLoader        - Loading view for layer ChãoGraminhas
18:13:21.976 [JavaFX Application Thread] DEBUG TilesetLoader        - Created buffer with size 1280.0x768.0
18:13:21.979 [JavaFX Application Thread] DEBUG TilesetLoader        - Loading view for layer Árvores
18:13:21.979 [JavaFX Application Thread] DEBUG TilesetLoader        - Created buffer with size 1280.0x768.0
18:13:21.985 [JavaFX Application Thread] DEBUG TilesetLoader        - Loading view for layer arvore
18:13:21.986 [JavaFX Application Thread] DEBUG TilesetLoader        - Created buffer with size 1280.0x768.0
18:13:21.986 [JavaFX Application Thread] DEBUG TilesetLoader        - Loading view for layer Mansao
18:13:21.987 [JavaFX Application Thread] DEBUG TilesetLoader        - Created buffer with size 1280.0x768.0
18:13:21.988 [JavaFX Application Thread] DEBUG TilesetLoader        - Loading view for layer ARVORE2.0
18:13:21.988 [JavaFX Application Thread] DEBUG TilesetLoader        - Created buffer with size 1280.0x768.0
18:13:21.990 [JavaFX Application Thread] DEBUG TMXLevelLoader       - Creating object layer entities
18:13:21.994 [JavaFX Application Thread] DEBUG GameWorld            - Clearing removable entities
18:13:21.996 [JavaFX Application Thread] DEBUG GameWorld            - Setting level: com.almasb.fxgl.entity.level.Level@2b6ee459
18:13:21.998 [JavaFX Application Thread] WARN  GameWorld            - Entity is already attached to world
18:13:21.998 [JavaFX Application Thread] WARN  GameWorld            - Entity is already attached to world
18:13:22.324 [JavaFX Application Thread] WARN  TMXLevelLoader       - TiledMap generated from 1.10.2. Supported version: 1.9.0. Some features may not be parsed fully.
18:13:22.330 [JavaFX Application Thread] DEBUG TMXLevelLoader       - Parsed TiledMap: file:/C:/Users/thiag/OneDrive/Documentos/GitHub/RPGemturnosG1/Jogo/target/classes/assets/levels/Castelo2.tmx
18:13:22.330 [JavaFX Application Thread] DEBUG TMXLevelLoader       - Creating tile layer entities
18:13:22.330 [JavaFX Application Thread] DEBUG TilesetLoader        - Loading view for layer Base
18:13:22.330 [JavaFX Application Thread] DEBUG TilesetLoader        - Created buffer with size 1280.0x768.0
18:13:22.340 [JavaFX Application Thread] DEBUG TilesetLoader        - Loading view for layer Camada de Blocos 2
18:13:22.342 [JavaFX Application Thread] DEBUG TilesetLoader        - Created buffer with size 1280.0x768.0
18:13:22.344 [JavaFX Application Thread] DEBUG TilesetLoader        - Loading view for layer Camada de Blocos 3
18:13:22.344 [JavaFX Application Thread] DEBUG TilesetLoader        - Created buffer with size 1280.0x768.0
18:13:22.345 [JavaFX Application Thread] DEBUG TilesetLoader        - Loading view for layer Camada de Blocos 4
18:13:22.346 [JavaFX Application Thread] DEBUG TilesetLoader        - Created buffer with size 1280.0x768.0
18:13:22.346 [JavaFX Application Thread] DEBUG TMXLevelLoader       - Creating object layer entities
18:13:22.349 [JavaFX Application Thread] DEBUG GameWorld            - Clearing removable entities
18:13:22.352 [JavaFX Application Thread] DEBUG GameWorld            - Setting level: com.almasb.fxgl.entity.level.Level@2b2d6453
18:13:22.354 [JavaFX Application Thread] WARN  GameWorld            - Entity is already attached to world
18:13:22.354 [JavaFX Application Thread] WARN  GameWorld            - Entity is already attached to world
18:13:22.381 [JavaFX Application Thread] WARN  TMXLevelLoader       - TiledMap generated from 1.10.2. Supported version: 1.9.0. Some features may not be parsed fully.
18:13:22.386 [JavaFX Application Thread] DEBUG TMXLevelLoader       - Parsed TiledMap: file:/C:/Users/thiag/OneDrive/Documentos/GitHub/RPGemturnosG1/Jogo/target/classes/assets/levels/Mansao.tmx
18:13:22.386 [JavaFX Application Thread] DEBUG TMXLevelLoader       - Creating tile layer entities
18:13:22.386 [JavaFX Application Thread] DEBUG TilesetLoader        - Loading view for layer Chão
18:13:22.388 [JavaFX Application Thread] DEBUG TilesetLoader        - Created buffer with size 1280.0x768.0
18:13:22.391 [JavaFX Application Thread] DEBUG TilesetLoader        - Loading view for layer ChãoGraminhas
18:13:22.392 [JavaFX Application Thread] DEBUG TilesetLoader        - Created buffer with size 1280.0x768.0
18:13:22.395 [JavaFX Application Thread] DEBUG TilesetLoader        - Loading view for layer Árvores
18:13:22.396 [JavaFX Application Thread] DEBUG TilesetLoader        - Created buffer with size 1280.0x768.0
18:13:22.402 [JavaFX Application Thread] DEBUG TilesetLoader        - Loading view for layer arvore
18:13:22.403 [JavaFX Application Thread] DEBUG TilesetLoader        - Created buffer with size 1280.0x768.0
18:13:22.403 [JavaFX Application Thread] DEBUG TilesetLoader        - Loading view for layer Mansao
18:13:22.406 [JavaFX Application Thread] DEBUG TilesetLoader        - Created buffer with size 1280.0x768.0
18:13:22.408 [JavaFX Application Thread] DEBUG TilesetLoader        - Loading view for layer ARVORE2.0
18:13:22.411 [JavaFX Application Thread] DEBUG TilesetLoader        - Created buffer with size 1280.0x768.0
18:13:22.412 [JavaFX Application Thread] DEBUG TMXLevelLoader       - Creating object layer entities
18:13:22.416 [JavaFX Application Thread] DEBUG GameWorld            - Clearing removable entities
18:13:22.417 [JavaFX Application Thread] DEBUG GameWorld            - Setting level: com.almasb.fxgl.entity.level.Level@49729c33
18:13:22.419 [JavaFX Application Thread] WARN  GameWorld            - Entity is already attached to world
18:13:22.420 [JavaFX Application Thread] WARN  GameWorld            - Entity is already attached to world
18:13:24.436 [JavaFX Application Thread] DEBUG FXGLApplication      - Exiting FXGL
18:13:24.436 [JavaFX Application Thread] DEBUG LoopRunner           - Stopping loop
18:13:24.436 [JavaFX Application Thread] DEBUG SystemBundleService  - Saving FXGL system data
18:13:24.441 [JavaFX Application Thread] DEBUG FileSystemAccess     - Writing to: C:\Users\thiag\OneDrive\Documentos\GitHub\RPGemturnosG1\Jogo\system\fxgl.bundle
18:13:24.445 [JavaFX Application Thread] DEBUG Async                - Shutting down background threads
18:13:24.445 [JavaFX Application Thread] DEBUG PrimaryStageWindow   - Closing main window
18:13:24.459 [JavaFX Application Thread] DEBUG Logger               - Closing Logger
