10:13:58.874 [main                     ] DEBUG Logger               - Configured Logger
10:13:58.920 [main                     ] DEBUG GameApplication      - Logging settings
Title: Silenciados
Version: 0.1
Width: 1280
Height: 720
Fullscreen: true
Intro: false
Profiling: false
Single step:false
App Mode: DEVELOPER
Menu Key: ESCAPE
Stage Style: DECORATED
Scene Factory: class com.almasb.fxgl.app.scene.SceneFactory

10:13:59.279 [JavaFX Application Thread] DEBUG FXGLApplication      - Initializing FXGL
10:13:59.289 [JavaFX Application Thread] INFO  Engine               - FXGL-17.3 (30.03.2023 11.49) on WINDOWS (J:17.0.9 FX:20)
10:13:59.290 [JavaFX Application Thread] DEBUG Engine               - JRE Vendor Name: Oracle Corporation
10:13:59.290 [JavaFX Application Thread] DEBUG Engine               - Running on OS: Windows 11 version 10.0
10:13:59.290 [JavaFX Application Thread] DEBUG Engine               - Architecture: amd64
10:13:59.290 [JavaFX Application Thread] INFO  Engine               - Source code and latest versions at: https://github.com/AlmasB/FXGL
10:13:59.291 [JavaFX Application Thread] INFO  Engine               -       Ask questions and discuss at: https://github.com/AlmasB/FXGL/discussions
10:13:59.291 [JavaFX Application Thread] INFO  Engine               -              Join the FXGL chat at: https://gitter.im/AlmasB/FXGL
10:13:59.407 [JavaFX Application Thread] DEBUG PrimaryStageWindow   - Creating a JavaFX scene
10:13:59.468 [JavaFX Application Thread] DEBUG PrimaryStageWindow   - Target settings size: 1280.0 x 720.0
10:13:59.468 [JavaFX Application Thread] DEBUG PrimaryStageWindow   - Scaled scene size:    1280.0 x 720.0
10:13:59.469 [JavaFX Application Thread] DEBUG PrimaryStageWindow   - Scaled ratio: (1.0, 1.0)
10:13:59.470 [JavaFX Application Thread] DEBUG PrimaryStageWindow   - Set initial scene to FXGLStartupScene
10:13:59.478 [JavaFX Application Thread] DEBUG PrimaryStageWindow   - Opening main window
10:13:59.587 [JavaFX Application Thread] DEBUG PrimaryStageWindow   - Window border size: (16.0, 39.0)
10:13:59.587 [JavaFX Application Thread] DEBUG PrimaryStageWindow   - Scaled size: 1280.0 x 720.0
10:13:59.588 [JavaFX Application Thread] DEBUG PrimaryStageWindow   - Scaled ratio: (1.0, 1.0)
10:13:59.588 [JavaFX Application Thread] DEBUG PrimaryStageWindow   - Scene size: 1280.0 x 720.0
10:13:59.589 [JavaFX Application Thread] DEBUG PrimaryStageWindow   - Stage size: 1296.0 x 759.0
10:13:59.602 [FXGL Background Thread 1 ] DEBUG Engine               - Initializing environment variables
10:13:59.662 [FXGL Background Thread 1 ] DEBUG FXGLAssetLoaderServi - User app class for loading assets: class Interface.SilenciadosApp
10:13:59.663 [FXGL Background Thread 1 ] DEBUG GameApplicationServi - Applying CSS: fxgl_dark.css
10:13:59.664 [FXGL Background Thread 1 ] DEBUG FXGLAssetLoaderServi - Loading from file system: jar:file:///C:/Users/aless/.m2/repository/com/github/almasb/fxgl/17.3/fxgl-17.3.jar!/fxglassets/ui/css/fxgl_dark.css
10:13:59.762 [FXGL Background Thread 1 ] DEBUG GameApplicationServi - Initializing application scenes
10:13:59.885 [FXGL Background Thread 1 ] DEBUG GameWorld            - Game world initialized
10:13:59.963 [FXGL Background Thread 1 ] DEBUG PhysicsWorld         - Physics world initialized: appHeight=720, physics.ppm=50,0
10:13:59.963 [FXGL Background Thread 1 ] DEBUG PhysicsWorld         - Using strategy: BRUTE_FORCE
10:13:59.969 [FXGL Background Thread 1 ] DEBUG GameScene            - Game scene initialized: 1280x720
10:13:59.986 [FXGL Background Thread 1 ] DEBUG FXGL.DefaultMenu     - createMenuBodyGameMenu()
10:14:00.004 [FXGL Background Thread 1 ] DEBUG FXGL.DefaultMenu     - createOptionsMenu()
10:14:00.019 [FXGL Background Thread 1 ] DEBUG FXGLAssetLoaderServi - Loading from file system: jar:file:///C:/Users/aless/.m2/repository/com/github/almasb/fxgl/17.3/fxgl-17.3.jar!/fxglassets/textures/particles/smoke.png
10:14:00.143 [FXGL Background Thread 1 ] DEBUG FXGLAssetLoaderServi - Loading from file system: jar:file:///C:/Users/aless/.m2/repository/com/github/almasb/fxgl/17.3/fxgl-17.3.jar!/fxglassets/textures/particles/trace_horizontal.png
10:14:00.175 [FXGL Background Thread 1 ] DEBUG GameApplicationServi - Application scenes initialized
10:14:00.194 [FXGL Background Thread 1 ] DEBUG SystemBundleService  - Loading FXGL system data
10:14:00.201 [FXGL Background Thread 1 ] DEBUG FileSystemAccess     - Reading from: C:\Users\aless\OneDrive\Documentos\GitHub\RPGemturnosG1\Jogo\system\fxgl.bundle
10:14:00.212 [FXGL Background Thread 1 ] DEBUG SystemBundleService  - Bundle FXGL: {}
10:14:00.212 [FXGL Background Thread 1 ] DEBUG UpdaterService       - Checking for updates
10:14:00.249 [FXGL Background Thread 1 ] DEBUG FXGLApplication      - Loading default localization
10:14:00.250 [FXGL Background Thread 1 ] DEBUG FXGLAssetLoaderServi - Loading from file system: jar:file:///C:/Users/aless/.m2/repository/com/github/almasb/fxgl/17.3/fxgl-17.3.jar!/fxglassets/languages/english.lang
10:14:00.281 [FXGL Background Thread 1 ] INFO  FXGLApplication      - FXGL initialization took: 0,678 sec
10:14:00.295 [JavaFX Application Thread] DEBUG Input                - Registered new binding: Move Right - D
10:14:00.296 [JavaFX Application Thread] DEBUG Input                - Registered new binding: Move Left - A
10:14:00.296 [JavaFX Application Thread] DEBUG Input                - Registered new binding: Move Up - W
10:14:00.296 [JavaFX Application Thread] DEBUG Input                - Registered new binding: Move Down - S
10:14:00.297 [JavaFX Application Thread] DEBUG FXGLAssetLoaderServi - Loading from file system: jar:file:///C:/Users/aless/.m2/repository/com/github/almasb/fxgl/17.3/fxgl-17.3.jar!/fxglassets/textures/fxgl_icon.png
10:14:00.321 [JavaFX Application Thread] DEBUG FXGLAssetLoaderServi - Loading from file system: jar:file:///C:/Users/aless/.m2/repository/com/github/almasb/fxgl/17.3/fxgl-17.3.jar!/fxglassets/textures/fxgl_default_cursor.png
10:14:00.325 [JavaFX Application Thread] DEBUG Input                - Registered new binding: Screenshot - CTRL+8
10:14:00.325 [JavaFX Application Thread] DEBUG Input                - Registered new binding: Dev Options - 1
10:14:00.326 [JavaFX Application Thread] DEBUG Input                - Registered new binding: Dev Console - 2
10:14:00.327 [JavaFX Application Thread] DEBUG Input                - Registered new binding: System info dump - CTRL+9
10:14:00.327 [JavaFX Application Thread] DEBUG Input                - Registered new binding: Restart - CTRL+R
10:14:00.328 [JavaFX Application Thread] DEBUG Input                - Registered new binding: Toggle Debug Camera - CTRL+7
10:14:00.331 [FXGL Background Thread 4 ] DEBUG FXGLApplication      - Loading fonts
10:14:00.332 [FXGL Background Thread 4 ] DEBUG FXGLAssetLoaderServi - Loading from file system: jar:file:///C:/Users/aless/.m2/repository/com/github/almasb/fxgl/17.3/fxgl-17.3.jar!/fxglassets/ui/fonts/VarelaRound-Regular.ttf
10:14:00.335 [JavaFX Application Thread] DEBUG LoopRunner           - Starting loop
10:14:00.352 [JavaFX Application Thread] DEBUG LoopRunner           - Initializing JavaFX AnimationTimerLoop
10:14:00.353 [JavaFX Application Thread] DEBUG GameApplicationServi - Starting new game
10:14:00.354 [JavaFX Application Thread] DEBUG Input                - Clearing active input actions
10:14:00.370 [JavaFX Application Thread] DEBUG GameApplicationServi - Removing overlay from FXGLStartupScene and adding to FXGLLoadingScene
10:14:00.374 [JavaFX Application Thread] DEBUG PrimaryStageWindow   - FXGLStartupScene -> FXGLLoadingScene
10:14:00.374 [JavaFX Application Thread] DEBUG GameApplicationServi - Clearing previous game
10:14:00.375 [JavaFX Application Thread] DEBUG GameScene            - Clearing game scene
10:14:00.375 [JavaFX Application Thread] DEBUG GameWorld            - Clearing game world
10:14:00.375 [JavaFX Application Thread] DEBUG PhysicsWorld         - Clearing physics world
10:14:00.377 [FXGL Background Thread 1 ] DEBUG FXGLApplication      - Initializing game
10:14:00.460 [FXGL Background Thread 1 ] WARN  TMXLevelLoader       - TiledMap generated from 1.10.2. Supported version: 1.9.0. Some features may not be parsed fully.
10:14:00.494 [FXGL Background Thread 1 ] DEBUG TMXLevelLoader       - Parsed TiledMap: file:/C:/Users/aless/OneDrive/Documentos/GitHub/RPGemturnosG1/Jogo/target/classes/assets/levels/Mansao.tmx
10:14:00.497 [FXGL Background Thread 1 ] DEBUG TMXLevelLoader       - Creating tile layer entities
10:14:00.502 [FXGL Background Thread 1 ] DEBUG TilesetLoader        - Loading view for layer Chão
10:14:00.507 [FXGL Background Thread 1 ] DEBUG TilesetLoader        - Created buffer with size 1280.0x768.0
10:14:00.535 [FXGL Background Thread 1 ] DEBUG TilesetLoader        - Loading view for layer ChãoGraminhas
10:14:00.538 [FXGL Background Thread 1 ] DEBUG TilesetLoader        - Created buffer with size 1280.0x768.0
10:14:00.548 [FXGL Background Thread 1 ] DEBUG TilesetLoader        - Loading view for layer Árvores
10:14:00.550 [FXGL Background Thread 1 ] DEBUG TilesetLoader        - Created buffer with size 1280.0x768.0
10:14:00.570 [FXGL Background Thread 1 ] DEBUG TilesetLoader        - Loading view for layer arvore
10:14:00.577 [FXGL Background Thread 1 ] DEBUG TilesetLoader        - Created buffer with size 1280.0x768.0
10:14:00.580 [FXGL Background Thread 1 ] DEBUG TilesetLoader        - Loading view for layer Mansao
10:14:00.592 [FXGL Background Thread 1 ] DEBUG TilesetLoader        - Created buffer with size 1280.0x768.0
10:14:00.596 [FXGL Background Thread 1 ] DEBUG TilesetLoader        - Loading view for layer ARVORE2.0
10:14:00.597 [FXGL Background Thread 1 ] DEBUG TilesetLoader        - Created buffer with size 1280.0x768.0
10:14:00.600 [FXGL Background Thread 1 ] DEBUG TMXLevelLoader       - Creating object layer entities
10:14:00.654 [FXGL Background Thread 1 ] DEBUG GameWorld            - Clearing removable entities
10:14:00.655 [FXGL Background Thread 1 ] DEBUG GameWorld            - Setting level: com.almasb.fxgl.entity.level.Level@10d5b372
10:14:00.678 [FXGL Background Thread 1 ] DEBUG FXGLAssetLoaderServi - Loading from file system: file:/C:/Users/aless/OneDrive/Documentos/GitHub/RPGemturnosG1/Jogo/target/classes/assets/textures/dev_player.png
10:14:00.723 [FXGL Background Thread 1 ] WARN  GameWorld            - Entity is already attached to world
10:14:00.724 [FXGL Background Thread 1 ] WARN  GameWorld            - Entity is already attached to world
10:14:00.745 [FXGL Background Thread 1 ] DEBUG FXGLAssetLoaderServi - Loading from file system: file:/C:/Users/aless/OneDrive/Documentos/GitHub/RPGemturnosG1/Jogo/target/classes/assets/textures/male_hurt.png
10:14:00.750 [FXGL Background Thread 1 ] WARN  GameWorld            - Entity is already attached to world
10:14:00.754 [FXGL Background Thread 1 ] INFO  FXGLApplication      - Game initialization took: 0,375 sec
10:14:00.847 [JavaFX Application Thread] DEBUG Input                - Clearing active input actions
10:14:00.858 [JavaFX Application Thread] DEBUG GameApplicationServi - Removing overlay from FXGLLoadingScene and adding to GameScene
10:14:00.864 [JavaFX Application Thread] DEBUG PrimaryStageWindow   - FXGLLoadingScene -> GameScene
10:14:00.980 [FXGL Background Thread 4 ] DEBUG FXGLAssetLoaderServi - Loading from file system: jar:file:///C:/Users/aless/.m2/repository/com/github/almasb/fxgl/17.3/fxgl-17.3.jar!/fxglassets/ui/fonts/Abel-Regular.ttf
10:14:00.987 [FXGL Background Thread 4 ] DEBUG FXGLAssetLoaderServi - Loading from file system: jar:file:///C:/Users/aless/.m2/repository/com/github/almasb/fxgl/17.3/fxgl-17.3.jar!/fxglassets/ui/fonts/TerminalLandMono-Regular.otf
10:14:01.005 [FXGL Background Thread 4 ] DEBUG FXGLAssetLoaderServi - Loading from file system: jar:file:///C:/Users/aless/.m2/repository/com/github/almasb/fxgl/17.3/fxgl-17.3.jar!/fxglassets/ui/fonts/Courier-Prime.ttf
10:14:01.090 [JavaFX Application Thread] DEBUG FXGLApplication      - Registering font factories with UI factory
10:14:03.248 [FXGL Background Thread 3 ] DEBUG Engine               - Logging environment variables
10:14:03.249 [FXGL Background Thread 3 ] DEBUG Engine               - achievements: []
10:14:03.250 [FXGL Background Thread 3 ] DEBUG Engine               - actualHeight: 720.0
10:14:03.250 [FXGL Background Thread 3 ] DEBUG Engine               - actualHeightProperty: ReadOnlyDoubleProperty [value: 720.0]
10:14:03.250 [FXGL Background Thread 3 ] DEBUG Engine               - actualWidth: 1280.0
10:14:03.251 [FXGL Background Thread 3 ] DEBUG Engine               - actualWidthProperty: ReadOnlyDoubleProperty [value: 1280.0]
10:14:03.251 [FXGL Background Thread 3 ] DEBUG Engine               - appIcon: fxgl_icon.png
10:14:03.252 [FXGL Background Thread 3 ] DEBUG Engine               - applicationMode: DEVELOPER
10:14:03.252 [FXGL Background Thread 3 ] DEBUG Engine               - cSSList: [fxgl_dark.css]
10:14:03.252 [FXGL Background Thread 3 ] DEBUG Engine               - collisionDetectionStrategy: BRUTE_FORCE
10:14:03.253 [FXGL Background Thread 3 ] DEBUG Engine               - configClass: Optional.empty
10:14:03.253 [FXGL Background Thread 3 ] DEBUG Engine               - credits: []
10:14:03.254 [FXGL Background Thread 3 ] DEBUG Engine               - defaultCursor: CursorInfo(imageName=fxgl_default_cursor.png, hotspotX=7.0, hotspotY=6.0)
10:14:03.255 [FXGL Background Thread 3 ] DEBUG Engine               - devBBoxColorProperty: ObjectProperty [value: 0xff0000ff]
10:14:03.255 [FXGL Background Thread 3 ] DEBUG Engine               - devEnableDebugCameraProperty: BooleanProperty [value: false]
10:14:03.256 [FXGL Background Thread 3 ] DEBUG Engine               - devSensorColorProperty: ObjectProperty [value: 0xffff00ff]
10:14:03.256 [FXGL Background Thread 3 ] DEBUG Engine               - devShowBBoxProperty: BooleanProperty [value: false]
10:14:03.256 [FXGL Background Thread 3 ] DEBUG Engine               - devShowPositionProperty: BooleanProperty [value: false]
10:14:03.256 [FXGL Background Thread 3 ] DEBUG Engine               - enabledMenuItems: []
10:14:03.257 [FXGL Background Thread 3 ] DEBUG Engine               - engineServices: [class com.almasb.fxgl.app.services.FXGLAssetLoaderService, class com.almasb.fxgl.app.FXGLApplication$GameApplicationService, class com.almasb.fxgl.app.services.FXGLDialogService, class com.almasb.fxgl.app.services.IOTaskExecutorService, class com.almasb.fxgl.io.FileSystemService, class com.almasb.fxgl.localization.LocalizationService, class com.almasb.fxgl.app.services.SystemBundleService, class com.almasb.fxgl.profile.SaveLoadService, class com.almasb.fxgl.ui.FXGLUIFactoryServiceProvider, class com.almasb.fxgl.ui.FXGLDialogFactoryServiceProvider, class com.almasb.fxgl.audio.AudioPlayer, class com.almasb.fxgl.notification.impl.NotificationServiceProvider, class com.almasb.fxgl.achievement.AchievementService, class com.almasb.fxgl.cutscene.CutsceneService, class com.almasb.fxgl.minigames.MiniGameService, class com.almasb.fxgl.net.NetService, class com.almasb.fxgl.app.services.UpdaterService, class com.almasb.fxgl.dev.DevService]
10:14:03.257 [FXGL Background Thread 3 ] DEBUG Engine               - fontGame: Abel-Regular.ttf
10:14:03.257 [FXGL Background Thread 3 ] DEBUG Engine               - fontMono: TerminalLandMono-Regular.otf
10:14:03.258 [FXGL Background Thread 3 ] DEBUG Engine               - fontSizeScaleUI: 1.0
10:14:03.258 [FXGL Background Thread 3 ] DEBUG Engine               - fontText: Courier-Prime.ttf
10:14:03.258 [FXGL Background Thread 3 ] DEBUG Engine               - fontUI: VarelaRound-Regular.ttf
10:14:03.258 [FXGL Background Thread 3 ] DEBUG Engine               - fullScreen: BooleanProperty [value: false]
10:14:03.259 [FXGL Background Thread 3 ] DEBUG Engine               - gameDifficulty: MEDIUM
10:14:03.259 [FXGL Background Thread 3 ] DEBUG Engine               - gameDifficultyProperty: ObjectProperty [value: MEDIUM]
10:14:03.259 [FXGL Background Thread 3 ] DEBUG Engine               - globalMusicVolume: 0.5
10:14:03.259 [FXGL Background Thread 3 ] DEBUG Engine               - globalMusicVolumeProperty: DoubleProperty [value: 0.5]
10:14:03.260 [FXGL Background Thread 3 ] DEBUG Engine               - globalSoundVolume: 0.5
10:14:03.260 [FXGL Background Thread 3 ] DEBUG Engine               - globalSoundVolumeProperty: DoubleProperty [value: 0.5]
10:14:03.261 [FXGL Background Thread 3 ] DEBUG Engine               - height: 720
10:14:03.261 [FXGL Background Thread 3 ] DEBUG Engine               - is3D: false
10:14:03.261 [FXGL Background Thread 3 ] DEBUG Engine               - isAndroid: false
10:14:03.261 [FXGL Background Thread 3 ] DEBUG Engine               - isBrowser: false
10:14:03.262 [FXGL Background Thread 3 ] DEBUG Engine               - isClickFeedbackEnabled: false
10:14:03.262 [FXGL Background Thread 3 ] DEBUG Engine               - isCloseConfirmation: false
10:14:03.262 [FXGL Background Thread 3 ] DEBUG Engine               - isDesktop: true
10:14:03.262 [FXGL Background Thread 3 ] DEBUG Engine               - isDeveloperMenuEnabled: true
10:14:03.263 [FXGL Background Thread 3 ] DEBUG Engine               - isEmbedded: false
10:14:03.263 [FXGL Background Thread 3 ] DEBUG Engine               - isEntityPreloadEnabled: true
10:14:03.263 [FXGL Background Thread 3 ] DEBUG Engine               - isExperimentalTiledLargeMap: false
10:14:03.263 [FXGL Background Thread 3 ] DEBUG Engine               - isFileSystemWriteAllowed: true
10:14:03.263 [FXGL Background Thread 3 ] DEBUG Engine               - isFullScreenAllowed: true
10:14:03.264 [FXGL Background Thread 3 ] DEBUG Engine               - isFullScreenFromStart: false
10:14:03.264 [FXGL Background Thread 3 ] DEBUG Engine               - isGameMenuEnabled: true
10:14:03.264 [FXGL Background Thread 3 ] DEBUG Engine               - isIOS: false
10:14:03.265 [FXGL Background Thread 3 ] DEBUG Engine               - isIntroEnabled: false
10:14:03.265 [FXGL Background Thread 3 ] DEBUG Engine               - isLinux: false
10:14:03.265 [FXGL Background Thread 3 ] DEBUG Engine               - isMac: false
10:14:03.265 [FXGL Background Thread 3 ] DEBUG Engine               - isMainMenuEnabled: false
10:14:03.265 [FXGL Background Thread 3 ] DEBUG Engine               - isManualResizeEnabled: false
10:14:03.266 [FXGL Background Thread 3 ] DEBUG Engine               - isMobile: false
10:14:03.266 [FXGL Background Thread 3 ] DEBUG Engine               - isNative: false
10:14:03.266 [FXGL Background Thread 3 ] DEBUG Engine               - isPauseMusicWhenMinimized: true
10:14:03.266 [FXGL Background Thread 3 ] DEBUG Engine               - isPreserveResizeRatio: false
10:14:03.267 [FXGL Background Thread 3 ] DEBUG Engine               - isProfilingEnabled: false
10:14:03.267 [FXGL Background Thread 3 ] DEBUG Engine               - isScaleAffectedOnResize: true
10:14:03.267 [FXGL Background Thread 3 ] DEBUG Engine               - isSingleStep: false
10:14:03.267 [FXGL Background Thread 3 ] DEBUG Engine               - isUserProfileEnabled: false
10:14:03.268 [FXGL Background Thread 3 ] DEBUG Engine               - isWindows: true
10:14:03.268 [FXGL Background Thread 3 ] DEBUG Engine               - language: ObjectProperty [value: ENGLISH]
10:14:03.268 [FXGL Background Thread 3 ] DEBUG Engine               - menuKey: ESCAPE
10:14:03.268 [FXGL Background Thread 3 ] DEBUG Engine               - mouseSensitivity: 0.2
10:14:03.269 [FXGL Background Thread 3 ] DEBUG Engine               - notificationViewClass: class com.almasb.fxgl.notification.view.XboxNotificationView
10:14:03.269 [FXGL Background Thread 3 ] DEBUG Engine               - pixelsPerMeter: 50.0
10:14:03.269 [FXGL Background Thread 3 ] DEBUG Engine               - platform: WINDOWS
10:14:03.269 [FXGL Background Thread 3 ] DEBUG Engine               - prefHeightProperty: ReadOnlyDoubleProperty [value: 720.0]
10:14:03.270 [FXGL Background Thread 3 ] DEBUG Engine               - prefWidthProperty: ReadOnlyDoubleProperty [value: 1280.0]
10:14:03.270 [FXGL Background Thread 3 ] DEBUG Engine               - profileDir: profiles/
10:14:03.270 [FXGL Background Thread 3 ] DEBUG Engine               - profileName: StringProperty [value: DEFAULT]
10:14:03.270 [FXGL Background Thread 3 ] DEBUG Engine               - randomSeed: -1
10:14:03.272 [FXGL Background Thread 3 ] DEBUG Engine               - runtimeInfo: RuntimeInfo(platform=WINDOWS, version=17.3, build=30.03.2023 11.49)
10:14:03.272 [FXGL Background Thread 3 ] DEBUG Engine               - saveFileExt: sav
10:14:03.272 [FXGL Background Thread 3 ] DEBUG Engine               - scaledHeightProp$fxgl: DoubleProperty [bound, value: 720.0]
10:14:03.273 [FXGL Background Thread 3 ] DEBUG Engine               - scaledWidthProp$fxgl: DoubleProperty [bound, value: 1280.0]
10:14:03.273 [FXGL Background Thread 3 ] DEBUG Engine               - sceneFactory: com.almasb.fxgl.app.scene.SceneFactory@3f9ba340
10:14:03.273 [FXGL Background Thread 3 ] DEBUG Engine               - secondsIn24h: 60
10:14:03.273 [FXGL Background Thread 3 ] DEBUG Engine               - soundMenuBack: menu/back.wav
10:14:03.274 [FXGL Background Thread 3 ] DEBUG Engine               - soundMenuPress: menu/press.wav
10:14:03.274 [FXGL Background Thread 3 ] DEBUG Engine               - soundMenuSelect: menu/select.wav
10:14:03.274 [FXGL Background Thread 3 ] DEBUG Engine               - soundNotification: core/notification.wav
10:14:03.274 [FXGL Background Thread 3 ] DEBUG Engine               - stageStyle: DECORATED
10:14:03.275 [FXGL Background Thread 3 ] DEBUG Engine               - supportedLanguages: [ENGLISH, FRENCH, GERMAN, HUNGARIAN, RUSSIAN]
10:14:03.275 [FXGL Background Thread 3 ] DEBUG Engine               - ticksPerSecond: -1
10:14:03.275 [FXGL Background Thread 3 ] DEBUG Engine               - title: Silenciados
10:14:03.275 [FXGL Background Thread 3 ] DEBUG Engine               - urlGithub: https://github.com/AlmasB/FXGL
10:14:03.276 [FXGL Background Thread 3 ] DEBUG Engine               - urlLeaderboard: http://fxgl-top.herokuapp.com/
10:14:03.276 [FXGL Background Thread 3 ] DEBUG Engine               - urlPOM: https://raw.githubusercontent.com/AlmasB/FXGL/release/README.md
10:14:03.276 [FXGL Background Thread 3 ] DEBUG Engine               - userAppClass: class Interface.SilenciadosApp
10:14:03.276 [FXGL Background Thread 3 ] DEBUG Engine               - version: 0.1
10:14:03.277 [FXGL Background Thread 3 ] DEBUG Engine               - versionCheckDays: 7
10:14:03.277 [FXGL Background Thread 3 ] DEBUG Engine               - width: 1280
10:14:03.277 [FXGL Background Thread 3 ] DEBUG Engine               - Logging services
10:14:03.277 [FXGL Background Thread 3 ] DEBUG Engine               - class com.almasb.fxgl.app.services.FXGLAssetLoaderService
10:14:03.277 [FXGL Background Thread 3 ] DEBUG Engine               - class com.almasb.fxgl.app.FXGLApplication$GameApplicationService
10:14:03.278 [FXGL Background Thread 3 ] DEBUG Engine               - class com.almasb.fxgl.app.services.FXGLDialogService
10:14:03.278 [FXGL Background Thread 3 ] DEBUG Engine               - class com.almasb.fxgl.app.services.IOTaskExecutorService
10:14:03.278 [FXGL Background Thread 3 ] DEBUG Engine               - class com.almasb.fxgl.io.FileSystemService
10:14:03.278 [FXGL Background Thread 3 ] DEBUG Engine               - class com.almasb.fxgl.localization.LocalizationService
10:14:03.278 [FXGL Background Thread 3 ] DEBUG Engine               - class com.almasb.fxgl.app.services.SystemBundleService
10:14:03.279 [FXGL Background Thread 3 ] DEBUG Engine               - class com.almasb.fxgl.profile.SaveLoadService
10:14:03.279 [FXGL Background Thread 3 ] DEBUG Engine               - class com.almasb.fxgl.ui.FXGLUIFactoryServiceProvider
10:14:03.279 [FXGL Background Thread 3 ] DEBUG Engine               - class com.almasb.fxgl.ui.FXGLDialogFactoryServiceProvider
10:14:03.279 [FXGL Background Thread 3 ] DEBUG Engine               - class com.almasb.fxgl.audio.AudioPlayer
10:14:03.279 [FXGL Background Thread 3 ] DEBUG Engine               - class com.almasb.fxgl.notification.impl.NotificationServiceProvider
10:14:03.280 [FXGL Background Thread 3 ] DEBUG Engine               - class com.almasb.fxgl.achievement.AchievementService
10:14:03.280 [FXGL Background Thread 3 ] DEBUG Engine               - class com.almasb.fxgl.cutscene.CutsceneService
10:14:03.280 [FXGL Background Thread 3 ] DEBUG Engine               - class com.almasb.fxgl.minigames.MiniGameService
10:14:03.280 [FXGL Background Thread 3 ] DEBUG Engine               - class com.almasb.fxgl.net.NetService
10:14:03.281 [FXGL Background Thread 3 ] DEBUG Engine               - class com.almasb.fxgl.app.services.UpdaterService
10:14:03.281 [FXGL Background Thread 3 ] DEBUG Engine               - class com.almasb.fxgl.dev.DevService
10:14:14.056 [JavaFX Application Thread] DEBUG FXGLApplication      - Exiting FXGL
10:14:14.056 [JavaFX Application Thread] DEBUG LoopRunner           - Stopping loop
10:14:14.057 [JavaFX Application Thread] DEBUG SystemBundleService  - Saving FXGL system data
10:14:14.060 [JavaFX Application Thread] DEBUG FileSystemAccess     - Writing to: C:\Users\aless\OneDrive\Documentos\GitHub\RPGemturnosG1\Jogo\system\fxgl.bundle
10:14:14.064 [JavaFX Application Thread] DEBUG Async                - Shutting down background threads
10:14:14.064 [JavaFX Application Thread] DEBUG PrimaryStageWindow   - Closing main window
10:14:14.081 [JavaFX Application Thread] DEBUG Logger               - Closing Logger
