12:00:56.334 [main                     ] DEBUG Logger               - Configured Logger
12:00:56.379 [main                     ] DEBUG GameApplication      - Logging settings
Title: Silenciados
Version: 0.1
Width: 1280
Height: 720
Fullscreen: true
Intro: false
Profiling: false
Single step:false
App Mode: DEVELOPER
Menu Key: ESCAPE
Stage Style: DECORATED
Scene Factory: class com.almasb.fxgl.app.scene.SceneFactory

12:00:56.739 [JavaFX Application Thread] DEBUG FXGLApplication      - Initializing FXGL
12:00:56.752 [JavaFX Application Thread] INFO  Engine               - FXGL-17.3 (30.03.2023 11.49) on WINDOWS (J:17.0.9 FX:20)
12:00:56.753 [JavaFX Application Thread] DEBUG Engine               - JRE Vendor Name: Oracle Corporation
12:00:56.753 [JavaFX Application Thread] DEBUG Engine               - Running on OS: Windows 11 version 10.0
12:00:56.753 [JavaFX Application Thread] DEBUG Engine               - Architecture: amd64
12:00:56.754 [JavaFX Application Thread] INFO  Engine               - Source code and latest versions at: https://github.com/AlmasB/FXGL
12:00:56.754 [JavaFX Application Thread] INFO  Engine               -       Ask questions and discuss at: https://github.com/AlmasB/FXGL/discussions
12:00:56.754 [JavaFX Application Thread] INFO  Engine               -              Join the FXGL chat at: https://gitter.im/AlmasB/FXGL
12:00:56.880 [JavaFX Application Thread] DEBUG PrimaryStageWindow   - Creating a JavaFX scene
12:00:56.941 [JavaFX Application Thread] DEBUG PrimaryStageWindow   - Target settings size: 1280.0 x 720.0
12:00:56.942 [JavaFX Application Thread] DEBUG PrimaryStageWindow   - Scaled scene size:    1280.0 x 720.0
12:00:56.942 [JavaFX Application Thread] DEBUG PrimaryStageWindow   - Scaled ratio: (1.0, 1.0)
12:00:56.944 [JavaFX Application Thread] DEBUG PrimaryStageWindow   - Set initial scene to FXGLStartupScene
12:00:56.951 [JavaFX Application Thread] DEBUG PrimaryStageWindow   - Opening main window
12:00:57.058 [JavaFX Application Thread] DEBUG PrimaryStageWindow   - Window border size: (16.0, 39.0)
12:00:57.059 [JavaFX Application Thread] DEBUG PrimaryStageWindow   - Scaled size: 1280.0 x 720.0
12:00:57.059 [JavaFX Application Thread] DEBUG PrimaryStageWindow   - Scaled ratio: (1.0, 1.0)
12:00:57.060 [JavaFX Application Thread] DEBUG PrimaryStageWindow   - Scene size: 1280.0 x 720.0
12:00:57.060 [JavaFX Application Thread] DEBUG PrimaryStageWindow   - Stage size: 1296.0 x 759.0
12:00:57.077 [FXGL Background Thread 1 ] DEBUG Engine               - Initializing environment variables
12:00:57.131 [FXGL Background Thread 1 ] DEBUG FXGLAssetLoaderServi - User app class for loading assets: class Interface.SilenciadosApp
12:00:57.132 [FXGL Background Thread 1 ] DEBUG GameApplicationServi - Applying CSS: fxgl_dark.css
12:00:57.133 [FXGL Background Thread 1 ] DEBUG FXGLAssetLoaderServi - Loading from file system: jar:file:///C:/Users/aless/.m2/repository/com/github/almasb/fxgl/17.3/fxgl-17.3.jar!/fxglassets/ui/css/fxgl_dark.css
12:00:57.222 [FXGL Background Thread 1 ] DEBUG GameApplicationServi - Initializing application scenes
12:00:57.350 [FXGL Background Thread 1 ] DEBUG GameWorld            - Game world initialized
12:00:57.429 [FXGL Background Thread 1 ] DEBUG PhysicsWorld         - Physics world initialized: appHeight=720, physics.ppm=50,0
12:00:57.430 [FXGL Background Thread 1 ] DEBUG PhysicsWorld         - Using strategy: BRUTE_FORCE
12:00:57.440 [FXGL Background Thread 1 ] DEBUG GameScene            - Game scene initialized: 1280x720
12:00:57.460 [FXGL Background Thread 1 ] DEBUG FXGL.DefaultMenu     - createMenuBodyGameMenu()
12:00:57.484 [FXGL Background Thread 1 ] DEBUG FXGL.DefaultMenu     - createOptionsMenu()
12:00:57.500 [FXGL Background Thread 1 ] DEBUG FXGLAssetLoaderServi - Loading from file system: jar:file:///C:/Users/aless/.m2/repository/com/github/almasb/fxgl/17.3/fxgl-17.3.jar!/fxglassets/textures/particles/smoke.png
12:00:57.637 [FXGL Background Thread 1 ] DEBUG FXGLAssetLoaderServi - Loading from file system: jar:file:///C:/Users/aless/.m2/repository/com/github/almasb/fxgl/17.3/fxgl-17.3.jar!/fxglassets/textures/particles/trace_horizontal.png
12:00:57.673 [FXGL Background Thread 1 ] DEBUG GameApplicationServi - Application scenes initialized
12:00:57.693 [FXGL Background Thread 1 ] DEBUG SystemBundleService  - Loading FXGL system data
12:00:57.701 [FXGL Background Thread 1 ] DEBUG FileSystemAccess     - Reading from: C:\Users\aless\OneDrive\Documentos\GitHub\RPGemturnosG1\Jogo\system\fxgl.bundle
12:00:57.719 [FXGL Background Thread 1 ] DEBUG SystemBundleService  - Bundle FXGL: {}
12:00:57.720 [FXGL Background Thread 1 ] DEBUG UpdaterService       - Checking for updates
12:00:57.755 [FXGL Background Thread 1 ] DEBUG FXGLApplication      - Loading default localization
12:00:57.756 [FXGL Background Thread 1 ] DEBUG FXGLAssetLoaderServi - Loading from file system: jar:file:///C:/Users/aless/.m2/repository/com/github/almasb/fxgl/17.3/fxgl-17.3.jar!/fxglassets/languages/english.lang
12:00:57.780 [FXGL Background Thread 1 ] INFO  FXGLApplication      - FXGL initialization took: 0,703 sec
12:00:57.794 [JavaFX Application Thread] DEBUG Input                - Registered new binding: Move Right - D
12:00:57.794 [JavaFX Application Thread] DEBUG Input                - Registered new binding: Move Left - A
12:00:57.794 [JavaFX Application Thread] DEBUG Input                - Registered new binding: Move Up - W
12:00:57.795 [JavaFX Application Thread] DEBUG Input                - Registered new binding: Move Down - S
12:00:57.795 [JavaFX Application Thread] DEBUG FXGLAssetLoaderServi - Loading from file system: jar:file:///C:/Users/aless/.m2/repository/com/github/almasb/fxgl/17.3/fxgl-17.3.jar!/fxglassets/textures/fxgl_icon.png
12:00:57.814 [JavaFX Application Thread] DEBUG FXGLAssetLoaderServi - Loading from file system: jar:file:///C:/Users/aless/.m2/repository/com/github/almasb/fxgl/17.3/fxgl-17.3.jar!/fxglassets/textures/fxgl_default_cursor.png
12:00:57.818 [JavaFX Application Thread] DEBUG Input                - Registered new binding: Screenshot - CTRL+8
12:00:57.818 [JavaFX Application Thread] DEBUG Input                - Registered new binding: Dev Options - 1
12:00:57.819 [JavaFX Application Thread] DEBUG Input                - Registered new binding: Dev Console - 2
12:00:57.819 [JavaFX Application Thread] DEBUG Input                - Registered new binding: System info dump - CTRL+9
12:00:57.820 [JavaFX Application Thread] DEBUG Input                - Registered new binding: Restart - CTRL+R
12:00:57.821 [JavaFX Application Thread] DEBUG Input                - Registered new binding: Toggle Debug Camera - CTRL+7
12:00:57.823 [FXGL Background Thread 4 ] DEBUG FXGLApplication      - Loading fonts
12:00:57.824 [FXGL Background Thread 4 ] DEBUG FXGLAssetLoaderServi - Loading from file system: jar:file:///C:/Users/aless/.m2/repository/com/github/almasb/fxgl/17.3/fxgl-17.3.jar!/fxglassets/ui/fonts/VarelaRound-Regular.ttf
12:00:57.826 [JavaFX Application Thread] DEBUG LoopRunner           - Starting loop
12:00:57.842 [JavaFX Application Thread] DEBUG LoopRunner           - Initializing JavaFX AnimationTimerLoop
12:00:57.845 [JavaFX Application Thread] DEBUG GameApplicationServi - Starting new game
12:00:57.845 [JavaFX Application Thread] DEBUG Input                - Clearing active input actions
12:00:57.865 [JavaFX Application Thread] DEBUG GameApplicationServi - Removing overlay from FXGLStartupScene and adding to FXGLLoadingScene
12:00:57.870 [JavaFX Application Thread] DEBUG PrimaryStageWindow   - FXGLStartupScene -> FXGLLoadingScene
12:00:57.870 [JavaFX Application Thread] DEBUG GameApplicationServi - Clearing previous game
12:00:57.870 [JavaFX Application Thread] DEBUG GameScene            - Clearing game scene
12:00:57.871 [JavaFX Application Thread] DEBUG GameWorld            - Clearing game world
12:00:57.871 [JavaFX Application Thread] DEBUG PhysicsWorld         - Clearing physics world
12:00:57.874 [FXGL Background Thread 1 ] DEBUG FXGLApplication      - Initializing game
12:00:58.121 [FXGL Background Thread 1 ] WARN  TMXLevelLoader       - TiledMap generated from 1.10.2. Supported version: 1.9.0. Some features may not be parsed fully.
12:00:58.157 [FXGL Background Thread 1 ] DEBUG TMXLevelLoader       - Parsed TiledMap: file:/C:/Users/aless/OneDrive/Documentos/GitHub/RPGemturnosG1/Jogo/target/classes/assets/levels/Mansao.tmx
12:00:58.159 [FXGL Background Thread 1 ] DEBUG TMXLevelLoader       - Creating tile layer entities
12:00:58.163 [FXGL Background Thread 1 ] DEBUG TilesetLoader        - Loading view for layer Chão
12:00:58.167 [FXGL Background Thread 1 ] DEBUG TilesetLoader        - Created buffer with size 1280.0x768.0
12:00:58.192 [FXGL Background Thread 1 ] DEBUG TilesetLoader        - Loading view for layer ChãoGraminhas
12:00:58.196 [FXGL Background Thread 1 ] DEBUG TilesetLoader        - Created buffer with size 1280.0x768.0
12:00:58.208 [FXGL Background Thread 1 ] DEBUG TilesetLoader        - Loading view for layer Árvores
12:00:58.211 [FXGL Background Thread 1 ] DEBUG TilesetLoader        - Created buffer with size 1280.0x768.0
12:00:58.229 [FXGL Background Thread 1 ] DEBUG TilesetLoader        - Loading view for layer arvore
12:00:58.232 [FXGL Background Thread 1 ] DEBUG TilesetLoader        - Created buffer with size 1280.0x768.0
12:00:58.234 [FXGL Background Thread 1 ] DEBUG TilesetLoader        - Loading view for layer Mansao
12:00:58.246 [FXGL Background Thread 1 ] DEBUG TilesetLoader        - Created buffer with size 1280.0x768.0
12:00:58.249 [FXGL Background Thread 1 ] DEBUG TilesetLoader        - Loading view for layer ARVORE2.0
12:00:58.256 [FXGL Background Thread 1 ] DEBUG TilesetLoader        - Created buffer with size 1280.0x768.0
12:00:58.259 [FXGL Background Thread 1 ] DEBUG TMXLevelLoader       - Creating object layer entities
12:00:58.345 [FXGL Background Thread 1 ] DEBUG GameWorld            - Clearing removable entities
12:00:58.345 [FXGL Background Thread 1 ] DEBUG GameWorld            - Setting level: com.almasb.fxgl.entity.level.Level@64a9e2ed
12:00:58.385 [FXGL Background Thread 1 ] DEBUG FXGLAssetLoaderServi - Loading from file system: file:/C:/Users/aless/OneDrive/Documentos/GitHub/RPGemturnosG1/Jogo/target/classes/assets/textures/dev_player.png
12:00:58.438 [FXGL Background Thread 1 ] WARN  GameWorld            - Entity is already attached to world
12:00:58.438 [FXGL Background Thread 1 ] WARN  GameWorld            - Entity is already attached to world
12:00:58.443 [FXGL Background Thread 1 ] DEBUG FXGLAssetLoaderServi - Loading from file system: file:/C:/Users/aless/OneDrive/Documentos/GitHub/RPGemturnosG1/Jogo/target/classes/assets/textures/male_hurt.png
12:00:58.446 [FXGL Background Thread 1 ] WARN  GameWorld            - Entity is already attached to world
12:00:58.448 [FXGL Background Thread 1 ] INFO  FXGLApplication      - Game initialization took: 0,574 sec
12:00:58.490 [FXGL Background Thread 4 ] DEBUG FXGLAssetLoaderServi - Loading from file system: jar:file:///C:/Users/aless/.m2/repository/com/github/almasb/fxgl/17.3/fxgl-17.3.jar!/fxglassets/ui/fonts/Abel-Regular.ttf
12:00:58.495 [FXGL Background Thread 4 ] DEBUG FXGLAssetLoaderServi - Loading from file system: jar:file:///C:/Users/aless/.m2/repository/com/github/almasb/fxgl/17.3/fxgl-17.3.jar!/fxglassets/ui/fonts/TerminalLandMono-Regular.otf
12:00:58.500 [FXGL Background Thread 4 ] DEBUG FXGLAssetLoaderServi - Loading from file system: jar:file:///C:/Users/aless/.m2/repository/com/github/almasb/fxgl/17.3/fxgl-17.3.jar!/fxglassets/ui/fonts/Courier-Prime.ttf
12:00:58.550 [JavaFX Application Thread] DEBUG Input                - Clearing active input actions
12:00:58.563 [JavaFX Application Thread] DEBUG GameApplicationServi - Removing overlay from FXGLLoadingScene and adding to GameScene
12:00:58.568 [JavaFX Application Thread] DEBUG PrimaryStageWindow   - FXGLLoadingScene -> GameScene
12:00:58.572 [JavaFX Application Thread] DEBUG FXGLApplication      - Registering font factories with UI factory
12:01:00.752 [FXGL Background Thread 3 ] DEBUG Engine               - Logging environment variables
12:01:00.753 [FXGL Background Thread 3 ] DEBUG Engine               - achievements: []
12:01:00.753 [FXGL Background Thread 3 ] DEBUG Engine               - actualHeight: 720.0
12:01:00.753 [FXGL Background Thread 3 ] DEBUG Engine               - actualHeightProperty: ReadOnlyDoubleProperty [value: 720.0]
12:01:00.753 [FXGL Background Thread 3 ] DEBUG Engine               - actualWidth: 1280.0
12:01:00.754 [FXGL Background Thread 3 ] DEBUG Engine               - actualWidthProperty: ReadOnlyDoubleProperty [value: 1280.0]
12:01:00.754 [FXGL Background Thread 3 ] DEBUG Engine               - appIcon: fxgl_icon.png
12:01:00.754 [FXGL Background Thread 3 ] DEBUG Engine               - applicationMode: DEVELOPER
12:01:00.755 [FXGL Background Thread 3 ] DEBUG Engine               - cSSList: [fxgl_dark.css]
12:01:00.755 [FXGL Background Thread 3 ] DEBUG Engine               - collisionDetectionStrategy: BRUTE_FORCE
12:01:00.755 [FXGL Background Thread 3 ] DEBUG Engine               - configClass: Optional.empty
12:01:00.755 [FXGL Background Thread 3 ] DEBUG Engine               - credits: []
12:01:00.756 [FXGL Background Thread 3 ] DEBUG Engine               - defaultCursor: CursorInfo(imageName=fxgl_default_cursor.png, hotspotX=7.0, hotspotY=6.0)
12:01:00.756 [FXGL Background Thread 3 ] DEBUG Engine               - devBBoxColorProperty: ObjectProperty [value: 0xff0000ff]
12:01:00.757 [FXGL Background Thread 3 ] DEBUG Engine               - devEnableDebugCameraProperty: BooleanProperty [value: false]
12:01:00.757 [FXGL Background Thread 3 ] DEBUG Engine               - devSensorColorProperty: ObjectProperty [value: 0xffff00ff]
12:01:00.757 [FXGL Background Thread 3 ] DEBUG Engine               - devShowBBoxProperty: BooleanProperty [value: false]
12:01:00.757 [FXGL Background Thread 3 ] DEBUG Engine               - devShowPositionProperty: BooleanProperty [value: false]
12:01:00.758 [FXGL Background Thread 3 ] DEBUG Engine               - enabledMenuItems: []
12:01:00.758 [FXGL Background Thread 3 ] DEBUG Engine               - engineServices: [class com.almasb.fxgl.app.services.FXGLAssetLoaderService, class com.almasb.fxgl.app.FXGLApplication$GameApplicationService, class com.almasb.fxgl.app.services.FXGLDialogService, class com.almasb.fxgl.app.services.IOTaskExecutorService, class com.almasb.fxgl.io.FileSystemService, class com.almasb.fxgl.localization.LocalizationService, class com.almasb.fxgl.app.services.SystemBundleService, class com.almasb.fxgl.profile.SaveLoadService, class com.almasb.fxgl.ui.FXGLUIFactoryServiceProvider, class com.almasb.fxgl.ui.FXGLDialogFactoryServiceProvider, class com.almasb.fxgl.audio.AudioPlayer, class com.almasb.fxgl.notification.impl.NotificationServiceProvider, class com.almasb.fxgl.achievement.AchievementService, class com.almasb.fxgl.cutscene.CutsceneService, class com.almasb.fxgl.minigames.MiniGameService, class com.almasb.fxgl.net.NetService, class com.almasb.fxgl.app.services.UpdaterService, class com.almasb.fxgl.dev.DevService]
12:01:00.758 [FXGL Background Thread 3 ] DEBUG Engine               - fontGame: Abel-Regular.ttf
12:01:00.758 [FXGL Background Thread 3 ] DEBUG Engine               - fontMono: TerminalLandMono-Regular.otf
12:01:00.759 [FXGL Background Thread 3 ] DEBUG Engine               - fontSizeScaleUI: 1.0
12:01:00.759 [FXGL Background Thread 3 ] DEBUG Engine               - fontText: Courier-Prime.ttf
12:01:00.760 [FXGL Background Thread 3 ] DEBUG Engine               - fontUI: VarelaRound-Regular.ttf
12:01:00.760 [FXGL Background Thread 3 ] DEBUG Engine               - fullScreen: BooleanProperty [value: false]
12:01:00.760 [FXGL Background Thread 3 ] DEBUG Engine               - gameDifficulty: MEDIUM
12:01:00.761 [FXGL Background Thread 3 ] DEBUG Engine               - gameDifficultyProperty: ObjectProperty [value: MEDIUM]
12:01:00.761 [FXGL Background Thread 3 ] DEBUG Engine               - globalMusicVolume: 0.5
12:01:00.761 [FXGL Background Thread 3 ] DEBUG Engine               - globalMusicVolumeProperty: DoubleProperty [value: 0.5]
12:01:00.761 [FXGL Background Thread 3 ] DEBUG Engine               - globalSoundVolume: 0.5
12:01:00.761 [FXGL Background Thread 3 ] DEBUG Engine               - globalSoundVolumeProperty: DoubleProperty [value: 0.5]
12:01:00.762 [FXGL Background Thread 3 ] DEBUG Engine               - height: 720
12:01:00.762 [FXGL Background Thread 3 ] DEBUG Engine               - is3D: false
12:01:00.762 [FXGL Background Thread 3 ] DEBUG Engine               - isAndroid: false
12:01:00.762 [FXGL Background Thread 3 ] DEBUG Engine               - isBrowser: false
12:01:00.762 [FXGL Background Thread 3 ] DEBUG Engine               - isClickFeedbackEnabled: false
12:01:00.762 [FXGL Background Thread 3 ] DEBUG Engine               - isCloseConfirmation: false
12:01:00.762 [FXGL Background Thread 3 ] DEBUG Engine               - isDesktop: true
12:01:00.763 [FXGL Background Thread 3 ] DEBUG Engine               - isDeveloperMenuEnabled: true
12:01:00.763 [FXGL Background Thread 3 ] DEBUG Engine               - isEmbedded: false
12:01:00.763 [FXGL Background Thread 3 ] DEBUG Engine               - isEntityPreloadEnabled: true
12:01:00.763 [FXGL Background Thread 3 ] DEBUG Engine               - isExperimentalTiledLargeMap: false
12:01:00.763 [FXGL Background Thread 3 ] DEBUG Engine               - isFileSystemWriteAllowed: true
12:01:00.764 [FXGL Background Thread 3 ] DEBUG Engine               - isFullScreenAllowed: true
12:01:00.764 [FXGL Background Thread 3 ] DEBUG Engine               - isFullScreenFromStart: false
12:01:00.764 [FXGL Background Thread 3 ] DEBUG Engine               - isGameMenuEnabled: true
12:01:00.765 [FXGL Background Thread 3 ] DEBUG Engine               - isIOS: false
12:01:00.765 [FXGL Background Thread 3 ] DEBUG Engine               - isIntroEnabled: false
12:01:00.765 [FXGL Background Thread 3 ] DEBUG Engine               - isLinux: false
12:01:00.765 [FXGL Background Thread 3 ] DEBUG Engine               - isMac: false
12:01:00.765 [FXGL Background Thread 3 ] DEBUG Engine               - isMainMenuEnabled: false
12:01:00.766 [FXGL Background Thread 3 ] DEBUG Engine               - isManualResizeEnabled: false
12:01:00.766 [FXGL Background Thread 3 ] DEBUG Engine               - isMobile: false
12:01:00.766 [FXGL Background Thread 3 ] DEBUG Engine               - isNative: false
12:01:00.766 [FXGL Background Thread 3 ] DEBUG Engine               - isPauseMusicWhenMinimized: true
12:01:00.766 [FXGL Background Thread 3 ] DEBUG Engine               - isPreserveResizeRatio: false
12:01:00.767 [FXGL Background Thread 3 ] DEBUG Engine               - isProfilingEnabled: false
12:01:00.767 [FXGL Background Thread 3 ] DEBUG Engine               - isScaleAffectedOnResize: true
12:01:00.767 [FXGL Background Thread 3 ] DEBUG Engine               - isSingleStep: false
12:01:00.767 [FXGL Background Thread 3 ] DEBUG Engine               - isUserProfileEnabled: false
12:01:00.767 [FXGL Background Thread 3 ] DEBUG Engine               - isWindows: true
12:01:00.768 [FXGL Background Thread 3 ] DEBUG Engine               - language: ObjectProperty [value: ENGLISH]
12:01:00.768 [FXGL Background Thread 3 ] DEBUG Engine               - menuKey: ESCAPE
12:01:00.768 [FXGL Background Thread 3 ] DEBUG Engine               - mouseSensitivity: 0.2
12:01:00.768 [FXGL Background Thread 3 ] DEBUG Engine               - notificationViewClass: class com.almasb.fxgl.notification.view.XboxNotificationView
12:01:00.769 [FXGL Background Thread 3 ] DEBUG Engine               - pixelsPerMeter: 50.0
12:01:00.769 [FXGL Background Thread 3 ] DEBUG Engine               - platform: WINDOWS
12:01:00.769 [FXGL Background Thread 3 ] DEBUG Engine               - prefHeightProperty: ReadOnlyDoubleProperty [value: 720.0]
12:01:00.769 [FXGL Background Thread 3 ] DEBUG Engine               - prefWidthProperty: ReadOnlyDoubleProperty [value: 1280.0]
12:01:00.770 [FXGL Background Thread 3 ] DEBUG Engine               - profileDir: profiles/
12:01:00.770 [FXGL Background Thread 3 ] DEBUG Engine               - profileName: StringProperty [value: DEFAULT]
12:01:00.770 [FXGL Background Thread 3 ] DEBUG Engine               - randomSeed: -1
12:01:00.771 [FXGL Background Thread 3 ] DEBUG Engine               - runtimeInfo: RuntimeInfo(platform=WINDOWS, version=17.3, build=30.03.2023 11.49)
12:01:00.772 [FXGL Background Thread 3 ] DEBUG Engine               - saveFileExt: sav
12:01:00.772 [FXGL Background Thread 3 ] DEBUG Engine               - scaledHeightProp$fxgl: DoubleProperty [bound, value: 720.0]
12:01:00.772 [FXGL Background Thread 3 ] DEBUG Engine               - scaledWidthProp$fxgl: DoubleProperty [bound, value: 1280.0]
12:01:00.772 [FXGL Background Thread 3 ] DEBUG Engine               - sceneFactory: com.almasb.fxgl.app.scene.SceneFactory@20e2a83e
12:01:00.773 [FXGL Background Thread 3 ] DEBUG Engine               - secondsIn24h: 60
12:01:00.773 [FXGL Background Thread 3 ] DEBUG Engine               - soundMenuBack: menu/back.wav
12:01:00.773 [FXGL Background Thread 3 ] DEBUG Engine               - soundMenuPress: menu/press.wav
12:01:00.773 [FXGL Background Thread 3 ] DEBUG Engine               - soundMenuSelect: menu/select.wav
12:01:00.773 [FXGL Background Thread 3 ] DEBUG Engine               - soundNotification: core/notification.wav
12:01:00.773 [FXGL Background Thread 3 ] DEBUG Engine               - stageStyle: DECORATED
12:01:00.773 [FXGL Background Thread 3 ] DEBUG Engine               - supportedLanguages: [ENGLISH, FRENCH, GERMAN, HUNGARIAN, RUSSIAN]
12:01:00.773 [FXGL Background Thread 3 ] DEBUG Engine               - ticksPerSecond: -1
12:01:00.773 [FXGL Background Thread 3 ] DEBUG Engine               - title: Silenciados
12:01:00.773 [FXGL Background Thread 3 ] DEBUG Engine               - urlGithub: https://github.com/AlmasB/FXGL
12:01:00.773 [FXGL Background Thread 3 ] DEBUG Engine               - urlLeaderboard: http://fxgl-top.herokuapp.com/
12:01:00.773 [FXGL Background Thread 3 ] DEBUG Engine               - urlPOM: https://raw.githubusercontent.com/AlmasB/FXGL/release/README.md
12:01:00.774 [FXGL Background Thread 3 ] DEBUG Engine               - userAppClass: class Interface.SilenciadosApp
12:01:00.774 [FXGL Background Thread 3 ] DEBUG Engine               - version: 0.1
12:01:00.774 [FXGL Background Thread 3 ] DEBUG Engine               - versionCheckDays: 7
12:01:00.774 [FXGL Background Thread 3 ] DEBUG Engine               - width: 1280
12:01:00.774 [FXGL Background Thread 3 ] DEBUG Engine               - Logging services
12:01:00.774 [FXGL Background Thread 3 ] DEBUG Engine               - class com.almasb.fxgl.app.services.FXGLAssetLoaderService
12:01:00.774 [FXGL Background Thread 3 ] DEBUG Engine               - class com.almasb.fxgl.app.FXGLApplication$GameApplicationService
12:01:00.774 [FXGL Background Thread 3 ] DEBUG Engine               - class com.almasb.fxgl.app.services.FXGLDialogService
12:01:00.774 [FXGL Background Thread 3 ] DEBUG Engine               - class com.almasb.fxgl.app.services.IOTaskExecutorService
12:01:00.774 [FXGL Background Thread 3 ] DEBUG Engine               - class com.almasb.fxgl.io.FileSystemService
12:01:00.774 [FXGL Background Thread 3 ] DEBUG Engine               - class com.almasb.fxgl.localization.LocalizationService
12:01:00.774 [FXGL Background Thread 3 ] DEBUG Engine               - class com.almasb.fxgl.app.services.SystemBundleService
12:01:00.774 [FXGL Background Thread 3 ] DEBUG Engine               - class com.almasb.fxgl.profile.SaveLoadService
12:01:00.774 [FXGL Background Thread 3 ] DEBUG Engine               - class com.almasb.fxgl.ui.FXGLUIFactoryServiceProvider
12:01:00.775 [FXGL Background Thread 3 ] DEBUG Engine               - class com.almasb.fxgl.ui.FXGLDialogFactoryServiceProvider
12:01:00.775 [FXGL Background Thread 3 ] DEBUG Engine               - class com.almasb.fxgl.audio.AudioPlayer
12:01:00.775 [FXGL Background Thread 3 ] DEBUG Engine               - class com.almasb.fxgl.notification.impl.NotificationServiceProvider
12:01:00.775 [FXGL Background Thread 3 ] DEBUG Engine               - class com.almasb.fxgl.achievement.AchievementService
12:01:00.775 [FXGL Background Thread 3 ] DEBUG Engine               - class com.almasb.fxgl.cutscene.CutsceneService
12:01:00.775 [FXGL Background Thread 3 ] DEBUG Engine               - class com.almasb.fxgl.minigames.MiniGameService
12:01:00.775 [FXGL Background Thread 3 ] DEBUG Engine               - class com.almasb.fxgl.net.NetService
12:01:00.775 [FXGL Background Thread 3 ] DEBUG Engine               - class com.almasb.fxgl.app.services.UpdaterService
12:01:00.775 [FXGL Background Thread 3 ] DEBUG Engine               - class com.almasb.fxgl.dev.DevService
12:01:09.580 [JavaFX Application Thread] DEBUG FXGLApplication      - Exiting FXGL
12:01:09.580 [JavaFX Application Thread] DEBUG LoopRunner           - Stopping loop
12:01:09.580 [JavaFX Application Thread] DEBUG SystemBundleService  - Saving FXGL system data
12:01:09.586 [JavaFX Application Thread] DEBUG FileSystemAccess     - Writing to: C:\Users\aless\OneDrive\Documentos\GitHub\RPGemturnosG1\Jogo\system\fxgl.bundle
12:01:09.588 [JavaFX Application Thread] DEBUG Async                - Shutting down background threads
12:01:09.589 [JavaFX Application Thread] DEBUG PrimaryStageWindow   - Closing main window
12:01:09.602 [JavaFX Application Thread] DEBUG Logger               - Closing Logger
