15:06:06.888 [main                     ] DEBUG Logger               - Configured Logger
15:06:06.919 [main                     ] DEBUG GameApplication      - Logging settings
Title: Silenciados
Version: 0.1
Width: 1280
Height: 720
Fullscreen: true
Intro: false
Profiling: false
Single step:false
App Mode: DEVELOPER
Menu Key: ESCAPE
Stage Style: DECORATED
Scene Factory: class com.almasb.fxgl.app.scene.SceneFactory

15:06:07.722 [JavaFX Application Thread] DEBUG FXGLApplication      - Initializing FXGL
15:06:07.727 [JavaFX Application Thread] INFO  Engine               - FXGL-17.3 (30.03.2023 11.49) on WINDOWS (J:21.0.1 FX:20)
15:06:07.727 [JavaFX Application Thread] DEBUG Engine               - JRE Vendor Name: Oracle Corporation
15:06:07.728 [JavaFX Application Thread] DEBUG Engine               - Running on OS: Windows 11 version 10.0
15:06:07.728 [JavaFX Application Thread] DEBUG Engine               - Architecture: amd64
15:06:07.728 [JavaFX Application Thread] INFO  Engine               - Source code and latest versions at: https://github.com/AlmasB/FXGL
15:06:07.728 [JavaFX Application Thread] INFO  Engine               -       Ask questions and discuss at: https://github.com/AlmasB/FXGL/discussions
15:06:07.728 [JavaFX Application Thread] INFO  Engine               -              Join the FXGL chat at: https://gitter.im/AlmasB/FXGL
15:06:07.836 [JavaFX Application Thread] DEBUG PrimaryStageWindow   - Creating a JavaFX scene
15:06:07.891 [JavaFX Application Thread] DEBUG PrimaryStageWindow   - Target settings size: 1280.0 x 720.0
15:06:07.891 [JavaFX Application Thread] DEBUG PrimaryStageWindow   - Scaled scene size:    1280.0 x 720.0
15:06:07.891 [JavaFX Application Thread] DEBUG PrimaryStageWindow   - Scaled ratio: (1.0, 1.0)
15:06:07.892 [JavaFX Application Thread] DEBUG PrimaryStageWindow   - Set initial scene to FXGLStartupScene
15:06:07.896 [JavaFX Application Thread] DEBUG PrimaryStageWindow   - Opening main window
15:06:07.993 [JavaFX Application Thread] DEBUG PrimaryStageWindow   - Window border size: (14.4000244140625, 37.5999755859375)
15:06:07.993 [JavaFX Application Thread] DEBUG PrimaryStageWindow   - Scaled size: 1280.0 x 720.0
15:06:07.995 [JavaFX Application Thread] DEBUG PrimaryStageWindow   - Scaled ratio: (1.0, 1.0)
15:06:07.995 [JavaFX Application Thread] DEBUG PrimaryStageWindow   - Scene size: 1280.0 x 720.0
15:06:07.995 [JavaFX Application Thread] DEBUG PrimaryStageWindow   - Stage size: 1294.4000244140625 x 757.5999755859375
15:06:08.004 [FXGL Background Thread 1 ] DEBUG Engine               - Initializing environment variables
15:06:08.067 [FXGL Background Thread 1 ] DEBUG FXGLAssetLoaderServi - User app class for loading assets: class Interface.SilenciadosApp
15:06:08.067 [FXGL Background Thread 1 ] DEBUG GameApplicationServi - Applying CSS: fxgl_dark.css
15:06:08.068 [FXGL Background Thread 1 ] DEBUG FXGLAssetLoaderServi - Loading from file system: jar:file:///C:/Users/thiag/.m2/repository/com/github/almasb/fxgl/17.3/fxgl-17.3.jar!/fxglassets/ui/css/fxgl_dark.css
15:06:08.111 [FXGL Background Thread 1 ] DEBUG GameApplicationServi - Initializing application scenes
15:06:08.153 [FXGL Background Thread 1 ] DEBUG GameWorld            - Game world initialized
15:06:08.217 [FXGL Background Thread 1 ] DEBUG PhysicsWorld         - Physics world initialized: appHeight=720, physics.ppm=50,0
15:06:08.217 [FXGL Background Thread 1 ] DEBUG PhysicsWorld         - Using strategy: BRUTE_FORCE
15:06:08.223 [FXGL Background Thread 1 ] DEBUG GameScene            - Game scene initialized: 1280x720
15:06:08.233 [FXGL Background Thread 1 ] DEBUG FXGL.DefaultMenu     - createMenuBodyGameMenu()
15:06:08.248 [FXGL Background Thread 1 ] DEBUG FXGL.DefaultMenu     - createOptionsMenu()
15:06:08.257 [FXGL Background Thread 1 ] DEBUG FXGLAssetLoaderServi - Loading from file system: jar:file:///C:/Users/thiag/.m2/repository/com/github/almasb/fxgl/17.3/fxgl-17.3.jar!/fxglassets/textures/particles/smoke.png
15:06:08.361 [FXGL Background Thread 1 ] DEBUG FXGLAssetLoaderServi - Loading from file system: jar:file:///C:/Users/thiag/.m2/repository/com/github/almasb/fxgl/17.3/fxgl-17.3.jar!/fxglassets/textures/particles/trace_horizontal.png
15:06:08.404 [FXGL Background Thread 1 ] DEBUG GameApplicationServi - Application scenes initialized
15:06:08.420 [FXGL Background Thread 1 ] DEBUG SystemBundleService  - Loading FXGL system data
15:06:08.426 [FXGL Background Thread 1 ] DEBUG FileSystemAccess     - Reading from: C:\Users\thiag\OneDrive\Documentos\GitHub\RPGemturnosG1\Jogo\system\fxgl.bundle
15:06:08.442 [FXGL Background Thread 1 ] DEBUG SystemBundleService  - Bundle FXGL: {}
15:06:08.442 [FXGL Background Thread 1 ] DEBUG UpdaterService       - Checking for updates
15:06:08.471 [FXGL Background Thread 4 ] DEBUG FXGLApplication      - Loading fonts
15:06:08.471 [FXGL Background Thread 4 ] DEBUG FXGLAssetLoaderServi - Loading from file system: jar:file:///C:/Users/thiag/.m2/repository/com/github/almasb/fxgl/17.3/fxgl-17.3.jar!/fxglassets/ui/fonts/VarelaRound-Regular.ttf
15:06:08.471 [FXGL Background Thread 1 ] DEBUG FXGLApplication      - Loading default localization
15:06:08.472 [FXGL Background Thread 1 ] DEBUG FXGLAssetLoaderServi - Loading from file system: jar:file:///C:/Users/thiag/.m2/repository/com/github/almasb/fxgl/17.3/fxgl-17.3.jar!/fxglassets/languages/english.lang
15:06:08.492 [FXGL Background Thread 1 ] INFO  FXGLApplication      - FXGL initialization took: 0,488 sec
15:06:08.501 [JavaFX Application Thread] DEBUG Input                - Registered new binding: Move Right - D
15:06:08.501 [JavaFX Application Thread] DEBUG Input                - Registered new binding: Move Left - A
15:06:08.501 [JavaFX Application Thread] DEBUG Input                - Registered new binding: Move Up - W
15:06:08.501 [JavaFX Application Thread] DEBUG Input                - Registered new binding: Move Down - S
15:06:08.501 [FXGL Background Thread 4 ] DEBUG FXGLAssetLoaderServi - Loading from file system: jar:file:///C:/Users/thiag/.m2/repository/com/github/almasb/fxgl/17.3/fxgl-17.3.jar!/fxglassets/ui/fonts/Abel-Regular.ttf
15:06:08.502 [JavaFX Application Thread] DEBUG FXGLAssetLoaderServi - Loading from file system: jar:file:///C:/Users/thiag/.m2/repository/com/github/almasb/fxgl/17.3/fxgl-17.3.jar!/fxglassets/textures/fxgl_icon.png
15:06:08.505 [FXGL Background Thread 4 ] DEBUG FXGLAssetLoaderServi - Loading from file system: jar:file:///C:/Users/thiag/.m2/repository/com/github/almasb/fxgl/17.3/fxgl-17.3.jar!/fxglassets/ui/fonts/TerminalLandMono-Regular.otf
15:06:08.510 [FXGL Background Thread 4 ] DEBUG FXGLAssetLoaderServi - Loading from file system: jar:file:///C:/Users/thiag/.m2/repository/com/github/almasb/fxgl/17.3/fxgl-17.3.jar!/fxglassets/ui/fonts/Courier-Prime.ttf
15:06:08.530 [JavaFX Application Thread] DEBUG FXGLAssetLoaderServi - Loading from file system: jar:file:///C:/Users/thiag/.m2/repository/com/github/almasb/fxgl/17.3/fxgl-17.3.jar!/fxglassets/textures/fxgl_default_cursor.png
15:06:08.533 [JavaFX Application Thread] DEBUG Input                - Registered new binding: Screenshot - CTRL+8
15:06:08.533 [JavaFX Application Thread] DEBUG Input                - Registered new binding: Dev Options - 1
15:06:08.534 [JavaFX Application Thread] DEBUG Input                - Registered new binding: Dev Console - 2
15:06:08.534 [JavaFX Application Thread] DEBUG Input                - Registered new binding: System info dump - CTRL+9
15:06:08.534 [JavaFX Application Thread] DEBUG Input                - Registered new binding: Restart - CTRL+R
15:06:08.536 [JavaFX Application Thread] DEBUG Input                - Registered new binding: Toggle Debug Camera - CTRL+7
15:06:08.539 [JavaFX Application Thread] DEBUG LoopRunner           - Starting loop
15:06:08.555 [JavaFX Application Thread] DEBUG LoopRunner           - Initializing JavaFX AnimationTimerLoop
15:06:08.556 [JavaFX Application Thread] DEBUG GameApplicationServi - Starting new game
15:06:08.557 [JavaFX Application Thread] DEBUG Input                - Clearing active input actions
15:06:08.568 [JavaFX Application Thread] DEBUG GameApplicationServi - Removing overlay from FXGLStartupScene and adding to FXGLLoadingScene
15:06:08.572 [JavaFX Application Thread] DEBUG PrimaryStageWindow   - FXGLStartupScene -> FXGLLoadingScene
15:06:08.572 [JavaFX Application Thread] DEBUG GameApplicationServi - Clearing previous game
15:06:08.572 [JavaFX Application Thread] DEBUG GameScene            - Clearing game scene
15:06:08.572 [JavaFX Application Thread] DEBUG GameWorld            - Clearing game world
15:06:08.572 [JavaFX Application Thread] DEBUG PhysicsWorld         - Clearing physics world
15:06:08.573 [JavaFX Application Thread] DEBUG FXGLApplication      - Registering font factories with UI factory
15:06:08.573 [FXGL Background Thread 4 ] DEBUG FXGLApplication      - Initializing game
15:06:08.638 [FXGL Background Thread 4 ] WARN  TMXLevelLoader       - TiledMap generated from 1.10.2. Supported version: 1.9.0. Some features may not be parsed fully.
15:06:08.662 [FXGL Background Thread 4 ] DEBUG TMXLevelLoader       - Parsed TiledMap: file:/C:/Users/thiag/OneDrive/Documentos/GitHub/RPGemturnosG1/Jogo/target/classes/assets/levels/Mansao.tmx
15:06:08.663 [FXGL Background Thread 4 ] DEBUG TMXLevelLoader       - Creating tile layer entities
15:06:08.664 [FXGL Background Thread 4 ] DEBUG TilesetLoader        - Loading view for layer Chão
15:06:08.667 [FXGL Background Thread 4 ] DEBUG TilesetLoader        - Created buffer with size 1280.0x768.0
15:06:08.679 [FXGL Background Thread 4 ] DEBUG TilesetLoader        - Loading view for layer ChãoGraminhas
15:06:08.681 [FXGL Background Thread 4 ] DEBUG TilesetLoader        - Created buffer with size 1280.0x768.0
15:06:08.686 [FXGL Background Thread 4 ] DEBUG TilesetLoader        - Loading view for layer Árvores
15:06:08.688 [FXGL Background Thread 4 ] DEBUG TilesetLoader        - Created buffer with size 1280.0x768.0
15:06:08.698 [FXGL Background Thread 4 ] DEBUG TilesetLoader        - Loading view for layer arvore
15:06:08.701 [FXGL Background Thread 4 ] DEBUG TilesetLoader        - Created buffer with size 1280.0x768.0
15:06:08.703 [FXGL Background Thread 4 ] DEBUG TilesetLoader        - Loading view for layer Mansao
15:06:08.706 [FXGL Background Thread 4 ] DEBUG TilesetLoader        - Created buffer with size 1280.0x768.0
15:06:08.709 [FXGL Background Thread 4 ] DEBUG TilesetLoader        - Loading view for layer ARVORE2.0
15:06:08.712 [FXGL Background Thread 4 ] DEBUG TilesetLoader        - Created buffer with size 1280.0x768.0
15:06:08.713 [FXGL Background Thread 4 ] DEBUG TMXLevelLoader       - Creating object layer entities
15:06:08.757 [FXGL Background Thread 4 ] DEBUG GameWorld            - Clearing removable entities
15:06:08.758 [FXGL Background Thread 4 ] DEBUG GameWorld            - Setting level: com.almasb.fxgl.entity.level.Level@1591444f
15:06:08.769 [FXGL Background Thread 4 ] DEBUG FXGLAssetLoaderServi - Loading from file system: file:/C:/Users/thiag/OneDrive/Documentos/GitHub/RPGemturnosG1/Jogo/target/classes/assets/textures/dev_player.png
15:06:08.801 [FXGL Background Thread 4 ] WARN  GameWorld            - Entity is already attached to world
15:06:08.801 [FXGL Background Thread 4 ] WARN  GameWorld            - Entity is already attached to world
15:06:08.805 [FXGL Background Thread 4 ] DEBUG FXGLAssetLoaderServi - Loading from file system: file:/C:/Users/thiag/OneDrive/Documentos/GitHub/RPGemturnosG1/Jogo/target/classes/assets/textures/male_hurt.png
15:06:08.808 [FXGL Background Thread 4 ] WARN  GameWorld            - Entity is already attached to world
15:06:08.811 [FXGL Background Thread 4 ] INFO  FXGLApplication      - Game initialization took: 0,237 sec
15:06:08.827 [JavaFX Application Thread] DEBUG Input                - Clearing active input actions
15:06:08.838 [JavaFX Application Thread] DEBUG GameApplicationServi - Removing overlay from FXGLLoadingScene and adding to GameScene
15:06:08.843 [JavaFX Application Thread] DEBUG PrimaryStageWindow   - FXGLLoadingScene -> GameScene
15:06:11.469 [FXGL Background Thread 3 ] DEBUG Engine               - Logging environment variables
15:06:11.470 [FXGL Background Thread 3 ] DEBUG Engine               - achievements: []
15:06:11.470 [FXGL Background Thread 3 ] DEBUG Engine               - actualHeight: 720.0
15:06:11.470 [FXGL Background Thread 3 ] DEBUG Engine               - actualHeightProperty: ReadOnlyDoubleProperty [value: 720.0]
15:06:11.470 [FXGL Background Thread 3 ] DEBUG Engine               - actualWidth: 1280.0
15:06:11.470 [FXGL Background Thread 3 ] DEBUG Engine               - actualWidthProperty: ReadOnlyDoubleProperty [value: 1280.0]
15:06:11.470 [FXGL Background Thread 3 ] DEBUG Engine               - appIcon: fxgl_icon.png
15:06:11.471 [FXGL Background Thread 3 ] DEBUG Engine               - applicationMode: DEVELOPER
15:06:11.471 [FXGL Background Thread 3 ] DEBUG Engine               - cSSList: [fxgl_dark.css]
15:06:11.471 [FXGL Background Thread 3 ] DEBUG Engine               - collisionDetectionStrategy: BRUTE_FORCE
15:06:11.471 [FXGL Background Thread 3 ] DEBUG Engine               - configClass: Optional.empty
15:06:11.471 [FXGL Background Thread 3 ] DEBUG Engine               - credits: []
15:06:11.471 [FXGL Background Thread 3 ] DEBUG Engine               - defaultCursor: CursorInfo(imageName=fxgl_default_cursor.png, hotspotX=7.0, hotspotY=6.0)
15:06:11.472 [FXGL Background Thread 3 ] DEBUG Engine               - devBBoxColorProperty: ObjectProperty [value: 0xff0000ff]
15:06:11.472 [FXGL Background Thread 3 ] DEBUG Engine               - devEnableDebugCameraProperty: BooleanProperty [value: false]
15:06:11.472 [FXGL Background Thread 3 ] DEBUG Engine               - devSensorColorProperty: ObjectProperty [value: 0xffff00ff]
15:06:11.472 [FXGL Background Thread 3 ] DEBUG Engine               - devShowBBoxProperty: BooleanProperty [value: false]
15:06:11.472 [FXGL Background Thread 3 ] DEBUG Engine               - devShowPositionProperty: BooleanProperty [value: false]
15:06:11.472 [FXGL Background Thread 3 ] DEBUG Engine               - enabledMenuItems: []
15:06:11.474 [FXGL Background Thread 3 ] DEBUG Engine               - engineServices: [class com.almasb.fxgl.app.services.FXGLAssetLoaderService, class com.almasb.fxgl.app.FXGLApplication$GameApplicationService, class com.almasb.fxgl.app.services.FXGLDialogService, class com.almasb.fxgl.app.services.IOTaskExecutorService, class com.almasb.fxgl.io.FileSystemService, class com.almasb.fxgl.localization.LocalizationService, class com.almasb.fxgl.app.services.SystemBundleService, class com.almasb.fxgl.profile.SaveLoadService, class com.almasb.fxgl.ui.FXGLUIFactoryServiceProvider, class com.almasb.fxgl.ui.FXGLDialogFactoryServiceProvider, class com.almasb.fxgl.audio.AudioPlayer, class com.almasb.fxgl.notification.impl.NotificationServiceProvider, class com.almasb.fxgl.achievement.AchievementService, class com.almasb.fxgl.cutscene.CutsceneService, class com.almasb.fxgl.minigames.MiniGameService, class com.almasb.fxgl.net.NetService, class com.almasb.fxgl.app.services.UpdaterService, class com.almasb.fxgl.dev.DevService]
15:06:11.474 [FXGL Background Thread 3 ] DEBUG Engine               - fontGame: Abel-Regular.ttf
15:06:11.474 [FXGL Background Thread 3 ] DEBUG Engine               - fontMono: TerminalLandMono-Regular.otf
15:06:11.474 [FXGL Background Thread 3 ] DEBUG Engine               - fontSizeScaleUI: 1.0
15:06:11.474 [FXGL Background Thread 3 ] DEBUG Engine               - fontText: Courier-Prime.ttf
15:06:11.474 [FXGL Background Thread 3 ] DEBUG Engine               - fontUI: VarelaRound-Regular.ttf
15:06:11.474 [FXGL Background Thread 3 ] DEBUG Engine               - fullScreen: BooleanProperty [value: false]
15:06:11.474 [FXGL Background Thread 3 ] DEBUG Engine               - gameDifficulty: MEDIUM
15:06:11.474 [FXGL Background Thread 3 ] DEBUG Engine               - gameDifficultyProperty: ObjectProperty [value: MEDIUM]
15:06:11.474 [FXGL Background Thread 3 ] DEBUG Engine               - globalMusicVolume: 0.5
15:06:11.474 [FXGL Background Thread 3 ] DEBUG Engine               - globalMusicVolumeProperty: DoubleProperty [value: 0.5]
15:06:11.475 [FXGL Background Thread 3 ] DEBUG Engine               - globalSoundVolume: 0.5
15:06:11.475 [FXGL Background Thread 3 ] DEBUG Engine               - globalSoundVolumeProperty: DoubleProperty [value: 0.5]
15:06:11.475 [FXGL Background Thread 3 ] DEBUG Engine               - height: 720
15:06:11.475 [FXGL Background Thread 3 ] DEBUG Engine               - is3D: false
15:06:11.475 [FXGL Background Thread 3 ] DEBUG Engine               - isAndroid: false
15:06:11.475 [FXGL Background Thread 3 ] DEBUG Engine               - isBrowser: false
15:06:11.475 [FXGL Background Thread 3 ] DEBUG Engine               - isClickFeedbackEnabled: false
15:06:11.475 [FXGL Background Thread 3 ] DEBUG Engine               - isCloseConfirmation: false
15:06:11.475 [FXGL Background Thread 3 ] DEBUG Engine               - isDesktop: true
15:06:11.476 [FXGL Background Thread 3 ] DEBUG Engine               - isDeveloperMenuEnabled: true
15:06:11.476 [FXGL Background Thread 3 ] DEBUG Engine               - isEmbedded: false
15:06:11.476 [FXGL Background Thread 3 ] DEBUG Engine               - isEntityPreloadEnabled: true
15:06:11.476 [FXGL Background Thread 3 ] DEBUG Engine               - isExperimentalTiledLargeMap: false
15:06:11.476 [FXGL Background Thread 3 ] DEBUG Engine               - isFileSystemWriteAllowed: true
15:06:11.476 [FXGL Background Thread 3 ] DEBUG Engine               - isFullScreenAllowed: true
15:06:11.476 [FXGL Background Thread 3 ] DEBUG Engine               - isFullScreenFromStart: false
15:06:11.476 [FXGL Background Thread 3 ] DEBUG Engine               - isGameMenuEnabled: true
15:06:11.476 [FXGL Background Thread 3 ] DEBUG Engine               - isIOS: false
15:06:11.476 [FXGL Background Thread 3 ] DEBUG Engine               - isIntroEnabled: false
15:06:11.476 [FXGL Background Thread 3 ] DEBUG Engine               - isLinux: false
15:06:11.476 [FXGL Background Thread 3 ] DEBUG Engine               - isMac: false
15:06:11.477 [FXGL Background Thread 3 ] DEBUG Engine               - isMainMenuEnabled: false
15:06:11.477 [FXGL Background Thread 3 ] DEBUG Engine               - isManualResizeEnabled: false
15:06:11.477 [FXGL Background Thread 3 ] DEBUG Engine               - isMobile: false
15:06:11.477 [FXGL Background Thread 3 ] DEBUG Engine               - isNative: false
15:06:11.477 [FXGL Background Thread 3 ] DEBUG Engine               - isPauseMusicWhenMinimized: true
15:06:11.477 [FXGL Background Thread 3 ] DEBUG Engine               - isPreserveResizeRatio: false
15:06:11.477 [FXGL Background Thread 3 ] DEBUG Engine               - isProfilingEnabled: false
15:06:11.477 [FXGL Background Thread 3 ] DEBUG Engine               - isScaleAffectedOnResize: true
15:06:11.477 [FXGL Background Thread 3 ] DEBUG Engine               - isSingleStep: false
15:06:11.477 [FXGL Background Thread 3 ] DEBUG Engine               - isUserProfileEnabled: false
15:06:11.478 [FXGL Background Thread 3 ] DEBUG Engine               - isWindows: true
15:06:11.478 [FXGL Background Thread 3 ] DEBUG Engine               - language: ObjectProperty [value: ENGLISH]
15:06:11.478 [FXGL Background Thread 3 ] DEBUG Engine               - menuKey: ESCAPE
15:06:11.478 [FXGL Background Thread 3 ] DEBUG Engine               - mouseSensitivity: 0.2
15:06:11.478 [FXGL Background Thread 3 ] DEBUG Engine               - notificationViewClass: class com.almasb.fxgl.notification.view.XboxNotificationView
15:06:11.478 [FXGL Background Thread 3 ] DEBUG Engine               - pixelsPerMeter: 50.0
15:06:11.478 [FXGL Background Thread 3 ] DEBUG Engine               - platform: WINDOWS
15:06:11.478 [FXGL Background Thread 3 ] DEBUG Engine               - prefHeightProperty: ReadOnlyDoubleProperty [value: 720.0]
15:06:11.478 [FXGL Background Thread 3 ] DEBUG Engine               - prefWidthProperty: ReadOnlyDoubleProperty [value: 1280.0]
15:06:11.478 [FXGL Background Thread 3 ] DEBUG Engine               - profileDir: profiles/
15:06:11.479 [FXGL Background Thread 3 ] DEBUG Engine               - profileName: StringProperty [value: DEFAULT]
15:06:11.479 [FXGL Background Thread 3 ] DEBUG Engine               - randomSeed: -1
15:06:11.479 [FXGL Background Thread 3 ] DEBUG Engine               - runtimeInfo: RuntimeInfo(platform=WINDOWS, version=17.3, build=30.03.2023 11.49)
15:06:11.479 [FXGL Background Thread 3 ] DEBUG Engine               - saveFileExt: sav
15:06:11.479 [FXGL Background Thread 3 ] DEBUG Engine               - scaledHeightProp$fxgl: DoubleProperty [bound, value: 720.0]
15:06:11.480 [FXGL Background Thread 3 ] DEBUG Engine               - scaledWidthProp$fxgl: DoubleProperty [bound, value: 1280.0]
15:06:11.480 [FXGL Background Thread 3 ] DEBUG Engine               - sceneFactory: com.almasb.fxgl.app.scene.SceneFactory@64a28e59
15:06:11.480 [FXGL Background Thread 3 ] DEBUG Engine               - secondsIn24h: 60
15:06:11.480 [FXGL Background Thread 3 ] DEBUG Engine               - soundMenuBack: menu/back.wav
15:06:11.480 [FXGL Background Thread 3 ] DEBUG Engine               - soundMenuPress: menu/press.wav
15:06:11.480 [FXGL Background Thread 3 ] DEBUG Engine               - soundMenuSelect: menu/select.wav
15:06:11.480 [FXGL Background Thread 3 ] DEBUG Engine               - soundNotification: core/notification.wav
15:06:11.480 [FXGL Background Thread 3 ] DEBUG Engine               - stageStyle: DECORATED
15:06:11.480 [FXGL Background Thread 3 ] DEBUG Engine               - supportedLanguages: [ENGLISH, FRENCH, GERMAN, HUNGARIAN, RUSSIAN]
15:06:11.481 [FXGL Background Thread 3 ] DEBUG Engine               - ticksPerSecond: -1
15:06:11.481 [FXGL Background Thread 3 ] DEBUG Engine               - title: Silenciados
15:06:11.481 [FXGL Background Thread 3 ] DEBUG Engine               - urlGithub: https://github.com/AlmasB/FXGL
15:06:11.481 [FXGL Background Thread 3 ] DEBUG Engine               - urlLeaderboard: http://fxgl-top.herokuapp.com/
15:06:11.481 [FXGL Background Thread 3 ] DEBUG Engine               - urlPOM: https://raw.githubusercontent.com/AlmasB/FXGL/release/README.md
15:06:11.481 [FXGL Background Thread 3 ] DEBUG Engine               - userAppClass: class Interface.SilenciadosApp
15:06:11.481 [FXGL Background Thread 3 ] DEBUG Engine               - version: 0.1
15:06:11.481 [FXGL Background Thread 3 ] DEBUG Engine               - versionCheckDays: 7
15:06:11.481 [FXGL Background Thread 3 ] DEBUG Engine               - width: 1280
15:06:11.482 [FXGL Background Thread 3 ] DEBUG Engine               - Logging services
15:06:11.482 [FXGL Background Thread 3 ] DEBUG Engine               - class com.almasb.fxgl.app.services.FXGLAssetLoaderService
15:06:11.482 [FXGL Background Thread 3 ] DEBUG Engine               - class com.almasb.fxgl.app.FXGLApplication$GameApplicationService
15:06:11.482 [FXGL Background Thread 3 ] DEBUG Engine               - class com.almasb.fxgl.app.services.FXGLDialogService
15:06:11.482 [FXGL Background Thread 3 ] DEBUG Engine               - class com.almasb.fxgl.app.services.IOTaskExecutorService
15:06:11.482 [FXGL Background Thread 3 ] DEBUG Engine               - class com.almasb.fxgl.io.FileSystemService
15:06:11.482 [FXGL Background Thread 3 ] DEBUG Engine               - class com.almasb.fxgl.localization.LocalizationService
15:06:11.482 [FXGL Background Thread 3 ] DEBUG Engine               - class com.almasb.fxgl.app.services.SystemBundleService
15:06:11.482 [FXGL Background Thread 3 ] DEBUG Engine               - class com.almasb.fxgl.profile.SaveLoadService
15:06:11.482 [FXGL Background Thread 3 ] DEBUG Engine               - class com.almasb.fxgl.ui.FXGLUIFactoryServiceProvider
15:06:11.482 [FXGL Background Thread 3 ] DEBUG Engine               - class com.almasb.fxgl.ui.FXGLDialogFactoryServiceProvider
15:06:11.482 [FXGL Background Thread 3 ] DEBUG Engine               - class com.almasb.fxgl.audio.AudioPlayer
15:06:11.483 [FXGL Background Thread 3 ] DEBUG Engine               - class com.almasb.fxgl.notification.impl.NotificationServiceProvider
15:06:11.483 [FXGL Background Thread 3 ] DEBUG Engine               - class com.almasb.fxgl.achievement.AchievementService
15:06:11.483 [FXGL Background Thread 3 ] DEBUG Engine               - class com.almasb.fxgl.cutscene.CutsceneService
15:06:11.483 [FXGL Background Thread 3 ] DEBUG Engine               - class com.almasb.fxgl.minigames.MiniGameService
15:06:11.483 [FXGL Background Thread 3 ] DEBUG Engine               - class com.almasb.fxgl.net.NetService
15:06:11.483 [FXGL Background Thread 3 ] DEBUG Engine               - class com.almasb.fxgl.app.services.UpdaterService
15:06:11.483 [FXGL Background Thread 3 ] DEBUG Engine               - class com.almasb.fxgl.dev.DevService
15:06:54.632 [JavaFX Application Thread] WARN  TMXLevelLoader       - TiledMap generated from 1.10.2. Supported version: 1.9.0. Some features may not be parsed fully.
15:06:54.642 [JavaFX Application Thread] DEBUG TMXLevelLoader       - Parsed TiledMap: file:/C:/Users/thiag/OneDrive/Documentos/GitHub/RPGemturnosG1/Jogo/target/classes/assets/levels/Castelo2.tmx
15:06:54.643 [JavaFX Application Thread] DEBUG TMXLevelLoader       - Creating tile layer entities
15:06:54.645 [JavaFX Application Thread] DEBUG TilesetLoader        - Loading view for layer Base
15:06:54.678 [JavaFX Application Thread] DEBUG TilesetLoader        - Created buffer with size 1280.0x768.0
15:06:54.696 [JavaFX Application Thread] DEBUG TilesetLoader        - Loading view for layer Camada de Blocos 2
15:06:54.696 [JavaFX Application Thread] DEBUG TilesetLoader        - Created buffer with size 1280.0x768.0
15:06:54.699 [JavaFX Application Thread] DEBUG TilesetLoader        - Loading view for layer Camada de Blocos 3
15:06:54.700 [JavaFX Application Thread] DEBUG TilesetLoader        - Created buffer with size 1280.0x768.0
15:06:54.701 [JavaFX Application Thread] DEBUG TilesetLoader        - Loading view for layer Camada de Blocos 4
15:06:54.702 [JavaFX Application Thread] DEBUG TilesetLoader        - Created buffer with size 1280.0x768.0
15:06:54.702 [JavaFX Application Thread] DEBUG TMXLevelLoader       - Creating object layer entities
15:06:54.708 [JavaFX Application Thread] DEBUG GameWorld            - Clearing removable entities
15:06:54.715 [JavaFX Application Thread] DEBUG GameWorld            - Setting level: com.almasb.fxgl.entity.level.Level@1ffa7cb1
15:06:54.719 [JavaFX Application Thread] WARN  GameWorld            - Entity is already attached to world
15:06:54.719 [JavaFX Application Thread] WARN  GameWorld            - Entity is already attached to world
15:06:59.755 [JavaFX Application Thread] DEBUG FXGLApplication      - Exiting FXGL
15:06:59.756 [JavaFX Application Thread] DEBUG LoopRunner           - Stopping loop
15:06:59.756 [JavaFX Application Thread] DEBUG SystemBundleService  - Saving FXGL system data
15:06:59.779 [JavaFX Application Thread] DEBUG FileSystemAccess     - Writing to: C:\Users\thiag\OneDrive\Documentos\GitHub\RPGemturnosG1\Jogo\system\fxgl.bundle
15:06:59.782 [JavaFX Application Thread] DEBUG Async                - Shutting down background threads
15:06:59.783 [JavaFX Application Thread] DEBUG PrimaryStageWindow   - Closing main window
15:06:59.800 [JavaFX Application Thread] DEBUG Logger               - Closing Logger
