11:44:26.319 [main                     ] DEBUG Logger               - Configured Logger
11:44:26.366 [main                     ] DEBUG GameApplication      - Logging settings
Title: Silenciados
Version: 0.1
Width: 1280
Height: 720
Fullscreen: true
Intro: false
Profiling: false
Single step:false
App Mode: DEVELOPER
Menu Key: ESCAPE
Stage Style: DECORATED
Scene Factory: class com.almasb.fxgl.app.scene.SceneFactory

11:44:26.733 [JavaFX Application Thread] DEBUG FXGLApplication      - Initializing FXGL
11:44:26.741 [JavaFX Application Thread] INFO  Engine               - FXGL-17.3 (30.03.2023 11.49) on WINDOWS (J:17.0.9 FX:20)
11:44:26.741 [JavaFX Application Thread] DEBUG Engine               - JRE Vendor Name: Oracle Corporation
11:44:26.742 [JavaFX Application Thread] DEBUG Engine               - Running on OS: Windows 11 version 10.0
11:44:26.742 [JavaFX Application Thread] DEBUG Engine               - Architecture: amd64
11:44:26.742 [JavaFX Application Thread] INFO  Engine               - Source code and latest versions at: https://github.com/AlmasB/FXGL
11:44:26.743 [JavaFX Application Thread] INFO  Engine               -       Ask questions and discuss at: https://github.com/AlmasB/FXGL/discussions
11:44:26.743 [JavaFX Application Thread] INFO  Engine               -              Join the FXGL chat at: https://gitter.im/AlmasB/FXGL
11:44:26.859 [JavaFX Application Thread] DEBUG PrimaryStageWindow   - Creating a JavaFX scene
11:44:26.922 [JavaFX Application Thread] DEBUG PrimaryStageWindow   - Target settings size: 1280.0 x 720.0
11:44:26.922 [JavaFX Application Thread] DEBUG PrimaryStageWindow   - Scaled scene size:    1280.0 x 720.0
11:44:26.923 [JavaFX Application Thread] DEBUG PrimaryStageWindow   - Scaled ratio: (1.0, 1.0)
11:44:26.924 [JavaFX Application Thread] DEBUG PrimaryStageWindow   - Set initial scene to FXGLStartupScene
11:44:26.930 [JavaFX Application Thread] DEBUG PrimaryStageWindow   - Opening main window
11:44:27.028 [JavaFX Application Thread] DEBUG PrimaryStageWindow   - Window border size: (16.0, 39.0)
11:44:27.029 [JavaFX Application Thread] DEBUG PrimaryStageWindow   - Scaled size: 1280.0 x 720.0
11:44:27.030 [JavaFX Application Thread] DEBUG PrimaryStageWindow   - Scaled ratio: (1.0, 1.0)
11:44:27.031 [JavaFX Application Thread] DEBUG PrimaryStageWindow   - Scene size: 1280.0 x 720.0
11:44:27.031 [JavaFX Application Thread] DEBUG PrimaryStageWindow   - Stage size: 1296.0 x 759.0
11:44:27.043 [FXGL Background Thread 1 ] DEBUG Engine               - Initializing environment variables
11:44:27.098 [FXGL Background Thread 1 ] DEBUG FXGLAssetLoaderServi - User app class for loading assets: class Interface.SilenciadosApp
11:44:27.099 [FXGL Background Thread 1 ] DEBUG GameApplicationServi - Applying CSS: fxgl_dark.css
11:44:27.100 [FXGL Background Thread 1 ] DEBUG FXGLAssetLoaderServi - Loading from file system: jar:file:///C:/Users/aless/.m2/repository/com/github/almasb/fxgl/17.3/fxgl-17.3.jar!/fxglassets/ui/css/fxgl_dark.css
11:44:27.194 [FXGL Background Thread 1 ] DEBUG GameApplicationServi - Initializing application scenes
11:44:27.319 [FXGL Background Thread 1 ] DEBUG GameWorld            - Game world initialized
11:44:27.388 [FXGL Background Thread 1 ] DEBUG PhysicsWorld         - Physics world initialized: appHeight=720, physics.ppm=50,0
11:44:27.389 [FXGL Background Thread 1 ] DEBUG PhysicsWorld         - Using strategy: BRUTE_FORCE
11:44:27.394 [FXGL Background Thread 1 ] DEBUG GameScene            - Game scene initialized: 1280x720
11:44:27.410 [FXGL Background Thread 1 ] DEBUG FXGL.DefaultMenu     - createMenuBodyGameMenu()
11:44:27.428 [FXGL Background Thread 1 ] DEBUG FXGL.DefaultMenu     - createOptionsMenu()
11:44:27.443 [FXGL Background Thread 1 ] DEBUG FXGLAssetLoaderServi - Loading from file system: jar:file:///C:/Users/aless/.m2/repository/com/github/almasb/fxgl/17.3/fxgl-17.3.jar!/fxglassets/textures/particles/smoke.png
11:44:27.571 [FXGL Background Thread 1 ] DEBUG FXGLAssetLoaderServi - Loading from file system: jar:file:///C:/Users/aless/.m2/repository/com/github/almasb/fxgl/17.3/fxgl-17.3.jar!/fxglassets/textures/particles/trace_horizontal.png
11:44:27.606 [FXGL Background Thread 1 ] DEBUG GameApplicationServi - Application scenes initialized
11:44:27.622 [FXGL Background Thread 1 ] DEBUG SystemBundleService  - Loading FXGL system data
11:44:27.631 [FXGL Background Thread 1 ] DEBUG FileSystemAccess     - Reading from: C:\Users\aless\OneDrive\Documentos\GitHub\RPGemturnosG1\Jogo\system\fxgl.bundle
11:44:27.642 [FXGL Background Thread 1 ] DEBUG SystemBundleService  - Bundle FXGL: {}
11:44:27.642 [FXGL Background Thread 1 ] DEBUG UpdaterService       - Checking for updates
11:44:27.676 [FXGL Background Thread 4 ] DEBUG FXGLApplication      - Loading fonts
11:44:27.677 [FXGL Background Thread 1 ] DEBUG FXGLApplication      - Loading default localization
11:44:27.678 [FXGL Background Thread 1 ] DEBUG FXGLAssetLoaderServi - Loading from file system: jar:file:///C:/Users/aless/.m2/repository/com/github/almasb/fxgl/17.3/fxgl-17.3.jar!/fxglassets/languages/english.lang
11:44:27.712 [FXGL Background Thread 1 ] INFO  FXGLApplication      - FXGL initialization took: 0,668 sec
11:44:27.733 [JavaFX Application Thread] DEBUG Input                - Registered new binding: Move Right - D
11:44:27.733 [JavaFX Application Thread] DEBUG Input                - Registered new binding: Move Left - A
11:44:27.733 [JavaFX Application Thread] DEBUG Input                - Registered new binding: Move Up - W
11:44:27.733 [JavaFX Application Thread] DEBUG Input                - Registered new binding: Move Down - S
11:44:27.734 [JavaFX Application Thread] DEBUG FXGLAssetLoaderServi - Loading from file system: jar:file:///C:/Users/aless/.m2/repository/com/github/almasb/fxgl/17.3/fxgl-17.3.jar!/fxglassets/textures/fxgl_icon.png
11:44:27.757 [JavaFX Application Thread] DEBUG FXGLAssetLoaderServi - Loading from file system: jar:file:///C:/Users/aless/.m2/repository/com/github/almasb/fxgl/17.3/fxgl-17.3.jar!/fxglassets/textures/fxgl_default_cursor.png
11:44:27.760 [JavaFX Application Thread] DEBUG Input                - Registered new binding: Screenshot - CTRL+8
11:44:27.761 [JavaFX Application Thread] DEBUG Input                - Registered new binding: Dev Options - 1
11:44:27.763 [JavaFX Application Thread] DEBUG Input                - Registered new binding: Dev Console - 2
11:44:27.764 [JavaFX Application Thread] DEBUG Input                - Registered new binding: System info dump - CTRL+9
11:44:27.764 [JavaFX Application Thread] DEBUG Input                - Registered new binding: Restart - CTRL+R
11:44:27.765 [JavaFX Application Thread] DEBUG Input                - Registered new binding: Toggle Debug Camera - CTRL+7
11:44:27.771 [JavaFX Application Thread] DEBUG LoopRunner           - Starting loop
11:44:27.792 [JavaFX Application Thread] DEBUG LoopRunner           - Initializing JavaFX AnimationTimerLoop
11:44:27.793 [JavaFX Application Thread] DEBUG GameApplicationServi - Starting new game
11:44:27.794 [JavaFX Application Thread] DEBUG Input                - Clearing active input actions
11:44:27.815 [JavaFX Application Thread] DEBUG GameApplicationServi - Removing overlay from FXGLStartupScene and adding to FXGLLoadingScene
11:44:27.830 [JavaFX Application Thread] DEBUG PrimaryStageWindow   - FXGLStartupScene -> FXGLLoadingScene
11:44:27.832 [JavaFX Application Thread] DEBUG GameApplicationServi - Clearing previous game
11:44:27.833 [JavaFX Application Thread] DEBUG GameScene            - Clearing game scene
11:44:27.833 [JavaFX Application Thread] DEBUG GameWorld            - Clearing game world
11:44:27.833 [JavaFX Application Thread] DEBUG PhysicsWorld         - Clearing physics world
11:44:27.838 [FXGL Background Thread 1 ] DEBUG FXGLApplication      - Initializing game
11:44:28.050 [FXGL Background Thread 4 ] DEBUG FXGLAssetLoaderServi - Loading from file system: jar:file:///C:/Users/aless/.m2/repository/com/github/almasb/fxgl/17.3/fxgl-17.3.jar!/fxglassets/ui/fonts/Abel-Regular.ttf
11:44:28.054 [FXGL Background Thread 1 ] WARN  TMXLevelLoader       - TiledMap generated from 1.10.2. Supported version: 1.9.0. Some features may not be parsed fully.
11:44:28.060 [FXGL Background Thread 4 ] DEBUG FXGLAssetLoaderServi - Loading from file system: jar:file:///C:/Users/aless/.m2/repository/com/github/almasb/fxgl/17.3/fxgl-17.3.jar!/fxglassets/ui/fonts/TerminalLandMono-Regular.otf
11:44:28.070 [FXGL Background Thread 4 ] DEBUG FXGLAssetLoaderServi - Loading from file system: jar:file:///C:/Users/aless/.m2/repository/com/github/almasb/fxgl/17.3/fxgl-17.3.jar!/fxglassets/ui/fonts/Courier-Prime.ttf
11:44:28.100 [FXGL Background Thread 1 ] DEBUG TMXLevelLoader       - Parsed TiledMap: file:/C:/Users/aless/OneDrive/Documentos/GitHub/RPGemturnosG1/Jogo/target/classes/assets/levels/Mansao.tmx
11:44:28.101 [FXGL Background Thread 1 ] DEBUG TMXLevelLoader       - Creating tile layer entities
11:44:28.103 [FXGL Background Thread 1 ] DEBUG TilesetLoader        - Loading view for layer Chão
11:44:28.105 [FXGL Background Thread 1 ] DEBUG TilesetLoader        - Created buffer with size 1280.0x768.0
11:44:28.131 [FXGL Background Thread 1 ] DEBUG TilesetLoader        - Loading view for layer ChãoGraminhas
11:44:28.133 [FXGL Background Thread 1 ] DEBUG TilesetLoader        - Created buffer with size 1280.0x768.0
11:44:28.143 [FXGL Background Thread 1 ] DEBUG TilesetLoader        - Loading view for layer Árvores
11:44:28.146 [FXGL Background Thread 1 ] DEBUG TilesetLoader        - Created buffer with size 1280.0x768.0
11:44:28.158 [FXGL Background Thread 1 ] DEBUG TilesetLoader        - Loading view for layer arvore
11:44:28.161 [FXGL Background Thread 1 ] DEBUG TilesetLoader        - Created buffer with size 1280.0x768.0
11:44:28.165 [FXGL Background Thread 1 ] DEBUG TilesetLoader        - Loading view for layer Mansao
11:44:28.167 [FXGL Background Thread 1 ] DEBUG TilesetLoader        - Created buffer with size 1280.0x768.0
11:44:28.171 [FXGL Background Thread 1 ] DEBUG TilesetLoader        - Loading view for layer ARVORE2.0
11:44:28.182 [FXGL Background Thread 1 ] DEBUG TilesetLoader        - Created buffer with size 1280.0x768.0
11:44:28.184 [FXGL Background Thread 1 ] DEBUG TMXLevelLoader       - Creating object layer entities
11:44:28.279 [FXGL Background Thread 1 ] DEBUG GameWorld            - Clearing removable entities
11:44:28.280 [FXGL Background Thread 1 ] DEBUG GameWorld            - Setting level: com.almasb.fxgl.entity.level.Level@2661c92
11:44:28.330 [FXGL Background Thread 1 ] DEBUG FXGLAssetLoaderServi - Loading from file system: file:/C:/Users/aless/OneDrive/Documentos/GitHub/RPGemturnosG1/Jogo/target/classes/assets/textures/dev_player.png
11:44:28.369 [FXGL Background Thread 1 ] WARN  GameWorld            - Entity is already attached to world
11:44:28.369 [FXGL Background Thread 1 ] WARN  GameWorld            - Entity is already attached to world
11:44:28.372 [FXGL Background Thread 1 ] DEBUG FXGLAssetLoaderServi - Loading from file system: file:/C:/Users/aless/OneDrive/Documentos/GitHub/RPGemturnosG1/Jogo/target/classes/assets/textures/male_hurt.png
11:44:28.375 [FXGL Background Thread 1 ] WARN  GameWorld            - Entity is already attached to world
11:44:28.378 [FXGL Background Thread 1 ] INFO  FXGLApplication      - Game initialization took: 0,541 sec
11:44:28.401 [JavaFX Application Thread] DEBUG FXGLApplication      - Registering font factories with UI factory
11:44:28.441 [JavaFX Application Thread] DEBUG Input                - Clearing active input actions
11:44:28.453 [JavaFX Application Thread] DEBUG GameApplicationServi - Removing overlay from FXGLLoadingScene and adding to GameScene
11:44:28.459 [JavaFX Application Thread] DEBUG PrimaryStageWindow   - FXGLLoadingScene -> GameScene
11:44:30.675 [FXGL Background Thread 3 ] DEBUG Engine               - Logging environment variables
11:44:30.676 [FXGL Background Thread 3 ] DEBUG Engine               - achievements: []
11:44:30.677 [FXGL Background Thread 3 ] DEBUG Engine               - actualHeight: 720.0
11:44:30.677 [FXGL Background Thread 3 ] DEBUG Engine               - actualHeightProperty: ReadOnlyDoubleProperty [value: 720.0]
11:44:30.677 [FXGL Background Thread 3 ] DEBUG Engine               - actualWidth: 1280.0
11:44:30.679 [FXGL Background Thread 3 ] DEBUG Engine               - actualWidthProperty: ReadOnlyDoubleProperty [value: 1280.0]
11:44:30.679 [FXGL Background Thread 3 ] DEBUG Engine               - appIcon: fxgl_icon.png
11:44:30.679 [FXGL Background Thread 3 ] DEBUG Engine               - applicationMode: DEVELOPER
11:44:30.679 [FXGL Background Thread 3 ] DEBUG Engine               - cSSList: [fxgl_dark.css]
11:44:30.679 [FXGL Background Thread 3 ] DEBUG Engine               - collisionDetectionStrategy: BRUTE_FORCE
11:44:30.680 [FXGL Background Thread 3 ] DEBUG Engine               - configClass: Optional.empty
11:44:30.680 [FXGL Background Thread 3 ] DEBUG Engine               - credits: []
11:44:30.681 [FXGL Background Thread 3 ] DEBUG Engine               - defaultCursor: CursorInfo(imageName=fxgl_default_cursor.png, hotspotX=7.0, hotspotY=6.0)
11:44:30.682 [FXGL Background Thread 3 ] DEBUG Engine               - devBBoxColorProperty: ObjectProperty [value: 0xff0000ff]
11:44:30.682 [FXGL Background Thread 3 ] DEBUG Engine               - devEnableDebugCameraProperty: BooleanProperty [value: false]
11:44:30.682 [FXGL Background Thread 3 ] DEBUG Engine               - devSensorColorProperty: ObjectProperty [value: 0xffff00ff]
11:44:30.682 [FXGL Background Thread 3 ] DEBUG Engine               - devShowBBoxProperty: BooleanProperty [value: false]
11:44:30.683 [FXGL Background Thread 3 ] DEBUG Engine               - devShowPositionProperty: BooleanProperty [value: false]
11:44:30.683 [FXGL Background Thread 3 ] DEBUG Engine               - enabledMenuItems: []
11:44:30.683 [FXGL Background Thread 3 ] DEBUG Engine               - engineServices: [class com.almasb.fxgl.app.services.FXGLAssetLoaderService, class com.almasb.fxgl.app.FXGLApplication$GameApplicationService, class com.almasb.fxgl.app.services.FXGLDialogService, class com.almasb.fxgl.app.services.IOTaskExecutorService, class com.almasb.fxgl.io.FileSystemService, class com.almasb.fxgl.localization.LocalizationService, class com.almasb.fxgl.app.services.SystemBundleService, class com.almasb.fxgl.profile.SaveLoadService, class com.almasb.fxgl.ui.FXGLUIFactoryServiceProvider, class com.almasb.fxgl.ui.FXGLDialogFactoryServiceProvider, class com.almasb.fxgl.audio.AudioPlayer, class com.almasb.fxgl.notification.impl.NotificationServiceProvider, class com.almasb.fxgl.achievement.AchievementService, class com.almasb.fxgl.cutscene.CutsceneService, class com.almasb.fxgl.minigames.MiniGameService, class com.almasb.fxgl.net.NetService, class com.almasb.fxgl.app.services.UpdaterService, class com.almasb.fxgl.dev.DevService]
11:44:30.683 [FXGL Background Thread 3 ] DEBUG Engine               - fontGame: Abel-Regular.ttf
11:44:30.684 [FXGL Background Thread 3 ] DEBUG Engine               - fontMono: TerminalLandMono-Regular.otf
11:44:30.684 [FXGL Background Thread 3 ] DEBUG Engine               - fontSizeScaleUI: 1.0
11:44:30.684 [FXGL Background Thread 3 ] DEBUG Engine               - fontText: Courier-Prime.ttf
11:44:30.685 [FXGL Background Thread 3 ] DEBUG Engine               - fontUI: VarelaRound-Regular.ttf
11:44:30.685 [FXGL Background Thread 3 ] DEBUG Engine               - fullScreen: BooleanProperty [value: false]
11:44:30.685 [FXGL Background Thread 3 ] DEBUG Engine               - gameDifficulty: MEDIUM
11:44:30.686 [FXGL Background Thread 3 ] DEBUG Engine               - gameDifficultyProperty: ObjectProperty [value: MEDIUM]
11:44:30.686 [FXGL Background Thread 3 ] DEBUG Engine               - globalMusicVolume: 0.5
11:44:30.686 [FXGL Background Thread 3 ] DEBUG Engine               - globalMusicVolumeProperty: DoubleProperty [value: 0.5]
11:44:30.687 [FXGL Background Thread 3 ] DEBUG Engine               - globalSoundVolume: 0.5
11:44:30.687 [FXGL Background Thread 3 ] DEBUG Engine               - globalSoundVolumeProperty: DoubleProperty [value: 0.5]
11:44:30.687 [FXGL Background Thread 3 ] DEBUG Engine               - height: 720
11:44:30.688 [FXGL Background Thread 3 ] DEBUG Engine               - is3D: false
11:44:30.688 [FXGL Background Thread 3 ] DEBUG Engine               - isAndroid: false
11:44:30.688 [FXGL Background Thread 3 ] DEBUG Engine               - isBrowser: false
11:44:30.688 [FXGL Background Thread 3 ] DEBUG Engine               - isClickFeedbackEnabled: false
11:44:30.689 [FXGL Background Thread 3 ] DEBUG Engine               - isCloseConfirmation: false
11:44:30.689 [FXGL Background Thread 3 ] DEBUG Engine               - isDesktop: true
11:44:30.689 [FXGL Background Thread 3 ] DEBUG Engine               - isDeveloperMenuEnabled: true
11:44:30.689 [FXGL Background Thread 3 ] DEBUG Engine               - isEmbedded: false
11:44:30.690 [FXGL Background Thread 3 ] DEBUG Engine               - isEntityPreloadEnabled: true
11:44:30.690 [FXGL Background Thread 3 ] DEBUG Engine               - isExperimentalTiledLargeMap: false
11:44:30.690 [FXGL Background Thread 3 ] DEBUG Engine               - isFileSystemWriteAllowed: true
11:44:30.691 [FXGL Background Thread 3 ] DEBUG Engine               - isFullScreenAllowed: true
11:44:30.691 [FXGL Background Thread 3 ] DEBUG Engine               - isFullScreenFromStart: false
11:44:30.691 [FXGL Background Thread 3 ] DEBUG Engine               - isGameMenuEnabled: true
11:44:30.691 [FXGL Background Thread 3 ] DEBUG Engine               - isIOS: false
11:44:30.691 [FXGL Background Thread 3 ] DEBUG Engine               - isIntroEnabled: false
11:44:30.691 [FXGL Background Thread 3 ] DEBUG Engine               - isLinux: false
11:44:30.691 [FXGL Background Thread 3 ] DEBUG Engine               - isMac: false
11:44:30.691 [FXGL Background Thread 3 ] DEBUG Engine               - isMainMenuEnabled: false
11:44:30.691 [FXGL Background Thread 3 ] DEBUG Engine               - isManualResizeEnabled: false
11:44:30.692 [FXGL Background Thread 3 ] DEBUG Engine               - isMobile: false
11:44:30.692 [FXGL Background Thread 3 ] DEBUG Engine               - isNative: false
11:44:30.692 [FXGL Background Thread 3 ] DEBUG Engine               - isPauseMusicWhenMinimized: true
11:44:30.692 [FXGL Background Thread 3 ] DEBUG Engine               - isPreserveResizeRatio: false
11:44:30.692 [FXGL Background Thread 3 ] DEBUG Engine               - isProfilingEnabled: false
11:44:30.692 [FXGL Background Thread 3 ] DEBUG Engine               - isScaleAffectedOnResize: true
11:44:30.692 [FXGL Background Thread 3 ] DEBUG Engine               - isSingleStep: false
11:44:30.692 [FXGL Background Thread 3 ] DEBUG Engine               - isUserProfileEnabled: false
11:44:30.692 [FXGL Background Thread 3 ] DEBUG Engine               - isWindows: true
11:44:30.692 [FXGL Background Thread 3 ] DEBUG Engine               - language: ObjectProperty [value: ENGLISH]
11:44:30.692 [FXGL Background Thread 3 ] DEBUG Engine               - menuKey: ESCAPE
11:44:30.692 [FXGL Background Thread 3 ] DEBUG Engine               - mouseSensitivity: 0.2
11:44:30.693 [FXGL Background Thread 3 ] DEBUG Engine               - notificationViewClass: class com.almasb.fxgl.notification.view.XboxNotificationView
11:44:30.693 [FXGL Background Thread 3 ] DEBUG Engine               - pixelsPerMeter: 50.0
11:44:30.693 [FXGL Background Thread 3 ] DEBUG Engine               - platform: WINDOWS
11:44:30.693 [FXGL Background Thread 3 ] DEBUG Engine               - prefHeightProperty: ReadOnlyDoubleProperty [value: 720.0]
11:44:30.693 [FXGL Background Thread 3 ] DEBUG Engine               - prefWidthProperty: ReadOnlyDoubleProperty [value: 1280.0]
11:44:30.693 [FXGL Background Thread 3 ] DEBUG Engine               - profileDir: profiles/
11:44:30.693 [FXGL Background Thread 3 ] DEBUG Engine               - profileName: StringProperty [value: DEFAULT]
11:44:30.693 [FXGL Background Thread 3 ] DEBUG Engine               - randomSeed: -1
11:44:30.694 [FXGL Background Thread 3 ] DEBUG Engine               - runtimeInfo: RuntimeInfo(platform=WINDOWS, version=17.3, build=30.03.2023 11.49)
11:44:30.694 [FXGL Background Thread 3 ] DEBUG Engine               - saveFileExt: sav
11:44:30.694 [FXGL Background Thread 3 ] DEBUG Engine               - scaledHeightProp$fxgl: DoubleProperty [bound, value: 720.0]
11:44:30.694 [FXGL Background Thread 3 ] DEBUG Engine               - scaledWidthProp$fxgl: DoubleProperty [bound, value: 1280.0]
11:44:30.694 [FXGL Background Thread 3 ] DEBUG Engine               - sceneFactory: com.almasb.fxgl.app.scene.SceneFactory@14812063
11:44:30.694 [FXGL Background Thread 3 ] DEBUG Engine               - secondsIn24h: 60
11:44:30.694 [FXGL Background Thread 3 ] DEBUG Engine               - soundMenuBack: menu/back.wav
11:44:30.695 [FXGL Background Thread 3 ] DEBUG Engine               - soundMenuPress: menu/press.wav
11:44:30.695 [FXGL Background Thread 3 ] DEBUG Engine               - soundMenuSelect: menu/select.wav
11:44:30.695 [FXGL Background Thread 3 ] DEBUG Engine               - soundNotification: core/notification.wav
11:44:30.695 [FXGL Background Thread 3 ] DEBUG Engine               - stageStyle: DECORATED
11:44:30.695 [FXGL Background Thread 3 ] DEBUG Engine               - supportedLanguages: [ENGLISH, FRENCH, GERMAN, HUNGARIAN, RUSSIAN]
11:44:30.695 [FXGL Background Thread 3 ] DEBUG Engine               - ticksPerSecond: -1
11:44:30.695 [FXGL Background Thread 3 ] DEBUG Engine               - title: Silenciados
11:44:30.695 [FXGL Background Thread 3 ] DEBUG Engine               - urlGithub: https://github.com/AlmasB/FXGL
11:44:30.695 [FXGL Background Thread 3 ] DEBUG Engine               - urlLeaderboard: http://fxgl-top.herokuapp.com/
11:44:30.695 [FXGL Background Thread 3 ] DEBUG Engine               - urlPOM: https://raw.githubusercontent.com/AlmasB/FXGL/release/README.md
11:44:30.695 [FXGL Background Thread 3 ] DEBUG Engine               - userAppClass: class Interface.SilenciadosApp
11:44:30.695 [FXGL Background Thread 3 ] DEBUG Engine               - version: 0.1
11:44:30.695 [FXGL Background Thread 3 ] DEBUG Engine               - versionCheckDays: 7
11:44:30.696 [FXGL Background Thread 3 ] DEBUG Engine               - width: 1280
11:44:30.696 [FXGL Background Thread 3 ] DEBUG Engine               - Logging services
11:44:30.696 [FXGL Background Thread 3 ] DEBUG Engine               - class com.almasb.fxgl.app.services.FXGLAssetLoaderService
11:44:30.696 [FXGL Background Thread 3 ] DEBUG Engine               - class com.almasb.fxgl.app.FXGLApplication$GameApplicationService
11:44:30.696 [FXGL Background Thread 3 ] DEBUG Engine               - class com.almasb.fxgl.app.services.FXGLDialogService
11:44:30.696 [FXGL Background Thread 3 ] DEBUG Engine               - class com.almasb.fxgl.app.services.IOTaskExecutorService
11:44:30.696 [FXGL Background Thread 3 ] DEBUG Engine               - class com.almasb.fxgl.io.FileSystemService
11:44:30.696 [FXGL Background Thread 3 ] DEBUG Engine               - class com.almasb.fxgl.localization.LocalizationService
11:44:30.696 [FXGL Background Thread 3 ] DEBUG Engine               - class com.almasb.fxgl.app.services.SystemBundleService
11:44:30.696 [FXGL Background Thread 3 ] DEBUG Engine               - class com.almasb.fxgl.profile.SaveLoadService
11:44:30.696 [FXGL Background Thread 3 ] DEBUG Engine               - class com.almasb.fxgl.ui.FXGLUIFactoryServiceProvider
11:44:30.696 [FXGL Background Thread 3 ] DEBUG Engine               - class com.almasb.fxgl.ui.FXGLDialogFactoryServiceProvider
11:44:30.697 [FXGL Background Thread 3 ] DEBUG Engine               - class com.almasb.fxgl.audio.AudioPlayer
11:44:30.697 [FXGL Background Thread 3 ] DEBUG Engine               - class com.almasb.fxgl.notification.impl.NotificationServiceProvider
11:44:30.697 [FXGL Background Thread 3 ] DEBUG Engine               - class com.almasb.fxgl.achievement.AchievementService
11:44:30.697 [FXGL Background Thread 3 ] DEBUG Engine               - class com.almasb.fxgl.cutscene.CutsceneService
11:44:30.697 [FXGL Background Thread 3 ] DEBUG Engine               - class com.almasb.fxgl.minigames.MiniGameService
11:44:30.697 [FXGL Background Thread 3 ] DEBUG Engine               - class com.almasb.fxgl.net.NetService
11:44:30.697 [FXGL Background Thread 3 ] DEBUG Engine               - class com.almasb.fxgl.app.services.UpdaterService
11:44:30.697 [FXGL Background Thread 3 ] DEBUG Engine               - class com.almasb.fxgl.dev.DevService
11:45:11.068 [JavaFX Application Thread] DEBUG FXGLApplication      - Exiting FXGL
11:45:11.068 [JavaFX Application Thread] DEBUG LoopRunner           - Stopping loop
11:45:11.068 [JavaFX Application Thread] DEBUG SystemBundleService  - Saving FXGL system data
11:45:11.074 [JavaFX Application Thread] DEBUG FileSystemAccess     - Writing to: C:\Users\aless\OneDrive\Documentos\GitHub\RPGemturnosG1\Jogo\system\fxgl.bundle
11:45:11.077 [JavaFX Application Thread] DEBUG Async                - Shutting down background threads
11:45:11.078 [JavaFX Application Thread] DEBUG PrimaryStageWindow   - Closing main window
11:45:11.091 [JavaFX Application Thread] DEBUG Logger               - Closing Logger
