18:13:48.128 [main                     ] DEBUG Logger               - Configured Logger
18:13:48.158 [main                     ] DEBUG GameApplication      - Logging settings
Title: Silenciados
Version: 0.1
Width: 1280
Height: 720
Fullscreen: true
Intro: false
Profiling: false
Single step:false
App Mode: DEVELOPER
Menu Key: ESCAPE
Stage Style: DECORATED
Scene Factory: class com.almasb.fxgl.app.scene.SceneFactory

18:13:48.598 [JavaFX Application Thread] DEBUG FXGLApplication      - Initializing FXGL
18:13:48.603 [JavaFX Application Thread] INFO  Engine               - FXGL-17.3 (30.03.2023 11.49) on WINDOWS (J:21.0.1 FX:20)
18:13:48.604 [JavaFX Application Thread] DEBUG Engine               - JRE Vendor Name: Oracle Corporation
18:13:48.604 [JavaFX Application Thread] DEBUG Engine               - Running on OS: Windows 11 version 10.0
18:13:48.604 [JavaFX Application Thread] DEBUG Engine               - Architecture: amd64
18:13:48.604 [JavaFX Application Thread] INFO  Engine               - Source code and latest versions at: https://github.com/AlmasB/FXGL
18:13:48.605 [JavaFX Application Thread] INFO  Engine               -       Ask questions and discuss at: https://github.com/AlmasB/FXGL/discussions
18:13:48.605 [JavaFX Application Thread] INFO  Engine               -              Join the FXGL chat at: https://gitter.im/AlmasB/FXGL
18:13:48.710 [JavaFX Application Thread] DEBUG PrimaryStageWindow   - Creating a JavaFX scene
18:13:48.766 [JavaFX Application Thread] DEBUG PrimaryStageWindow   - Target settings size: 1280.0 x 720.0
18:13:48.767 [JavaFX Application Thread] DEBUG PrimaryStageWindow   - Scaled scene size:    1280.0 x 720.0
18:13:48.767 [JavaFX Application Thread] DEBUG PrimaryStageWindow   - Scaled ratio: (1.0, 1.0)
18:13:48.768 [JavaFX Application Thread] DEBUG PrimaryStageWindow   - Set initial scene to FXGLStartupScene
18:13:48.774 [JavaFX Application Thread] DEBUG PrimaryStageWindow   - Opening main window
18:13:48.891 [JavaFX Application Thread] DEBUG PrimaryStageWindow   - Window border size: (14.4000244140625, 37.5999755859375)
18:13:48.891 [JavaFX Application Thread] DEBUG PrimaryStageWindow   - Scaled size: 1280.0 x 720.0
18:13:48.892 [JavaFX Application Thread] DEBUG PrimaryStageWindow   - Scaled ratio: (1.0, 1.0)
18:13:48.892 [JavaFX Application Thread] DEBUG PrimaryStageWindow   - Scene size: 1280.0 x 720.0
18:13:48.892 [JavaFX Application Thread] DEBUG PrimaryStageWindow   - Stage size: 1294.4000244140625 x 757.5999755859375
18:13:48.916 [FXGL Background Thread 1 ] DEBUG Engine               - Initializing environment variables
18:13:48.997 [FXGL Background Thread 1 ] DEBUG FXGLAssetLoaderServi - User app class for loading assets: class Interface.SilenciadosApp
18:13:48.998 [FXGL Background Thread 1 ] DEBUG GameApplicationServi - Applying CSS: fxgl_dark.css
18:13:48.999 [FXGL Background Thread 1 ] DEBUG FXGLAssetLoaderServi - Loading from file system: jar:file:///C:/Users/thiag/.m2/repository/com/github/almasb/fxgl/17.3/fxgl-17.3.jar!/fxglassets/ui/css/fxgl_dark.css
18:13:49.056 [FXGL Background Thread 1 ] DEBUG GameApplicationServi - Initializing application scenes
18:13:49.100 [FXGL Background Thread 1 ] DEBUG GameWorld            - Game world initialized
18:13:49.180 [FXGL Background Thread 1 ] DEBUG PhysicsWorld         - Physics world initialized: appHeight=720, physics.ppm=50,0
18:13:49.180 [FXGL Background Thread 1 ] DEBUG PhysicsWorld         - Using strategy: BRUTE_FORCE
18:13:49.186 [FXGL Background Thread 1 ] DEBUG GameScene            - Game scene initialized: 1280x720
18:13:49.200 [FXGL Background Thread 1 ] DEBUG FXGL.DefaultMenu     - createMenuBodyGameMenu()
18:13:49.215 [FXGL Background Thread 1 ] DEBUG FXGL.DefaultMenu     - createOptionsMenu()
18:13:49.228 [FXGL Background Thread 1 ] DEBUG FXGLAssetLoaderServi - Loading from file system: jar:file:///C:/Users/thiag/.m2/repository/com/github/almasb/fxgl/17.3/fxgl-17.3.jar!/fxglassets/textures/particles/smoke.png
18:13:49.345 [FXGL Background Thread 1 ] DEBUG FXGLAssetLoaderServi - Loading from file system: jar:file:///C:/Users/thiag/.m2/repository/com/github/almasb/fxgl/17.3/fxgl-17.3.jar!/fxglassets/textures/particles/trace_horizontal.png
18:13:49.384 [FXGL Background Thread 1 ] DEBUG GameApplicationServi - Application scenes initialized
18:13:49.398 [FXGL Background Thread 1 ] DEBUG SystemBundleService  - Loading FXGL system data
18:13:49.402 [FXGL Background Thread 1 ] DEBUG FileSystemAccess     - Reading from: C:\Users\thiag\OneDrive\Documentos\GitHub\RPGemturnosG1\Jogo\system\fxgl.bundle
18:13:49.414 [FXGL Background Thread 1 ] DEBUG SystemBundleService  - Bundle FXGL: {}
18:13:49.414 [FXGL Background Thread 1 ] DEBUG UpdaterService       - Checking for updates
18:13:49.441 [FXGL Background Thread 4 ] DEBUG FXGLApplication      - Loading fonts
18:13:49.442 [FXGL Background Thread 4 ] DEBUG FXGLAssetLoaderServi - Loading from file system: jar:file:///C:/Users/thiag/.m2/repository/com/github/almasb/fxgl/17.3/fxgl-17.3.jar!/fxglassets/ui/fonts/VarelaRound-Regular.ttf
18:13:49.442 [FXGL Background Thread 1 ] DEBUG FXGLApplication      - Loading default localization
18:13:49.443 [FXGL Background Thread 1 ] DEBUG FXGLAssetLoaderServi - Loading from file system: jar:file:///C:/Users/thiag/.m2/repository/com/github/almasb/fxgl/17.3/fxgl-17.3.jar!/fxglassets/languages/english.lang
18:13:49.464 [FXGL Background Thread 1 ] INFO  FXGLApplication      - FXGL initialization took: 0,548 sec
18:13:49.477 [JavaFX Application Thread] DEBUG Input                - Registered new binding: Move Right - D
18:13:49.477 [JavaFX Application Thread] DEBUG Input                - Registered new binding: Move Left - A
18:13:49.477 [JavaFX Application Thread] DEBUG Input                - Registered new binding: Move Up - W
18:13:49.478 [JavaFX Application Thread] DEBUG Input                - Registered new binding: Move Down - S
18:13:49.478 [JavaFX Application Thread] DEBUG FXGLAssetLoaderServi - Loading from file system: jar:file:///C:/Users/thiag/.m2/repository/com/github/almasb/fxgl/17.3/fxgl-17.3.jar!/fxglassets/textures/fxgl_icon.png
18:13:49.482 [FXGL Background Thread 4 ] DEBUG FXGLAssetLoaderServi - Loading from file system: jar:file:///C:/Users/thiag/.m2/repository/com/github/almasb/fxgl/17.3/fxgl-17.3.jar!/fxglassets/ui/fonts/Abel-Regular.ttf
18:13:49.486 [FXGL Background Thread 4 ] DEBUG FXGLAssetLoaderServi - Loading from file system: jar:file:///C:/Users/thiag/.m2/repository/com/github/almasb/fxgl/17.3/fxgl-17.3.jar!/fxglassets/ui/fonts/TerminalLandMono-Regular.otf
18:13:49.491 [FXGL Background Thread 4 ] DEBUG FXGLAssetLoaderServi - Loading from file system: jar:file:///C:/Users/thiag/.m2/repository/com/github/almasb/fxgl/17.3/fxgl-17.3.jar!/fxglassets/ui/fonts/Courier-Prime.ttf
18:13:49.510 [JavaFX Application Thread] DEBUG FXGLAssetLoaderServi - Loading from file system: jar:file:///C:/Users/thiag/.m2/repository/com/github/almasb/fxgl/17.3/fxgl-17.3.jar!/fxglassets/textures/fxgl_default_cursor.png
18:13:49.512 [JavaFX Application Thread] DEBUG Input                - Registered new binding: Screenshot - CTRL+8
18:13:49.513 [JavaFX Application Thread] DEBUG Input                - Registered new binding: Dev Options - 1
18:13:49.514 [JavaFX Application Thread] DEBUG Input                - Registered new binding: Dev Console - 2
18:13:49.514 [JavaFX Application Thread] DEBUG Input                - Registered new binding: System info dump - CTRL+9
18:13:49.514 [JavaFX Application Thread] DEBUG Input                - Registered new binding: Restart - CTRL+R
18:13:49.515 [JavaFX Application Thread] DEBUG Input                - Registered new binding: Toggle Debug Camera - CTRL+7
18:13:49.519 [JavaFX Application Thread] DEBUG LoopRunner           - Starting loop
18:13:49.536 [JavaFX Application Thread] DEBUG LoopRunner           - Initializing JavaFX AnimationTimerLoop
18:13:49.539 [JavaFX Application Thread] DEBUG GameApplicationServi - Starting new game
18:13:49.539 [JavaFX Application Thread] DEBUG Input                - Clearing active input actions
18:13:49.551 [JavaFX Application Thread] DEBUG GameApplicationServi - Removing overlay from FXGLStartupScene and adding to FXGLLoadingScene
18:13:49.555 [JavaFX Application Thread] DEBUG PrimaryStageWindow   - FXGLStartupScene -> FXGLLoadingScene
18:13:49.556 [JavaFX Application Thread] DEBUG GameApplicationServi - Clearing previous game
18:13:49.556 [JavaFX Application Thread] DEBUG GameScene            - Clearing game scene
18:13:49.556 [JavaFX Application Thread] DEBUG GameWorld            - Clearing game world
18:13:49.556 [JavaFX Application Thread] DEBUG PhysicsWorld         - Clearing physics world
18:13:49.558 [JavaFX Application Thread] DEBUG FXGLApplication      - Registering font factories with UI factory
18:13:49.558 [FXGL Background Thread 4 ] DEBUG FXGLApplication      - Initializing game
18:13:49.615 [FXGL Background Thread 4 ] WARN  TMXLevelLoader       - TiledMap generated from 1.10.2. Supported version: 1.9.0. Some features may not be parsed fully.
18:13:49.640 [FXGL Background Thread 4 ] DEBUG TMXLevelLoader       - Parsed TiledMap: file:/C:/Users/thiag/OneDrive/Documentos/GitHub/RPGemturnosG1/Jogo/target/classes/assets/levels/Mansao.tmx
18:13:49.643 [FXGL Background Thread 4 ] DEBUG TMXLevelLoader       - Creating tile layer entities
18:13:49.645 [FXGL Background Thread 4 ] DEBUG TilesetLoader        - Loading view for layer Chão
18:13:49.647 [FXGL Background Thread 4 ] DEBUG TilesetLoader        - Created buffer with size 1280.0x768.0
18:13:49.659 [FXGL Background Thread 4 ] DEBUG TilesetLoader        - Loading view for layer ChãoGraminhas
18:13:49.662 [FXGL Background Thread 4 ] DEBUG TilesetLoader        - Created buffer with size 1280.0x768.0
18:13:49.669 [FXGL Background Thread 4 ] DEBUG TilesetLoader        - Loading view for layer Árvores
18:13:49.672 [FXGL Background Thread 4 ] DEBUG TilesetLoader        - Created buffer with size 1280.0x768.0
18:13:49.682 [FXGL Background Thread 4 ] DEBUG TilesetLoader        - Loading view for layer arvore
18:13:49.685 [FXGL Background Thread 4 ] DEBUG TilesetLoader        - Created buffer with size 1280.0x768.0
18:13:49.686 [FXGL Background Thread 4 ] DEBUG TilesetLoader        - Loading view for layer Mansao
18:13:49.689 [FXGL Background Thread 4 ] DEBUG TilesetLoader        - Created buffer with size 1280.0x768.0
18:13:49.693 [FXGL Background Thread 4 ] DEBUG TilesetLoader        - Loading view for layer ARVORE2.0
18:13:49.697 [FXGL Background Thread 4 ] DEBUG TilesetLoader        - Created buffer with size 1280.0x768.0
18:13:49.698 [FXGL Background Thread 4 ] DEBUG TMXLevelLoader       - Creating object layer entities
18:13:49.734 [FXGL Background Thread 4 ] DEBUG GameWorld            - Clearing removable entities
18:13:49.735 [FXGL Background Thread 4 ] DEBUG GameWorld            - Setting level: com.almasb.fxgl.entity.level.Level@1f7596e9
18:13:49.753 [FXGL Background Thread 4 ] DEBUG FXGLAssetLoaderServi - Loading from file system: file:/C:/Users/thiag/OneDrive/Documentos/GitHub/RPGemturnosG1/Jogo/target/classes/assets/textures/dev_player.png
18:13:49.790 [FXGL Background Thread 4 ] WARN  GameWorld            - Entity is already attached to world
18:13:49.791 [FXGL Background Thread 4 ] WARN  GameWorld            - Entity is already attached to world
18:13:49.793 [FXGL Background Thread 4 ] DEBUG FXGLAssetLoaderServi - Loading from file system: file:/C:/Users/thiag/OneDrive/Documentos/GitHub/RPGemturnosG1/Jogo/target/classes/assets/textures/male_hurt.png
18:13:49.796 [FXGL Background Thread 4 ] WARN  GameWorld            - Entity is already attached to world
18:13:49.799 [FXGL Background Thread 4 ] INFO  FXGLApplication      - Game initialization took: 0,241 sec
18:13:49.826 [JavaFX Application Thread] DEBUG Input                - Clearing active input actions
18:13:49.839 [JavaFX Application Thread] DEBUG GameApplicationServi - Removing overlay from FXGLLoadingScene and adding to GameScene
18:13:49.845 [JavaFX Application Thread] DEBUG PrimaryStageWindow   - FXGLLoadingScene -> GameScene
18:13:52.043 [JavaFX Application Thread] WARN  TMXLevelLoader       - TiledMap generated from 1.10.2. Supported version: 1.9.0. Some features may not be parsed fully.
18:13:52.051 [JavaFX Application Thread] DEBUG TMXLevelLoader       - Parsed TiledMap: file:/C:/Users/thiag/OneDrive/Documentos/GitHub/RPGemturnosG1/Jogo/target/classes/assets/levels/Castelo2.tmx
18:13:52.051 [JavaFX Application Thread] DEBUG TMXLevelLoader       - Creating tile layer entities
18:13:52.052 [JavaFX Application Thread] DEBUG TilesetLoader        - Loading view for layer Base
18:13:52.056 [JavaFX Application Thread] DEBUG TilesetLoader        - Created buffer with size 1280.0x768.0
18:13:52.073 [JavaFX Application Thread] DEBUG TilesetLoader        - Loading view for layer Camada de Blocos 2
18:13:52.075 [JavaFX Application Thread] DEBUG TilesetLoader        - Created buffer with size 1280.0x768.0
18:13:52.076 [JavaFX Application Thread] DEBUG TilesetLoader        - Loading view for layer Camada de Blocos 3
18:13:52.078 [JavaFX Application Thread] DEBUG TilesetLoader        - Created buffer with size 1280.0x768.0
18:13:52.079 [JavaFX Application Thread] DEBUG TilesetLoader        - Loading view for layer Camada de Blocos 4
18:13:52.081 [JavaFX Application Thread] DEBUG TilesetLoader        - Created buffer with size 1280.0x768.0
18:13:52.082 [JavaFX Application Thread] DEBUG TMXLevelLoader       - Creating object layer entities
18:13:52.085 [JavaFX Application Thread] DEBUG GameWorld            - Clearing removable entities
18:13:52.092 [JavaFX Application Thread] DEBUG GameWorld            - Setting level: com.almasb.fxgl.entity.level.Level@14c851b0
18:13:52.094 [JavaFX Application Thread] WARN  GameWorld            - Entity is already attached to world
18:13:52.095 [JavaFX Application Thread] WARN  GameWorld            - Entity is already attached to world
18:13:52.440 [FXGL Background Thread 3 ] DEBUG Engine               - Logging environment variables
18:13:52.440 [FXGL Background Thread 3 ] DEBUG Engine               - achievements: []
18:13:52.440 [FXGL Background Thread 3 ] DEBUG Engine               - actualHeight: 720.0
18:13:52.440 [FXGL Background Thread 3 ] DEBUG Engine               - actualHeightProperty: ReadOnlyDoubleProperty [value: 720.0]
18:13:52.442 [FXGL Background Thread 3 ] DEBUG Engine               - actualWidth: 1280.0
18:13:52.442 [FXGL Background Thread 3 ] DEBUG Engine               - actualWidthProperty: ReadOnlyDoubleProperty [value: 1280.0]
18:13:52.442 [FXGL Background Thread 3 ] DEBUG Engine               - appIcon: fxgl_icon.png
18:13:52.442 [FXGL Background Thread 3 ] DEBUG Engine               - applicationMode: DEVELOPER
18:13:52.442 [FXGL Background Thread 3 ] DEBUG Engine               - cSSList: [fxgl_dark.css]
18:13:52.442 [FXGL Background Thread 3 ] DEBUG Engine               - collisionDetectionStrategy: BRUTE_FORCE
18:13:52.442 [FXGL Background Thread 3 ] DEBUG Engine               - configClass: Optional.empty
18:13:52.442 [FXGL Background Thread 3 ] DEBUG Engine               - credits: []
18:13:52.443 [FXGL Background Thread 3 ] DEBUG Engine               - defaultCursor: CursorInfo(imageName=fxgl_default_cursor.png, hotspotX=7.0, hotspotY=6.0)
18:13:52.443 [FXGL Background Thread 3 ] DEBUG Engine               - devBBoxColorProperty: ObjectProperty [value: 0xff0000ff]
18:13:52.443 [FXGL Background Thread 3 ] DEBUG Engine               - devEnableDebugCameraProperty: BooleanProperty [value: false]
18:13:52.443 [FXGL Background Thread 3 ] DEBUG Engine               - devSensorColorProperty: ObjectProperty [value: 0xffff00ff]
18:13:52.443 [FXGL Background Thread 3 ] DEBUG Engine               - devShowBBoxProperty: BooleanProperty [value: false]
18:13:52.444 [FXGL Background Thread 3 ] DEBUG Engine               - devShowPositionProperty: BooleanProperty [value: false]
18:13:52.444 [FXGL Background Thread 3 ] DEBUG Engine               - enabledMenuItems: []
18:13:52.444 [FXGL Background Thread 3 ] DEBUG Engine               - engineServices: [class com.almasb.fxgl.app.services.FXGLAssetLoaderService, class com.almasb.fxgl.app.FXGLApplication$GameApplicationService, class com.almasb.fxgl.app.services.FXGLDialogService, class com.almasb.fxgl.app.services.IOTaskExecutorService, class com.almasb.fxgl.io.FileSystemService, class com.almasb.fxgl.localization.LocalizationService, class com.almasb.fxgl.app.services.SystemBundleService, class com.almasb.fxgl.profile.SaveLoadService, class com.almasb.fxgl.ui.FXGLUIFactoryServiceProvider, class com.almasb.fxgl.ui.FXGLDialogFactoryServiceProvider, class com.almasb.fxgl.audio.AudioPlayer, class com.almasb.fxgl.notification.impl.NotificationServiceProvider, class com.almasb.fxgl.achievement.AchievementService, class com.almasb.fxgl.cutscene.CutsceneService, class com.almasb.fxgl.minigames.MiniGameService, class com.almasb.fxgl.net.NetService, class com.almasb.fxgl.app.services.UpdaterService, class com.almasb.fxgl.dev.DevService]
18:13:52.444 [FXGL Background Thread 3 ] DEBUG Engine               - fontGame: Abel-Regular.ttf
18:13:52.444 [FXGL Background Thread 3 ] DEBUG Engine               - fontMono: TerminalLandMono-Regular.otf
18:13:52.444 [FXGL Background Thread 3 ] DEBUG Engine               - fontSizeScaleUI: 1.0
18:13:52.444 [FXGL Background Thread 3 ] DEBUG Engine               - fontText: Courier-Prime.ttf
18:13:52.444 [FXGL Background Thread 3 ] DEBUG Engine               - fontUI: VarelaRound-Regular.ttf
18:13:52.444 [FXGL Background Thread 3 ] DEBUG Engine               - fullScreen: BooleanProperty [value: false]
18:13:52.445 [FXGL Background Thread 3 ] DEBUG Engine               - gameDifficulty: MEDIUM
18:13:52.445 [FXGL Background Thread 3 ] DEBUG Engine               - gameDifficultyProperty: ObjectProperty [value: MEDIUM]
18:13:52.445 [FXGL Background Thread 3 ] DEBUG Engine               - globalMusicVolume: 0.5
18:13:52.445 [FXGL Background Thread 3 ] DEBUG Engine               - globalMusicVolumeProperty: DoubleProperty [value: 0.5]
18:13:52.445 [FXGL Background Thread 3 ] DEBUG Engine               - globalSoundVolume: 0.5
18:13:52.445 [FXGL Background Thread 3 ] DEBUG Engine               - globalSoundVolumeProperty: DoubleProperty [value: 0.5]
18:13:52.445 [FXGL Background Thread 3 ] DEBUG Engine               - height: 720
18:13:52.445 [FXGL Background Thread 3 ] DEBUG Engine               - is3D: false
18:13:52.445 [FXGL Background Thread 3 ] DEBUG Engine               - isAndroid: false
18:13:52.445 [FXGL Background Thread 3 ] DEBUG Engine               - isBrowser: false
18:13:52.446 [FXGL Background Thread 3 ] DEBUG Engine               - isClickFeedbackEnabled: false
18:13:52.446 [FXGL Background Thread 3 ] DEBUG Engine               - isCloseConfirmation: false
18:13:52.446 [FXGL Background Thread 3 ] DEBUG Engine               - isDesktop: true
18:13:52.446 [FXGL Background Thread 3 ] DEBUG Engine               - isDeveloperMenuEnabled: true
18:13:52.446 [FXGL Background Thread 3 ] DEBUG Engine               - isEmbedded: false
18:13:52.446 [FXGL Background Thread 3 ] DEBUG Engine               - isEntityPreloadEnabled: true
18:13:52.446 [FXGL Background Thread 3 ] DEBUG Engine               - isExperimentalTiledLargeMap: false
18:13:52.446 [FXGL Background Thread 3 ] DEBUG Engine               - isFileSystemWriteAllowed: true
18:13:52.446 [FXGL Background Thread 3 ] DEBUG Engine               - isFullScreenAllowed: true
18:13:52.446 [FXGL Background Thread 3 ] DEBUG Engine               - isFullScreenFromStart: false
18:13:52.447 [FXGL Background Thread 3 ] DEBUG Engine               - isGameMenuEnabled: true
18:13:52.447 [FXGL Background Thread 3 ] DEBUG Engine               - isIOS: false
18:13:52.447 [FXGL Background Thread 3 ] DEBUG Engine               - isIntroEnabled: false
18:13:52.447 [FXGL Background Thread 3 ] DEBUG Engine               - isLinux: false
18:13:52.447 [FXGL Background Thread 3 ] DEBUG Engine               - isMac: false
18:13:52.447 [FXGL Background Thread 3 ] DEBUG Engine               - isMainMenuEnabled: false
18:13:52.447 [FXGL Background Thread 3 ] DEBUG Engine               - isManualResizeEnabled: false
18:13:52.447 [FXGL Background Thread 3 ] DEBUG Engine               - isMobile: false
18:13:52.447 [FXGL Background Thread 3 ] DEBUG Engine               - isNative: false
18:13:52.447 [FXGL Background Thread 3 ] DEBUG Engine               - isPauseMusicWhenMinimized: true
18:13:52.447 [FXGL Background Thread 3 ] DEBUG Engine               - isPreserveResizeRatio: false
18:13:52.447 [FXGL Background Thread 3 ] DEBUG Engine               - isProfilingEnabled: false
18:13:52.447 [FXGL Background Thread 3 ] DEBUG Engine               - isScaleAffectedOnResize: true
18:13:52.447 [FXGL Background Thread 3 ] DEBUG Engine               - isSingleStep: false
18:13:52.448 [FXGL Background Thread 3 ] DEBUG Engine               - isUserProfileEnabled: false
18:13:52.448 [FXGL Background Thread 3 ] DEBUG Engine               - isWindows: true
18:13:52.448 [FXGL Background Thread 3 ] DEBUG Engine               - language: ObjectProperty [value: ENGLISH]
18:13:52.448 [FXGL Background Thread 3 ] DEBUG Engine               - menuKey: ESCAPE
18:13:52.448 [FXGL Background Thread 3 ] DEBUG Engine               - mouseSensitivity: 0.2
18:13:52.448 [FXGL Background Thread 3 ] DEBUG Engine               - notificationViewClass: class com.almasb.fxgl.notification.view.XboxNotificationView
18:13:52.448 [FXGL Background Thread 3 ] DEBUG Engine               - pixelsPerMeter: 50.0
18:13:52.448 [FXGL Background Thread 3 ] DEBUG Engine               - platform: WINDOWS
18:13:52.448 [FXGL Background Thread 3 ] DEBUG Engine               - prefHeightProperty: ReadOnlyDoubleProperty [value: 720.0]
18:13:52.448 [FXGL Background Thread 3 ] DEBUG Engine               - prefWidthProperty: ReadOnlyDoubleProperty [value: 1280.0]
18:13:52.448 [FXGL Background Thread 3 ] DEBUG Engine               - profileDir: profiles/
18:13:52.448 [FXGL Background Thread 3 ] DEBUG Engine               - profileName: StringProperty [value: DEFAULT]
18:13:52.448 [FXGL Background Thread 3 ] DEBUG Engine               - randomSeed: -1
18:13:52.449 [FXGL Background Thread 3 ] DEBUG Engine               - runtimeInfo: RuntimeInfo(platform=WINDOWS, version=17.3, build=30.03.2023 11.49)
18:13:52.449 [FXGL Background Thread 3 ] DEBUG Engine               - saveFileExt: sav
18:13:52.449 [FXGL Background Thread 3 ] DEBUG Engine               - scaledHeightProp$fxgl: DoubleProperty [bound, value: 720.0]
18:13:52.449 [FXGL Background Thread 3 ] DEBUG Engine               - scaledWidthProp$fxgl: DoubleProperty [bound, value: 1280.0]
18:13:52.449 [FXGL Background Thread 3 ] DEBUG Engine               - sceneFactory: com.almasb.fxgl.app.scene.SceneFactory@7badf4d0
18:13:52.449 [FXGL Background Thread 3 ] DEBUG Engine               - secondsIn24h: 60
18:13:52.449 [FXGL Background Thread 3 ] DEBUG Engine               - soundMenuBack: menu/back.wav
18:13:52.449 [FXGL Background Thread 3 ] DEBUG Engine               - soundMenuPress: menu/press.wav
18:13:52.449 [FXGL Background Thread 3 ] DEBUG Engine               - soundMenuSelect: menu/select.wav
18:13:52.449 [FXGL Background Thread 3 ] DEBUG Engine               - soundNotification: core/notification.wav
18:13:52.449 [FXGL Background Thread 3 ] DEBUG Engine               - stageStyle: DECORATED
18:13:52.449 [FXGL Background Thread 3 ] DEBUG Engine               - supportedLanguages: [ENGLISH, FRENCH, GERMAN, HUNGARIAN, RUSSIAN]
18:13:52.449 [FXGL Background Thread 3 ] DEBUG Engine               - ticksPerSecond: -1
18:13:52.449 [FXGL Background Thread 3 ] DEBUG Engine               - title: Silenciados
18:13:52.450 [FXGL Background Thread 3 ] DEBUG Engine               - urlGithub: https://github.com/AlmasB/FXGL
18:13:52.450 [FXGL Background Thread 3 ] DEBUG Engine               - urlLeaderboard: http://fxgl-top.herokuapp.com/
18:13:52.450 [FXGL Background Thread 3 ] DEBUG Engine               - urlPOM: https://raw.githubusercontent.com/AlmasB/FXGL/release/README.md
18:13:52.450 [FXGL Background Thread 3 ] DEBUG Engine               - userAppClass: class Interface.SilenciadosApp
18:13:52.450 [FXGL Background Thread 3 ] DEBUG Engine               - version: 0.1
18:13:52.450 [FXGL Background Thread 3 ] DEBUG Engine               - versionCheckDays: 7
18:13:52.450 [FXGL Background Thread 3 ] DEBUG Engine               - width: 1280
18:13:52.450 [FXGL Background Thread 3 ] DEBUG Engine               - Logging services
18:13:52.450 [FXGL Background Thread 3 ] DEBUG Engine               - class com.almasb.fxgl.app.services.FXGLAssetLoaderService
18:13:52.450 [FXGL Background Thread 3 ] DEBUG Engine               - class com.almasb.fxgl.app.FXGLApplication$GameApplicationService
18:13:52.450 [FXGL Background Thread 3 ] DEBUG Engine               - class com.almasb.fxgl.app.services.FXGLDialogService
18:13:52.450 [FXGL Background Thread 3 ] DEBUG Engine               - class com.almasb.fxgl.app.services.IOTaskExecutorService
18:13:52.450 [FXGL Background Thread 3 ] DEBUG Engine               - class com.almasb.fxgl.io.FileSystemService
18:13:52.450 [FXGL Background Thread 3 ] DEBUG Engine               - class com.almasb.fxgl.localization.LocalizationService
18:13:52.451 [FXGL Background Thread 3 ] DEBUG Engine               - class com.almasb.fxgl.app.services.SystemBundleService
18:13:52.451 [FXGL Background Thread 3 ] DEBUG Engine               - class com.almasb.fxgl.profile.SaveLoadService
18:13:52.451 [FXGL Background Thread 3 ] DEBUG Engine               - class com.almasb.fxgl.ui.FXGLUIFactoryServiceProvider
18:13:52.451 [FXGL Background Thread 3 ] DEBUG Engine               - class com.almasb.fxgl.ui.FXGLDialogFactoryServiceProvider
18:13:52.451 [FXGL Background Thread 3 ] DEBUG Engine               - class com.almasb.fxgl.audio.AudioPlayer
18:13:52.451 [FXGL Background Thread 3 ] DEBUG Engine               - class com.almasb.fxgl.notification.impl.NotificationServiceProvider
18:13:52.451 [FXGL Background Thread 3 ] DEBUG Engine               - class com.almasb.fxgl.achievement.AchievementService
18:13:52.451 [FXGL Background Thread 3 ] DEBUG Engine               - class com.almasb.fxgl.cutscene.CutsceneService
18:13:52.451 [FXGL Background Thread 3 ] DEBUG Engine               - class com.almasb.fxgl.minigames.MiniGameService
18:13:52.451 [FXGL Background Thread 3 ] DEBUG Engine               - class com.almasb.fxgl.net.NetService
18:13:52.451 [FXGL Background Thread 3 ] DEBUG Engine               - class com.almasb.fxgl.app.services.UpdaterService
18:13:52.451 [FXGL Background Thread 3 ] DEBUG Engine               - class com.almasb.fxgl.dev.DevService
18:13:58.572 [JavaFX Application Thread] WARN  TMXLevelLoader       - TiledMap generated from 1.10.2. Supported version: 1.9.0. Some features may not be parsed fully.
18:13:58.583 [JavaFX Application Thread] DEBUG TMXLevelLoader       - Parsed TiledMap: file:/C:/Users/thiag/OneDrive/Documentos/GitHub/RPGemturnosG1/Jogo/target/classes/assets/levels/Mansao.tmx
18:13:58.584 [JavaFX Application Thread] DEBUG TMXLevelLoader       - Creating tile layer entities
18:13:58.584 [JavaFX Application Thread] DEBUG TilesetLoader        - Loading view for layer Chão
18:13:58.586 [JavaFX Application Thread] DEBUG TilesetLoader        - Created buffer with size 1280.0x768.0
18:13:58.593 [JavaFX Application Thread] DEBUG TilesetLoader        - Loading view for layer ChãoGraminhas
18:13:58.594 [JavaFX Application Thread] DEBUG TilesetLoader        - Created buffer with size 1280.0x768.0
18:13:58.597 [JavaFX Application Thread] DEBUG TilesetLoader        - Loading view for layer Árvores
18:13:58.597 [JavaFX Application Thread] DEBUG TilesetLoader        - Created buffer with size 1280.0x768.0
18:13:58.603 [JavaFX Application Thread] DEBUG TilesetLoader        - Loading view for layer arvore
18:13:58.603 [JavaFX Application Thread] DEBUG TilesetLoader        - Created buffer with size 1280.0x768.0
18:13:58.604 [JavaFX Application Thread] DEBUG TilesetLoader        - Loading view for layer Mansao
18:13:58.606 [JavaFX Application Thread] DEBUG TilesetLoader        - Created buffer with size 1280.0x768.0
18:13:58.609 [JavaFX Application Thread] DEBUG TilesetLoader        - Loading view for layer ARVORE2.0
18:13:58.611 [JavaFX Application Thread] DEBUG TilesetLoader        - Created buffer with size 1280.0x768.0
18:13:58.612 [JavaFX Application Thread] DEBUG TMXLevelLoader       - Creating object layer entities
18:13:58.617 [JavaFX Application Thread] DEBUG GameWorld            - Clearing removable entities
18:13:58.619 [JavaFX Application Thread] DEBUG GameWorld            - Setting level: com.almasb.fxgl.entity.level.Level@7e771a0d
18:13:58.621 [JavaFX Application Thread] WARN  GameWorld            - Entity is already attached to world
18:13:58.621 [JavaFX Application Thread] WARN  GameWorld            - Entity is already attached to world
18:14:00.650 [JavaFX Application Thread] WARN  TMXLevelLoader       - TiledMap generated from 1.10.2. Supported version: 1.9.0. Some features may not be parsed fully.
18:14:00.654 [JavaFX Application Thread] DEBUG TMXLevelLoader       - Parsed TiledMap: file:/C:/Users/thiag/OneDrive/Documentos/GitHub/RPGemturnosG1/Jogo/target/classes/assets/levels/Castelo2.tmx
18:14:00.654 [JavaFX Application Thread] DEBUG TMXLevelLoader       - Creating tile layer entities
18:14:00.655 [JavaFX Application Thread] DEBUG TilesetLoader        - Loading view for layer Base
18:14:00.658 [JavaFX Application Thread] DEBUG TilesetLoader        - Created buffer with size 1280.0x768.0
18:14:00.682 [JavaFX Application Thread] DEBUG TilesetLoader        - Loading view for layer Camada de Blocos 2
18:14:00.683 [JavaFX Application Thread] DEBUG TilesetLoader        - Created buffer with size 1280.0x768.0
18:14:00.685 [JavaFX Application Thread] DEBUG TilesetLoader        - Loading view for layer Camada de Blocos 3
18:14:00.686 [JavaFX Application Thread] DEBUG TilesetLoader        - Created buffer with size 1280.0x768.0
18:14:00.688 [JavaFX Application Thread] DEBUG TilesetLoader        - Loading view for layer Camada de Blocos 4
18:14:00.688 [JavaFX Application Thread] DEBUG TilesetLoader        - Created buffer with size 1280.0x768.0
18:14:00.689 [JavaFX Application Thread] DEBUG TMXLevelLoader       - Creating object layer entities
18:14:00.692 [JavaFX Application Thread] DEBUG GameWorld            - Clearing removable entities
18:14:00.696 [JavaFX Application Thread] DEBUG GameWorld            - Setting level: com.almasb.fxgl.entity.level.Level@7e1119ef
18:14:00.699 [JavaFX Application Thread] WARN  GameWorld            - Entity is already attached to world
18:14:00.699 [JavaFX Application Thread] WARN  GameWorld            - Entity is already attached to world
18:14:03.207 [JavaFX Application Thread] WARN  TMXLevelLoader       - TiledMap generated from 1.10.2. Supported version: 1.9.0. Some features may not be parsed fully.
18:14:03.216 [JavaFX Application Thread] DEBUG TMXLevelLoader       - Parsed TiledMap: file:/C:/Users/thiag/OneDrive/Documentos/GitHub/RPGemturnosG1/Jogo/target/classes/assets/levels/Mansao.tmx
18:14:03.216 [JavaFX Application Thread] DEBUG TMXLevelLoader       - Creating tile layer entities
18:14:03.217 [JavaFX Application Thread] DEBUG TilesetLoader        - Loading view for layer Chão
18:14:03.217 [JavaFX Application Thread] DEBUG TilesetLoader        - Created buffer with size 1280.0x768.0
18:14:03.223 [JavaFX Application Thread] DEBUG TilesetLoader        - Loading view for layer ChãoGraminhas
18:14:03.224 [JavaFX Application Thread] DEBUG TilesetLoader        - Created buffer with size 1280.0x768.0
18:14:03.228 [JavaFX Application Thread] DEBUG TilesetLoader        - Loading view for layer Árvores
18:14:03.228 [JavaFX Application Thread] DEBUG TilesetLoader        - Created buffer with size 1280.0x768.0
18:14:03.235 [JavaFX Application Thread] DEBUG TilesetLoader        - Loading view for layer arvore
18:14:03.236 [JavaFX Application Thread] DEBUG TilesetLoader        - Created buffer with size 1280.0x768.0
18:14:03.236 [JavaFX Application Thread] DEBUG TilesetLoader        - Loading view for layer Mansao
18:14:03.237 [JavaFX Application Thread] DEBUG TilesetLoader        - Created buffer with size 1280.0x768.0
18:14:03.240 [JavaFX Application Thread] DEBUG TilesetLoader        - Loading view for layer ARVORE2.0
18:14:03.243 [JavaFX Application Thread] DEBUG TilesetLoader        - Created buffer with size 1280.0x768.0
18:14:03.244 [JavaFX Application Thread] DEBUG TMXLevelLoader       - Creating object layer entities
18:14:03.250 [JavaFX Application Thread] DEBUG GameWorld            - Clearing removable entities
18:14:03.252 [JavaFX Application Thread] DEBUG GameWorld            - Setting level: com.almasb.fxgl.entity.level.Level@4eb744b
18:14:03.255 [JavaFX Application Thread] WARN  GameWorld            - Entity is already attached to world
18:14:03.255 [JavaFX Application Thread] WARN  GameWorld            - Entity is already attached to world
18:14:04.011 [JavaFX Application Thread] WARN  TMXLevelLoader       - TiledMap generated from 1.10.2. Supported version: 1.9.0. Some features may not be parsed fully.
18:14:04.018 [JavaFX Application Thread] DEBUG TMXLevelLoader       - Parsed TiledMap: file:/C:/Users/thiag/OneDrive/Documentos/GitHub/RPGemturnosG1/Jogo/target/classes/assets/levels/Castelo2.tmx
18:14:04.018 [JavaFX Application Thread] DEBUG TMXLevelLoader       - Creating tile layer entities
18:14:04.019 [JavaFX Application Thread] DEBUG TilesetLoader        - Loading view for layer Base
18:14:04.021 [JavaFX Application Thread] DEBUG TilesetLoader        - Created buffer with size 1280.0x768.0
18:14:04.032 [JavaFX Application Thread] DEBUG TilesetLoader        - Loading view for layer Camada de Blocos 2
18:14:04.035 [JavaFX Application Thread] DEBUG TilesetLoader        - Created buffer with size 1280.0x768.0
18:14:04.037 [JavaFX Application Thread] DEBUG TilesetLoader        - Loading view for layer Camada de Blocos 3
18:14:04.041 [JavaFX Application Thread] DEBUG TilesetLoader        - Created buffer with size 1280.0x768.0
18:14:04.042 [JavaFX Application Thread] DEBUG TilesetLoader        - Loading view for layer Camada de Blocos 4
18:14:04.046 [JavaFX Application Thread] DEBUG TilesetLoader        - Created buffer with size 1280.0x768.0
18:14:04.046 [JavaFX Application Thread] DEBUG TMXLevelLoader       - Creating object layer entities
18:14:04.054 [JavaFX Application Thread] DEBUG GameWorld            - Clearing removable entities
18:14:04.057 [JavaFX Application Thread] DEBUG GameWorld            - Setting level: com.almasb.fxgl.entity.level.Level@47ef4f98
18:14:04.060 [JavaFX Application Thread] WARN  GameWorld            - Entity is already attached to world
18:14:04.060 [JavaFX Application Thread] WARN  GameWorld            - Entity is already attached to world
18:14:05.560 [JavaFX Application Thread] WARN  TMXLevelLoader       - TiledMap generated from 1.10.2. Supported version: 1.9.0. Some features may not be parsed fully.
18:14:05.567 [JavaFX Application Thread] DEBUG TMXLevelLoader       - Parsed TiledMap: file:/C:/Users/thiag/OneDrive/Documentos/GitHub/RPGemturnosG1/Jogo/target/classes/assets/levels/Mansao.tmx
18:14:05.567 [JavaFX Application Thread] DEBUG TMXLevelLoader       - Creating tile layer entities
18:14:05.567 [JavaFX Application Thread] DEBUG TilesetLoader        - Loading view for layer Chão
18:14:05.568 [JavaFX Application Thread] DEBUG TilesetLoader        - Created buffer with size 1280.0x768.0
18:14:05.572 [JavaFX Application Thread] DEBUG TilesetLoader        - Loading view for layer ChãoGraminhas
18:14:05.572 [JavaFX Application Thread] DEBUG TilesetLoader        - Created buffer with size 1280.0x768.0
18:14:05.575 [JavaFX Application Thread] DEBUG TilesetLoader        - Loading view for layer Árvores
18:14:05.575 [JavaFX Application Thread] DEBUG TilesetLoader        - Created buffer with size 1280.0x768.0
18:14:05.582 [JavaFX Application Thread] DEBUG TilesetLoader        - Loading view for layer arvore
18:14:05.582 [JavaFX Application Thread] DEBUG TilesetLoader        - Created buffer with size 1280.0x768.0
18:14:05.583 [JavaFX Application Thread] DEBUG TilesetLoader        - Loading view for layer Mansao
18:14:05.584 [JavaFX Application Thread] DEBUG TilesetLoader        - Created buffer with size 1280.0x768.0
18:14:05.585 [JavaFX Application Thread] DEBUG TilesetLoader        - Loading view for layer ARVORE2.0
18:14:05.585 [JavaFX Application Thread] DEBUG TilesetLoader        - Created buffer with size 1280.0x768.0
18:14:05.586 [JavaFX Application Thread] DEBUG TMXLevelLoader       - Creating object layer entities
18:14:05.591 [JavaFX Application Thread] DEBUG GameWorld            - Clearing removable entities
18:14:05.594 [JavaFX Application Thread] DEBUG GameWorld            - Setting level: com.almasb.fxgl.entity.level.Level@3b664482
18:14:05.596 [JavaFX Application Thread] WARN  GameWorld            - Entity is already attached to world
18:14:05.596 [JavaFX Application Thread] WARN  GameWorld            - Entity is already attached to world
18:14:06.724 [JavaFX Application Thread] WARN  TMXLevelLoader       - TiledMap generated from 1.10.2. Supported version: 1.9.0. Some features may not be parsed fully.
18:14:06.730 [JavaFX Application Thread] DEBUG TMXLevelLoader       - Parsed TiledMap: file:/C:/Users/thiag/OneDrive/Documentos/GitHub/RPGemturnosG1/Jogo/target/classes/assets/levels/Castelo2.tmx
18:14:06.731 [JavaFX Application Thread] DEBUG TMXLevelLoader       - Creating tile layer entities
18:14:06.731 [JavaFX Application Thread] DEBUG TilesetLoader        - Loading view for layer Base
18:14:06.732 [JavaFX Application Thread] DEBUG TilesetLoader        - Created buffer with size 1280.0x768.0
18:14:06.742 [JavaFX Application Thread] DEBUG TilesetLoader        - Loading view for layer Camada de Blocos 2
18:14:06.744 [JavaFX Application Thread] DEBUG TilesetLoader        - Created buffer with size 1280.0x768.0
18:14:06.745 [JavaFX Application Thread] DEBUG TilesetLoader        - Loading view for layer Camada de Blocos 3
18:14:06.745 [JavaFX Application Thread] DEBUG TilesetLoader        - Created buffer with size 1280.0x768.0
18:14:06.746 [JavaFX Application Thread] DEBUG TilesetLoader        - Loading view for layer Camada de Blocos 4
18:14:06.747 [JavaFX Application Thread] DEBUG TilesetLoader        - Created buffer with size 1280.0x768.0
18:14:06.747 [JavaFX Application Thread] DEBUG TMXLevelLoader       - Creating object layer entities
18:14:06.750 [JavaFX Application Thread] DEBUG GameWorld            - Clearing removable entities
18:14:06.753 [JavaFX Application Thread] DEBUG GameWorld            - Setting level: com.almasb.fxgl.entity.level.Level@4cb4f987
18:14:06.755 [JavaFX Application Thread] WARN  GameWorld            - Entity is already attached to world
18:14:06.756 [JavaFX Application Thread] WARN  GameWorld            - Entity is already attached to world
18:14:07.786 [JavaFX Application Thread] WARN  TMXLevelLoader       - TiledMap generated from 1.10.2. Supported version: 1.9.0. Some features may not be parsed fully.
18:14:07.792 [JavaFX Application Thread] DEBUG TMXLevelLoader       - Parsed TiledMap: file:/C:/Users/thiag/OneDrive/Documentos/GitHub/RPGemturnosG1/Jogo/target/classes/assets/levels/Mansao.tmx
18:14:07.792 [JavaFX Application Thread] DEBUG TMXLevelLoader       - Creating tile layer entities
18:14:07.793 [JavaFX Application Thread] DEBUG TilesetLoader        - Loading view for layer Chão
18:14:07.793 [JavaFX Application Thread] DEBUG TilesetLoader        - Created buffer with size 1280.0x768.0
18:14:07.797 [JavaFX Application Thread] DEBUG TilesetLoader        - Loading view for layer ChãoGraminhas
18:14:07.798 [JavaFX Application Thread] DEBUG TilesetLoader        - Created buffer with size 1280.0x768.0
18:14:07.801 [JavaFX Application Thread] DEBUG TilesetLoader        - Loading view for layer Árvores
18:14:07.805 [JavaFX Application Thread] DEBUG TilesetLoader        - Created buffer with size 1280.0x768.0
18:14:07.812 [JavaFX Application Thread] DEBUG TilesetLoader        - Loading view for layer arvore
18:14:07.814 [JavaFX Application Thread] DEBUG TilesetLoader        - Created buffer with size 1280.0x768.0
18:14:07.815 [JavaFX Application Thread] DEBUG TilesetLoader        - Loading view for layer Mansao
18:14:07.819 [JavaFX Application Thread] DEBUG TilesetLoader        - Created buffer with size 1280.0x768.0
18:14:07.820 [JavaFX Application Thread] DEBUG TilesetLoader        - Loading view for layer ARVORE2.0
18:14:07.824 [JavaFX Application Thread] DEBUG TilesetLoader        - Created buffer with size 1280.0x768.0
18:14:07.825 [JavaFX Application Thread] DEBUG TMXLevelLoader       - Creating object layer entities
18:14:07.831 [JavaFX Application Thread] DEBUG GameWorld            - Clearing removable entities
18:14:07.833 [JavaFX Application Thread] DEBUG GameWorld            - Setting level: com.almasb.fxgl.entity.level.Level@1574d148
18:14:07.836 [JavaFX Application Thread] WARN  GameWorld            - Entity is already attached to world
18:14:07.837 [JavaFX Application Thread] WARN  GameWorld            - Entity is already attached to world
18:14:08.325 [JavaFX Application Thread] DEBUG PrimaryStageWindow   - Push state: FXGLDefaultMenu
18:14:08.328 [JavaFX Application Thread] DEBUG Input                - Clearing active input actions
18:14:08.331 [JavaFX Application Thread] DEBUG GameApplicationServi - Removing overlay from GameScene and adding to FXGLDefaultMenu
18:14:08.333 [JavaFX Application Thread] DEBUG PrimaryStageWindow   - GameScene -> FXGLDefaultMenu
18:14:09.842 [JavaFX Application Thread] DEBUG Menu                 - fireExit()
18:14:09.844 [JavaFX Application Thread] DEBUG PrimaryStageWindow   - Push state: DialogSubScene
18:14:09.844 [JavaFX Application Thread] DEBUG Input                - Clearing active input actions
18:14:09.844 [JavaFX Application Thread] DEBUG GameApplicationServi - Removing overlay from FXGLDefaultMenu and adding to DialogSubScene
18:14:09.846 [JavaFX Application Thread] DEBUG PrimaryStageWindow   - FXGLDefaultMenu -> DialogSubScene
18:14:10.394 [JavaFX Application Thread] DEBUG PrimaryStageWindow   - Pop state: DialogSubScene
18:14:10.395 [JavaFX Application Thread] DEBUG Input                - Clearing active input actions
18:14:10.396 [JavaFX Application Thread] DEBUG GameApplicationServi - Removing overlay from DialogSubScene and adding to FXGLDefaultMenu
18:14:10.397 [JavaFX Application Thread] DEBUG PrimaryStageWindow   - FXGLDefaultMenu <- DialogSubScene
18:14:10.397 [JavaFX Application Thread] DEBUG FXGLApplication      - Exiting FXGL
18:14:10.397 [JavaFX Application Thread] DEBUG LoopRunner           - Stopping loop
18:14:10.397 [JavaFX Application Thread] DEBUG SystemBundleService  - Saving FXGL system data
18:14:10.400 [JavaFX Application Thread] DEBUG FileSystemAccess     - Writing to: C:\Users\thiag\OneDrive\Documentos\GitHub\RPGemturnosG1\Jogo\system\fxgl.bundle
18:14:10.403 [JavaFX Application Thread] DEBUG Async                - Shutting down background threads
18:14:10.403 [JavaFX Application Thread] DEBUG PrimaryStageWindow   - Closing main window
18:14:10.429 [JavaFX Application Thread] DEBUG Logger               - Closing Logger
