11:50:53.711 [main                     ] DEBUG Logger               - Configured Logger
11:50:53.758 [main                     ] DEBUG GameApplication      - Logging settings
Title: Silenciados
Version: 0.1
Width: 1280
Height: 720
Fullscreen: true
Intro: false
Profiling: false
Single step:false
App Mode: DEVELOPER
Menu Key: ESCAPE
Stage Style: DECORATED
Scene Factory: class com.almasb.fxgl.app.scene.SceneFactory

11:50:54.124 [JavaFX Application Thread] DEBUG FXGLApplication      - Initializing FXGL
11:50:54.140 [JavaFX Application Thread] INFO  Engine               - FXGL-17.3 (30.03.2023 11.49) on WINDOWS (J:17.0.9 FX:20)
11:50:54.143 [JavaFX Application Thread] DEBUG Engine               - JRE Vendor Name: Oracle Corporation
11:50:54.144 [JavaFX Application Thread] DEBUG Engine               - Running on OS: Windows 11 version 10.0
11:50:54.144 [JavaFX Application Thread] DEBUG Engine               - Architecture: amd64
11:50:54.145 [JavaFX Application Thread] INFO  Engine               - Source code and latest versions at: https://github.com/AlmasB/FXGL
11:50:54.145 [JavaFX Application Thread] INFO  Engine               -       Ask questions and discuss at: https://github.com/AlmasB/FXGL/discussions
11:50:54.146 [JavaFX Application Thread] INFO  Engine               -              Join the FXGL chat at: https://gitter.im/AlmasB/FXGL
11:50:54.267 [JavaFX Application Thread] DEBUG PrimaryStageWindow   - Creating a JavaFX scene
11:50:54.329 [JavaFX Application Thread] DEBUG PrimaryStageWindow   - Target settings size: 1280.0 x 720.0
11:50:54.329 [JavaFX Application Thread] DEBUG PrimaryStageWindow   - Scaled scene size:    1280.0 x 720.0
11:50:54.330 [JavaFX Application Thread] DEBUG PrimaryStageWindow   - Scaled ratio: (1.0, 1.0)
11:50:54.331 [JavaFX Application Thread] DEBUG PrimaryStageWindow   - Set initial scene to FXGLStartupScene
11:50:54.337 [JavaFX Application Thread] DEBUG PrimaryStageWindow   - Opening main window
11:50:54.445 [JavaFX Application Thread] DEBUG PrimaryStageWindow   - Window border size: (16.0, 39.0)
11:50:54.445 [JavaFX Application Thread] DEBUG PrimaryStageWindow   - Scaled size: 1280.0 x 720.0
11:50:54.446 [JavaFX Application Thread] DEBUG PrimaryStageWindow   - Scaled ratio: (1.0, 1.0)
11:50:54.447 [JavaFX Application Thread] DEBUG PrimaryStageWindow   - Scene size: 1280.0 x 720.0
11:50:54.447 [JavaFX Application Thread] DEBUG PrimaryStageWindow   - Stage size: 1296.0 x 759.0
11:50:54.464 [FXGL Background Thread 1 ] DEBUG Engine               - Initializing environment variables
11:50:54.526 [FXGL Background Thread 1 ] DEBUG FXGLAssetLoaderServi - User app class for loading assets: class Interface.SilenciadosApp
11:50:54.526 [FXGL Background Thread 1 ] DEBUG GameApplicationServi - Applying CSS: fxgl_dark.css
11:50:54.528 [FXGL Background Thread 1 ] DEBUG FXGLAssetLoaderServi - Loading from file system: jar:file:///C:/Users/aless/.m2/repository/com/github/almasb/fxgl/17.3/fxgl-17.3.jar!/fxglassets/ui/css/fxgl_dark.css
11:50:54.609 [FXGL Background Thread 1 ] DEBUG GameApplicationServi - Initializing application scenes
11:50:54.729 [FXGL Background Thread 1 ] DEBUG GameWorld            - Game world initialized
11:50:54.803 [FXGL Background Thread 1 ] DEBUG PhysicsWorld         - Physics world initialized: appHeight=720, physics.ppm=50,0
11:50:54.804 [FXGL Background Thread 1 ] DEBUG PhysicsWorld         - Using strategy: BRUTE_FORCE
11:50:54.810 [FXGL Background Thread 1 ] DEBUG GameScene            - Game scene initialized: 1280x720
11:50:54.827 [FXGL Background Thread 1 ] DEBUG FXGL.DefaultMenu     - createMenuBodyGameMenu()
11:50:54.849 [FXGL Background Thread 1 ] DEBUG FXGL.DefaultMenu     - createOptionsMenu()
11:50:54.864 [FXGL Background Thread 1 ] DEBUG FXGLAssetLoaderServi - Loading from file system: jar:file:///C:/Users/aless/.m2/repository/com/github/almasb/fxgl/17.3/fxgl-17.3.jar!/fxglassets/textures/particles/smoke.png
11:50:55.005 [FXGL Background Thread 1 ] DEBUG FXGLAssetLoaderServi - Loading from file system: jar:file:///C:/Users/aless/.m2/repository/com/github/almasb/fxgl/17.3/fxgl-17.3.jar!/fxglassets/textures/particles/trace_horizontal.png
11:50:55.043 [FXGL Background Thread 1 ] DEBUG GameApplicationServi - Application scenes initialized
11:50:55.062 [FXGL Background Thread 1 ] DEBUG SystemBundleService  - Loading FXGL system data
11:50:55.070 [FXGL Background Thread 1 ] DEBUG FileSystemAccess     - Reading from: C:\Users\aless\OneDrive\Documentos\GitHub\RPGemturnosG1\Jogo\system\fxgl.bundle
11:50:55.084 [FXGL Background Thread 1 ] DEBUG SystemBundleService  - Bundle FXGL: {}
11:50:55.084 [FXGL Background Thread 1 ] DEBUG UpdaterService       - Checking for updates
11:50:55.136 [FXGL Background Thread 1 ] DEBUG FXGLApplication      - Loading default localization
11:50:55.137 [FXGL Background Thread 1 ] DEBUG FXGLAssetLoaderServi - Loading from file system: jar:file:///C:/Users/aless/.m2/repository/com/github/almasb/fxgl/17.3/fxgl-17.3.jar!/fxglassets/languages/english.lang
11:50:55.169 [FXGL Background Thread 1 ] INFO  FXGLApplication      - FXGL initialization took: 0,705 sec
11:50:55.183 [JavaFX Application Thread] DEBUG Input                - Registered new binding: Move Right - D
11:50:55.184 [JavaFX Application Thread] DEBUG Input                - Registered new binding: Move Left - A
11:50:55.184 [JavaFX Application Thread] DEBUG Input                - Registered new binding: Move Up - W
11:50:55.185 [JavaFX Application Thread] DEBUG Input                - Registered new binding: Move Down - S
11:50:55.185 [JavaFX Application Thread] DEBUG FXGLAssetLoaderServi - Loading from file system: jar:file:///C:/Users/aless/.m2/repository/com/github/almasb/fxgl/17.3/fxgl-17.3.jar!/fxglassets/textures/fxgl_icon.png
11:50:55.210 [JavaFX Application Thread] DEBUG FXGLAssetLoaderServi - Loading from file system: jar:file:///C:/Users/aless/.m2/repository/com/github/almasb/fxgl/17.3/fxgl-17.3.jar!/fxglassets/textures/fxgl_default_cursor.png
11:50:55.213 [JavaFX Application Thread] DEBUG Input                - Registered new binding: Screenshot - CTRL+8
11:50:55.214 [JavaFX Application Thread] DEBUG Input                - Registered new binding: Dev Options - 1
11:50:55.214 [JavaFX Application Thread] DEBUG Input                - Registered new binding: Dev Console - 2
11:50:55.215 [JavaFX Application Thread] DEBUG Input                - Registered new binding: System info dump - CTRL+9
11:50:55.217 [FXGL Background Thread 4 ] DEBUG FXGLApplication      - Loading fonts
11:50:55.217 [FXGL Background Thread 4 ] DEBUG FXGLAssetLoaderServi - Loading from file system: jar:file:///C:/Users/aless/.m2/repository/com/github/almasb/fxgl/17.3/fxgl-17.3.jar!/fxglassets/ui/fonts/VarelaRound-Regular.ttf
11:50:55.219 [JavaFX Application Thread] DEBUG Input                - Registered new binding: Restart - CTRL+R
11:50:55.219 [JavaFX Application Thread] DEBUG Input                - Registered new binding: Toggle Debug Camera - CTRL+7
11:50:55.223 [JavaFX Application Thread] DEBUG LoopRunner           - Starting loop
11:50:55.240 [JavaFX Application Thread] DEBUG LoopRunner           - Initializing JavaFX AnimationTimerLoop
11:50:55.242 [JavaFX Application Thread] DEBUG GameApplicationServi - Starting new game
11:50:55.243 [JavaFX Application Thread] DEBUG Input                - Clearing active input actions
11:50:55.257 [JavaFX Application Thread] DEBUG GameApplicationServi - Removing overlay from FXGLStartupScene and adding to FXGLLoadingScene
11:50:55.264 [JavaFX Application Thread] DEBUG PrimaryStageWindow   - FXGLStartupScene -> FXGLLoadingScene
11:50:55.267 [JavaFX Application Thread] DEBUG GameApplicationServi - Clearing previous game
11:50:55.267 [JavaFX Application Thread] DEBUG GameScene            - Clearing game scene
11:50:55.268 [JavaFX Application Thread] DEBUG GameWorld            - Clearing game world
11:50:55.268 [JavaFX Application Thread] DEBUG PhysicsWorld         - Clearing physics world
11:50:55.271 [FXGL Background Thread 1 ] DEBUG FXGLApplication      - Initializing game
11:50:55.402 [FXGL Background Thread 1 ] WARN  TMXLevelLoader       - TiledMap generated from 1.10.2. Supported version: 1.9.0. Some features may not be parsed fully.
11:50:55.471 [FXGL Background Thread 1 ] DEBUG TMXLevelLoader       - Parsed TiledMap: file:/C:/Users/aless/OneDrive/Documentos/GitHub/RPGemturnosG1/Jogo/target/classes/assets/levels/Mansao.tmx
11:50:55.472 [FXGL Background Thread 1 ] DEBUG TMXLevelLoader       - Creating tile layer entities
11:50:55.475 [FXGL Background Thread 1 ] DEBUG TilesetLoader        - Loading view for layer Chão
11:50:55.478 [FXGL Background Thread 1 ] DEBUG TilesetLoader        - Created buffer with size 1280.0x768.0
11:50:55.499 [FXGL Background Thread 1 ] DEBUG TilesetLoader        - Loading view for layer ChãoGraminhas
11:50:55.501 [FXGL Background Thread 1 ] DEBUG TilesetLoader        - Created buffer with size 1280.0x768.0
11:50:55.514 [FXGL Background Thread 1 ] DEBUG TilesetLoader        - Loading view for layer Árvores
11:50:55.517 [FXGL Background Thread 1 ] DEBUG TilesetLoader        - Created buffer with size 1280.0x768.0
11:50:55.536 [FXGL Background Thread 1 ] DEBUG TilesetLoader        - Loading view for layer arvore
11:50:55.550 [FXGL Background Thread 1 ] DEBUG TilesetLoader        - Created buffer with size 1280.0x768.0
11:50:55.552 [FXGL Background Thread 1 ] DEBUG TilesetLoader        - Loading view for layer Mansao
11:50:55.553 [FXGL Background Thread 1 ] DEBUG TilesetLoader        - Created buffer with size 1280.0x768.0
11:50:55.562 [FXGL Background Thread 1 ] DEBUG TilesetLoader        - Loading view for layer ARVORE2.0
11:50:55.563 [FXGL Background Thread 1 ] DEBUG TilesetLoader        - Created buffer with size 1280.0x768.0
11:50:55.564 [FXGL Background Thread 1 ] DEBUG TMXLevelLoader       - Creating object layer entities
11:50:55.736 [FXGL Background Thread 4 ] DEBUG FXGLAssetLoaderServi - Loading from file system: jar:file:///C:/Users/aless/.m2/repository/com/github/almasb/fxgl/17.3/fxgl-17.3.jar!/fxglassets/ui/fonts/Abel-Regular.ttf
11:50:55.743 [FXGL Background Thread 4 ] DEBUG FXGLAssetLoaderServi - Loading from file system: jar:file:///C:/Users/aless/.m2/repository/com/github/almasb/fxgl/17.3/fxgl-17.3.jar!/fxglassets/ui/fonts/TerminalLandMono-Regular.otf
11:50:55.758 [FXGL Background Thread 4 ] DEBUG FXGLAssetLoaderServi - Loading from file system: jar:file:///C:/Users/aless/.m2/repository/com/github/almasb/fxgl/17.3/fxgl-17.3.jar!/fxglassets/ui/fonts/Courier-Prime.ttf
11:50:55.784 [JavaFX Application Thread] DEBUG LoopRunner           - Stopping loop
11:50:55.787 [JavaFX Application Thread] FATAL FXGLApplication      - Uncaught Exception:
java.lang.RuntimeException: Initialization failed
	at com.almasb.fxgl.all@17.3/com.almasb.fxgl.app.FXGLApplication$InitAppTask.failed(FXGLApplication.kt:343)
	at javafx.graphics@20/javafx.concurrent.Task.setState(Task.java:710)
	at javafx.graphics@20/javafx.concurrent.Task$TaskCallable.lambda$call$2(Task.java:1456)
	at javafx.graphics@20/com.sun.javafx.application.PlatformImpl.lambda$runLater$10(PlatformImpl.java:456)
	at java.base/java.security.AccessController.doPrivileged(AccessController.java:399)
	at javafx.graphics@20/com.sun.javafx.application.PlatformImpl.lambda$runLater$11(PlatformImpl.java:455)
	at javafx.graphics@20/com.sun.glass.ui.InvokeLaterDispatcher$Future.run(InvokeLaterDispatcher.java:95)
	at javafx.graphics@20/com.sun.glass.ui.win.WinApplication._runLoop(Native Method)
	at javafx.graphics@20/com.sun.glass.ui.win.WinApplication.lambda$runLoop$3(WinApplication.java:185)
	at java.base/java.lang.Thread.run(Thread.java:842)
Caused by: java.lang.IllegalAccessError: class Interface.SilenciadosFactory (in module samples.main) cannot access class com.almasb.fxgl.physics.box2d.collision.shapes.MassData (in module com.almasb.fxgl.entity) because module com.almasb.fxgl.entity does not export com.almasb.fxgl.physics.box2d.collision.shapes to module samples.main
	at samples.main/Interface.SilenciadosFactory.newBarril(SilenciadosFactory.java:144)
	at java.base/jdk.internal.reflect.NativeMethodAccessorImpl.invoke0(Native Method)
	at java.base/jdk.internal.reflect.NativeMethodAccessorImpl.invoke(NativeMethodAccessorImpl.java:77)
	at java.base/jdk.internal.reflect.DelegatingMethodAccessorImpl.invoke(DelegatingMethodAccessorImpl.java:43)
	at java.base/java.lang.reflect.Method.invoke(Method.java:568)
	at com.almasb.fxgl.core@17.3/com.almasb.fxgl.core.reflect.ReflectionUtils.call(ReflectionUtils.java:104)
	at com.almasb.fxgl.core@17.3/com.almasb.fxgl.core.reflect.ReflectionUtils.lambda$mapToFunction$3(ReflectionUtils.java:111)
	at com.almasb.fxgl.entity@17.3/com.almasb.fxgl.entity.GameWorld$create$2.invoke(GameWorld.kt:430)
	at com.almasb.fxgl.entity@17.3/com.almasb.fxgl.entity.GameWorld$create$2.invoke(GameWorld.kt:430)
	at com.almasb.fxgl.core@17.3/com.almasb.fxgl.core.util.DSLKt.tryCatchRoot(DSL.kt:34)
	at com.almasb.fxgl.entity@17.3/com.almasb.fxgl.entity.GameWorld.create(GameWorld.kt:430)
	at com.almasb.fxgl.entity@17.3/com.almasb.fxgl.entity.level.tiled.TMXLevelLoader.createObjectLayerEntities(TMXLevelLoader.kt:155)
	at com.almasb.fxgl.entity@17.3/com.almasb.fxgl.entity.level.tiled.TMXLevelLoader.load(TMXLevelLoader.kt:60)
	at com.almasb.fxgl.all@17.3/com.almasb.fxgl.app.services.FXGLAssetLoaderService.loadLevel(FXGLAssetLoaderService.kt:430)
	at com.almasb.fxgl.all@17.3/com.almasb.fxgl.dsl.FXGL$Companion.setLevelFromMap(FXGL.kt:634)
	at com.almasb.fxgl.all@17.3/com.almasb.fxgl.dsl.FXGL.setLevelFromMap(FXGL.kt)
	at samples.main/Interface.GameMap.enter(GameMap.java:23)
	at samples.main/Interface.SilenciadosApp.initGame(SilenciadosApp.java:65)
	at com.almasb.fxgl.all@17.3/com.almasb.fxgl.app.FXGLApplication$InitAppTask.initGame(FXGLApplication.kt:339)
	at com.almasb.fxgl.all@17.3/com.almasb.fxgl.app.FXGLApplication$InitAppTask.call(FXGLApplication.kt:319)
	at com.almasb.fxgl.all@17.3/com.almasb.fxgl.app.FXGLApplication$InitAppTask.call(FXGLApplication.kt:311)
	at javafx.graphics@20/javafx.concurrent.Task$TaskCallable.call(Task.java:1426)
	at java.base/java.util.concurrent.FutureTask.run(FutureTask.java:264)
	at java.base/java.util.concurrent.Executors$RunnableAdapter.call(Executors.java:539)
	at java.base/java.util.concurrent.FutureTask.run(FutureTask.java:264)
	at java.base/java.util.concurrent.ThreadPoolExecutor.runWorker(ThreadPoolExecutor.java:1136)
	at java.base/java.util.concurrent.ThreadPoolExecutor$Worker.run(ThreadPoolExecutor.java:635)
	... 1 more

11:50:55.788 [JavaFX Application Thread] FATAL FXGLApplication      - Application will now exit
11:50:55.803 [JavaFX Application Thread] DEBUG PrimaryStageWindow   - Push state: ErrorSubScene
11:50:55.803 [JavaFX Application Thread] DEBUG Input                - Clearing active input actions
11:50:55.804 [JavaFX Application Thread] DEBUG GameApplicationServi - Removing overlay from FXGLLoadingScene and adding to ErrorSubScene
11:50:55.808 [JavaFX Application Thread] DEBUG PrimaryStageWindow   - FXGLLoadingScene -> ErrorSubScene
11:50:55.813 [JavaFX Application Thread] DEBUG FXGLApplication      - Registering font factories with UI factory
11:50:58.133 [FXGL Background Thread 3 ] DEBUG Engine               - Logging environment variables
11:50:58.136 [FXGL Background Thread 3 ] DEBUG Engine               - achievements: []
11:50:58.136 [FXGL Background Thread 3 ] DEBUG Engine               - actualHeight: 720.0
11:50:58.137 [FXGL Background Thread 3 ] DEBUG Engine               - actualHeightProperty: ReadOnlyDoubleProperty [value: 720.0]
11:50:58.137 [FXGL Background Thread 3 ] DEBUG Engine               - actualWidth: 1280.0
11:50:58.137 [FXGL Background Thread 3 ] DEBUG Engine               - actualWidthProperty: ReadOnlyDoubleProperty [value: 1280.0]
11:50:58.137 [FXGL Background Thread 3 ] DEBUG Engine               - appIcon: fxgl_icon.png
11:50:58.137 [FXGL Background Thread 3 ] DEBUG Engine               - applicationMode: DEVELOPER
11:50:58.137 [FXGL Background Thread 3 ] DEBUG Engine               - cSSList: [fxgl_dark.css]
11:50:58.138 [FXGL Background Thread 3 ] DEBUG Engine               - collisionDetectionStrategy: BRUTE_FORCE
11:50:58.138 [FXGL Background Thread 3 ] DEBUG Engine               - configClass: Optional.empty
11:50:58.138 [FXGL Background Thread 3 ] DEBUG Engine               - credits: []
11:50:58.138 [FXGL Background Thread 3 ] DEBUG Engine               - defaultCursor: CursorInfo(imageName=fxgl_default_cursor.png, hotspotX=7.0, hotspotY=6.0)
11:50:58.139 [FXGL Background Thread 3 ] DEBUG Engine               - devBBoxColorProperty: ObjectProperty [value: 0xff0000ff]
11:50:58.139 [FXGL Background Thread 3 ] DEBUG Engine               - devEnableDebugCameraProperty: BooleanProperty [value: false]
11:50:58.139 [FXGL Background Thread 3 ] DEBUG Engine               - devSensorColorProperty: ObjectProperty [value: 0xffff00ff]
11:50:58.139 [FXGL Background Thread 3 ] DEBUG Engine               - devShowBBoxProperty: BooleanProperty [value: false]
11:50:58.139 [FXGL Background Thread 3 ] DEBUG Engine               - devShowPositionProperty: BooleanProperty [value: false]
11:50:58.140 [FXGL Background Thread 3 ] DEBUG Engine               - enabledMenuItems: []
11:50:58.140 [FXGL Background Thread 3 ] DEBUG Engine               - engineServices: [class com.almasb.fxgl.app.services.FXGLAssetLoaderService, class com.almasb.fxgl.app.FXGLApplication$GameApplicationService, class com.almasb.fxgl.app.services.FXGLDialogService, class com.almasb.fxgl.app.services.IOTaskExecutorService, class com.almasb.fxgl.io.FileSystemService, class com.almasb.fxgl.localization.LocalizationService, class com.almasb.fxgl.app.services.SystemBundleService, class com.almasb.fxgl.profile.SaveLoadService, class com.almasb.fxgl.ui.FXGLUIFactoryServiceProvider, class com.almasb.fxgl.ui.FXGLDialogFactoryServiceProvider, class com.almasb.fxgl.audio.AudioPlayer, class com.almasb.fxgl.notification.impl.NotificationServiceProvider, class com.almasb.fxgl.achievement.AchievementService, class com.almasb.fxgl.cutscene.CutsceneService, class com.almasb.fxgl.minigames.MiniGameService, class com.almasb.fxgl.net.NetService, class com.almasb.fxgl.app.services.UpdaterService, class com.almasb.fxgl.dev.DevService]
11:50:58.140 [FXGL Background Thread 3 ] DEBUG Engine               - fontGame: Abel-Regular.ttf
11:50:58.140 [FXGL Background Thread 3 ] DEBUG Engine               - fontMono: TerminalLandMono-Regular.otf
11:50:58.140 [FXGL Background Thread 3 ] DEBUG Engine               - fontSizeScaleUI: 1.0
11:50:58.140 [FXGL Background Thread 3 ] DEBUG Engine               - fontText: Courier-Prime.ttf
11:50:58.140 [FXGL Background Thread 3 ] DEBUG Engine               - fontUI: VarelaRound-Regular.ttf
11:50:58.141 [FXGL Background Thread 3 ] DEBUG Engine               - fullScreen: BooleanProperty [value: false]
11:50:58.141 [FXGL Background Thread 3 ] DEBUG Engine               - gameDifficulty: MEDIUM
11:50:58.141 [FXGL Background Thread 3 ] DEBUG Engine               - gameDifficultyProperty: ObjectProperty [value: MEDIUM]
11:50:58.141 [FXGL Background Thread 3 ] DEBUG Engine               - globalMusicVolume: 0.5
11:50:58.141 [FXGL Background Thread 3 ] DEBUG Engine               - globalMusicVolumeProperty: DoubleProperty [value: 0.5]
11:50:58.141 [FXGL Background Thread 3 ] DEBUG Engine               - globalSoundVolume: 0.5
11:50:58.143 [FXGL Background Thread 3 ] DEBUG Engine               - globalSoundVolumeProperty: DoubleProperty [value: 0.5]
11:50:58.143 [FXGL Background Thread 3 ] DEBUG Engine               - height: 720
11:50:58.144 [FXGL Background Thread 3 ] DEBUG Engine               - is3D: false
11:50:58.144 [FXGL Background Thread 3 ] DEBUG Engine               - isAndroid: false
11:50:58.144 [FXGL Background Thread 3 ] DEBUG Engine               - isBrowser: false
11:50:58.144 [FXGL Background Thread 3 ] DEBUG Engine               - isClickFeedbackEnabled: false
11:50:58.144 [FXGL Background Thread 3 ] DEBUG Engine               - isCloseConfirmation: false
11:50:58.145 [FXGL Background Thread 3 ] DEBUG Engine               - isDesktop: true
11:50:58.145 [FXGL Background Thread 3 ] DEBUG Engine               - isDeveloperMenuEnabled: true
11:50:58.145 [FXGL Background Thread 3 ] DEBUG Engine               - isEmbedded: false
11:50:58.145 [FXGL Background Thread 3 ] DEBUG Engine               - isEntityPreloadEnabled: true
11:50:58.145 [FXGL Background Thread 3 ] DEBUG Engine               - isExperimentalTiledLargeMap: false
11:50:58.145 [FXGL Background Thread 3 ] DEBUG Engine               - isFileSystemWriteAllowed: true
11:50:58.145 [FXGL Background Thread 3 ] DEBUG Engine               - isFullScreenAllowed: true
11:50:58.146 [FXGL Background Thread 3 ] DEBUG Engine               - isFullScreenFromStart: false
11:50:58.146 [FXGL Background Thread 3 ] DEBUG Engine               - isGameMenuEnabled: true
11:50:58.146 [FXGL Background Thread 3 ] DEBUG Engine               - isIOS: false
11:50:58.146 [FXGL Background Thread 3 ] DEBUG Engine               - isIntroEnabled: false
11:50:58.146 [FXGL Background Thread 3 ] DEBUG Engine               - isLinux: false
11:50:58.146 [FXGL Background Thread 3 ] DEBUG Engine               - isMac: false
11:50:58.147 [FXGL Background Thread 3 ] DEBUG Engine               - isMainMenuEnabled: false
11:50:58.147 [FXGL Background Thread 3 ] DEBUG Engine               - isManualResizeEnabled: false
11:50:58.147 [FXGL Background Thread 3 ] DEBUG Engine               - isMobile: false
11:50:58.147 [FXGL Background Thread 3 ] DEBUG Engine               - isNative: false
11:50:58.147 [FXGL Background Thread 3 ] DEBUG Engine               - isPauseMusicWhenMinimized: true
11:50:58.147 [FXGL Background Thread 3 ] DEBUG Engine               - isPreserveResizeRatio: false
11:50:58.147 [FXGL Background Thread 3 ] DEBUG Engine               - isProfilingEnabled: false
11:50:58.148 [FXGL Background Thread 3 ] DEBUG Engine               - isScaleAffectedOnResize: true
11:50:58.148 [FXGL Background Thread 3 ] DEBUG Engine               - isSingleStep: false
11:50:58.148 [FXGL Background Thread 3 ] DEBUG Engine               - isUserProfileEnabled: false
11:50:58.148 [FXGL Background Thread 3 ] DEBUG Engine               - isWindows: true
11:50:58.148 [FXGL Background Thread 3 ] DEBUG Engine               - language: ObjectProperty [value: ENGLISH]
11:50:58.148 [FXGL Background Thread 3 ] DEBUG Engine               - menuKey: ESCAPE
11:50:58.148 [FXGL Background Thread 3 ] DEBUG Engine               - mouseSensitivity: 0.2
11:50:58.149 [FXGL Background Thread 3 ] DEBUG Engine               - notificationViewClass: class com.almasb.fxgl.notification.view.XboxNotificationView
11:50:58.149 [FXGL Background Thread 3 ] DEBUG Engine               - pixelsPerMeter: 50.0
11:50:58.150 [FXGL Background Thread 3 ] DEBUG Engine               - platform: WINDOWS
11:50:58.152 [FXGL Background Thread 3 ] DEBUG Engine               - prefHeightProperty: ReadOnlyDoubleProperty [value: 720.0]
11:50:58.153 [FXGL Background Thread 3 ] DEBUG Engine               - prefWidthProperty: ReadOnlyDoubleProperty [value: 1280.0]
11:50:58.153 [FXGL Background Thread 3 ] DEBUG Engine               - profileDir: profiles/
11:50:58.153 [FXGL Background Thread 3 ] DEBUG Engine               - profileName: StringProperty [value: DEFAULT]
11:50:58.153 [FXGL Background Thread 3 ] DEBUG Engine               - randomSeed: -1
11:50:58.153 [FXGL Background Thread 3 ] DEBUG Engine               - runtimeInfo: RuntimeInfo(platform=WINDOWS, version=17.3, build=30.03.2023 11.49)
11:50:58.153 [FXGL Background Thread 3 ] DEBUG Engine               - saveFileExt: sav
11:50:58.154 [FXGL Background Thread 3 ] DEBUG Engine               - scaledHeightProp$fxgl: DoubleProperty [bound, value: 720.0]
11:50:58.154 [FXGL Background Thread 3 ] DEBUG Engine               - scaledWidthProp$fxgl: DoubleProperty [bound, value: 1280.0]
11:50:58.154 [FXGL Background Thread 3 ] DEBUG Engine               - sceneFactory: com.almasb.fxgl.app.scene.SceneFactory@7766d42d
11:50:58.154 [FXGL Background Thread 3 ] DEBUG Engine               - secondsIn24h: 60
11:50:58.154 [FXGL Background Thread 3 ] DEBUG Engine               - soundMenuBack: menu/back.wav
11:50:58.154 [FXGL Background Thread 3 ] DEBUG Engine               - soundMenuPress: menu/press.wav
11:50:58.154 [FXGL Background Thread 3 ] DEBUG Engine               - soundMenuSelect: menu/select.wav
11:50:58.154 [FXGL Background Thread 3 ] DEBUG Engine               - soundNotification: core/notification.wav
11:50:58.155 [FXGL Background Thread 3 ] DEBUG Engine               - stageStyle: DECORATED
11:50:58.155 [FXGL Background Thread 3 ] DEBUG Engine               - supportedLanguages: [ENGLISH, FRENCH, GERMAN, HUNGARIAN, RUSSIAN]
11:50:58.155 [FXGL Background Thread 3 ] DEBUG Engine               - ticksPerSecond: -1
11:50:58.155 [FXGL Background Thread 3 ] DEBUG Engine               - title: Silenciados
11:50:58.155 [FXGL Background Thread 3 ] DEBUG Engine               - urlGithub: https://github.com/AlmasB/FXGL
11:50:58.155 [FXGL Background Thread 3 ] DEBUG Engine               - urlLeaderboard: http://fxgl-top.herokuapp.com/
11:50:58.155 [FXGL Background Thread 3 ] DEBUG Engine               - urlPOM: https://raw.githubusercontent.com/AlmasB/FXGL/release/README.md
11:50:58.155 [FXGL Background Thread 3 ] DEBUG Engine               - userAppClass: class Interface.SilenciadosApp
11:50:58.155 [FXGL Background Thread 3 ] DEBUG Engine               - version: 0.1
11:50:58.155 [FXGL Background Thread 3 ] DEBUG Engine               - versionCheckDays: 7
11:50:58.155 [FXGL Background Thread 3 ] DEBUG Engine               - width: 1280
11:50:58.155 [FXGL Background Thread 3 ] DEBUG Engine               - Logging services
11:50:58.156 [FXGL Background Thread 3 ] DEBUG Engine               - class com.almasb.fxgl.app.services.FXGLAssetLoaderService
11:50:58.156 [FXGL Background Thread 3 ] DEBUG Engine               - class com.almasb.fxgl.app.FXGLApplication$GameApplicationService
11:50:58.156 [FXGL Background Thread 3 ] DEBUG Engine               - class com.almasb.fxgl.app.services.FXGLDialogService
11:50:58.156 [FXGL Background Thread 3 ] DEBUG Engine               - class com.almasb.fxgl.app.services.IOTaskExecutorService
11:50:58.156 [FXGL Background Thread 3 ] DEBUG Engine               - class com.almasb.fxgl.io.FileSystemService
11:50:58.156 [FXGL Background Thread 3 ] DEBUG Engine               - class com.almasb.fxgl.localization.LocalizationService
11:50:58.156 [FXGL Background Thread 3 ] DEBUG Engine               - class com.almasb.fxgl.app.services.SystemBundleService
11:50:58.156 [FXGL Background Thread 3 ] DEBUG Engine               - class com.almasb.fxgl.profile.SaveLoadService
11:50:58.156 [FXGL Background Thread 3 ] DEBUG Engine               - class com.almasb.fxgl.ui.FXGLUIFactoryServiceProvider
11:50:58.156 [FXGL Background Thread 3 ] DEBUG Engine               - class com.almasb.fxgl.ui.FXGLDialogFactoryServiceProvider
11:50:58.156 [FXGL Background Thread 3 ] DEBUG Engine               - class com.almasb.fxgl.audio.AudioPlayer
11:50:58.156 [FXGL Background Thread 3 ] DEBUG Engine               - class com.almasb.fxgl.notification.impl.NotificationServiceProvider
11:50:58.156 [FXGL Background Thread 3 ] DEBUG Engine               - class com.almasb.fxgl.achievement.AchievementService
11:50:58.157 [FXGL Background Thread 3 ] DEBUG Engine               - class com.almasb.fxgl.cutscene.CutsceneService
11:50:58.157 [FXGL Background Thread 3 ] DEBUG Engine               - class com.almasb.fxgl.minigames.MiniGameService
11:50:58.157 [FXGL Background Thread 3 ] DEBUG Engine               - class com.almasb.fxgl.net.NetService
11:50:58.157 [FXGL Background Thread 3 ] DEBUG Engine               - class com.almasb.fxgl.app.services.UpdaterService
11:50:58.157 [FXGL Background Thread 3 ] DEBUG Engine               - class com.almasb.fxgl.dev.DevService
11:50:58.438 [JavaFX Application Thread] DEBUG FXGLApplication      - Exiting FXGL
11:50:58.438 [JavaFX Application Thread] DEBUG Async                - Shutting down background threads
11:50:58.439 [JavaFX Application Thread] DEBUG PrimaryStageWindow   - Closing main window
11:50:58.466 [JavaFX Application Thread] DEBUG Logger               - Closing Logger
